/share/home/symei/.local/lib/python3.6/site-packages/optuna/samplers/_tpe/sampler.py:284: ExperimentalWarning: ``multivariate`` option is an experimental feature. The interface can change in the future.
  ExperimentalWarning,
/share/home/symei/.local/lib/python3.6/site-packages/optuna/samplers/_tpe/sampler.py:295: ExperimentalWarning: ``group`` option is an experimental feature. The interface can change in the future.
  ExperimentalWarning,
[32m[I 2025-09-29 15:09:23,265][0m A new study created in memory with name: no-name-51312938-cd37-4845-990b-3edd4ec08ec7[0m
[32m[I 2025-09-29 15:14:03,609][0m Trial 0 finished with value: 30.33517405728265 and parameters: {'c0': 59.47200689925393, 'c1': 9.816555350126789, 'c2': 4.017669746983096, 'c3': 2.3123707426485147}. Best is trial 0 with value: 30.33517405728265.[0m
[32m[I 2025-09-29 15:18:40,971][0m Trial 1 finished with value: 19.9173251349933 and parameters: {'c0': 52.82197716913214, 'c1': 7.5504071945346185, 'c2': 4.391584611798555, 'c3': 2.3557873718129554}. Best is trial 1 with value: 19.9173251349933.[0m
[32m[I 2025-09-29 15:23:20,861][0m Trial 2 finished with value: 17.825873004673745 and parameters: {'c0': 58.973634284680045, 'c1': 9.161566957637659, 'c2': 4.859484404972186, 'c3': 2.696927057418489}. Best is trial 2 with value: 17.825873004673745.[0m
[32m[I 2025-09-29 15:27:57,269][0m Trial 3 finished with value: 24.44226709448782 and parameters: {'c0': 54.24162425912275, 'c1': 10.385966522231543, 'c2': 4.072454006208538, 'c3': 2.68211074852278}. Best is trial 2 with value: 17.825873004673745.[0m
[32m[I 2025-09-29 15:32:38,615][0m Trial 4 finished with value: 27.037149590723473 and parameters: {'c0': 59.47896527390863, 'c1': 9.23328095059782, 'c2': 4.299438051295017, 'c3': 2.2076852115772887}. Best is trial 2 with value: 17.825873004673745.[0m
[32m[I 2025-09-29 15:37:16,867][0m Trial 5 finished with value: 22.730430150975234 and parameters: {'c0': 68.91368799590892, 'c1': 10.711260411008604, 'c2': 4.647021415152034, 'c3': 2.7040611422736323}. Best is trial 2 with value: 17.825873004673745.[0m
[32m[I 2025-09-29 15:42:00,905][0m Trial 6 finished with value: 36.62890714909133 and parameters: {'c0': 70.774959920706, 'c1': 10.445469501021325, 'c2': 4.1882700082627, 'c3': 2.0479450620877775}. Best is trial 2 with value: 17.825873004673745.[0m
[32m[I 2025-09-29 15:46:38,368][0m Trial 7 finished with value: 24.80055152394912 and parameters: {'c0': 53.38973721856313, 'c1': 10.38605697907637, 'c2': 4.214991252057124, 'c3': 2.431663654250074}. Best is trial 2 with value: 17.825873004673745.[0m
[32m[I 2025-09-29 15:51:21,309][0m Trial 8 finished with value: 19.263039422201196 and parameters: {'c0': 72.78031652259962, 'c1': 9.141173154490831, 'c2': 5.407227396334594, 'c3': 2.325611279157249}. Best is trial 2 with value: 17.825873004673745.[0m
[32m[I 2025-09-29 15:56:03,223][0m Trial 9 finished with value: 28.073669742372896 and parameters: {'c0': 66.10266741265843, 'c1': 10.229022262656978, 'c2': 4.0541760284668245, 'c3': 2.7621349441581273}. Best is trial 2 with value: 17.825873004673745.[0m
[32m[I 2025-09-29 16:00:41,646][0m Trial 10 finished with value: 23.14375945226676 and parameters: {'c0': 73.54238685230013, 'c1': 9.917022885531255, 'c2': 4.580773455739612, 'c3': 2.8014405863235368}. Best is trial 2 with value: 17.825873004673745.[0m
[32m[I 2025-09-29 16:05:25,692][0m Trial 11 finished with value: 15.064830639814401 and parameters: {'c0': 51.75090310742449, 'c1': 8.833461724456498, 'c2': 5.842553958973163, 'c3': 2.3036143060605885}. Best is trial 11 with value: 15.064830639814401.[0m
[32m[I 2025-09-29 16:10:04,516][0m Trial 12 finished with value: 22.744623804858325 and parameters: {'c0': 56.291829555392475, 'c1': 7.686415141266015, 'c2': 4.056342795613223, 'c3': 2.6905152558635086}. Best is trial 11 with value: 15.064830639814401.[0m
[32m[I 2025-09-29 16:14:42,697][0m Trial 13 finished with value: 18.90949026201354 and parameters: {'c0': 54.418189953353306, 'c1': 8.175445331479969, 'c2': 5.004872836509601, 'c3': 2.062315205813791}. Best is trial 11 with value: 15.064830639814401.[0m
[32m[I 2025-09-29 16:19:30,339][0m Trial 14 finished with value: 16.299994624880846 and parameters: {'c0': 63.337420882169496, 'c1': 7.746678724565097, 'c2': 5.2011898180883644, 'c3': 2.7115293064706223}. Best is trial 11 with value: 15.064830639814401.[0m
[32m[I 2025-09-29 16:24:11,188][0m Trial 15 finished with value: 15.4566903236555 and parameters: {'c0': 51.728965401443695, 'c1': 8.711355678288928, 'c2': 5.412295484830876, 'c3': 2.42470509114204}. Best is trial 11 with value: 15.064830639814401.[0m
[32m[I 2025-09-29 16:28:55,021][0m Trial 16 finished with value: 15.430729503833382 and parameters: {'c0': 50.44010605463782, 'c1': 9.151028669876778, 'c2': 5.350817579745894, 'c3': 2.525854028586883}. Best is trial 11 with value: 15.064830639814401.[0m
[32m[I 2025-09-29 16:33:35,560][0m Trial 17 finished with value: 18.696414832100288 and parameters: {'c0': 72.45319211123278, 'c1': 9.333835276801377, 'c2': 5.832121495277077, 'c3': 2.146794093856315}. Best is trial 11 with value: 15.064830639814401.[0m
[32m[I 2025-09-29 16:38:14,977][0m Trial 18 finished with value: 21.527059517396864 and parameters: {'c0': 52.63793934667291, 'c1': 10.13074434374158, 'c2': 4.8162614159895805, 'c3': 2.1747951414163627}. Best is trial 11 with value: 15.064830639814401.[0m
[32m[I 2025-09-29 16:43:05,954][0m Trial 19 finished with value: 16.463552522508408 and parameters: {'c0': 72.03277841583508, 'c1': 8.472141307733228, 'c2': 5.525611287811659, 'c3': 2.737883336566579}. Best is trial 11 with value: 15.064830639814401.[0m
[32m[I 2025-09-29 16:47:50,166][0m Trial 20 finished with value: 15.165543989127498 and parameters: {'c0': 58.41734687532615, 'c1': 8.891478743011131, 'c2': 5.983110329831908, 'c3': 2.500101558698015}. Best is trial 11 with value: 15.064830639814401.[0m
[32m[I 2025-09-29 16:52:40,529][0m Trial 21 finished with value: 15.374912560172078 and parameters: {'c0': 63.18145367993381, 'c1': 9.151683431630877, 'c2': 6.006013922174873, 'c3': 2.5503742132796163}. Best is trial 11 with value: 15.064830639814401.[0m
[32m[I 2025-09-29 16:57:26,324][0m Trial 22 finished with value: 15.294598609444146 and parameters: {'c0': 60.13164806639419, 'c1': 8.607924235860851, 'c2': 5.894628700876926, 'c3': 2.4696674088972594}. Best is trial 11 with value: 15.064830639814401.[0m
[32m[I 2025-09-29 17:02:08,365][0m Trial 23 finished with value: 15.107833480122205 and parameters: {'c0': 59.09253060186165, 'c1': 7.857487296987015, 'c2': 5.979776965696009, 'c3': 2.4330027081398393}. Best is trial 11 with value: 15.064830639814401.[0m
[32m[I 2025-09-29 17:06:52,323][0m Trial 24 finished with value: 15.340807908549865 and parameters: {'c0': 52.667230336218694, 'c1': 8.602029858722574, 'c2': 5.845093550470131, 'c3': 2.1322005455252375}. Best is trial 11 with value: 15.064830639814401.[0m
[32m[I 2025-09-29 17:11:38,681][0m Trial 25 finished with value: 15.150117171871669 and parameters: {'c0': 54.02054243512461, 'c1': 7.259198827956019, 'c2': 5.528500833180856, 'c3': 2.415606067210058}. Best is trial 11 with value: 15.064830639814401.[0m
[32m[I 2025-09-29 17:16:25,026][0m Trial 26 finished with value: 15.489069026364657 and parameters: {'c0': 53.981438774866355, 'c1': 7.526386964305302, 'c2': 5.256261839262051, 'c3': 2.477474420704702}. Best is trial 11 with value: 15.064830639814401.[0m
[32m[I 2025-09-29 17:21:05,425][0m Trial 27 finished with value: 15.152982085631086 and parameters: {'c0': 61.80375709082424, 'c1': 7.307132859846961, 'c2': 5.963375303703022, 'c3': 2.377455780602142}. Best is trial 11 with value: 15.064830639814401.[0m
[32m[I 2025-09-29 17:25:49,579][0m Trial 28 finished with value: 15.378600834313735 and parameters: {'c0': 50.308972193372256, 'c1': 7.414401634181201, 'c2': 5.751757877916424, 'c3': 2.631521482120066}. Best is trial 11 with value: 15.064830639814401.[0m
[32m[I 2025-09-29 17:30:33,789][0m Trial 29 finished with value: 14.97067531888644 and parameters: {'c0': 50.35832152971221, 'c1': 7.835634771431283, 'c2': 5.85654735109854, 'c3': 2.3353969316470473}. Best is trial 29 with value: 14.97067531888644.[0m
[32m[I 2025-09-29 17:35:16,003][0m Trial 30 finished with value: 15.433428681168492 and parameters: {'c0': 54.412170185829766, 'c1': 9.502133560686573, 'c2': 5.988299046469027, 'c3': 2.2356033228892773}. Best is trial 29 with value: 14.97067531888644.[0m
[32m[I 2025-09-29 17:40:01,598][0m Trial 31 finished with value: 14.81946677174258 and parameters: {'c0': 50.20745966861267, 'c1': 7.274834014390827, 'c2': 5.922451643681174, 'c3': 2.068696737105907}. Best is trial 31 with value: 14.81946677174258.[0m
[32m[I 2025-09-29 17:44:43,239][0m Trial 32 finished with value: 15.694709037916352 and parameters: {'c0': 60.60805992279407, 'c1': 7.9607843382843315, 'c2': 5.973669411690101, 'c3': 2.073426595314099}. Best is trial 31 with value: 14.81946677174258.[0m
[32m[I 2025-09-29 17:49:24,811][0m Trial 33 finished with value: 15.09752664849494 and parameters: {'c0': 50.35483682535687, 'c1': 7.475333458084711, 'c2': 5.578022833021108, 'c3': 2.1161157109835376}. Best is trial 31 with value: 14.81946677174258.[0m
[32m[I 2025-09-29 17:54:09,853][0m Trial 34 finished with value: 14.960469472122641 and parameters: {'c0': 53.38704576239232, 'c1': 7.508887183907167, 'c2': 5.931134565631056, 'c3': 2.277939716189425}. Best is trial 31 with value: 14.81946677174258.[0m
[32m[I 2025-09-29 17:59:01,339][0m Trial 35 finished with value: 15.030151522733384 and parameters: {'c0': 50.41813366548795, 'c1': 7.267841668199184, 'c2': 5.971041445411153, 'c3': 2.2658075774467963}. Best is trial 31 with value: 14.81946677174258.[0m
[32m[I 2025-09-29 18:03:46,149][0m Trial 36 finished with value: 15.28103008795256 and parameters: {'c0': 55.80118373789042, 'c1': 7.366886789759012, 'c2': 5.7274902633122045, 'c3': 2.121121866764603}. Best is trial 31 with value: 14.81946677174258.[0m
[32m[I 2025-09-29 18:08:32,218][0m Trial 37 finished with value: 14.965899772570552 and parameters: {'c0': 50.96362154928208, 'c1': 7.897719593497777, 'c2': 5.978304097930669, 'c3': 2.319339193896298}. Best is trial 31 with value: 14.81946677174258.[0m
[32m[I 2025-09-29 18:13:22,501][0m Trial 38 finished with value: 15.015966859578057 and parameters: {'c0': 49.434258507183586, 'c1': 8.035559368057223, 'c2': 5.904303771431153, 'c3': 2.380010085922503}. Best is trial 31 with value: 14.81946677174258.[0m
[32m[I 2025-09-29 18:18:01,399][0m Trial 39 finished with value: 14.859678581383129 and parameters: {'c0': 50.9658036573505, 'c1': 7.718047123600162, 'c2': 5.965702620052359, 'c3': 2.0613859346839254}. Best is trial 31 with value: 14.81946677174258.[0m
[32m[I 2025-09-29 18:22:45,013][0m Trial 40 finished with value: 14.8230963920271 and parameters: {'c0': 49.43823900210307, 'c1': 7.612277288501465, 'c2': 5.912313812433008, 'c3': 2.1030671989346437}. Best is trial 31 with value: 14.81946677174258.[0m
[32m[I 2025-09-29 18:27:27,429][0m Trial 41 finished with value: 14.978160591832799 and parameters: {'c0': 51.09210842864091, 'c1': 8.146524616606566, 'c2': 5.913219900163893, 'c3': 2.103155222955658}. Best is trial 31 with value: 14.81946677174258.[0m
[32m[I 2025-09-29 18:32:10,223][0m Trial 42 finished with value: 15.221077960163015 and parameters: {'c0': 50.96099511009325, 'c1': 7.539035200455039, 'c2': 5.611605399550534, 'c3': 2.0593358160813136}. Best is trial 31 with value: 14.81946677174258.[0m
[32m[I 2025-09-29 18:36:52,276][0m Trial 43 finished with value: 15.10925118556348 and parameters: {'c0': 52.09637961188059, 'c1': 7.358279172794966, 'c2': 5.684999793435873, 'c3': 2.073412865771524}. Best is trial 31 with value: 14.81946677174258.[0m
[32m[I 2025-09-29 18:41:35,228][0m Trial 44 finished with value: 14.971006942057361 and parameters: {'c0': 53.36290968322797, 'c1': 7.6169639720092945, 'c2': 5.941214561212882, 'c3': 2.0768578425845}. Best is trial 31 with value: 14.81946677174258.[0m
[32m[I 2025-09-29 18:46:15,248][0m Trial 45 finished with value: 14.857980458613808 and parameters: {'c0': 51.13257980024364, 'c1': 7.267372153644921, 'c2': 5.876493452286049, 'c3': 2.0712068585737775}. Best is trial 31 with value: 14.81946677174258.[0m
[32m[I 2025-09-29 18:50:52,730][0m Trial 46 finished with value: 14.892761005112177 and parameters: {'c0': 49.4363471227922, 'c1': 8.061247506418486, 'c2': 5.968833292949956, 'c3': 2.0147726634029066}. Best is trial 31 with value: 14.81946677174258.[0m
[32m[I 2025-09-29 18:55:32,906][0m Trial 47 finished with value: 25.282922211923566 and parameters: {'c0': 69.19351674855369, 'c1': 8.132736442030177, 'c2': 4.2551575589440604, 'c3': 2.6289927054336073}. Best is trial 31 with value: 14.81946677174258.[0m
[32m[I 2025-09-29 19:00:15,124][0m Trial 48 finished with value: 14.897868830107058 and parameters: {'c0': 49.478138541913744, 'c1': 7.901526803338843, 'c2': 5.880008673606419, 'c3': 2.048833702002019}. Best is trial 31 with value: 14.81946677174258.[0m
[32m[I 2025-09-29 19:04:57,382][0m Trial 49 finished with value: 14.8743073657888 and parameters: {'c0': 50.250461302888816, 'c1': 7.5911695597691695, 'c2': 5.8581047282184855, 'c3': 2.074396561290123}. Best is trial 31 with value: 14.81946677174258.[0m
[32m[I 2025-09-29 19:09:42,725][0m Trial 50 finished with value: 14.849070216480253 and parameters: {'c0': 50.931807106658404, 'c1': 7.382613688457534, 'c2': 5.903428364261422, 'c3': 2.08551976848297}. Best is trial 31 with value: 14.81946677174258.[0m
[32m[I 2025-09-29 19:14:31,709][0m Trial 51 finished with value: 16.217966642945097 and parameters: {'c0': 58.42922908930861, 'c1': 10.266374428924488, 'c2': 5.327774286385245, 'c3': 2.782344575370352}. Best is trial 31 with value: 14.81946677174258.[0m
[32m[I 2025-09-29 19:19:13,908][0m Trial 52 finished with value: 14.999503382559674 and parameters: {'c0': 53.45352772147331, 'c1': 7.446215572378529, 'c2': 5.886231680152072, 'c3': 2.0635481180443285}. Best is trial 31 with value: 14.81946677174258.[0m
[32m[I 2025-09-29 19:23:57,373][0m Trial 53 finished with value: 14.800464217226267 and parameters: {'c0': 49.65418578307054, 'c1': 7.259951954770451, 'c2': 6.022023078716042, 'c3': 2.0509300042298597}. Best is trial 53 with value: 14.800464217226267.[0m
[32m[I 2025-09-29 19:28:39,201][0m Trial 54 finished with value: 14.877757518932382 and parameters: {'c0': 49.91669116925074, 'c1': 7.222410671819365, 'c2': 5.753279969538403, 'c3': 2.0612278935830903}. Best is trial 53 with value: 14.800464217226267.[0m
[32m[I 2025-09-29 19:33:20,804][0m Trial 55 finished with value: 19.07829309555402 and parameters: {'c0': 66.95934521542213, 'c1': 10.469464622366907, 'c2': 5.29583723797727, 'c3': 2.4792967196717517}. Best is trial 53 with value: 14.800464217226267.[0m
[32m[I 2025-09-29 19:38:06,339][0m Trial 56 finished with value: 14.83701186458131 and parameters: {'c0': 51.09983884315209, 'c1': 7.56993288505325, 'c2': 6.000324745142257, 'c3': 2.1189742916881174}. Best is trial 53 with value: 14.800464217226267.[0m
[32m[I 2025-09-29 19:42:48,350][0m Trial 57 finished with value: 15.114567671889915 and parameters: {'c0': 53.60532374506164, 'c1': 7.2350061927879485, 'c2': 5.7652200527597435, 'c3': 2.0439975578711125}. Best is trial 53 with value: 14.800464217226267.[0m
[32m[I 2025-09-29 19:47:33,670][0m Trial 58 finished with value: 14.829230271641181 and parameters: {'c0': 49.49734447886703, 'c1': 7.4671949324101154, 'c2': 5.883997175707244, 'c3': 2.102489001058962}. Best is trial 53 with value: 14.800464217226267.[0m
[32m[I 2025-09-29 19:52:24,483][0m Trial 59 finished with value: 15.372227768009397 and parameters: {'c0': 52.660644653130774, 'c1': 8.814157376255189, 'c2': 5.606626658298955, 'c3': 3.00794169185903}. Best is trial 53 with value: 14.800464217226267.[0m
[32m[I 2025-09-29 19:57:04,292][0m Trial 60 finished with value: 25.568684694911834 and parameters: {'c0': 66.43650998124188, 'c1': 9.8347626181199, 'c2': 4.7691629963766, 'c3': 2.162263309264506}. Best is trial 53 with value: 14.800464217226267.[0m
[32m[I 2025-09-29 20:01:49,937][0m Trial 61 finished with value: 14.83319574116571 and parameters: {'c0': 49.213342060720656, 'c1': 7.217303331244388, 'c2': 5.9760036956794655, 'c3': 2.0821386617457502}. Best is trial 53 with value: 14.800464217226267.[0m
[32m[I 2025-09-29 20:06:37,961][0m Trial 62 finished with value: 16.391330356494315 and parameters: {'c0': 50.15484421094181, 'c1': 9.243558973319049, 'c2': 4.685466815624669, 'c3': 2.917150891264199}. Best is trial 53 with value: 14.800464217226267.[0m
[32m[I 2025-09-29 20:11:18,389][0m Trial 63 finished with value: 19.712881031715973 and parameters: {'c0': 66.72480867119938, 'c1': 8.014877183716033, 'c2': 5.140444769676331, 'c3': 2.1697553928723154}. Best is trial 53 with value: 14.800464217226267.[0m
[32m[I 2025-09-29 20:16:03,020][0m Trial 64 finished with value: 14.847248067754972 and parameters: {'c0': 50.19410266531532, 'c1': 7.659137662992503, 'c2': 5.954010608039065, 'c3': 2.01289778023174}. Best is trial 53 with value: 14.800464217226267.[0m
[32m[I 2025-09-29 20:20:51,741][0m Trial 65 finished with value: 14.979988344205372 and parameters: {'c0': 52.06317284542051, 'c1': 7.2539269322741555, 'c2': 6.0120486157494115, 'c3': 2.2454014083327}. Best is trial 53 with value: 14.800464217226267.[0m
[32m[I 2025-09-29 20:25:31,594][0m Trial 66 finished with value: 28.31620013052116 and parameters: {'c0': 51.781148754680906, 'c1': 9.21406905506741, 'c2': 4.1141888106446745, 'c3': 2.0823185688431214}. Best is trial 53 with value: 14.800464217226267.[0m
[32m[I 2025-09-29 20:30:18,997][0m Trial 67 finished with value: 14.79905289290765 and parameters: {'c0': 49.506144057456645, 'c1': 7.332618935028638, 'c2': 5.992016759679998, 'c3': 2.059260958424825}. Best is trial 67 with value: 14.79905289290765.[0m
[32m[I 2025-09-29 20:35:14,840][0m Trial 68 finished with value: 14.820264089730895 and parameters: {'c0': 51.60521953391387, 'c1': 7.28037763462643, 'c2': 5.99356283033851, 'c3': 2.0170098036333437}. Best is trial 67 with value: 14.79905289290765.[0m
[32m[I 2025-09-29 20:40:03,031][0m Trial 69 finished with value: 15.42363351597571 and parameters: {'c0': 54.39997692056372, 'c1': 7.319212744809812, 'c2': 5.4812556078299, 'c3': 2.984418231216295}. Best is trial 67 with value: 14.79905289290765.[0m
[32m[I 2025-09-29 20:44:45,425][0m Trial 70 finished with value: 15.185292285340294 and parameters: {'c0': 49.6121078126527, 'c1': 7.227679919971596, 'c2': 5.3701056641710805, 'c3': 2.1649772985199913}. Best is trial 67 with value: 14.79905289290765.[0m
[32m[I 2025-09-29 20:49:34,624][0m Trial 71 finished with value: 14.785010528091421 and parameters: {'c0': 49.43186295815173, 'c1': 7.431813862821908, 'c2': 5.965589147405798, 'c3': 2.0335820387895334}. Best is trial 71 with value: 14.785010528091421.[0m
[32m[I 2025-09-29 20:54:25,151][0m Trial 72 finished with value: 14.83678106769033 and parameters: {'c0': 49.89342681043071, 'c1': 7.29687225617125, 'c2': 5.850859243673284, 'c3': 2.021518558605112}. Best is trial 71 with value: 14.785010528091421.[0m
[32m[I 2025-09-29 20:59:10,740][0m Trial 73 finished with value: 14.831625242384996 and parameters: {'c0': 49.31503982528197, 'c1': 7.364438610782464, 'c2': 5.951244305218888, 'c3': 2.105356340563473}. Best is trial 71 with value: 14.785010528091421.[0m
[32m[I 2025-09-29 21:03:47,109][0m Trial 74 finished with value: 28.960444538894563 and parameters: {'c0': 68.46891804179275, 'c1': 9.578815912083437, 'c2': 4.226831032200091, 'c3': 2.4048747973679836}. Best is trial 71 with value: 14.785010528091421.[0m
[32m[I 2025-09-29 21:08:31,314][0m Trial 75 finished with value: 14.81858441212962 and parameters: {'c0': 51.40063311832256, 'c1': 7.280069945994987, 'c2': 5.982826030160147, 'c3': 2.0317712104180536}. Best is trial 71 with value: 14.785010528091421.[0m
[32m[I 2025-09-29 21:13:12,149][0m Trial 76 finished with value: 14.882448104014609 and parameters: {'c0': 52.801883841185365, 'c1': 7.323108687480884, 'c2': 5.9815182113140635, 'c3': 2.017642509104846}. Best is trial 71 with value: 14.785010528091421.[0m
[32m[I 2025-09-29 21:17:53,427][0m Trial 77 finished with value: 14.972447003969991 and parameters: {'c0': 56.74710368339069, 'c1': 7.246719108621173, 'c2': 6.001991091783853, 'c3': 2.147117222481833}. Best is trial 71 with value: 14.785010528091421.[0m
[32m[I 2025-09-29 21:22:35,763][0m Trial 78 finished with value: 15.570588645101019 and parameters: {'c0': 50.003606241754426, 'c1': 7.989860182755585, 'c2': 5.439139132668643, 'c3': 2.1159373445671457}. Best is trial 71 with value: 14.785010528091421.[0m
[32m[I 2025-09-29 21:27:21,663][0m Trial 79 finished with value: 15.094146956045858 and parameters: {'c0': 49.57350521768683, 'c1': 7.25322269401663, 'c2': 5.55259865937641, 'c3': 2.038516759836374}. Best is trial 71 with value: 14.785010528091421.[0m
[32m[I 2025-09-29 21:32:10,278][0m Trial 80 finished with value: 14.808977451249415 and parameters: {'c0': 49.246695083016725, 'c1': 7.801935780617979, 'c2': 5.9700174772030685, 'c3': 2.105385665759821}. Best is trial 71 with value: 14.785010528091421.[0m
[32m[I 2025-09-29 21:36:54,792][0m Trial 81 finished with value: 14.83946154205944 and parameters: {'c0': 49.65938497689537, 'c1': 7.859567748101063, 'c2': 5.923229014578241, 'c3': 2.1223718993641425}. Best is trial 71 with value: 14.785010528091421.[0m
[32m[I 2025-09-29 21:41:40,127][0m Trial 82 finished with value: 14.798883518221755 and parameters: {'c0': 50.968985768416026, 'c1': 7.394261479103745, 'c2': 6.021662472836239, 'c3': 2.0264339889069856}. Best is trial 71 with value: 14.785010528091421.[0m
