[32m[I 2025-09-29 21:46:26,124][0m Trial 83 finished with value: 15.245913668288486 and parameters: {'c0': 55.80079144350579, 'c1': 7.972002962931119, 'c2': 5.993078013403798, 'c3': 2.0576983121422567}. Best is trial 71 with value: 14.785010528091421.[0m
[32m[I 2025-09-29 21:51:12,185][0m Trial 84 finished with value: 14.891478034728243 and parameters: {'c0': 53.18941070647855, 'c1': 7.328361222770247, 'c2': 5.9675740541176925, 'c3': 2.059445712808529}. Best is trial 71 with value: 14.785010528091421.[0m
[32m[I 2025-09-29 21:56:07,513][0m Trial 85 finished with value: 15.59616614070322 and parameters: {'c0': 68.15977874830527, 'c1': 7.428739671349146, 'c2': 5.615855333323797, 'c3': 2.9557244510661693}. Best is trial 71 with value: 14.785010528091421.[0m
[32m[I 2025-09-29 22:00:46,285][0m Trial 86 finished with value: 22.92021066648219 and parameters: {'c0': 60.27395317000969, 'c1': 10.785453876455986, 'c2': 4.435695658579376, 'c3': 2.6610606576520843}. Best is trial 71 with value: 14.785010528091421.[0m
[32m[I 2025-09-29 22:05:31,018][0m Trial 87 finished with value: 14.793040033677288 and parameters: {'c0': 49.74602794593265, 'c1': 7.268957112655673, 'c2': 6.01808391791956, 'c3': 2.043627569603376}. Best is trial 71 with value: 14.785010528091421.[0m
[32m[I 2025-09-29 22:10:20,648][0m Trial 88 finished with value: 16.040527908757657 and parameters: {'c0': 53.84858576414296, 'c1': 8.124682845031883, 'c2': 5.671276266026528, 'c3': 2.009072169313103}. Best is trial 71 with value: 14.785010528091421.[0m
[32m[I 2025-09-29 22:15:05,458][0m Trial 89 finished with value: 14.7880529142584 and parameters: {'c0': 49.24817666722946, 'c1': 7.620082922791439, 'c2': 5.979986276077521, 'c3': 2.055187559793468}. Best is trial 71 with value: 14.785010528091421.[0m
[32m[I 2025-09-29 22:19:55,668][0m Trial 90 finished with value: 16.21124748888581 and parameters: {'c0': 71.92306566812086, 'c1': 10.253626146165033, 'c2': 5.765359167315834, 'c3': 2.8654610970265213}. Best is trial 71 with value: 14.785010528091421.[0m
[32m[I 2025-09-29 22:24:42,682][0m Trial 91 finished with value: 14.800543329734506 and parameters: {'c0': 50.23125776964049, 'c1': 7.389627468448846, 'c2': 5.995892489503669, 'c3': 2.0581962700153955}. Best is trial 71 with value: 14.785010528091421.[0m
[32m[I 2025-09-29 22:29:26,792][0m Trial 92 finished with value: 14.832425907155962 and parameters: {'c0': 50.51779825539962, 'c1': 7.238428616460554, 'c2': 5.997107012809352, 'c3': 2.091120261224335}. Best is trial 71 with value: 14.785010528091421.[0m
[32m[I 2025-09-29 22:34:09,666][0m Trial 93 finished with value: 14.859616426399835 and parameters: {'c0': 49.46771009317273, 'c1': 7.8497127272495515, 'c2': 5.989618028207575, 'c3': 2.1911735894027187}. Best is trial 71 with value: 14.785010528091421.[0m
[32m[I 2025-09-29 22:38:49,565][0m Trial 94 finished with value: 20.04772365547697 and parameters: {'c0': 60.9172907865934, 'c1': 9.841919309894498, 'c2': 4.4904223626496815, 'c3': 2.958198951734279}. Best is trial 71 with value: 14.785010528091421.[0m
[32m[I 2025-09-29 22:43:32,924][0m Trial 95 finished with value: 19.072141454933938 and parameters: {'c0': 59.71555457712636, 'c1': 8.488365254072145, 'c2': 4.485068640417197, 'c3': 2.9273308260740944}. Best is trial 71 with value: 14.785010528091421.[0m
[32m[I 2025-09-29 22:48:12,729][0m Trial 96 finished with value: 14.825374168992917 and parameters: {'c0': 49.66239655604098, 'c1': 8.21320653839438, 'c2': 6.0226622826007, 'c3': 2.1352185408715747}. Best is trial 71 with value: 14.785010528091421.[0m
[32m[I 2025-09-29 22:52:56,543][0m Trial 97 finished with value: 14.886976335939554 and parameters: {'c0': 49.72794198530184, 'c1': 7.711091479673247, 'c2': 5.8191541717116175, 'c3': 2.098236356870036}. Best is trial 71 with value: 14.785010528091421.[0m
[32m[I 2025-09-29 22:57:37,635][0m Trial 98 finished with value: 14.817228443392906 and parameters: {'c0': 50.15079462127585, 'c1': 7.642788179080965, 'c2': 5.985820250745685, 'c3': 2.0186302436611716}. Best is trial 71 with value: 14.785010528091421.[0m
[32m[I 2025-09-29 23:02:20,700][0m Trial 99 finished with value: 15.074879236876528 and parameters: {'c0': 52.71614699650186, 'c1': 8.372905653641222, 'c2': 5.987305514950319, 'c3': 2.108380581379255}. Best is trial 71 with value: 14.785010528091421.[0m
Traceback (most recent call last):
  File "/share/home/symei/pseudo_fitting/DFT_Fit/DFT_Fit.py", line 715, in <module>
    main()
  File "/share/home/symei/pseudo_fitting/DFT_Fit/DFT_Fit.py", line 700, in main
    run_optimization(MainFit)                               #  Run optimization based on MainFit
  File "/share/home/symei/pseudo_fitting/DFT_Fit/DFT_Fit.py", line 588, in run_optimization
    print_List(FitClass.IOut,f"Round {round_id+1}, best MAD = {study.best_value}")
TypeError: print_List() missing 1 required positional argument: 'IPrint'
