/share/home/symei/.local/lib/python3.6/site-packages/optuna/samplers/_tpe/sampler.py:284: ExperimentalWarning: ``multivariate`` option is an experimental feature. The interface can change in the future.
  ExperimentalWarning,
/share/home/symei/.local/lib/python3.6/site-packages/optuna/samplers/_tpe/sampler.py:295: ExperimentalWarning: ``group`` option is an experimental feature. The interface can change in the future.
  ExperimentalWarning,
[32m[I 2025-09-29 15:50:17,037][0m A new study created in memory with name: no-name-ea7691bd-5c94-421e-aab3-c8a0441e414f[0m
[32m[I 2025-09-29 15:55:05,061][0m Trial 0 finished with value: 12.589886051997302 and parameters: {'c0': 4.855120441286155, 'c1': 2.732185108233566, 'c2': 3.425315873737192, 'c3': 1.9714413352931917, 'c4': 2.473062786221314, 'c5': 1.2051870305868275, 'c6': 2.3792632628380916}. Best is trial 0 with value: 12.589886051997302.[0m
[32m[I 2025-09-29 15:59:47,511][0m Trial 1 finished with value: 12.228898689143977 and parameters: {'c0': 4.711574743625911, 'c1': 2.4072173804183157, 'c2': 4.347875985984789, 'c3': 2.0715078787932533, 'c4': 3.093372864457067, 'c5': 1.269764495845354, 'c6': 3.132197643675538}. Best is trial 1 with value: 12.228898689143977.[0m
[32m[I 2025-09-29 16:04:29,798][0m Trial 2 finished with value: 17.710709734405885 and parameters: {'c0': 4.072454006208538, 'c1': 2.68211074852278, 'c2': 4.139779512341846, 'c3': 2.190954926301528, 'c4': 2.465725753261709, 'c5': 1.2661064577128902, 'c6': 3.047994299198213}. Best is trial 1 with value: 12.228898689143977.[0m
[32m[I 2025-09-29 16:09:16,817][0m Trial 3 finished with value: 17.29130769585399 and parameters: {'c0': 5.962406392379068, 'c1': 2.323510707576017, 'c2': 4.61076401869064, 'c3': 2.4629945033280514, 'c4': 3.334586876356432, 'c5': 1.200985465748992, 'c6': 2.219062539496681}. Best is trial 1 with value: 12.228898689143977.[0m
[32m[I 2025-09-29 16:14:03,872][0m Trial 4 finished with value: 12.540732270324371 and parameters: {'c0': 4.35858176038774, 'c1': 2.8906912047443654, 'c2': 3.593544853749128, 'c3': 2.0731460371393258, 'c4': 3.4074887387333783, 'c5': 1.4591032041444578, 'c6': 2.929516025570021}. Best is trial 1 with value: 12.228898689143977.[0m
[32m[I 2025-09-29 16:18:54,384][0m Trial 5 finished with value: 13.238120871333635 and parameters: {'c0': 4.651222558314498, 'c1': 2.6982140717262753, 'c2': 4.854466540664564, 'c3': 1.7282198861242843, 'c4': 3.1681662508166024, 'c5': 1.721583987210141, 'c6': 2.9907737183484917}. Best is trial 1 with value: 12.228898689143977.[0m
[32m[I 2025-09-29 16:23:34,470][0m Trial 6 finished with value: 12.276933324486118 and parameters: {'c0': 4.580773455739612, 'c1': 2.8014405863235368, 'c2': 3.601900729824606, 'c3': 2.096082268593904, 'c4': 3.350702019563246, 'c5': 1.3211217494632392, 'c6': 2.4897401454767514}. Best is trial 1 with value: 12.228898689143977.[0m
[32m[I 2025-09-29 16:28:13,936][0m Trial 7 finished with value: 13.3018692182969 and parameters: {'c0': 4.278630993385426, 'c1': 2.0281713978066116, 'c2': 4.58766658029154, 'c3': 1.8937729231685303, 'c4': 2.6099097515968044, 'c5': 1.4351461397454748, 'c6': 2.234633390600016}. Best is trial 1 with value: 12.228898689143977.[0m
[32m[I 2025-09-29 16:32:56,838][0m Trial 8 finished with value: 14.565413052296805 and parameters: {'c0': 5.170681516503916, 'c1': 2.1560883114923994, 'c2': 4.434341090279088, 'c3': 2.311749088518723, 'c4': 2.421889262009655, 'c5': 1.3904962489840713, 'c6': 2.9322618036519503}. Best is trial 1 with value: 12.228898689143977.[0m
[32m[I 2025-09-29 16:37:38,551][0m Trial 9 finished with value: 17.532785142231408 and parameters: {'c0': 4.84941018228408, 'c1': 2.058891256027092, 'c2': 4.342874748914668, 'c3': 2.2809540788088007, 'c4': 2.8971522570911716, 'c5': 1.6960865794507085, 'c6': 2.814896119477509}. Best is trial 1 with value: 12.228898689143977.[0m
[32m[I 2025-09-29 16:42:27,719][0m Trial 10 finished with value: 12.013904008253846 and parameters: {'c0': 5.832121495277077, 'c1': 2.146794093856315, 'c2': 3.663639101247759, 'c3': 2.403913012696191, 'c4': 2.7621237162073347, 'c5': 1.247244017539353, 'c6': 3.185949037873396}. Best is trial 10 with value: 12.013904008253846.[0m
[32m[I 2025-09-29 16:47:08,661][0m Trial 11 finished with value: 25.219917993490586 and parameters: {'c0': 4.716004237787994, 'c1': 2.7628056439058293, 'c2': 4.668435109791769, 'c3': 2.4689173397777107, 'c4': 3.0224703825280614, 'c5': 1.5845428419997463, 'c6': 2.5562590876076463}. Best is trial 10 with value: 12.013904008253846.[0m
[32m[I 2025-09-29 16:51:49,380][0m Trial 12 finished with value: 28.302111871679084 and parameters: {'c0': 4.559649554746243, 'c1': 2.9085122821074014, 'c2': 4.1582518481259845, 'c3': 2.538733235572219, 'c4': 3.068284605486852, 'c5': 1.5100967348404541, 'c6': 2.301435747445699}. Best is trial 10 with value: 12.013904008253846.[0m
[32m[I 2025-09-29 16:56:37,242][0m Trial 13 finished with value: 12.269606353254021 and parameters: {'c0': 5.924698063750068, 'c1': 2.460593750381913, 'c2': 4.415646918014826, 'c3': 2.0620393814684297, 'c4': 2.5770550812399677, 'c5': 1.6723466038438581, 'c6': 2.800883911755715}. Best is trial 10 with value: 12.013904008253846.[0m
[32m[I 2025-09-29 17:01:15,833][0m Trial 14 finished with value: 17.586565635735923 and parameters: {'c0': 4.023205683314029, 'c1': 2.62855566544411, 'c2': 3.9845189929788205, 'c3': 2.1638693118011454, 'c4': 3.324605298406012, 'c5': 1.3577873817614399, 'c6': 3.1653006340429988}. Best is trial 10 with value: 12.013904008253846.[0m
[32m[I 2025-09-29 17:05:59,558][0m Trial 15 finished with value: 19.202613371697193 and parameters: {'c0': 5.26959593179331, 'c1': 2.024610223465367, 'c2': 5.016837029020215, 'c3': 2.3041612125313913, 'c4': 3.4529159237201057, 'c5': 1.251268132806909, 'c6': 2.325802093606115}. Best is trial 10 with value: 12.013904008253846.[0m
[32m[I 2025-09-29 17:10:46,035][0m Trial 16 finished with value: 12.741724158631934 and parameters: {'c0': 5.890763158512011, 'c1': 2.708576288673996, 'c2': 3.538149255796895, 'c3': 2.3594479026824398, 'c4': 3.1724653691073557, 'c5': 1.6836621324747743, 'c6': 2.950898164320193}. Best is trial 10 with value: 12.013904008253846.[0m
[32m[I 2025-09-29 17:15:35,427][0m Trial 17 finished with value: 13.126393787108055 and parameters: {'c0': 4.267065566732726, 'c1': 2.028686811223337, 'c2': 3.4700078876873066, 'c3': 1.736798279562446, 'c4': 2.5876351498787087, 'c5': 1.6473760984413435, 'c6': 2.7629590707017337}. Best is trial 10 with value: 12.013904008253846.[0m
[32m[I 2025-09-29 17:20:28,655][0m Trial 18 finished with value: 12.98723167292214 and parameters: {'c0': 5.127904565025672, 'c1': 2.8544221470502933, 'c2': 3.637774252541755, 'c3': 1.9516194006636582, 'c4': 2.9787946807199477, 'c5': 1.7104871510321327, 'c6': 2.787117967011604}. Best is trial 10 with value: 12.013904008253846.[0m
[32m[I 2025-09-29 17:25:16,749][0m Trial 19 finished with value: 23.664261874552768 and parameters: {'c0': 4.054897183109218, 'c1': 2.812843431133504, 'c2': 3.8241024224091777, 'c3': 2.403668036904448, 'c4': 2.750815461961926, 'c5': 1.6494001082262308, 'c6': 2.9896375413580234}. Best is trial 10 with value: 12.013904008253846.[0m
[32m[I 2025-09-29 17:29:58,265][0m Trial 20 finished with value: 14.367165319349091 and parameters: {'c0': 5.5088257796786, 'c1': 2.286192671123506, 'c2': 3.8677948908298845, 'c3': 2.558270235338644, 'c4': 2.772809430277317, 'c5': 1.289615393027615, 'c6': 3.1683338803237233}. Best is trial 10 with value: 12.013904008253846.[0m
[32m[I 2025-09-29 17:34:46,111][0m Trial 21 finished with value: 12.435933138591826 and parameters: {'c0': 5.659691166190512, 'c1': 2.4709628088399826, 'c2': 4.427517355253233, 'c3': 2.020576177999546, 'c4': 2.3262697300793227, 'c5': 1.5265676828338313, 'c6': 3.2595217715314915}. Best is trial 10 with value: 12.013904008253846.[0m
[32m[I 2025-09-29 17:39:38,364][0m Trial 22 finished with value: 11.782424351322954 and parameters: {'c0': 5.7432205521323985, 'c1': 2.4895565825801387, 'c2': 4.04122859685041, 'c3': 2.2081513009019034, 'c4': 2.7142941166639334, 'c5': 1.157305909028188, 'c6': 2.60138276880757}. Best is trial 22 with value: 11.782424351322954.[0m
[32m[I 2025-09-29 17:44:24,095][0m Trial 23 finished with value: 11.754834681850593 and parameters: {'c0': 5.6591881785766045, 'c1': 2.3445757077079716, 'c2': 4.037228646430282, 'c3': 2.207370567737013, 'c4': 2.815967671033168, 'c5': 1.1553935530326456, 'c6': 2.634631680452815}. Best is trial 23 with value: 11.754834681850593.[0m
[32m[I 2025-09-29 17:49:08,891][0m Trial 24 finished with value: 11.806010149675283 and parameters: {'c0': 5.694510937936713, 'c1': 2.2644728940079304, 'c2': 3.7812374044631563, 'c3': 2.2284220536887407, 'c4': 2.7673073929259515, 'c5': 1.1560955906787516, 'c6': 2.5857571507048656}. Best is trial 23 with value: 11.754834681850593.[0m
[32m[I 2025-09-29 17:53:50,096][0m Trial 25 finished with value: 11.813197724473358 and parameters: {'c0': 5.45150214201905, 'c1': 2.5656178497073245, 'c2': 4.028955793801054, 'c3': 2.2095303858204156, 'c4': 2.861255280868816, 'c5': 1.1701888475074873, 'c6': 2.6442318362218575}. Best is trial 23 with value: 11.754834681850593.[0m
[32m[I 2025-09-29 17:58:43,402][0m Trial 26 finished with value: 11.808470218665814 and parameters: {'c0': 5.7147697234546095, 'c1': 2.314753685485573, 'c2': 3.80403640526232, 'c3': 2.2375427252185904, 'c4': 2.689196528401006, 'c5': 1.1630094587958224, 'c6': 2.6465267784472024}. Best is trial 23 with value: 11.754834681850593.[0m
[32m[I 2025-09-29 18:03:26,844][0m Trial 27 finished with value: 11.83834269656558 and parameters: {'c0': 5.484962690548006, 'c1': 2.215254642948606, 'c2': 4.13691510525507, 'c3': 2.156339006557063, 'c4': 2.874273569409922, 'c5': 1.2110142274191096, 'c6': 2.4828677592199986}. Best is trial 23 with value: 11.754834681850593.[0m
[32m[I 2025-09-29 18:08:12,662][0m Trial 28 finished with value: 11.789704703643235 and parameters: {'c0': 5.674173269763165, 'c1': 2.391784615250279, 'c2': 3.963634665387402, 'c3': 2.243869835441006, 'c4': 2.6646829592462047, 'c5': 1.1629292069179895, 'c6': 2.6382482886677323}. Best is trial 23 with value: 11.754834681850593.[0m
[32m[I 2025-09-29 18:12:55,008][0m Trial 29 finished with value: 11.777102197682368 and parameters: {'c0': 5.3477327143840405, 'c1': 2.4072248457346315, 'c2': 3.961529058573117, 'c3': 2.1261394651009606, 'c4': 2.6400092576619865, 'c5': 1.2155699037333385, 'c6': 2.4698231414515543}. Best is trial 23 with value: 11.754834681850593.[0m
[32m[I 2025-09-29 18:17:37,950][0m Trial 30 finished with value: 12.831690233947604 and parameters: {'c0': 5.334140839019642, 'c1': 2.5546648114285815, 'c2': 4.225852745763466, 'c3': 1.9074205298321432, 'c4': 2.531278559609643, 'c5': 1.2052144777689522, 'c6': 2.4312272754793707}. Best is trial 23 with value: 11.754834681850593.[0m
[32m[I 2025-09-29 18:22:25,099][0m Trial 31 finished with value: 11.899325892559034 and parameters: {'c0': 5.567931312515849, 'c1': 2.39640086060791, 'c2': 3.986531809994782, 'c3': 2.123263903119758, 'c4': 2.707398529037445, 'c5': 1.2200570350631503, 'c6': 2.7025062100057404}. Best is trial 23 with value: 11.754834681850593.[0m
[32m[I 2025-09-29 18:27:10,465][0m Trial 32 finished with value: 11.80760781599354 and parameters: {'c0': 5.784301306913826, 'c1': 2.39049953393931, 'c2': 3.9441753488016733, 'c3': 2.2598346311358535, 'c4': 2.656377353546298, 'c5': 1.152949437670329, 'c6': 2.5664341204661563}. Best is trial 23 with value: 11.754834681850593.[0m
[32m[I 2025-09-29 18:31:59,596][0m Trial 33 finished with value: 12.85481100862946 and parameters: {'c0': 6.020805876958304, 'c1': 2.516077394232799, 'c2': 4.0768253220875685, 'c3': 2.019696235437374, 'c4': 2.814550074403424, 'c5': 1.3074996930133849, 'c6': 2.665878864762668}. Best is trial 23 with value: 11.754834681850593.[0m
[32m[I 2025-09-29 18:36:44,615][0m Trial 34 finished with value: 12.032585448709511 and parameters: {'c0': 5.311930199377022, 'c1': 2.380954529972136, 'c2': 4.264446789545344, 'c3': 2.179203678516309, 'c4': 2.505852696239923, 'c5': 1.1941173097797888, 'c6': 2.490475619343562}. Best is trial 23 with value: 11.754834681850593.[0m
[32m[I 2025-09-29 18:41:41,067][0m Trial 35 finished with value: 12.212876683484147 and parameters: {'c0': 5.638117561925478, 'c1': 2.620171054417198, 'c2': 3.716999305896547, 'c3': 2.3481309819156277, 'c4': 2.3950293599356804, 'c5': 1.2339432209753418, 'c6': 2.4233481737560663}. Best is trial 23 with value: 11.754834681850593.[0m
[32m[I 2025-09-29 18:46:22,360][0m Trial 36 finished with value: 11.894328250090773 and parameters: {'c0': 5.019665020092219, 'c1': 2.448814224243592, 'c2': 3.908431514786247, 'c3': 2.130659167445242, 'c4': 2.9448855545476333, 'c5': 1.2752382231609725, 'c6': 2.856534859631926}. Best is trial 23 with value: 11.754834681850593.[0m
[32m[I 2025-09-29 18:51:03,000][0m Trial 37 finished with value: 11.793157669454224 and parameters: {'c0': 5.431303746536974, 'c1': 2.3554935398482573, 'c2': 4.096160554968526, 'c3': 2.197487333922926, 'c4': 2.6484012050855767, 'c5': 1.188176424836418, 'c6': 2.729016512213753}. Best is trial 23 with value: 11.754834681850593.[0m
[32m[I 2025-09-29 18:55:48,580][0m Trial 38 finished with value: 11.797853100330766 and parameters: {'c0': 5.379508570732625, 'c1': 2.2318211621833144, 'c2': 4.202850343872812, 'c3': 2.044908717172811, 'c4': 2.8235434245226365, 'c5': 1.3344290600304434, 'c6': 2.5987045405268208}. Best is trial 23 with value: 11.754834681850593.[0m
[32m[I 2025-09-29 19:00:38,618][0m Trial 39 finished with value: 11.943537402149294 and parameters: {'c0': 5.575678243186401, 'c1': 2.5270723156010235, 'c2': 4.060660263492037, 'c3': 2.0959378960115154, 'c4': 2.5494474315781237, 'c5': 1.1875367646705008, 'c6': 2.526696197313694}. Best is trial 23 with value: 11.754834681850593.[0m
[32m[I 2025-09-29 19:05:26,628][0m Trial 40 finished with value: 11.897798183968652 and parameters: {'c0': 5.767090176172146, 'c1': 2.445720952835399, 'c2': 3.745757863458383, 'c3': 2.266397559946527, 'c4': 2.46484158379611, 'c5': 1.2607514778427469, 'c6': 2.6974454294319257}. Best is trial 23 with value: 11.754834681850593.[0m
[32m[I 2025-09-29 19:10:13,061][0m Trial 41 finished with value: 11.799196003817675 and parameters: {'c0': 5.4465626243322856, 'c1': 2.34980004526848, 'c2': 4.0781899738845935, 'c3': 2.2082378699734133, 'c4': 2.631897592898303, 'c5': 1.1837338129754618, 'c6': 2.7497874087907097}. Best is trial 23 with value: 11.754834681850593.[0m
[32m[I 2025-09-29 19:14:56,317][0m Trial 42 finished with value: 11.999815898066366 and parameters: {'c0': 5.1542217512790955, 'c1': 2.327229041641255, 'c2': 3.9060290425879782, 'c3': 2.1793216794535533, 'c4': 2.69896453420902, 'c5': 1.2289403695733925, 'c6': 2.6109913695884046}. Best is trial 23 with value: 11.754834681850593.[0m
[32m[I 2025-09-29 19:19:35,907][0m Trial 43 finished with value: 11.971018251149074 and parameters: {'c0': 4.993981085734144, 'c1': 2.351328760481412, 'c2': 4.310968578939018, 'c3': 2.122169493446468, 'c4': 2.6410539446882666, 'c5': 1.1854158296705408, 'c6': 2.8547587224996054}. Best is trial 23 with value: 11.754834681850593.[0m
[32m[I 2025-09-29 19:24:25,740][0m Trial 44 finished with value: 12.451139478643814 and parameters: {'c0': 5.853112152173638, 'c1': 2.1915281716944413, 'c2': 4.133921787042738, 'c3': 2.2885230290955274, 'c4': 2.7208272835403116, 'c5': 1.2251612411589985, 'c6': 2.375324902300003}. Best is trial 23 with value: 11.754834681850593.[0m
[32m[I 2025-09-29 19:29:09,332][0m Trial 45 finished with value: 12.437087996215714 and parameters: {'c0': 5.624482127051746, 'c1': 2.419546017110868, 'c2': 4.201423800915796, 'c3': 2.3472089588154152, 'c4': 2.6598160721352153, 'c5': 1.1532515939147812, 'c6': 2.7119004225606025}. Best is trial 23 with value: 11.754834681850593.[0m
[32m[I 2025-09-29 19:33:56,688][0m Trial 46 finished with value: 11.841152113087634 and parameters: {'c0': 5.4086278559131875, 'c1': 2.492832440220676, 'c2': 4.009685586467749, 'c3': 2.091252525138623, 'c4': 2.8026712837695276, 'c5': 1.206403802681128, 'c6': 2.5192535589736074}. Best is trial 23 with value: 11.754834681850593.[0m
[32m[I 2025-09-29 19:38:41,981][0m Trial 47 finished with value: 12.741346673739175 and parameters: {'c0': 5.240928472327363, 'c1': 2.6159285426014787, 'c2': 3.890179908035582, 'c3': 2.2413422325781114, 'c4': 2.9092207501975182, 'c5': 1.393316176955116, 'c6': 2.4471790679964505}. Best is trial 23 with value: 11.754834681850593.[0m
[32m[I 2025-09-29 19:43:32,212][0m Trial 48 finished with value: 12.129326978644963 and parameters: {'c0': 5.520087697516601, 'c1': 2.1157864057053426, 'c2': 4.56373389357291, 'c3': 2.202598135905105, 'c4': 2.600829309885845, 'c5': 1.2929505260547165, 'c6': 2.8535895244794793}. Best is trial 23 with value: 11.754834681850593.[0m
[32m[I 2025-09-29 19:48:16,496][0m Trial 49 finished with value: 12.089966267197939 and parameters: {'c0': 5.780687030043782, 'c1': 3.0082828613276136, 'c2': 4.356694724793183, 'c3': 2.310233865948253, 'c4': 2.473835809331858, 'c5': 1.2456382571243036, 'c6': 2.6327072099187516}. Best is trial 23 with value: 11.754834681850593.[0m
[32m[I 2025-09-29 19:52:59,067][0m Trial 50 finished with value: 11.685798639970418 and parameters: {'c0': 4.910779536497931, 'c1': 2.2738228146178825, 'c2': 4.520111228439225, 'c3': 1.9709379947443701, 'c4': 2.72973030301648, 'c5': 1.174882643941553, 'c6': 2.3430431119940316}. Best is trial 50 with value: 11.685798639970418.[0m
[32m[I 2025-09-29 19:57:45,925][0m Trial 51 finished with value: 11.635053326803227 and parameters: {'c0': 4.926214033318017, 'c1': 2.264871820324844, 'c2': 4.751113826600576, 'c3': 1.933157017325621, 'c4': 2.7308077131635575, 'c5': 1.1851084044220725, 'c6': 2.266019121431885}. Best is trial 51 with value: 11.635053326803227.[0m
[32m[I 2025-09-29 20:02:29,788][0m Trial 52 finished with value: 12.351663303533096 and parameters: {'c0': 4.883718963149312, 'c1': 2.281592121374728, 'c2': 4.772233658892128, 'c3': 1.817469747349528, 'c4': 2.7319448740553955, 'c5': 1.1745939797936313, 'c6': 2.2671911803547604}. Best is trial 51 with value: 11.635053326803227.[0m
[32m[I 2025-09-29 20:07:13,401][0m Trial 53 finished with value: 11.908975848901044 and parameters: {'c0': 4.9120070567849705, 'c1': 2.164012213115489, 'c2': 4.9524250751414565, 'c3': 1.848582347999024, 'c4': 2.815281270943492, 'c5': 1.2133613055263783, 'c6': 2.356140524928895}. Best is trial 51 with value: 11.635053326803227.[0m
[32m[I 2025-09-29 20:11:53,754][0m Trial 54 finished with value: 12.173713632605853 and parameters: {'c0': 4.754060034005225, 'c1': 2.2482015974260445, 'c2': 4.700067953033555, 'c3': 1.9746912492115485, 'c4': 2.8516894826239785, 'c5': 1.2729452392156315, 'c6': 2.2899193605143964}. Best is trial 51 with value: 11.635053326803227.[0m
[32m[I 2025-09-29 20:16:31,219][0m Trial 55 finished with value: 13.183511990249798 and parameters: {'c0': 4.524483986837757, 'c1': 2.100880422289867, 'c2': 4.543701463370097, 'c3': 1.9768557641603326, 'c4': 2.5686749325411995, 'c5': 1.1762163006208848, 'c6': 2.1994729341510233}. Best is trial 51 with value: 11.635053326803227.[0m
[32m[I 2025-09-29 20:21:18,963][0m Trial 56 finished with value: 12.088305544156608 and parameters: {'c0': 5.2081900298731565, 'c1': 2.3076824559191804, 'c2': 4.893711345381522, 'c3': 1.8558672077816747, 'c4': 2.9664722530390035, 'c5': 1.2351371690407174, 'c6': 2.2357735653139956}. Best is trial 51 with value: 11.635053326803227.[0m
[32m[I 2025-09-29 20:26:01,025][0m Trial 57 finished with value: 11.69671189815382 and parameters: {'c0': 4.801883083339723, 'c1': 2.1827640888544733, 'c2': 4.5099174635280015, 'c3': 1.9213846584085335, 'c4': 2.772409920241931, 'c5': 1.1692113084201967, 'c6': 2.3272399955030876}. Best is trial 51 with value: 11.635053326803227.[0m
[32m[I 2025-09-29 20:30:49,323][0m Trial 58 finished with value: 11.725201061106695 and parameters: {'c0': 4.786177280524149, 'c1': 2.1986277040859887, 'c2': 4.472674341473943, 'c3': 1.9156213198578316, 'c4': 2.779736232753912, 'c5': 1.5087550503205018, 'c6': 2.4115282940069536}. Best is trial 51 with value: 11.635053326803227.[0m
[32m[I 2025-09-29 20:35:47,593][0m Trial 59 finished with value: 11.845236532770782 and parameters: {'c0': 4.813842160819765, 'c1': 2.093645176448203, 'c2': 4.508320614840889, 'c3': 1.920432463298937, 'c4': 2.9147803282826743, 'c5': 1.5703618507978516, 'c6': 2.336250450232659}. Best is trial 51 with value: 11.635053326803227.[0m
[32m[I 2025-09-29 20:40:32,485][0m Trial 60 finished with value: 12.918843959524102 and parameters: {'c0': 5.055338470954966, 'c1': 2.203462721741183, 'c2': 4.666338680151506, 'c3': 1.7671464494669609, 'c4': 3.0756686524358767, 'c5': 1.5167012425248145, 'c6': 2.4030933929932488}. Best is trial 51 with value: 11.635053326803227.[0m
[32m[I 2025-09-29 20:45:14,840][0m Trial 61 finished with value: 12.369110922084605 and parameters: {'c0': 4.616314434740307, 'c1': 2.16765870451227, 'c2': 4.4816627249736145, 'c3': 1.931283177756934, 'c4': 2.7824155585871346, 'c5': 1.473549792239143, 'c6': 2.179077030867232}. Best is trial 51 with value: 11.635053326803227.[0m
[32m[I 2025-09-29 20:49:58,460][0m Trial 62 finished with value: 11.962453783280255 and parameters: {'c0': 4.483526889298108, 'c1': 2.2751811888236335, 'c2': 4.8147342870692995, 'c3': 1.8750317476859408, 'c4': 2.7589517660760734, 'c5': 1.562357101459129, 'c6': 2.3094037835556174}. Best is trial 51 with value: 11.635053326803227.[0m
[32m[I 2025-09-29 20:54:44,339][0m Trial 63 finished with value: 12.210310679320147 and parameters: {'c0': 4.939488868303159, 'c1': 2.236180279291813, 'c2': 4.381339590575059, 'c3': 2.0106598364837205, 'c4': 2.8394343484382123, 'c5': 1.4386961440282897, 'c6': 2.253546138435107}. Best is trial 51 with value: 11.635053326803227.[0m
