[32m[I 2025-09-29 20:59:30,895][0m Trial 64 finished with value: 11.884694679084717 and parameters: {'c0': 4.677330808856841, 'c1': 2.1289485680156517, 'c2': 4.6379763999338826, 'c3': 1.8177695243627983, 'c4': 2.7332150505653936, 'c5': 1.486358940722625, 'c6': 2.4695265921252743}. Best is trial 51 with value: 11.635053326803227.[0m
[32m[I 2025-09-29 21:04:12,302][0m Trial 65 finished with value: 11.66170505580767 and parameters: {'c0': 4.753607306475104, 'c1': 2.0671408347507567, 'c2': 4.7132884377051205, 'c3': 1.8848570734219736, 'c4': 2.6893479978311423, 'c5': 1.4184425433294883, 'c6': 2.3886992635631867}. Best is trial 51 with value: 11.635053326803227.[0m
[32m[I 2025-09-29 21:08:52,899][0m Trial 66 finished with value: 11.898137551189288 and parameters: {'c0': 4.768400129592487, 'c1': 2.188194665561492, 'c2': 4.71983019907937, 'c3': 1.9363686713489707, 'c4': 2.610006342789667, 'c5': 1.6178514175898548, 'c6': 2.3856349364500846}. Best is trial 51 with value: 11.635053326803227.[0m
[32m[I 2025-09-29 21:13:43,667][0m Trial 67 finished with value: 11.673899985333305 and parameters: {'c0': 4.811277728929251, 'c1': 2.0601469096456384, 'c2': 4.583141871268852, 'c3': 1.8885645333674992, 'c4': 3.0172417781514516, 'c5': 1.418651205916134, 'c6': 2.3681468306225972}. Best is trial 51 with value: 11.635053326803227.[0m
[32m[I 2025-09-29 21:18:26,724][0m Trial 68 finished with value: 11.656523903004246 and parameters: {'c0': 4.824571003526097, 'c1': 2.0666184221583537, 'c2': 4.593120555694451, 'c3': 1.895100909009101, 'c4': 3.009114404091019, 'c5': 1.3615182919838222, 'c6': 2.350024416794842}. Best is trial 51 with value: 11.635053326803227.[0m
[32m[I 2025-09-29 21:23:08,679][0m Trial 69 finished with value: 12.091639803671843 and parameters: {'c0': 4.819849096226226, 'c1': 2.0849905085422065, 'c2': 4.618437580966054, 'c3': 1.7949584507120873, 'c4': 3.162531716227271, 'c5': 1.4115364035330538, 'c6': 2.3491371968213612}. Best is trial 51 with value: 11.635053326803227.[0m
[32m[I 2025-09-29 21:27:50,614][0m Trial 70 finished with value: 12.502441089624984 and parameters: {'c0': 4.430510606122003, 'c1': 2.048953286860425, 'c2': 4.744955910500398, 'c3': 1.88708386340991, 'c4': 3.021893601420516, 'c5': 1.3638222726175175, 'c6': 2.2777435572505103}. Best is trial 51 with value: 11.635053326803227.[0m
[32m[I 2025-09-29 21:32:35,943][0m Trial 71 finished with value: 11.767048377009695 and parameters: {'c0': 5.090133656685094, 'c1': 2.065431467072909, 'c2': 4.49248371466399, 'c3': 1.9612926541609017, 'c4': 3.1400561589824885, 'c5': 1.4126291777277546, 'c6': 2.3194642061922783}. Best is trial 51 with value: 11.635053326803227.[0m
[32m[I 2025-09-29 21:37:25,499][0m Trial 72 finished with value: 11.768591580303525 and parameters: {'c0': 4.948864194636472, 'c1': 2.0221112206526404, 'c2': 4.584853973877928, 'c3': 1.8615285925240967, 'c4': 3.2608074518722034, 'c5': 1.4617891076401268, 'c6': 2.38560311049377}. Best is trial 51 with value: 11.635053326803227.[0m
[32m[I 2025-09-29 21:42:13,009][0m Trial 73 finished with value: 12.43525037166365 and parameters: {'c0': 4.697215351751311, 'c1': 2.1477095803649413, 'c2': 4.422914732481662, 'c3': 1.9941237110449588, 'c4': 3.010890096793659, 'c5': 1.3602385797287821, 'c6': 2.4158873524743085}. Best is trial 51 with value: 11.635053326803227.[0m
[32m[I 2025-09-29 21:46:56,891][0m Trial 74 finished with value: 12.01310952154061 and parameters: {'c0': 4.630190949415747, 'c1': 2.0098170880735275, 'c2': 5.110714358884762, 'c3': 1.9057287978359896, 'c4': 3.110089278613672, 'c5': 1.5399408506937577, 'c6': 3.0749143367395155}. Best is trial 51 with value: 11.635053326803227.[0m
[32m[I 2025-09-29 21:51:51,424][0m Trial 75 finished with value: 11.7067780477256 and parameters: {'c0': 4.853780427045889, 'c1': 2.060471525076796, 'c2': 4.808236063758099, 'c3': 1.8254424375274574, 'c4': 2.8736524392329597, 'c5': 1.427575860909829, 'c6': 2.2355254131003637}. Best is trial 51 with value: 11.635053326803227.[0m
[32m[I 2025-09-29 21:56:36,341][0m Trial 76 finished with value: 12.909214844183822 and parameters: {'c0': 4.859300992324241, 'c1': 2.067763672589351, 'c2': 4.819760070220891, 'c3': 1.7163547020777246, 'c4': 2.936453276659761, 'c5': 1.4149760729692338, 'c6': 2.2234593404645064}. Best is trial 51 with value: 11.635053326803227.[0m
[32m[I 2025-09-29 22:01:19,026][0m Trial 77 finished with value: 12.138375782486309 and parameters: {'c0': 4.74684397015189, 'c1': 2.052261443986508, 'c2': 4.890441162553566, 'c3': 1.7644197869867857, 'c4': 2.8880268807832055, 'c5': 1.3874566004797826, 'c6': 2.299921157362196}. Best is trial 51 with value: 11.635053326803227.[0m
[32m[I 2025-09-29 22:06:03,816][0m Trial 78 finished with value: 11.879270755963352 and parameters: {'c0': 4.9781787124422365, 'c1': 2.1355664927337643, 'c2': 4.6677302828377805, 'c3': 1.834452000895614, 'c4': 2.9903152517133207, 'c5': 1.4466596540401684, 'c6': 2.2490770640927606}. Best is trial 51 with value: 11.635053326803227.[0m
[32m[I 2025-09-29 22:10:49,261][0m Trial 79 finished with value: 11.72265870888834 and parameters: {'c0': 4.789983939132122, 'c1': 2.1014426666394077, 'c2': 4.473903193895704, 'c3': 1.8875333475674345, 'c4': 3.042511505517751, 'c5': 1.493080112620874, 'c6': 2.3652931604959173}. Best is trial 51 with value: 11.635053326803227.[0m
[32m[I 2025-09-29 22:15:33,818][0m Trial 80 finished with value: 12.041053515763174 and parameters: {'c0': 4.586680060144306, 'c1': 2.1053248267558726, 'c2': 4.527315627053512, 'c3': 1.8856883295205318, 'c4': 3.066184369037954, 'c5': 1.4869942145243678, 'c6': 2.2039521646923537}. Best is trial 51 with value: 11.635053326803227.[0m
[32m[I 2025-09-29 22:20:19,890][0m Trial 81 finished with value: 11.740640672150853 and parameters: {'c0': 4.80336947514467, 'c1': 2.1761686668534814, 'c2': 4.4671828095078885, 'c3': 1.9079381422424222, 'c4': 3.0382834319339955, 'c5': 1.4831847124658368, 'c6': 2.3517254059889052}. Best is trial 51 with value: 11.635053326803227.[0m
[32m[I 2025-09-29 22:25:05,472][0m Trial 82 finished with value: 11.995514207386108 and parameters: {'c0': 4.8728891531179945, 'c1': 2.07971074236609, 'c2': 4.5933529891183245, 'c3': 1.9476074261194205, 'c4': 3.2512899861285667, 'c5': 1.5047736233099063, 'c6': 2.372370169264208}. Best is trial 51 with value: 11.635053326803227.[0m
[32m[I 2025-09-29 22:29:49,649][0m Trial 83 finished with value: 11.972711456872617 and parameters: {'c0': 4.660880866341042, 'c1': 2.039210538896221, 'c2': 4.760503607213721, 'c3': 1.792343178294737, 'c4': 2.6925335821555962, 'c5': 1.4298492248795829, 'c6': 2.4479759803812255}. Best is trial 51 with value: 11.635053326803227.[0m
[32m[I 2025-09-29 22:34:35,489][0m Trial 84 finished with value: 11.83883508757292 and parameters: {'c0': 4.733747949749204, 'c1': 2.1260633213478877, 'c2': 4.443405112622079, 'c3': 1.8311084369048665, 'c4': 2.7964815183990837, 'c5': 1.460281810612748, 'c6': 2.3190616418849204}. Best is trial 51 with value: 11.635053326803227.[0m
[32m[I 2025-09-29 22:39:15,917][0m Trial 85 finished with value: 12.279217549872033 and parameters: {'c0': 5.041979713650716, 'c1': 2.224561286300997, 'c2': 4.3986063744083355, 'c3': 2.0453060639408402, 'c4': 2.8607519624234667, 'c5': 1.3861164719567287, 'c6': 2.2835579548814597}. Best is trial 51 with value: 11.635053326803227.[0m
[32m[I 2025-09-29 22:44:06,723][0m Trial 86 finished with value: 11.789947714275845 and parameters: {'c0': 4.9189974206209675, 'c1': 2.149639968201277, 'c2': 4.629463570080539, 'c3': 1.869244434309, 'c4': 2.9646485983861823, 'c5': 1.3375018402366368, 'c6': 2.3992424028438024}. Best is trial 51 with value: 11.635053326803227.[0m
[32m[I 2025-09-29 22:48:48,026][0m Trial 87 finished with value: 11.786205565799238 and parameters: {'c0': 4.840664288299831, 'c1': 2.0974752275997157, 'c2': 4.7085635955362894, 'c3': 1.9233922169718343, 'c4': 2.759732280442349, 'c5': 1.5049530221459009, 'c6': 2.333260735415531}. Best is trial 51 with value: 11.635053326803227.[0m
[32m[I 2025-09-29 22:53:30,820][0m Trial 88 finished with value: 11.711389321922898 and parameters: {'c0': 4.8023483743763755, 'c1': 2.2525863346156587, 'c2': 4.54243243510212, 'c3': 1.8997945680428265, 'c4': 3.209766567069841, 'c5': 1.4437328330452655, 'c6': 2.442921558536531}. Best is trial 51 with value: 11.635053326803227.[0m
[32m[I 2025-09-29 22:58:24,614][0m Trial 89 finished with value: 11.713616566399926 and parameters: {'c0': 5.0995814809339475, 'c1': 2.0336146807883098, 'c2': 4.817847490085465, 'c3': 1.8946524807545657, 'c4': 3.2350355304110208, 'c5': 1.4293964325214257, 'c6': 2.522647417908747}. Best is trial 51 with value: 11.635053326803227.[0m
[32m[I 2025-09-29 23:03:10,353][0m Trial 90 finished with value: 11.746682741820534 and parameters: {'c0': 5.11227044053953, 'c1': 2.257317611629626, 'c2': 4.845290082337588, 'c3': 1.9845813487492994, 'c4': 3.268548627581863, 'c5': 1.4275202093656092, 'c6': 2.516059221531411}. Best is trial 51 with value: 11.635053326803227.[0m
[32m[I 2025-09-29 23:07:52,327][0m Trial 91 finished with value: 11.835881708524802 and parameters: {'c0': 4.979655386438496, 'c1': 2.024873521512632, 'c2': 4.789182117443241, 'c3': 1.9507013722094613, 'c4': 3.2135670608165854, 'c5': 1.4483829946847029, 'c6': 2.4432456403014005}. Best is trial 51 with value: 11.635053326803227.[0m
[32m[I 2025-09-29 23:12:43,433][0m Trial 92 finished with value: 11.694661968371758 and parameters: {'c0': 4.906203228075715, 'c1': 2.0684792770662837, 'c2': 4.553846045703902, 'c3': 1.8789839915875501, 'c4': 3.3753519064145445, 'c5': 1.3764716471978269, 'c6': 2.36411270632271}. Best is trial 51 with value: 11.635053326803227.[0m
[32m[I 2025-09-29 23:17:28,344][0m Trial 93 finished with value: 11.789484405333795 and parameters: {'c0': 4.882074126100922, 'c1': 2.052926764680447, 'c2': 4.552527022048739, 'c3': 1.839053067787579, 'c4': 3.3778666678801503, 'c5': 1.3725773375003198, 'c6': 2.2965392537314577}. Best is trial 51 with value: 11.635053326803227.[0m
[32m[I 2025-09-29 23:22:15,085][0m Trial 94 finished with value: 11.65634019227647 and parameters: {'c0': 4.710099368231843, 'c1': 2.080462600915086, 'c2': 4.969024702589595, 'c3': 1.79894737085111, 'c4': 3.419036657873549, 'c5': 1.4010832614619364, 'c6': 2.262571162274388}. Best is trial 51 with value: 11.635053326803227.[0m
[32m[I 2025-09-29 23:26:58,850][0m Trial 95 finished with value: 11.756759414534407 and parameters: {'c0': 4.700784368373724, 'c1': 2.2990729789690145, 'c2': 4.944286899472294, 'c3': 1.7948921201470616, 'c4': 3.445070551194347, 'c5': 1.403118975487217, 'c6': 2.248186890672941}. Best is trial 51 with value: 11.635053326803227.[0m
[32m[I 2025-09-29 23:31:49,241][0m Trial 96 finished with value: 11.976484006907377 and parameters: {'c0': 4.144190098745575, 'c1': 2.073801621590054, 'c2': 4.995689461394644, 'c3': 1.7654866603472703, 'c4': 3.3366625450855016, 'c5': 1.3767119950969176, 'c6': 2.267192977478796}. Best is trial 51 with value: 11.635053326803227.[0m
[32m[I 2025-09-29 23:36:34,222][0m Trial 97 finished with value: 11.920816141734855 and parameters: {'c0': 4.924981292362544, 'c1': 2.122744637432005, 'c2': 4.68170437720791, 'c3': 1.8148906019779754, 'c4': 3.3027020617707734, 'c5': 1.3448466006240083, 'c6': 2.2235921094883744}. Best is trial 51 with value: 11.635053326803227.[0m
[32m[I 2025-09-29 23:41:17,787][0m Trial 98 finished with value: 11.620986976879516 and parameters: {'c0': 4.724514761448734, 'c1': 2.0100551196598246, 'c2': 5.04886132465436, 'c3': 1.857518768553304, 'c4': 3.4110020896935844, 'c5': 1.3096129070395053, 'c6': 2.338054127322567}. Best is trial 98 with value: 11.620986976879516.[0m
[32m[I 2025-09-29 23:46:06,068][0m Trial 99 finished with value: 11.830522184029503 and parameters: {'c0': 4.559258968979501, 'c1': 2.009570102488078, 'c2': 4.873713594705185, 'c3': 1.745999675000807, 'c4': 3.4169762347651926, 'c5': 1.3278924745839098, 'c6': 2.202877611627845}. Best is trial 98 with value: 11.620986976879516.[0m
Traceback (most recent call last):
  File "/share/home/symei/pseudo_fitting/DFT_Fit/DFT_Fit.py", line 715, in <module>
    main()
  File "/share/home/symei/pseudo_fitting/DFT_Fit/DFT_Fit.py", line 700, in main
    run_optimization(MainFit)                               #  Run optimization based on MainFit
  File "/share/home/symei/pseudo_fitting/DFT_Fit/DFT_Fit.py", line 588, in run_optimization
    print_List(FitClass.IOut,f"Round {round_id+1}, best MAD = {study.best_value}")
TypeError: print_List() missing 1 required positional argument: 'IPrint'
