[32m[I 2025-10-19 16:00:16,679][0m Trial 19 finished with value: 66.39207145231066 and parameters: {'c0': 189.35948114040337, 'c1': 95.7466135417144, 'c2': 2.231795892691883, 'c3': 9.494694838635194, 'c4': 22.783192000993004, 'c5': 42.37828570003807, 'c6': 2.9046246642634244, 'c7': 0.1853004384446417, 'c8': 23.68790202037855, 'c9': 9.4170065539412, 'c10': -21.27806824589388, 'c11': 20.07320532753458, 'c12': 4.09454956095434, 'c13': 4.41461994215414, 'c14': 17.18352071038163, 'c15': 35.29055493649617, 'c16': 12.472879166670179, 'c17': 2.7514055020688066, 'c18': 0.014932660551519598, 'c19': 23.57378112272974, 'c20': 1.6838699406561033, 'c21': 37.47556661522883}. Best is trial 6 with value: 12.256721375822018.[0m
[32m[I 2025-10-19 16:13:15,643][0m Trial 20 finished with value: 5963.668212440375 and parameters: {'c0': 184.65016632089595, 'c1': 96.44770326576545, 'c2': 2.3135520863363874, 'c3': 8.284584041383841, 'c4': 24.683534975768673, 'c5': 41.08647200159908, 'c6': 2.9156628916606806, 'c7': 0.1608317161306111, 'c8': 23.802105489411105, 'c9': 10.088567898896182, 'c10': -23.471181077336475, 'c11': 17.528398482582855, 'c12': 4.101144925937962, 'c13': 4.0137765729939545, 'c14': 18.452185981652622, 'c15': 38.65639972097144, 'c16': 15.396059788618034, 'c17': 2.118167372991544, 'c18': 0.015090533644509147, 'c19': 16.411106508614825, 'c20': 1.4270782961352828, 'c21': 34.62082490831256}. Best is trial 6 with value: 12.256721375822018.[0m
[32m[I 2025-10-19 16:18:26,191][0m Trial 21 finished with value: 82.30911629119295 and parameters: {'c0': 189.14944398161316, 'c1': 97.54795335435574, 'c2': 1.7949220518737983, 'c3': 9.096193409286736, 'c4': 23.498257389070293, 'c5': 36.729307148669676, 'c6': 3.022127853991651, 'c7': 0.14958276366702303, 'c8': 23.321624007432355, 'c9': 7.779933244127436, 'c10': -22.29772271571146, 'c11': 22.347398958281122, 'c12': 2.9741992322458213, 'c13': 4.518518785287461, 'c14': 19.065684520609167, 'c15': 24.587353510332058, 'c16': 14.374170746864005, 'c17': 2.2153353804213665, 'c18': 0.015128580336771358, 'c19': 24.90956497319802, 'c20': 1.890807191853968, 'c21': 39.72136890713362}. Best is trial 6 with value: 12.256721375822018.[0m
[32m[I 2025-10-19 16:23:41,052][0m Trial 22 finished with value: 70.40280486215951 and parameters: {'c0': 185.58815412178365, 'c1': 99.15861078522073, 'c2': 1.7933404886102955, 'c3': 9.47130957615121, 'c4': 24.759372955604807, 'c5': 32.15058673692694, 'c6': 2.3938172143638576, 'c7': 0.17041766177772036, 'c8': 22.410051687628304, 'c9': 7.275879429103817, 'c10': -18.73370697960007, 'c11': 22.61667023767766, 'c12': 3.134913797179505, 'c13': 3.6487204572509344, 'c14': 18.227273597243332, 'c15': 31.34810443217939, 'c16': 16.28794645809649, 'c17': 2.4125957917526524, 'c18': 0.018529855138260772, 'c19': 23.646474139356567, 'c20': 1.5791680987804273, 'c21': 39.3489290940115}. Best is trial 6 with value: 12.256721375822018.[0m
[32m[I 2025-10-19 16:29:15,975][0m Trial 23 finished with value: 32.142461535571165 and parameters: {'c0': 146.9552562905975, 'c1': 91.29433321541882, 'c2': 1.81240188578427, 'c3': 8.528953510324781, 'c4': 22.920140299277655, 'c5': 32.29247842736879, 'c6': 2.353217480789802, 'c7': 0.15637898175280474, 'c8': 24.42948839328132, 'c9': 7.33812481216531, 'c10': -21.96339435669235, 'c11': 19.405565557331155, 'c12': 3.8646441020092666, 'c13': 3.4703512188814036, 'c14': 18.728518236756706, 'c15': 29.765482896189276, 'c16': 16.49357397121134, 'c17': 2.4476562596316067, 'c18': 0.01648264197674492, 'c19': 25.618069836821395, 'c20': 1.8023207740700253, 'c21': 38.286974606514455}. Best is trial 6 with value: 12.256721375822018.[0m
[32m[I 2025-10-19 16:35:24,891][0m Trial 24 finished with value: 58.600378285856074 and parameters: {'c0': 196.03702928225633, 'c1': 98.33180548830612, 'c2': 2.5200611457426545, 'c3': 9.304689216064546, 'c4': 24.716038292593453, 'c5': 37.48805178476817, 'c6': 3.3879038781424766, 'c7': 0.15412894055111845, 'c8': 22.414490998070523, 'c9': 10.281917605085352, 'c10': -23.031234078415764, 'c11': 19.019560220062917, 'c12': 3.6598599610146763, 'c13': 4.681376369900436, 'c14': 17.042988074146894, 'c15': 28.163869221548588, 'c16': 14.49870126072595, 'c17': 2.364836445102285, 'c18': 0.01865048482545567, 'c19': 21.68965061908609, 'c20': 1.5961998921528322, 'c21': 38.66845248065779}. Best is trial 6 with value: 12.256721375822018.[0m
[32m[I 2025-10-19 16:35:24,955][0m A new study created in memory with name: no-name-74e72220-d8f5-4fed-8d8b-f41679616bfd[0m
[32m[I 2025-10-19 16:45:40,645][0m Trial 0 finished with value: 1316.890293033562 and parameters: {'c0': 168.49269418135333, 'c1': 103.77793277316601, 'c2': 1.7061163168892388, 'c3': 8.154834882360742, 'c4': 20.546075947684717, 'c5': 29.79047740446761, 'c6': 2.5255169280336456, 'c7': 0.1508082796247119, 'c8': 22.441602363897058, 'c9': 10.103059402730205, 'c10': -23.57520290585976, 'c11': 20.74252670720918, 'c12': 3.106317771575285, 'c13': 5.3572746966316265, 'c14': 14.374861356427859, 'c15': 37.13804248915825, 'c16': 14.200056078530501, 'c17': 2.5272352636966833, 'c18': 0.011954578683921618, 'c19': 19.0886987432625, 'c20': 1.8170074089419375, 'c21': 48.891361842716734}. Best is trial 0 with value: 1316.890293033562.[0m
[32m[I 2025-10-19 16:56:50,257][0m Trial 1 finished with value: 622.388951886489 and parameters: {'c0': 159.40581482534606, 'c1': 102.47143909640397, 'c2': 2.7001194027800266, 'c3': 10.828805020628536, 'c4': 19.77795200841075, 'c5': 28.796065660769376, 'c6': 2.500967224097625, 'c7': 0.1942351837238383, 'c8': 18.918142927777005, 'c9': 9.520891794335846, 'c10': -17.483383362396438, 'c11': 19.301791022807315, 'c12': 3.992591779122578, 'c13': 4.091972464180035, 'c14': 20.56211521553258, 'c15': 39.941811012223646, 'c16': 11.250884404800251, 'c17': 2.761815608431948, 'c18': 0.018123181996493584, 'c19': 25.257795572737827, 'c20': 1.4068023360292317, 'c21': 45.351717516338184}. Best is trial 1 with value: 622.388951886489.[0m
[32m[I 2025-10-19 17:03:31,941][0m Trial 2 finished with value: 85.6644166623506 and parameters: {'c0': 140.96869611594508, 'c1': 91.06702320578316, 'c2': 2.736652705917734, 'c3': 8.11547336633571, 'c4': 22.301341963855702, 'c5': 30.493868453562897, 'c6': 2.276141889741444, 'c7': 0.1779836237240518, 'c8': 20.255657658846893, 'c9': 8.7515158633424, 'c10': -22.756710752596042, 'c11': 14.755590663561662, 'c12': 3.7784722313733763, 'c13': 3.712367143243536, 'c14': 19.64971893219637, 'c15': 37.63832076921667, 'c16': 11.872078048916439, 'c17': 2.3500220951005306, 'c18': 0.015982382922266145, 'c19': 21.51206102415233, 'c20': 1.2250835561668123, 'c21': 40.340687440192205}. Best is trial 2 with value: 85.6644166623506.[0m
[32m[I 2025-10-19 17:08:49,254][0m Trial 3 finished with value: 70.72859468836383 and parameters: {'c0': 190.1378704129741, 'c1': 94.19286033843481, 'c2': 2.7774884909816997, 'c3': 9.43802859861906, 'c4': 29.96403264822257, 'c5': 30.63283225739551, 'c6': 2.455312754590249, 'c7': 0.18846610495928748, 'c8': 22.452339231076255, 'c9': 8.255982368724355, 'c10': -17.826945597154698, 'c11': 17.545104652432855, 'c12': 4.099751985514691, 'c13': 5.015155138609285, 'c14': 22.40957216079515, 'c15': 36.33879378565727, 'c16': 16.66600570937895, 'c17': 2.2701874393388706, 'c18': 0.012896371374416392, 'c19': 26.91451585990347, 'c20': 1.5232074146786028, 'c21': 48.82369594635665}. Best is trial 3 with value: 70.72859468836383.[0m
[32m[I 2025-10-19 17:14:30,961][0m Trial 4 finished with value: 62.51194654226408 and parameters: {'c0': 190.10689478406428, 'c1': 99.17617464747613, 'c2': 1.8361487738494384, 'c3': 11.076586280936569, 'c4': 24.319455142921008, 'c5': 38.861428374617034, 'c6': 2.8570491038982997, 'c7': 0.14195839999536453, 'c8': 28.4231825680033, 'c9': 10.275484166761057, 'c10': -28.283194899311226, 'c11': 20.09751015113525, 'c12': 3.3284980076827893, 'c13': 4.5677355324300475, 'c14': 22.43431699672363, 'c15': 31.788725804305216, 'c16': 17.830789490247987, 'c17': 2.606472781590146, 'c18': 0.011048957265583487, 'c19': 27.29079825875774, 'c20': 1.7304035000124154, 'c21': 49.46609245311504}. Best is trial 4 with value: 62.51194654226408.[0m
[32m[I 2025-10-19 17:22:11,515][0m Trial 5 finished with value: 23.885149176852444 and parameters: {'c0': 196.49537879884528, 'c1': 80.67626535957032, 'c2': 2.0243778584806074, 'c3': 9.887956174569899, 'c4': 21.004931997771457, 'c5': 45.45126251326899, 'c6': 2.9384513697780354, 'c7': 0.14596263682598673, 'c8': 26.58592104372138, 'c9': 10.127714835901646, 'c10': -27.01147981033866, 'c11': 21.014239750866853, 'c12': 3.514698505481326, 'c13': 4.0038836076762605, 'c14': 21.646656198791053, 'c15': 31.303932673089918, 'c16': 17.918434125275358, 'c17': 2.445862006472829, 'c18': 0.01156182523036541, 'c19': 27.051508273162185, 'c20': 1.8402380621994632, 'c21': 40.28604277465618}. Best is trial 5 with value: 23.885149176852444.[0m
[32m[I 2025-10-19 17:28:04,733][0m Trial 6 finished with value: 27.781205982101064 and parameters: {'c0': 198.8547984434878, 'c1': 72.93247520268999, 'c2': 2.174656598635513, 'c3': 9.596425294648842, 'c4': 24.23661148664565, 'c5': 42.31261532467251, 'c6': 3.146251402427897, 'c7': 0.17742938473288083, 'c8': 23.354378856020617, 'c9': 10.298851726916938, 'c10': -24.538696898276214, 'c11': 19.33671936667394, 'c12': 3.8569674847199917, 'c13': 4.248738239116614, 'c14': 21.18513833845687, 'c15': 37.57610282094218, 'c16': 17.740670761908767, 'c17': 2.234720687898081, 'c18': 0.013847846937220805, 'c19': 23.36077754210748, 'c20': 1.5833452625038809, 'c21': 46.10226102951619}. Best is trial 5 with value: 23.885149176852444.[0m
[32m[I 2025-10-19 17:33:37,609][0m Trial 7 finished with value: 31.8900893024408 and parameters: {'c0': 200.7102851483784, 'c1': 73.18121445538536, 'c2': 2.4368364725573657, 'c3': 9.574029042344874, 'c4': 18.84951906425688, 'c5': 44.98544499012754, 'c6': 3.1413639872048287, 'c7': 0.1508088300698501, 'c8': 29.239349506932367, 'c9': 10.394574825736873, 'c10': -27.15169552264193, 'c11': 23.644040982915037, 'c12': 3.0542571913505667, 'c13': 4.376891255713155, 'c14': 22.53906858947689, 'c15': 30.369442601635257, 'c16': 16.76876062246802, 'c17': 2.919186181454397, 'c18': 0.011031034611464126, 'c19': 22.567181732277554, 'c20': 1.594399928259043, 'c21': 33.99651997505096}. Best is trial 5 with value: 23.885149176852444.[0m
[32m[I 2025-10-19 17:39:15,326][0m Trial 8 finished with value: 23.507421642470636 and parameters: {'c0': 177.13307998081115, 'c1': 85.886797826815, 'c2': 2.612927924545302, 'c3': 10.346347212416802, 'c4': 20.8152818267295, 'c5': 44.17882919825052, 'c6': 3.4777153217314574, 'c7': 0.15772563937072367, 'c8': 25.74304278701763, 'c9': 9.283365935141745, 'c10': -23.43771393854708, 'c11': 18.03038623848876, 'c12': 4.061749189222975, 'c13': 4.314062422750755, 'c14': 21.433551201255383, 'c15': 28.682952409990982, 'c16': 16.237763138934607, 'c17': 2.103391406080403, 'c18': 0.014762235949414027, 'c19': 25.007332793954234, 'c20': 1.9548676245162906, 'c21': 36.8514656141323}. Best is trial 8 with value: 23.507421642470636.[0m
[32m[I 2025-10-19 17:44:48,501][0m Trial 9 finished with value: 26.661061131988962 and parameters: {'c0': 179.43242360465186, 'c1': 82.6614114370905, 'c2': 2.658861142401047, 'c3': 9.80676297961787, 'c4': 23.17074678926686, 'c5': 45.03954590704647, 'c6': 3.6024340060094473, 'c7': 0.1707137536348664, 'c8': 25.857359599863777, 'c9': 8.353785566490702, 'c10': -21.887814468034424, 'c11': 19.493816904934835, 'c12': 3.972467854077048, 'c13': 4.015856520239017, 'c14': 18.737855896097095, 'c15': 37.61948419188893, 'c16': 15.012968189740137, 'c17': 2.251404664762898, 'c18': 0.014140801276086254, 'c19': 24.49336836431131, 'c20': 1.6197367809937122, 'c21': 36.43924059654348}. Best is trial 8 with value: 23.507421642470636.[0m
[32m[I 2025-10-19 17:50:50,985][0m Trial 10 finished with value: 65.85803542163953 and parameters: {'c0': 191.61782143092833, 'c1': 96.5166652636141, 'c2': 2.8234442312716395, 'c3': 8.025046449157518, 'c4': 19.663768754942765, 'c5': 34.92126123807154, 'c6': 3.705799895197663, 'c7': 0.1713858867664934, 'c8': 27.654155923696514, 'c9': 9.841869059751007, 'c10': -23.485622347480344, 'c11': 18.99276836349415, 'c12': 3.5614496889587106, 'c13': 4.051942530048889, 'c14': 21.974299796193993, 'c15': 28.66157587299237, 'c16': 18.473518386585337, 'c17': 1.852782170039525, 'c18': 0.013501403625867768, 'c19': 23.461656734808585, 'c20': 1.871514151195957, 'c21': 41.38706255146842}. Best is trial 8 with value: 23.507421642470636.[0m
[32m[I 2025-10-19 17:56:06,758][0m Trial 11 finished with value: 22.208574947349586 and parameters: {'c0': 178.15429187273912, 'c1': 81.3066585814549, 'c2': 2.753426960343756, 'c3': 9.16206661843736, 'c4': 21.05885342698543, 'c5': 46.42498164602099, 'c6': 3.5689077965470863, 'c7': 0.1834215404053843, 'c8': 25.568949717718002, 'c9': 11.037326055155525, 'c10': -26.809038623817933, 'c11': 16.997520462366207, 'c12': 3.6063285521650092, 'c13': 3.8543522635661382, 'c14': 20.465754637333667, 'c15': 28.62668879857454, 'c16': 14.5993334198682, 'c17': 1.881748158431866, 'c18': 0.016650669327329014, 'c19': 24.485918236503938, 'c20': 1.902858790696637, 'c21': 36.67796964622998}. Best is trial 11 with value: 22.208574947349586.[0m
[32m[I 2025-10-19 18:01:28,315][0m Trial 12 finished with value: 23.344124329808736 and parameters: {'c0': 159.73935769323606, 'c1': 91.27644634627814, 'c2': 2.2920556405530337, 'c3': 9.999507423213982, 'c4': 19.98315267630089, 'c5': 46.48666174732449, 'c6': 3.345552145426787, 'c7': 0.18373038477229675, 'c8': 25.206254982519244, 'c9': 10.236885939349518, 'c10': -27.252707152591892, 'c11': 18.84848743662004, 'c12': 3.684151472300493, 'c13': 4.360821013809622, 'c14': 19.13893948232591, 'c15': 34.79195133822847, 'c16': 14.327864945505318, 'c17': 1.8836626136869437, 'c18': 0.017101866824267998, 'c19': 25.036836037883667, 'c20': 1.9306843464342078, 'c21': 37.85874043315721}. Best is trial 11 with value: 22.208574947349586.[0m
[32m[I 2025-10-19 18:07:13,959][0m Trial 13 finished with value: 40.5179156186494 and parameters: {'c0': 156.8926184691957, 'c1': 81.58865424987326, 'c2': 2.5232305619158226, 'c3': 8.875069274752942, 'c4': 22.441852259821886, 'c5': 43.10326209679621, 'c6': 3.586227353880144, 'c7': 0.19417709377072329, 'c8': 29.259938365646523, 'c9': 11.329943368406498, 'c10': -27.327980048880274, 'c11': 14.75277189905498, 'c12': 3.1363298340439796, 'c13': 3.6760051362624813, 'c14': 19.275383849694194, 'c15': 26.42933916493154, 'c16': 12.507364020577933, 'c17': 2.209048615842887, 'c18': 0.017246086695639935, 'c19': 23.693857681636086, 'c20': 1.6831677661493196, 'c21': 40.610414921617476}. Best is trial 11 with value: 22.208574947349586.[0m
[32m[I 2025-10-19 18:12:45,983][0m Trial 14 finished with value: 28.45797481923907 and parameters: {'c0': 133.4455305907764, 'c1': 102.72290915308469, 'c2': 2.223801043907317, 'c3': 9.810300738705383, 'c4': 21.80956554673644, 'c5': 42.817744874316446, 'c6': 3.3639945022232998, 'c7': 0.19787013571599324, 'c8': 25.586578390345252, 'c9': 11.262325308999474, 'c10': -25.80687937275832, 'c11': 19.06938330651138, 'c12': 4.30639025934073, 'c13': 3.5401294375499943, 'c14': 19.07448438464353, 'c15': 38.36415082799939, 'c16': 13.9476809833914, 'c17': 2.0476035014317913, 'c18': 0.016981873466236204, 'c19': 22.204520367080498, 'c20': 1.9068207971013735, 'c21': 35.5111967778948}. Best is trial 11 with value: 22.208574947349586.[0m
[32m[I 2025-10-19 18:18:14,518][0m Trial 15 finished with value: 23.28413484646936 and parameters: {'c0': 174.61678082277615, 'c1': 82.23834038289034, 'c2': 2.819613764691368, 'c3': 8.911396875139141, 'c4': 22.855834008326664, 'c5': 44.08085863777913, 'c6': 3.389379367634116, 'c7': 0.20384193107420498, 'c8': 24.309511920826576, 'c9': 10.984063396212193, 'c10': -27.533520562320533, 'c11': 17.44298377843466, 'c12': 3.814945972863089, 'c13': 4.4326081806643804, 'c14': 18.671002627940553, 'c15': 26.63645320805343, 'c16': 14.697967323265889, 'c17': 1.9970640939270927, 'c18': 0.01748846045249812, 'c19': 23.883242156409423, 'c20': 1.9714731941915735, 'c21': 32.3297964392766}. Best is trial 11 with value: 22.208574947349586.[0m
[32m[I 2025-10-19 18:35:28,545][0m Trial 16 finished with value: 8138.6565398806715 and parameters: {'c0': 196.9714879153922, 'c1': 84.94078478105071, 'c2': 2.8070945883806115, 'c3': 8.448041913901768, 'c4': 26.118187522758568, 'c5': 41.569408023481444, 'c6': 3.0384686697800114, 'c7': 0.1897818437797936, 'c8': 24.148847967467834, 'c9': 9.16715028784502, 'c10': -26.91378384713343, 'c11': 18.945825545130248, 'c12': 4.063474310347034, 'c13': 5.251981922062633, 'c14': 17.819426120000667, 'c15': 26.992715556961603, 'c16': 14.655993927437768, 'c17': 2.1014925679635983, 'c18': 0.016162247039907436, 'c19': 19.77853410991228, 'c20': 1.800600544078312, 'c21': 35.52553156656189}. Best is trial 11 with value: 22.208574947349586.[0m
[32m[I 2025-10-19 18:41:17,746][0m Trial 17 finished with value: 20.760971064070635 and parameters: {'c0': 176.9746375598922, 'c1': 82.7069393648552, 'c2': 2.7555667767177345, 'c3': 9.654451860388368, 'c4': 25.442815220514756, 'c5': 36.82580970852486, 'c6': 3.6096038308934006, 'c7': 0.1997057633573987, 'c8': 23.950822684292326, 'c9': 9.698261159667243, 'c10': -24.839493584006195, 'c11': 16.582391207219978, 'c12': 3.822675205555287, 'c13': 3.9379838736701744, 'c14': 21.043022272890607, 'c15': 30.087348051391317, 'c16': 12.971158182699755, 'c17': 1.97697604079878, 'c18': 0.016889793204196937, 'c19': 23.324758902323104, 'c20': 1.8317750254767173, 'c21': 29.83063441157089}. Best is trial 17 with value: 20.760971064070635.[0m
[32m[I 2025-10-19 18:48:09,580][0m Trial 18 finished with value: 79.02716944968132 and parameters: {'c0': 214.8211654322296, 'c1': 73.28397736729245, 'c2': 2.605714148220468, 'c3': 10.162992413893447, 'c4': 21.62076837018417, 'c5': 42.83575252316122, 'c6': 3.7199216495840073, 'c7': 0.18767975933753508, 'c8': 27.70833822813424, 'c9': 10.230580171338042, 'c10': -28.289178066780405, 'c11': 17.740344881187244, 'c12': 3.0009454516439256, 'c13': 3.5620580391535217, 'c14': 23.189517205640456, 'c15': 27.995305588925607, 'c16': 14.321311252013658, 'c17': 1.8567972442015581, 'c18': 0.017958035034622993, 'c19': 24.721323415045138, 'c20': 1.8599936020721888, 'c21': 36.64833768850061}. Best is trial 17 with value: 20.760971064070635.[0m
[32m[I 2025-10-19 18:59:07,180][0m Trial 19 finished with value: 2594.8357049883944 and parameters: {'c0': 179.51616934169266, 'c1': 97.5879256667843, 'c2': 2.4830838055426114, 'c3': 10.872156615510754, 'c4': 23.46499405703329, 'c5': 33.66601351863969, 'c6': 3.6820588945127835, 'c7': 0.19530093793503162, 'c8': 20.091943366616732, 'c9': 10.087980381925101, 'c10': -24.848580509198687, 'c11': 16.837792040665175, 'c12': 4.271696025764529, 'c13': 4.177712035885764, 'c14': 21.733987040128337, 'c15': 31.219227711558137, 'c16': 11.513174383371096, 'c17': 2.4176906622359526, 'c18': 0.01699803244297049, 'c19': 25.363734692040772, 'c20': 1.8739993699486341, 'c21': 30.38902827832498}. Best is trial 17 with value: 20.760971064070635.[0m
[32m[I 2025-10-19 19:05:02,763][0m Trial 20 finished with value: 38.77054094430726 and parameters: {'c0': 144.06222875806134, 'c1': 72.83351205954804, 'c2': 2.812947544733384, 'c3': 10.035755593961914, 'c4': 24.95615574981712, 'c5': 37.897179928954856, 'c6': 3.2827785587779204, 'c7': 0.1854365206788933, 'c8': 19.612876361305727, 'c9': 11.010862829189982, 'c10': -22.979064707690476, 'c11': 17.559240623636818, 'c12': 3.831318526510692, 'c13': 4.234520526180635, 'c14': 21.447260154214234, 'c15': 31.016912218745563, 'c16': 11.730516167568194, 'c17': 1.8561211201133805, 'c18': 0.014909615464136142, 'c19': 21.259856899333414, 'c20': 1.6264224517775523, 'c21': 31.468980233309516}. Best is trial 17 with value: 20.760971064070635.[0m
[32m[I 2025-10-19 19:10:24,423][0m Trial 21 finished with value: 27.20467423995499 and parameters: {'c0': 152.82720668785666, 'c1': 82.00907542420794, 'c2': 2.6721108933573685, 'c3': 8.883518661042594, 'c4': 26.258175623418854, 'c5': 41.15798634174487, 'c6': 3.413018176113394, 'c7': 0.18292550399145072, 'c8': 26.962050045572752, 'c9': 11.035154310742676, 'c10': -26.87967281453053, 'c11': 21.130443144585808, 'c12': 3.3936465830415434, 'c13': 3.9577120480873704, 'c14': 17.48410238049063, 'c15': 27.401827083767465, 'c16': 16.668305083918888, 'c17': 1.9552903393951224, 'c18': 0.01750350094879037, 'c19': 22.296695663566073, 'c20': 1.7959169782287852, 'c21': 31.127993548154592}. Best is trial 17 with value: 20.760971064070635.[0m
[32m[I 2025-10-19 19:35:38,120][0m Trial 22 finished with value: 16097.624890372961 and parameters: {'c0': 185.97868388189082, 'c1': 91.41691484067816, 'c2': 2.785382734790916, 'c3': 10.69844988951215, 'c4': 26.23119081132781, 'c5': 34.68203454799085, 'c6': 3.204285324268697, 'c7': 0.19381709052409493, 'c8': 26.46262251914501, 'c9': 9.798962439950639, 'c10': -26.314911758594683, 'c11': 16.03233679955752, 'c12': 3.7837649560715714, 'c13': 3.394509816626909, 'c14': 20.83678034004158, 'c15': 32.86111175037905, 'c16': 16.03391126626109, 'c17': 1.963439732006446, 'c18': 0.016624207799261253, 'c19': 18.54175363072389, 'c20': 1.7062446522350219, 'c21': 30.708263978770947}. Best is trial 17 with value: 20.760971064070635.[0m
