[32m[I 2025-10-18 13:45:37,382][0m Trial 11 finished with value: 34.81692228052492 and parameters: {'c0': 83.1817742004006, 'c1': 90.89584203395239, 'c2': 7.497293330077121, 'c3': 6.973655190955705, 'c4': 62.72183709432909, 'c5': 37.48040515402016, 'c6': 1.3903478998613699, 'c7': 0.5049992668346314, 'c8': 27.027985050738128, 'c9': 8.810778213395203, 'c10': -24.38481598182712, 'c11': 7.690131072573683, 'c12': 6.604130587658179, 'c13': 2.375661790398301, 'c14': 13.309065330611528, 'c15': 20.481770522298525, 'c16': 10.660296340789978, 'c17': 2.035769461355841, 'c18': 0.07331711082550821, 'c19': 16.94906273741833, 'c20': 1.490085759655897, 'c21': 18.56378163139441}. Best is trial 6 with value: 24.472829108363506.[0m
[32m[I 2025-10-18 13:50:44,240][0m Trial 12 finished with value: 97.71969778246353 and parameters: {'c0': 74.92441307598556, 'c1': 111.9825990704143, 'c2': 7.138752626246342, 'c3': 7.982191275016717, 'c4': 50.97225034355024, 'c5': 46.1209593070156, 'c6': 1.5261754791917697, 'c7': 0.5469141841030828, 'c8': 27.967334643277763, 'c9': 7.21377572634434, 'c10': -25.23064358399942, 'c11': 8.695595309001867, 'c12': 6.041118738291445, 'c13': 2.455281985736897, 'c14': 14.901352827196181, 'c15': 21.57267421862816, 'c16': 10.582662421632497, 'c17': 1.6340240282136715, 'c18': 0.10245340107417922, 'c19': 18.612101151319546, 'c20': 1.6161143983610855, 'c21': 17.75123791375684}. Best is trial 6 with value: 24.472829108363506.[0m
[32m[I 2025-10-18 13:56:04,979][0m Trial 13 finished with value: 38.451452183567746 and parameters: {'c0': 85.01616848360668, 'c1': 93.43680632403377, 'c2': 9.087681240654447, 'c3': 6.5301960794366884, 'c4': 57.26119652974936, 'c5': 44.24716112666956, 'c6': 1.6116420838492664, 'c7': 0.5994819243312617, 'c8': 33.213191097954315, 'c9': 7.44829305393398, 'c10': -24.222402321752288, 'c11': 5.764547453112094, 'c12': 6.655793302655272, 'c13': 2.0258720719652996, 'c14': 16.331983654073873, 'c15': 21.11447455062082, 'c16': 11.497295283668107, 'c17': 2.0489767409696147, 'c18': 0.10337420675670106, 'c19': 17.527079792438002, 'c20': 1.579121769387657, 'c21': 18.347134662094632}. Best is trial 6 with value: 24.472829108363506.[0m
[32m[I 2025-10-18 14:02:20,900][0m Trial 14 finished with value: 41.96445977473911 and parameters: {'c0': 86.0671641161976, 'c1': 104.49948055051986, 'c2': 9.157865144080315, 'c3': 7.869774119659982, 'c4': 51.860554618107095, 'c5': 32.44173616348745, 'c6': 1.4338485631571953, 'c7': 0.4754728505797466, 'c8': 28.528907553867576, 'c9': 8.018183811423087, 'c10': -17.67130349844198, 'c11': 8.267674492843403, 'c12': 5.4957947933515365, 'c13': 2.2682249848205043, 'c14': 15.540896905489566, 'c15': 17.41231394035214, 'c16': 11.436412513819155, 'c17': 1.918193413463696, 'c18': 0.12824048803010357, 'c19': 17.53528729165692, 'c20': 1.4224943814912616, 'c21': 17.415409346722992}. Best is trial 6 with value: 24.472829108363506.[0m
[32m[I 2025-10-18 14:08:17,854][0m Trial 15 finished with value: 25.54559802655035 and parameters: {'c0': 82.74388792086211, 'c1': 113.09441647822027, 'c2': 8.942494469542902, 'c3': 8.021743690892265, 'c4': 65.672495599939, 'c5': 38.43428465714853, 'c6': 1.816598227121078, 'c7': 0.49269907750176, 'c8': 25.854403096997416, 'c9': 8.287182318955107, 'c10': -24.544225954571093, 'c11': 8.203265503566499, 'c12': 5.243807290527778, 'c13': 2.2062080753431683, 'c14': 14.548172082062209, 'c15': 19.148922062733742, 'c16': 11.291249239317022, 'c17': 2.2193486204192556, 'c18': 0.09920871645194576, 'c19': 17.871709842854585, 'c20': 1.332152906473926, 'c21': 17.46615400165948}. Best is trial 6 with value: 24.472829108363506.[0m
[32m[I 2025-10-18 14:16:39,984][0m Trial 16 finished with value: 77.34687768640336 and parameters: {'c0': 82.0594985213124, 'c1': 98.5807259700278, 'c2': 9.034323316366423, 'c3': 6.332512838950655, 'c4': 47.58697818931671, 'c5': 43.372283427144026, 'c6': 1.5054523894209435, 'c7': 0.5066593375105647, 'c8': 30.165130894189282, 'c9': 7.785862848049265, 'c10': -27.52423678267512, 'c11': 6.286316206463049, 'c12': 5.980569327657261, 'c13': 2.0213200269453386, 'c14': 12.888992090745102, 'c15': 20.517610539580176, 'c16': 12.459715440150196, 'c17': 1.573884583858904, 'c18': 0.07741148216603644, 'c19': 16.95078667044071, 'c20': 1.0647304600193734, 'c21': 17.824642479670512}. Best is trial 6 with value: 24.472829108363506.[0m
[32m[I 2025-10-18 14:22:08,346][0m Trial 17 finished with value: 24.660339737535896 and parameters: {'c0': 88.52384071755256, 'c1': 91.68595186444665, 'c2': 9.401510634319859, 'c3': 7.906021299744696, 'c4': 47.36596608133424, 'c5': 38.332442678369034, 'c6': 1.6084107886461108, 'c7': 0.5101390745342832, 'c8': 26.985575957607736, 'c9': 6.8402417020062245, 'c10': -19.321241532690504, 'c11': 7.626496823621472, 'c12': 6.301652119332838, 'c13': 2.6308988450910675, 'c14': 16.159662409344914, 'c15': 20.020068588605834, 'c16': 10.321787616296119, 'c17': 1.7600462763773161, 'c18': 0.08174959965615532, 'c19': 17.866381655651292, 'c20': 1.558619481776111, 'c21': 16.004251424677044}. Best is trial 6 with value: 24.472829108363506.[0m
[32m[I 2025-10-18 14:27:24,146][0m Trial 18 finished with value: 95.83712818694904 and parameters: {'c0': 73.77340309765367, 'c1': 102.46634351080365, 'c2': 7.298339086335231, 'c3': 7.0182220270769395, 'c4': 56.29531821369058, 'c5': 37.90799649562725, 'c6': 1.6836453446655653, 'c7': 0.4806006195371063, 'c8': 31.143289344436027, 'c9': 5.734012662932656, 'c10': -21.546193894184903, 'c11': 7.987051698446072, 'c12': 6.175155634158261, 'c13': 2.7735867490201063, 'c14': 16.096207042719616, 'c15': 18.03064916711966, 'c16': 11.125509777410098, 'c17': 2.2996635957020755, 'c18': 0.09565347781179143, 'c19': 18.45964135887593, 'c20': 1.3881570115114286, 'c21': 18.518957561170975}. Best is trial 6 with value: 24.472829108363506.[0m
[32m[I 2025-10-18 14:33:48,572][0m Trial 19 finished with value: 47.84381193862362 and parameters: {'c0': 78.0597315031096, 'c1': 123.26869898068558, 'c2': 8.39645053255046, 'c3': 6.80629241486901, 'c4': 56.69834672526501, 'c5': 40.80391427688545, 'c6': 1.6789316502212994, 'c7': 0.6161090120797328, 'c8': 27.80211724489873, 'c9': 8.21022430467788, 'c10': -19.95785740636462, 'c11': 8.798187512161917, 'c12': 6.518840531631057, 'c13': 2.034521668196315, 'c14': 16.687340779722383, 'c15': 22.579615854636007, 'c16': 8.662150811948061, 'c17': 2.1143370293859616, 'c18': 0.08494962342019342, 'c19': 16.09526112260856, 'c20': 1.2667621868439845, 'c21': 18.890757793727133}. Best is trial 6 with value: 24.472829108363506.[0m
[32m[I 2025-10-18 14:39:42,693][0m Trial 20 finished with value: 32.50487679695201 and parameters: {'c0': 86.51726082782345, 'c1': 103.39716250705203, 'c2': 8.053990700534928, 'c3': 6.111062661038666, 'c4': 48.12317418055646, 'c5': 39.63446684939589, 'c6': 1.4188977916838756, 'c7': 0.5615269983927067, 'c8': 24.926368963045974, 'c9': 7.495789629454213, 'c10': -21.34459351014281, 'c11': 8.565023713014844, 'c12': 5.034019409792025, 'c13': 2.2738983815933023, 'c14': 15.695767355160967, 'c15': 16.611189100853935, 'c16': 12.138119473413383, 'c17': 2.012917122029061, 'c18': 0.09961608733481574, 'c19': 19.88711485088239, 'c20': 1.3649600052615476, 'c21': 15.277372779003006}. Best is trial 6 with value: 24.472829108363506.[0m
[32m[I 2025-10-18 14:46:08,600][0m Trial 21 finished with value: 57.788413578540904 and parameters: {'c0': 84.6171198064162, 'c1': 89.09481174197704, 'c2': 9.707273299258858, 'c3': 7.01992971731876, 'c4': 41.068906938751425, 'c5': 32.94579642517324, 'c6': 1.6260912443266156, 'c7': 0.4867103000417852, 'c8': 28.209998259076297, 'c9': 8.537243520738276, 'c10': -17.941850712756807, 'c11': 7.252723439994033, 'c12': 5.861529758705597, 'c13': 2.9328056843022643, 'c14': 15.741533710738896, 'c15': 19.776400407259786, 'c16': 10.902174122642815, 'c17': 1.596982327110709, 'c18': 0.08929768362614034, 'c19': 16.535227670742223, 'c20': 1.486344722620288, 'c21': 13.322994478177598}. Best is trial 6 with value: 24.472829108363506.[0m
[32m[I 2025-10-18 14:51:26,956][0m Trial 22 finished with value: 41.124121584386394 and parameters: {'c0': 87.2533332864873, 'c1': 89.27524549540824, 'c2': 9.445576549702714, 'c3': 7.54512072541265, 'c4': 44.81818306052009, 'c5': 43.593979185948434, 'c6': 1.5258206366256852, 'c7': 0.5022216007291024, 'c8': 29.573151693889738, 'c9': 7.2187135179899995, 'c10': -20.35672009591779, 'c11': 8.06712673160308, 'c12': 5.836177944833666, 'c13': 2.7274367556418024, 'c14': 14.39965677810476, 'c15': 19.742432483628924, 'c16': 9.944938217764605, 'c17': 1.5099310480159949, 'c18': 0.07544264704348815, 'c19': 16.975822717059714, 'c20': 1.5736234909135065, 'c21': 17.205500058346185}. Best is trial 6 with value: 24.472829108363506.[0m
[32m[I 2025-10-18 14:57:02,545][0m Trial 23 finished with value: 22.5929221188573 and parameters: {'c0': 88.27882837925895, 'c1': 91.2109554489856, 'c2': 7.159652500687008, 'c3': 7.294818983814327, 'c4': 60.93924270103658, 'c5': 39.204651363241105, 'c6': 1.7852980330896675, 'c7': 0.4821664870379264, 'c8': 26.794690146662944, 'c9': 7.324876322156996, 'c10': -19.73465391635838, 'c11': 9.265589414708161, 'c12': 5.88901991409634, 'c13': 2.41969177785866, 'c14': 15.6579741532973, 'c15': 20.639182396299518, 'c16': 11.66814109757065, 'c17': 1.7779488756526787, 'c18': 0.08987774188247757, 'c19': 18.54405248970572, 'c20': 1.4518810505617668, 'c21': 18.80834107470698}. Best is trial 23 with value: 22.5929221188573.[0m
[32m[I 2025-10-18 15:02:54,677][0m Trial 24 finished with value: 40.09721884928482 and parameters: {'c0': 81.63902208340146, 'c1': 88.79086060878467, 'c2': 9.460764234138464, 'c3': 7.5419944018376714, 'c4': 56.930607359016044, 'c5': 40.88072429385995, 'c6': 1.6723006378124239, 'c7': 0.5940642196970322, 'c8': 37.876411336441365, 'c9': 6.709595289305183, 'c10': -25.49962648894015, 'c11': 8.199537026100446, 'c12': 5.912044792461572, 'c13': 2.3763710499590625, 'c14': 15.178548487656276, 'c15': 17.134052942328463, 'c16': 11.103849972164426, 'c17': 1.9479669019629013, 'c18': 0.0808422066812631, 'c19': 17.572937290027248, 'c20': 1.2603552616715925, 'c21': 16.510639692966354}. Best is trial 23 with value: 22.5929221188573.[0m
[32m[I 2025-10-18 15:02:54,733][0m A new study created in memory with name: no-name-818dbd25-e0aa-474a-8fde-46e3eec4ae9f[0m
[32m[I 2025-10-18 15:08:38,577][0m Trial 0 finished with value: 26.024679843823844 and parameters: {'c0': 84.22536664833575, 'c1': 102.3312518612594, 'c2': 5.179178385827058, 'c3': 6.4969047584634545, 'c4': 49.027410712568305, 'c5': 30.36075241682333, 'c6': 1.4753514133431354, 'c7': 0.440960402600164, 'c8': 25.26405433294049, 'c9': 7.482211511071062, 'c10': -20.617077156198413, 'c11': 10.215245461882022, 'c12': 4.925906883099154, 'c13': 2.925974762512663, 'c14': 11.563036740342856, 'c15': 22.586069127580856, 'c16': 11.134205913622834, 'c17': 1.835690458794513, 'c18': 0.07199252594531118, 'c19': 15.44611823330455, 'c20': 1.6935024570992558, 'c21': 23.68189293920574}. Best is trial 0 with value: 26.024679843823844.[0m
[32m[I 2025-10-18 15:15:44,137][0m Trial 1 finished with value: 50.345871861330785 and parameters: {'c0': 79.16462947584783, 'c1': 100.91793109937129, 'c2': 8.650851558399477, 'c3': 8.887707981360323, 'c4': 46.946415904181336, 'c5': 29.20480132933604, 'c6': 1.4591202605844387, 'c7': 0.5830590361122959, 'c8': 20.839350816848746, 'c9': 7.005103238655535, 'c10': -14.734345339526902, 'c11': 9.435634217568568, 'c12': 6.51429738153758, 'c13': 2.172675142371661, 'c14': 17.27390639570638, 'c15': 24.46089763037137, 'c16': 8.557889902720067, 'c17': 2.0240516355577056, 'c18': 0.11419105826819624, 'c19': 21.090606560592363, 'c20': 1.275487403006363, 'c21': 21.819089518821308}. Best is trial 0 with value: 26.024679843823844.[0m
[32m[I 2025-10-18 15:24:04,846][0m Trial 2 finished with value: 44.14623259252336 and parameters: {'c0': 68.89648258507236, 'c1': 88.58101891823651, 'c2': 8.778448434313573, 'c3': 6.461711530975986, 'c4': 53.782762395061674, 'c5': 31.17840733017607, 'c6': 1.3104759284380942, 'c7': 0.5298817600361839, 'c8': 22.51898023807072, 'c9': 6.374570697886431, 'c10': -19.826677867882815, 'c11': 6.975593172329097, 'c12': 6.130549858448209, 'c13': 1.9466765337144143, 'c14': 16.43175956177557, 'c15': 22.92059602274518, 'c16': 9.100547743042846, 'c17': 1.693393451718424, 'c18': 0.09954615822308005, 'c19': 17.66340230022291, 'c20': 1.0903088408435084, 'c21': 19.181942081173457}. Best is trial 0 with value: 26.024679843823844.[0m
[32m[I 2025-10-18 15:29:03,730][0m Trial 3 finished with value: 78.65977220280533 and parameters: {'c0': 96.28017046698653, 'c1': 91.96244402303023, 'c2': 8.921072236492673, 'c3': 7.6442113900995, 'c4': 74.54245847680973, 'c5': 31.339945406510804, 'c6': 1.4289355923447449, 'c7': 0.5641818394510902, 'c8': 25.27753751752681, 'c9': 5.968462343295375, 'c10': -15.066115588957196, 'c11': 8.485055661138428, 'c12': 6.706351139398521, 'c13': 2.7222933601636807, 'c14': 18.97911941080921, 'c15': 22.051626202704973, 'c16': 13.288392315392718, 'c17': 1.6292885510170394, 'c18': 0.07843519493819384, 'c19': 22.60644244078274, 'c20': 1.3941087425787755, 'c21': 23.646282507320368}. Best is trial 0 with value: 26.024679843823844.[0m
[32m[I 2025-10-18 15:34:27,410][0m Trial 4 finished with value: 29.55391962742574 and parameters: {'c0': 96.26291927320221, 'c1': 97.3532252424521, 'c2': 5.633332099029918, 'c3': 9.109249810582712, 'c4': 59.25021736377647, 'c5': 40.9052534295448, 'c6': 1.6945454779602176, 'c7': 0.4120024138103895, 'c8': 32.77562625273479, 'c9': 7.623520096609348, 'c10': -25.163478128011516, 'c11': 9.866213946019801, 'c12': 5.324100864834688, 'c13': 2.455921413023889, 'c14': 19.001959031721643, 'c15': 19.009079333769186, 'c16': 14.305915686657555, 'c17': 1.8993158751995023, 'c18': 0.06579729944790416, 'c19': 22.95072648540154, 'c20': 1.6052496780227425, 'c21': 23.984355573338515}. Best is trial 0 with value: 26.024679843823844.[0m
[32m[I 2025-10-18 15:39:40,738][0m Trial 5 finished with value: 45.467803589403246 and parameters: {'c0': 69.89923306676076, 'c1': 98.09959227967104, 'c2': 5.595032135706506, 'c3': 5.984577634929704, 'c4': 60.17408963401385, 'c5': 38.16518864334533, 'c6': 1.3847214787790032, 'c7': 0.4159668415189958, 'c8': 26.56516709772872, 'c9': 8.458070352777083, 'c10': -18.20494303671725, 'c11': 11.290583043037282, 'c12': 5.400103891622344, 'c13': 2.1925731010660154, 'c14': 13.601097627960028, 'c15': 22.831454585606295, 'c16': 9.452096802051127, 'c17': 1.4024593091892756, 'c18': 0.07623903474391443, 'c19': 15.630052156344753, 'c20': 1.7617387622514613, 'c21': 23.983723658834283}. Best is trial 0 with value: 26.024679843823844.[0m
[32m[I 2025-10-18 15:45:10,289][0m Trial 6 finished with value: 37.80618237135754 and parameters: {'c0': 78.07794175790711, 'c1': 100.19807419044302, 'c2': 5.5115953049347635, 'c3': 7.725870116380696, 'c4': 50.7822364794529, 'c5': 31.50446405754973, 'c6': 1.377451408708458, 'c7': 0.5310008981006049, 'c8': 30.004232519938864, 'c9': 6.174282199924156, 'c10': -18.388539557415555, 'c11': 8.536474052307709, 'c12': 6.252150308942836, 'c13': 2.567859480791188, 'c14': 11.586657408400725, 'c15': 18.330531713521438, 'c16': 9.742478374742046, 'c17': 2.0920301219177486, 'c18': 0.07142857880274515, 'c19': 14.403689376578143, 'c20': 1.5288651505648159, 'c21': 21.71301162474036}. Best is trial 0 with value: 26.024679843823844.[0m
[32m[I 2025-10-18 15:51:06,570][0m Trial 7 finished with value: 21.93789624320345 and parameters: {'c0': 89.80113595954799, 'c1': 86.3465661820595, 'c2': 5.953707091092927, 'c3': 6.112065484724525, 'c4': 50.26207587192299, 'c5': 34.76734502153252, 'c6': 1.675729817727208, 'c7': 0.3947238389869117, 'c8': 23.762834969351033, 'c9': 6.6432058316165605, 'c10': -21.55168443192823, 'c11': 9.504777071065723, 'c12': 6.317452296541869, 'c13': 2.1799227730692956, 'c14': 12.689205629523368, 'c15': 23.40521274354362, 'c16': 12.17127201313705, 'c17': 2.1588030398250737, 'c18': 0.06586721530995691, 'c19': 18.98020365201171, 'c20': 1.6104173616794177, 'c21': 23.7228158322656}. Best is trial 7 with value: 21.93789624320345.[0m
[32m[I 2025-10-18 15:56:52,898][0m Trial 8 finished with value: 32.581123878525716 and parameters: {'c0': 74.07325970457363, 'c1': 96.63278146328516, 'c2': 6.906334305131994, 'c3': 6.369382197531481, 'c4': 44.81905628047206, 'c5': 36.33307838806238, 'c6': 1.554359509477048, 'c7': 0.41241007092060106, 'c8': 20.231301434030488, 'c9': 6.817448551242453, 'c10': -22.794791349008648, 'c11': 9.903480627496085, 'c12': 5.887034417907279, 'c13': 2.03333956415161, 'c14': 11.898237603948898, 'c15': 19.538755193956828, 'c16': 12.785070855194332, 'c17': 2.2690025455520493, 'c18': 0.09044295225604937, 'c19': 17.162992742004718, 'c20': 1.683458466524764, 'c21': 22.100335407298545}. Best is trial 7 with value: 21.93789624320345.[0m
[32m[I 2025-10-18 16:02:26,669][0m Trial 9 finished with value: 28.73673522980438 and parameters: {'c0': 90.83010024877245, 'c1': 81.39171311904427, 'c2': 7.139308987044618, 'c3': 6.508665659201649, 'c4': 56.418508505010344, 'c5': 42.45865091161419, 'c6': 2.0052116647778764, 'c7': 0.4615984207012642, 'c8': 25.89920199875252, 'c9': 5.976442794345414, 'c10': -19.701635408995696, 'c11': 10.038230450964779, 'c12': 6.28762524537266, 'c13': 2.0604330628115055, 'c14': 12.602602149185577, 'c15': 25.662086706606424, 'c16': 11.350486011082927, 'c17': 2.015746067182715, 'c18': 0.07382511493430735, 'c19': 19.224228591085257, 'c20': 1.3537788467611764, 'c21': 20.99049901187766}. Best is trial 7 with value: 21.93789624320345.[0m
[32m[I 2025-10-18 16:08:09,333][0m Trial 10 finished with value: 23.472412607837143 and parameters: {'c0': 97.86270330005132, 'c1': 75.16968494753826, 'c2': 5.469038123237661, 'c3': 7.044857559940724, 'c4': 57.46456964590051, 'c5': 34.39283399185723, 'c6': 1.8073107564256259, 'c7': 0.4526558989720246, 'c8': 19.72492567716396, 'c9': 7.701323741320461, 'c10': -20.272826312288338, 'c11': 10.054491245323337, 'c12': 6.332641795621916, 'c13': 2.1633521398840783, 'c14': 18.096823578663663, 'c15': 22.631109019703974, 'c16': 11.958689862447882, 'c17': 2.0951921155736293, 'c18': 0.07307548420815911, 'c19': 21.633497146477655, 'c20': 1.700055590989872, 'c21': 23.88832633905403}. Best is trial 7 with value: 21.93789624320345.[0m
[32m[I 2025-10-18 16:15:22,490][0m Trial 11 finished with value: 53.564403083241345 and parameters: {'c0': 97.05421080878662, 'c1': 68.36075101685677, 'c2': 5.536176346982556, 'c3': 6.646909113383604, 'c4': 63.44978646107707, 'c5': 34.15781803233465, 'c6': 1.5831557335708253, 'c7': 0.42979279405462295, 'c8': 21.254524759507365, 'c9': 9.321710532075894, 'c10': -21.582441583981876, 'c11': 9.475267525838126, 'c12': 6.974432505952199, 'c13': 2.3580304291210905, 'c14': 14.578878747289831, 'c15': 23.99566575811567, 'c16': 11.754802922642622, 'c17': 2.074655397380063, 'c18': 0.06501320030780094, 'c19': 19.691650889692273, 'c20': 1.6766771057528689, 'c21': 23.471932775528458}. Best is trial 7 with value: 21.93789624320345.[0m
[32m[I 2025-10-18 16:21:39,437][0m Trial 12 finished with value: 38.665831692002605 and parameters: {'c0': 93.88287556150416, 'c1': 86.79211143921107, 'c2': 6.147918779059609, 'c3': 7.800386349379309, 'c4': 44.54315830225482, 'c5': 28.519732033711758, 'c6': 1.8297379214703051, 'c7': 0.44674096281054926, 'c8': 22.914847415769955, 'c9': 6.7013378840937285, 'c10': -24.25475448393163, 'c11': 8.672764320712757, 'c12': 7.124507090715559, 'c13': 2.3770218596867467, 'c14': 18.37462441507464, 'c15': 24.68751194217748, 'c16': 10.958200461910943, 'c17': 2.0797938819255015, 'c18': 0.07259093622271287, 'c19': 23.485659725398875, 'c20': 1.6499782451489784, 'c21': 21.31833395350982}. Best is trial 7 with value: 21.93789624320345.[0m
[32m[I 2025-10-18 16:27:04,530][0m Trial 13 finished with value: 26.35281870071055 and parameters: {'c0': 74.76023186639338, 'c1': 86.47094841609777, 'c2': 5.637191732614162, 'c3': 6.398897296174689, 'c4': 60.93904336908839, 'c5': 40.21052925000945, 'c6': 1.5160686799333118, 'c7': 0.35004595722239756, 'c8': 24.89209903185891, 'c9': 6.532811969166111, 'c10': -20.297150191245965, 'c11': 9.063733352231928, 'c12': 5.614133953674707, 'c13': 1.9623389527388098, 'c14': 12.806114954758183, 'c15': 25.79735527084005, 'c16': 13.06902594764297, 'c17': 2.033745890314653, 'c18': 0.07493073251473945, 'c19': 20.86074714901438, 'c20': 1.8041251533695752, 'c21': 22.31488141382026}. Best is trial 7 with value: 21.93789624320345.[0m
[32m[I 2025-10-18 16:31:45,547][0m Trial 14 finished with value: 89.03328526828092 and parameters: {'c0': 103.93603969059906, 'c1': 80.34196934959054, 'c2': 6.050473977959336, 'c3': 5.649814353987433, 'c4': 59.40728299794872, 'c5': 34.133774115109404, 'c6': 1.6860822661647552, 'c7': 0.39742510561671057, 'c8': 23.02649267989315, 'c9': 6.058969760890074, 'c10': -24.963320059627037, 'c11': 9.033177892180017, 'c12': 6.977504765156654, 'c13': 1.7751659472208747, 'c14': 13.569846273404876, 'c15': 18.35900584172062, 'c16': 11.33885209249767, 'c17': 2.009776027449598, 'c18': 0.07734731749708117, 'c19': 19.695519683498535, 'c20': 1.6176853656969146, 'c21': 23.269519250086173}. Best is trial 7 with value: 21.93789624320345.[0m
[32m[I 2025-10-18 16:37:15,514][0m Trial 15 finished with value: 25.188913564024457 and parameters: {'c0': 87.32253898771522, 'c1': 80.36869431896851, 'c2': 6.043097809961577, 'c3': 7.661806713947998, 'c4': 49.26209593687596, 'c5': 38.73881373489631, 'c6': 1.7126884369654143, 'c7': 0.5256061505417703, 'c8': 22.78209544444463, 'c9': 8.092312770124066, 'c10': -18.147064484937257, 'c11': 9.92376548981559, 'c12': 6.573502945838487, 'c13': 1.8701277037373536, 'c14': 16.25880459334356, 'c15': 21.231564551682553, 'c16': 11.973005790728108, 'c17': 2.0445479552066517, 'c18': 0.09228968564355615, 'c19': 21.981879498999433, 'c20': 1.78954809874347, 'c21': 23.713362931459013}. Best is trial 7 with value: 21.93789624320345.[0m
