[32m[I 2025-10-19 12:22:49,837][0m Trial 15 finished with value: 18.155322252436694 and parameters: {'c0': 159.05034079352953, 'c1': 83.28627848567577, 'c2': 1.8033526432332194, 'c3': 6.810748750010816, 'c4': 20.601009804069438, 'c5': 31.743148741911902, 'c6': 2.8528320647572025, 'c7': 0.18169937298104816, 'c8': 20.22917168140237, 'c9': 8.621107578545548, 'c10': -18.81723048255563, 'c11': 20.820631139868002, 'c12': 3.4307063671354836, 'c13': 3.4547574364910085, 'c14': 13.976119436155706, 'c15': 39.77142947602173, 'c16': 12.590471275555693, 'c17': 1.8032929721592605, 'c18': 0.0153034662513847, 'c19': 18.358258260603563, 'c20': 1.5994299679134838, 'c21': 34.94484480873025}. Best is trial 6 with value: 17.97912291336225.[0m
[32m[I 2025-10-19 12:29:16,876][0m Trial 16 finished with value: 40.352755362348816 and parameters: {'c0': 168.36782346830952, 'c1': 72.63196539773486, 'c2': 2.1301600780450487, 'c3': 6.907147321474467, 'c4': 22.254416617524083, 'c5': 27.039346983285252, 'c6': 3.2968928493512153, 'c7': 0.18523330500660998, 'c8': 24.156228478698768, 'c9': 7.218604735474432, 'c10': -18.979805014165134, 'c11': 20.263991237945927, 'c12': 3.893338384538363, 'c13': 3.750662918195903, 'c14': 13.502535265569495, 'c15': 40.05306439764671, 'c16': 13.00086357444848, 'c17': 1.9284570912348769, 'c18': 0.017744675776891643, 'c19': 17.77622696528398, 'c20': 1.399907928382122, 'c21': 32.95758286781759}. Best is trial 6 with value: 17.97912291336225.[0m
[32m[I 2025-10-19 12:35:46,661][0m Trial 17 finished with value: 12.335453874646273 and parameters: {'c0': 163.57100189761516, 'c1': 81.32138259936754, 'c2': 2.3374065334533833, 'c3': 7.7152136816834105, 'c4': 22.273733518555293, 'c5': 35.554911173917404, 'c6': 2.873428686357015, 'c7': 0.1832533025427081, 'c8': 20.03785280654812, 'c9': 8.421620125360247, 'c10': -18.804921666821294, 'c11': 20.03982956958862, 'c12': 3.493626148169878, 'c13': 3.8638468437552165, 'c14': 15.356548648868875, 'c15': 31.551583755033537, 'c16': 13.207181337585531, 'c17': 2.2101191622774183, 'c18': 0.018640279284152694, 'c19': 20.8997664833698, 'c20': 1.566532090606478, 'c21': 31.813777039670278}. Best is trial 17 with value: 12.335453874646273.[0m
[32m[I 2025-10-19 12:42:42,330][0m Trial 18 finished with value: 23.71082217657148 and parameters: {'c0': 184.89712026745272, 'c1': 66.0381319253578, 'c2': 1.8170428732668198, 'c3': 6.328901135253142, 'c4': 29.34176431488951, 'c5': 35.36593537332101, 'c6': 2.153774913600123, 'c7': 0.16347576227972888, 'c8': 22.716227036068247, 'c9': 7.130597707559551, 'c10': -21.440253069714146, 'c11': 20.546994287911765, 'c12': 3.547098294146396, 'c13': 3.3360933192680062, 'c14': 12.796633630727934, 'c15': 41.051266452701554, 'c16': 12.875292971897197, 'c17': 2.3633232158706265, 'c18': 0.015771488113903644, 'c19': 21.375566114108477, 'c20': 1.4318358398130475, 'c21': 24.007721460270915}. Best is trial 17 with value: 12.335453874646273.[0m
[32m[I 2025-10-19 12:48:51,258][0m Trial 19 finished with value: 15.94908511217388 and parameters: {'c0': 174.59061108102335, 'c1': 86.09980117756307, 'c2': 2.622642615625771, 'c3': 6.749264046994337, 'c4': 25.05994499750505, 'c5': 30.27690423464663, 'c6': 2.7455576343417443, 'c7': 0.17967892067793506, 'c8': 19.895449005315744, 'c9': 7.613680632741091, 'c10': -19.403914546299788, 'c11': 19.679492118745262, 'c12': 3.0707467500122405, 'c13': 4.137696206232484, 'c14': 17.65788907023517, 'c15': 33.18575050708814, 'c16': 11.041600857681663, 'c17': 2.5291937722272597, 'c18': 0.018162590298135575, 'c19': 19.950009885580997, 'c20': 1.5137819640763084, 'c21': 33.23251966281858}. Best is trial 17 with value: 12.335453874646273.[0m
[32m[I 2025-10-19 12:55:39,173][0m Trial 20 finished with value: 18.24590942838758 and parameters: {'c0': 142.70595708579071, 'c1': 70.13925442090964, 'c2': 2.8287031934741647, 'c3': 7.682421929934245, 'c4': 24.83437141645384, 'c5': 31.089338766650258, 'c6': 2.556564091239536, 'c7': 0.18211641751795252, 'c8': 15.991633132304848, 'c9': 8.34782427632911, 'c10': -18.88081337824743, 'c11': 19.234662118778072, 'c12': 3.2808949298558105, 'c13': 4.025122465213422, 'c14': 17.219063085567484, 'c15': 33.31816501644078, 'c16': 11.23700050262851, 'c17': 1.9381002734141664, 'c18': 0.016333238380976372, 'c19': 19.02889362326341, 'c20': 1.350522879826046, 'c21': 29.93135015652163}. Best is trial 17 with value: 12.335453874646273.[0m
[32m[I 2025-10-19 13:04:00,507][0m Trial 21 finished with value: 372.7189291960651 and parameters: {'c0': 186.60061307544595, 'c1': 82.7643289359873, 'c2': 2.6309799087459993, 'c3': 7.85728249178622, 'c4': 27.034529353282174, 'c5': 27.93252615389998, 'c6': 2.852690239223836, 'c7': 0.18942783372920194, 'c8': 21.62370267884379, 'c9': 8.712414036303276, 'c10': -17.709343596398238, 'c11': 20.503227367043895, 'c12': 2.8229877417129026, 'c13': 4.00579594108732, 'c14': 18.088517388892683, 'c15': 32.513264398325774, 'c16': 11.691493675679851, 'c17': 2.3304325468155764, 'c18': 0.021151646536984682, 'c19': 19.839689399114395, 'c20': 1.7289814293594994, 'c21': 34.85320359182225}. Best is trial 17 with value: 12.335453874646273.[0m
[32m[I 2025-10-19 13:10:25,790][0m Trial 22 finished with value: 17.03039690592912 and parameters: {'c0': 152.91913050482214, 'c1': 92.76470548992718, 'c2': 2.302209647060098, 'c3': 7.6762880918199725, 'c4': 21.680288420647837, 'c5': 36.22066782634574, 'c6': 2.937240654713855, 'c7': 0.21945455548663226, 'c8': 20.917940207881696, 'c9': 8.240052923192373, 'c10': -17.341587044929813, 'c11': 20.063585194917692, 'c12': 3.500726908561713, 'c13': 3.907067005436431, 'c14': 14.689923502518552, 'c15': 30.483988655581236, 'c16': 12.04256250447768, 'c17': 2.5823184619912607, 'c18': 0.022751892868021765, 'c19': 22.69096938332001, 'c20': 1.4387553551580787, 'c21': 33.807977229570966}. Best is trial 17 with value: 12.335453874646273.[0m
[32m[I 2025-10-19 13:16:31,409][0m Trial 23 finished with value: 32.80076374346919 and parameters: {'c0': 147.84758762934615, 'c1': 85.92161397982233, 'c2': 1.8031634027613181, 'c3': 7.066869206376556, 'c4': 20.90281467005408, 'c5': 37.18949124796016, 'c6': 2.7433943534429366, 'c7': 0.2113166903535461, 'c8': 21.693729083094123, 'c9': 7.6195282119309224, 'c10': -18.90566931800318, 'c11': 17.953195137972777, 'c12': 3.718777026861617, 'c13': 3.805162499024524, 'c14': 15.106520381908798, 'c15': 32.09932635405469, 'c16': 11.457102332257096, 'c17': 2.46580004691016, 'c18': 0.022615531152511723, 'c19': 22.81867733652501, 'c20': 1.7042965288579028, 'c21': 34.318510292676834}. Best is trial 17 with value: 12.335453874646273.[0m
[32m[I 2025-10-19 13:23:11,633][0m Trial 24 finished with value: 25.3764017884772 and parameters: {'c0': 166.65367777422935, 'c1': 81.12887093533568, 'c2': 2.416703557064894, 'c3': 9.465408970274893, 'c4': 19.566754950436756, 'c5': 34.81537436442072, 'c6': 2.664334889784317, 'c7': 0.16775444556380115, 'c8': 19.32372590270724, 'c9': 7.678422500086883, 'c10': -20.04308801432351, 'c11': 20.311936202724, 'c12': 3.6251670182528892, 'c13': 3.711490103777137, 'c14': 15.460985309509974, 'c15': 29.50531395994781, 'c16': 14.458090872008215, 'c17': 2.157551399840391, 'c18': 0.018669585922929853, 'c19': 25.051382591296488, 'c20': 1.6515744859243406, 'c21': 31.790359897710484}. Best is trial 17 with value: 12.335453874646273.[0m
[32m[I 2025-10-19 13:23:11,675][0m A new study created in memory with name: no-name-61133b85-b015-416e-9077-3a88bfeb575f[0m
[32m[I 2025-10-19 13:29:00,485][0m Trial 0 finished with value: 40.661774217462934 and parameters: {'c0': 156.79258600327876, 'c1': 90.26939327746669, 'c2': 1.7538756292339186, 'c3': 6.9535872132354655, 'c4': 18.34432748862323, 'c5': 28.316251565242204, 'c6': 2.423204333604039, 'c7': 0.1691191908733257, 'c8': 19.004790073559672, 'c9': 8.584877797223585, 'c10': -19.563798566078155, 'c11': 21.89353060184477, 'c12': 2.977966620026914, 'c13': 4.593481691222901, 'c14': 11.731968580728472, 'c15': 34.23768106216731, 'c16': 12.66173831576274, 'c17': 2.27489864708181, 'c18': 0.015292576974718234, 'c19': 17.74867244361789, 'c20': 1.8018180699625286, 'c21': 39.25360195007374}. Best is trial 0 with value: 40.661774217462934.[0m
[32m[I 2025-10-19 13:35:53,052][0m Trial 1 finished with value: 31.338943369585316 and parameters: {'c0': 148.329750144893, 'c1': 89.13215657080876, 'c2': 2.7767764439153053, 'c3': 9.235660846661654, 'c4': 17.657860994111786, 'c5': 27.37011496900851, 'c6': 2.3996271761851427, 'c7': 0.2178604867652142, 'c8': 16.01845180418335, 'c9': 8.089809997585697, 'c10': -14.504696449723378, 'c11': 20.371752087778432, 'c12': 3.82840542478847, 'c13': 3.507856319446545, 'c14': 16.786869849572057, 'c15': 36.824360457413306, 'c16': 10.02989528985983, 'c17': 2.486218450314365, 'c18': 0.023191174599055814, 'c19': 23.490018790401884, 'c20': 1.394763567643179, 'c21': 36.40989951794907}. Best is trial 1 with value: 31.338943369585316.[0m
[32m[I 2025-10-19 13:42:58,104][0m Trial 2 finished with value: 60.434935884066554 and parameters: {'c0': 131.15880473819712, 'c1': 79.20518899378234, 'c2': 2.814371845854197, 'c3': 6.9199945127759905, 'c4': 19.912995313499074, 'c5': 28.985495484805384, 'c6': 2.183708388989739, 'c7': 0.19962013297793355, 'c8': 17.15207388772491, 'c9': 7.435542663300652, 'c10': -18.884061526060368, 'c11': 15.56982339104257, 'c12': 3.6229434900896806, 'c13': 3.1821561372288265, 'c14': 16.041454640280527, 'c15': 34.69922398494091, 'c16': 10.584248966373522, 'c17': 2.1152575997458998, 'c18': 0.02044998512308241, 'c19': 20.004004555093964, 'c20': 1.2144404746747075, 'c21': 32.38410565250571}. Best is trial 1 with value: 31.338943369585316.[0m
[32m[I 2025-10-19 13:49:45,519][0m Trial 3 finished with value: 47.553109405784014 and parameters: {'c0': 176.9512748553477, 'c1': 81.92607221695714, 'c2': 2.8563948117815627, 'c3': 8.048716326512796, 'c4': 26.761083419690305, 'c5': 29.11771309103447, 'c6': 2.3557813270760515, 'c7': 0.21138541374493322, 'c8': 19.013890197438425, 'c9': 7.014147392780468, 'c10': -14.7900161996871, 'c11': 18.516250344237687, 'c12': 3.9312327638123405, 'c13': 4.299944176750699, 'c14': 18.296216753610828, 'c15': 33.5003162847203, 'c16': 14.86235362615174, 'c17': 2.0433391968390744, 'c18': 0.016498496877623926, 'c19': 25.03186603827048, 'c20': 1.5102745997730718, 'c21': 39.19924008308697}. Best is trial 1 with value: 31.338943369585316.[0m
[32m[I 2025-10-19 13:55:48,533][0m Trial 4 finished with value: 17.39276682260036 and parameters: {'c0': 176.9224264847681, 'c1': 86.2637954328098, 'c2': 1.887688399081018, 'c3': 9.447127337223277, 'c4': 21.716567639170577, 'c5': 36.946840181967445, 'c6': 2.7416027273346226, 'c7': 0.15918630225117097, 'c8': 24.074529685642908, 'c9': 8.731505584996366, 'c10': -23.473666888328314, 'c11': 21.212231216483964, 'c12': 3.191163320852898, 'c13': 3.9160595491568353, 'c14': 18.316432944085726, 'c15': 29.30254924457104, 'c16': 15.901807550679496, 'c17': 2.3462791231774505, 'c18': 0.014132972633026123, 'c19': 25.38205791169011, 'c20': 1.7158793203563802, 'c21': 39.71533275800446}. Best is trial 4 with value: 17.39276682260036.[0m
[32m[I 2025-10-19 14:01:57,903][0m Trial 5 finished with value: 25.095096355015777 and parameters: {'c0': 182.8721799130747, 'c1': 70.16055950732883, 'c2': 2.081389693120168, 'c3': 8.432702610927292, 'c4': 18.754403633999118, 'c5': 43.21676135013578, 'c6': 2.819780209307651, 'c7': 0.16368055981411062, 'c8': 22.517342920678313, 'c9': 8.605844458496563, 'c10': -22.41753965866916, 'c11': 22.180527777181258, 'c12': 3.36983507185237, 'c13': 3.4322763551197832, 'c14': 17.67292491006046, 'c15': 28.85529249239794, 'c16': 15.980021689079527, 'c17': 2.2015942075118913, 'c18': 0.014789675209437433, 'c19': 25.15935972383594, 'c20': 1.824870300723965, 'c21': 32.34020486644949}. Best is trial 4 with value: 17.39276682260036.[0m
[32m[I 2025-10-19 14:09:27,723][0m Trial 6 finished with value: 12.256721375822018 and parameters: {'c0': 175.7709456430833, 'c1': 93.49817368511164, 'c2': 2.2731620276578415, 'c3': 9.047254129186959, 'c4': 24.94289773410912, 'c5': 37.39847835502249, 'c6': 2.9943128209606398, 'c7': 0.16340131189357207, 'c8': 23.66047119465825, 'c9': 9.911078974089463, 'c10': -22.661416028336372, 'c11': 18.98754515063058, 'c12': 3.643705804645281, 'c13': 4.506881342370997, 'c14': 18.811386586398616, 'c15': 34.22651232679107, 'c16': 14.81126468548826, 'c17': 2.4553253260347403, 'c18': 0.014569048813638361, 'c19': 22.47456036453554, 'c20': 1.579900334171478, 'c21': 39.63078178487863}. Best is trial 6 with value: 12.256721375822018.[0m
[32m[I 2025-10-19 14:16:21,440][0m Trial 7 finished with value: 21.848425575864265 and parameters: {'c0': 170.5862067679906, 'c1': 96.83226592571025, 'c2': 2.4178027909236404, 'c3': 8.823821398722233, 'c4': 24.92110371164273, 'c5': 40.74126377949691, 'c6': 3.076955969640385, 'c7': 0.15552127452509482, 'c8': 24.618954400353783, 'c9': 10.264082055404746, 'c10': -19.96024742558695, 'c11': 18.4145043207565, 'c12': 3.6981740026366023, 'c13': 4.636494580854173, 'c14': 17.339472132506348, 'c15': 35.354444223623766, 'c16': 13.72725898672042, 'c17': 1.8728331249005579, 'c18': 0.01558043072539442, 'c19': 26.00088561643905, 'c20': 1.388223350253015, 'c21': 36.11753280016397}. Best is trial 6 with value: 12.256721375822018.[0m
[32m[I 2025-10-19 14:23:09,917][0m Trial 8 finished with value: 52.29096253165568 and parameters: {'c0': 149.64944471527122, 'c1': 88.70434735839724, 'c2': 1.9550539676176295, 'c3': 9.520027854945601, 'c4': 21.70715076468418, 'c5': 32.26377138085623, 'c6': 2.8114676944678187, 'c7': 0.16576741553663046, 'c8': 23.335728118741386, 'c9': 9.502790963894242, 'c10': -17.6245946018101, 'c11': 21.94382770075404, 'c12': 3.571929005881515, 'c13': 4.772489898948529, 'c14': 17.835240311877403, 'c15': 38.01445271454231, 'c16': 14.344235409785199, 'c17': 2.6736463359268248, 'c18': 0.016147386540870872, 'c19': 23.16075933638324, 'c20': 1.5457497792178898, 'c21': 31.678857666523005}. Best is trial 6 with value: 12.256721375822018.[0m
[32m[I 2025-10-19 14:29:49,796][0m Trial 9 finished with value: 39.04846147303538 and parameters: {'c0': 171.35620768839928, 'c1': 64.86039422254316, 'c2': 2.485888090178525, 'c3': 9.163264326151154, 'c4': 22.398876297083667, 'c5': 41.965121954223704, 'c6': 2.2807867688042935, 'c7': 0.19303435275614686, 'c8': 24.00218002190175, 'c9': 8.632767162354089, 'c10': -23.34484760528419, 'c11': 17.67997968390593, 'c12': 3.7504635102916457, 'c13': 4.433243571218255, 'c14': 17.78850052765349, 'c15': 34.24323965413128, 'c16': 15.921410272342689, 'c17': 2.449539270296081, 'c18': 0.015557365862147097, 'c19': 18.57453429042708, 'c20': 1.4877901636185022, 'c21': 38.089863229816196}. Best is trial 6 with value: 12.256721375822018.[0m
[32m[I 2025-10-19 14:41:38,013][0m Trial 10 finished with value: 3418.9560461665133 and parameters: {'c0': 176.9978874743559, 'c1': 99.7046631750581, 'c2': 2.225852255204391, 'c3': 8.151939163122485, 'c4': 26.263994372662086, 'c5': 34.889122941417035, 'c6': 2.9355892775174866, 'c7': 0.18029127266958653, 'c8': 18.103547690097326, 'c9': 8.575904673010532, 'c10': -20.650817890392343, 'c11': 18.460831844586124, 'c12': 3.3565263405599897, 'c13': 4.4736563951630135, 'c14': 18.370980913760363, 'c15': 34.01951789135682, 'c16': 14.025996042984772, 'c17': 2.527390011128114, 'c18': 0.01864213705452797, 'c19': 22.800779738196347, 'c20': 1.8244102786608698, 'c21': 38.90343538197288}. Best is trial 6 with value: 12.256721375822018.[0m
[32m[I 2025-10-19 14:48:04,224][0m Trial 11 finished with value: 21.66147282838321 and parameters: {'c0': 149.93475561334182, 'c1': 78.5969937124766, 'c2': 1.8114281943717274, 'c3': 9.540959932754944, 'c4': 21.74473605971766, 'c5': 33.501251582270214, 'c6': 2.661142931543689, 'c7': 0.18793195431514254, 'c8': 21.563959358451115, 'c9': 9.06065762120225, 'c10': -21.094757306622906, 'c11': 25.01246930097352, 'c12': 3.132882456654692, 'c13': 4.163710666601555, 'c14': 17.495219635129693, 'c15': 26.141176300941275, 'c16': 14.602425694443184, 'c17': 2.2116155854082216, 'c18': 0.014476154885307891, 'c19': 24.08138476450771, 'c20': 1.550591140481186, 'c21': 38.43640473871272}. Best is trial 6 with value: 12.256721375822018.[0m
[32m[I 2025-10-19 14:54:19,097][0m Trial 12 finished with value: 36.81213996791042 and parameters: {'c0': 189.24127512677777, 'c1': 72.81282299748668, 'c2': 2.167869752493052, 'c3': 9.4688079616362, 'c4': 24.162293444387174, 'c5': 33.995609578718586, 'c6': 2.642038939608683, 'c7': 0.14663321905694557, 'c8': 23.226410649783002, 'c9': 9.330947767630668, 'c10': -22.091920112608616, 'c11': 16.400981306617233, 'c12': 3.3654198367404344, 'c13': 3.9415854826569556, 'c14': 18.229053080386223, 'c15': 34.96693935791884, 'c16': 16.322273278981786, 'c17': 2.489640517123095, 'c18': 0.01590423064512171, 'c19': 24.756722815053944, 'c20': 1.8568828434071154, 'c21': 38.98905114035901}. Best is trial 6 with value: 12.256721375822018.[0m
[32m[I 2025-10-19 15:01:42,557][0m Trial 13 finished with value: 15.490072996749998 and parameters: {'c0': 169.32537318756536, 'c1': 98.25112672288806, 'c2': 2.0659078431671847, 'c3': 9.238036862013239, 'c4': 22.953026901236857, 'c5': 33.21421025185227, 'c6': 2.3687503228345275, 'c7': 0.16606041165524976, 'c8': 22.669534847547226, 'c9': 7.655318936322124, 'c10': -22.473482861366225, 'c11': 21.301727429184684, 'c12': 3.4514106961800306, 'c13': 3.3173547642201218, 'c14': 18.55948564593746, 'c15': 28.977003924587514, 'c16': 16.45384285011449, 'c17': 2.530682477072943, 'c18': 0.016250934458086248, 'c19': 23.603749471969188, 'c20': 1.6044837843232862, 'c21': 39.20076993335408}. Best is trial 6 with value: 12.256721375822018.[0m
[32m[I 2025-10-19 15:08:02,433][0m Trial 14 finished with value: 22.90118137814768 and parameters: {'c0': 129.3010017922212, 'c1': 99.05404835604297, 'c2': 2.0573173759262198, 'c3': 8.806055028300596, 'c4': 23.365391127560898, 'c5': 32.69269827363553, 'c6': 2.5728881322329498, 'c7': 0.19616928603924505, 'c8': 22.602918013163727, 'c9': 8.716213551951697, 'c10': -21.343688015594545, 'c11': 21.31659435567984, 'c12': 4.077724788767586, 'c13': 2.9441100238881974, 'c14': 17.621803002507, 'c15': 32.79363531821618, 'c16': 15.0907456418586, 'c17': 2.4402762490844925, 'c18': 0.017521873930427447, 'c19': 20.905290240158074, 'c20': 1.7335975567476751, 'c21': 35.2162016198898}. Best is trial 6 with value: 12.256721375822018.[0m
[32m[I 2025-10-19 15:16:29,603][0m Trial 15 finished with value: 61.80327424280398 and parameters: {'c0': 192.41647493679278, 'c1': 97.47223482066252, 'c2': 2.0971925324579135, 'c3': 9.335680614441662, 'c4': 20.328775507411823, 'c5': 36.46179937199762, 'c6': 2.816910140105889, 'c7': 0.17015008671577267, 'c8': 18.63528118433789, 'c9': 8.220240440579042, 'c10': -21.38403740365009, 'c11': 20.637897280664067, 'c12': 4.0684879025292355, 'c13': 3.2459988633572747, 'c14': 17.948479246053797, 'c15': 30.551721988223516, 'c16': 14.332263218819902, 'c17': 2.7236088232240627, 'c18': 0.014534549072330191, 'c19': 21.256838018061377, 'c20': 1.4885623176648013, 'c21': 34.24604873705378}. Best is trial 6 with value: 12.256721375822018.[0m
[32m[I 2025-10-19 15:40:34,030][0m Trial 16 finished with value: 13766.961648618324 and parameters: {'c0': 188.3604862968537, 'c1': 93.72697119169159, 'c2': 2.4813306320256006, 'c3': 8.48129232884095, 'c4': 25.395033594193887, 'c5': 32.674900414894566, 'c6': 2.3033564593228837, 'c7': 0.1682024368684173, 'c8': 22.07756489218954, 'c9': 6.663047112971788, 'c10': -22.202625222793053, 'c11': 22.39006946366828, 'c12': 3.729713789350966, 'c13': 4.119040048889466, 'c14': 17.073107975753185, 'c15': 26.63561558178973, 'c16': 15.339404057550338, 'c17': 2.4440871337139347, 'c18': 0.016029966423970008, 'c19': 19.54426796147502, 'c20': 1.5432234698652139, 'c21': 37.67192525405839}. Best is trial 6 with value: 12.256721375822018.[0m
[32m[I 2025-10-19 15:47:25,423][0m Trial 17 finished with value: 43.6891938944901 and parameters: {'c0': 181.3661573326473, 'c1': 73.91626018129467, 'c2': 1.9292024981663998, 'c3': 7.19497152330749, 'c4': 25.929705160977417, 'c5': 38.211444007960345, 'c6': 3.1241278643001444, 'c7': 0.14156371088690248, 'c8': 23.778640654461576, 'c9': 9.40657530639142, 'c10': -19.388805194323776, 'c11': 18.407031693906223, 'c12': 3.8085083726742543, 'c13': 4.243025466614854, 'c14': 19.095914998952345, 'c15': 28.184128693847402, 'c16': 12.883339667927716, 'c17': 2.6722425192715966, 'c18': 0.01656467538632028, 'c19': 20.51509790973961, 'c20': 1.515485578483878, 'c21': 39.65139133983106}. Best is trial 6 with value: 12.256721375822018.[0m
[32m[I 2025-10-19 15:54:16,142][0m Trial 18 finished with value: 64.15511555580586 and parameters: {'c0': 172.8834965888541, 'c1': 92.38145574540911, 'c2': 2.18073438694907, 'c3': 8.112750678880504, 'c4': 25.82065262937091, 'c5': 33.541392528698886, 'c6': 2.199714650853797, 'c7': 0.18044469734388238, 'c8': 24.856348928267725, 'c9': 9.802501161127896, 'c10': -21.32175898084358, 'c11': 22.178478974940393, 'c12': 3.4213468387457837, 'c13': 3.481544387764633, 'c14': 18.43386144236436, 'c15': 27.60097839802756, 'c16': 14.575718100340833, 'c17': 2.5567194483274647, 'c18': 0.015322786745273305, 'c19': 22.57381211663336, 'c20': 1.3141305516908977, 'c21': 31.644453414668998}. Best is trial 6 with value: 12.256721375822018.[0m
