[32m[I 2025-10-17 18:03:05,065][0m Trial 2 finished with value: 69.33310974506288 and parameters: {'c0': 31.196368536414546, 'c1': 103.57481103519774, 'c2': 17.13985371168653, 'c3': 4.627479462288946, 'c4': 54.77714695556288, 'c5': 18.57903744008205, 'c6': 1.2228982150538386, 'c7': 0.8410277506569497, 'c8': 14.020699620075803, 'c9': 4.914844696846341, 'c10': -12.410681422739176, 'c11': 7.1052321758750745, 'c12': 3.8918111309845176, 'c13': 1.2286666001316784, 'c14': 7.9763887563353215, 'c15': 12.85418722501181, 'c16': 10.982402997040737, 'c17': 1.296355665808934, 'c18': 0.36108147897043813, 'c19': 6.671899380994086, 'c20': 0.6708359705816328, 'c21': 6.445725915260799}. Best is trial 0 with value: 67.93678487250911.[0m
[32m[I 2025-10-17 18:07:47,143][0m Trial 3 finished with value: 86.86058466414183 and parameters: {'c0': 44.41952875508332, 'c1': 107.736978905038, 'c2': 17.42982462056672, 'c3': 5.52349599125327, 'c4': 77.15341385902485, 'c5': 18.68156549900797, 'c6': 1.3412830412841052, 'c7': 0.8979889677399422, 'c8': 15.84369133595709, 'c9': 4.583202977415666, 'c10': -9.279214782012222, 'c11': 8.748902098348301, 'c12': 4.2752518676349, 'c13': 1.7496948772254872, 'c14': 9.273016955265774, 'c15': 12.344543545943743, 'c16': 16.372231949483904, 'c17': 1.24464095700497, 'c18': 0.28099019988674023, 'c19': 8.63944200365628, 'c20': 0.8706955274679282, 'c21': 8.020982675471341}. Best is trial 0 with value: 67.93678487250911.[0m
[32m[I 2025-10-17 18:13:25,345][0m Trial 4 finished with value: 41.0948477309648 and parameters: {'c0': 44.41119841987219, 'c1': 114.37244640452732, 'c2': 10.745463516346728, 'c3': 6.633600681915757, 'c4': 60.670356142290046, 'c5': 24.75265713809634, 'c6': 1.6067251260971058, 'c7': 0.6452686986516454, 'c8': 20.798800932928042, 'c9': 5.93477871541996, 'c10': -15.921193627736013, 'c11': 10.252860194600787, 'c12': 3.354776208672819, 'c13': 1.5707568862593422, 'c14': 9.28464251988287, 'c15': 10.560114738105847, 'c16': 17.681802262202904, 'c17': 1.462477413912671, 'c18': 0.23304424871983911, 'c19': 8.776481864314443, 'c20': 1.0095979219629772, 'c21': 8.14027283523853}. Best is trial 4 with value: 41.0948477309648.[0m
[32m[I 2025-10-17 18:18:24,606][0m Trial 5 finished with value: 87.71662546612174 and parameters: {'c0': 32.826699003208645, 'c1': 84.2686729395123, 'c2': 17.33317134018961, 'c3': 5.860757130258345, 'c4': 46.71625340134467, 'c5': 27.190835220271886, 'c6': 1.9480686798298454, 'c7': 0.9492244059018419, 'c8': 18.918918933175046, 'c9': 4.447215554444973, 'c10': -15.799006624784676, 'c11': 6.95364353060916, 'c12': 2.7073587584118948, 'c13': 1.318146884842814, 'c14': 9.170353556941414, 'c15': 11.776256802246948, 'c16': 14.72588260178697, 'c17': 1.6360333395151705, 'c18': 0.2534885904486447, 'c19': 6.120506923515469, 'c20': 0.9540288484882562, 'c21': 8.038447558265926}. Best is trial 4 with value: 41.0948477309648.[0m
[32m[I 2025-10-17 18:23:08,406][0m Trial 6 finished with value: 73.60374495137248 and parameters: {'c0': 41.99543583294964, 'c1': 76.90745867847502, 'c2': 16.270222329365012, 'c3': 4.4420006460648676, 'c4': 73.65330326797675, 'c5': 22.129205737689254, 'c6': 2.0563400244804857, 'c7': 0.871284349442669, 'c8': 17.39736909117514, 'c9': 4.487546035088932, 'c10': -15.511403773785457, 'c11': 7.484773344545248, 'c12': 2.742612513298073, 'c13': 1.1933768794435693, 'c14': 6.372823467650041, 'c15': 12.942809159157777, 'c16': 14.783178978773002, 'c17': 0.9776907460942775, 'c18': 0.24363944870300908, 'c19': 8.931036484905633, 'c20': 0.9446955247788289, 'c21': 5.224270825076343}. Best is trial 4 with value: 41.0948477309648.[0m
[32m[I 2025-10-17 18:29:17,548][0m Trial 7 finished with value: 102.33164185807348 and parameters: {'c0': 34.7134574139059, 'c1': 121.95990328576862, 'c2': 11.39536228669327, 'c3': 5.507602671254512, 'c4': 79.57479047979999, 'c5': 28.448878033719296, 'c6': 1.4405757587489691, 'c7': 0.7590277327747489, 'c8': 18.021682978434562, 'c9': 6.7798382901030045, 'c10': -14.815528281002704, 'c11': 6.911018107073096, 'c12': 2.797884960212888, 'c13': 1.5341372765568153, 'c14': 8.05146923004309, 'c15': 11.977340608122141, 'c16': 12.769251178936448, 'c17': 1.7523760042030503, 'c18': 0.33944788494644496, 'c19': 6.532870025829754, 'c20': 0.9356299400310826, 'c21': 7.214868135819069}. Best is trial 4 with value: 41.0948477309648.[0m
[32m[I 2025-10-17 18:34:31,811][0m Trial 8 finished with value: 102.86055900172767 and parameters: {'c0': 46.12926566199299, 'c1': 89.73913226644815, 'c2': 12.082059804692582, 'c3': 5.8283169431864374, 'c4': 50.991425123336015, 'c5': 29.614663532895303, 'c6': 1.6605106180020235, 'c7': 0.6670274977605909, 'c8': 19.274086299266227, 'c9': 5.835882322950851, 'c10': -15.113379613871457, 'c11': 10.7930262866624, 'c12': 3.577002648777522, 'c13': 1.3452537361416472, 'c14': 8.914585449018283, 'c15': 10.369990363540907, 'c16': 17.78034141941481, 'c17': 1.3584381419107012, 'c18': 0.24635471456338331, 'c19': 8.689333843618398, 'c20': 1.0832300258780534, 'c21': 6.435578645134579}. Best is trial 4 with value: 41.0948477309648.[0m
[32m[I 2025-10-17 18:41:26,679][0m Trial 9 finished with value: 55.13756226418103 and parameters: {'c0': 44.07869362990624, 'c1': 125.43896203575234, 'c2': 13.405345701268299, 'c3': 6.316168167074613, 'c4': 71.21245522214097, 'c5': 25.102879673058517, 'c6': 1.780587680274823, 'c7': 0.6656755282039964, 'c8': 20.393376834418838, 'c9': 6.8631131660430045, 'c10': -15.299916560874676, 'c11': 9.011814809300054, 'c12': 3.917634660592389, 'c13': 1.8461533389888989, 'c14': 9.569271592720327, 'c15': 12.653242224363701, 'c16': 16.307866845439918, 'c17': 1.54088978681045, 'c18': 0.24188291833332176, 'c19': 7.638696869947771, 'c20': 0.9177332666743891, 'c21': 8.12072964157808}. Best is trial 4 with value: 41.0948477309648.[0m
[32m[I 2025-10-17 18:46:03,778][0m Trial 10 finished with value: 100.4322575415843 and parameters: {'c0': 46.28436826748502, 'c1': 116.8116505000866, 'c2': 10.068452521815589, 'c3': 6.712538419419676, 'c4': 75.83537826218749, 'c5': 19.88361916497953, 'c6': 2.108774851760426, 'c7': 0.661372600496142, 'c8': 19.973374731450573, 'c9': 5.806494265448247, 'c10': -15.331044464663442, 'c11': 9.36048663895417, 'c12': 3.0106137972681233, 'c13': 1.3933621650233858, 'c14': 6.920680049762237, 'c15': 11.385528831530307, 'c16': 18.349259504812814, 'c17': 1.0562282206505755, 'c18': 0.2312624514470807, 'c19': 8.967853793250603, 'c20': 1.0216346056980685, 'c21': 6.823607608234264}. Best is trial 4 with value: 41.0948477309648.[0m
[32m[I 2025-10-17 18:53:46,669][0m Trial 11 finished with value: 90.85652902884706 and parameters: {'c0': 48.86594798277764, 'c1': 94.4287640862256, 'c2': 12.38973271487225, 'c3': 6.40866872285631, 'c4': 69.87089693988246, 'c5': 22.554840482140058, 'c6': 1.821875628810548, 'c7': 0.6397926598342865, 'c8': 19.420631823971284, 'c9': 6.469851082569926, 'c10': -15.787186648039832, 'c11': 9.842059734124069, 'c12': 4.393455108610111, 'c13': 1.8237468709710856, 'c14': 9.233634909325064, 'c15': 12.61567138378612, 'c16': 14.333050939776939, 'c17': 1.6655583848388138, 'c18': 0.25533538797085636, 'c19': 8.498017833139254, 'c20': 0.8658460672211268, 'c21': 7.913943018372239}. Best is trial 4 with value: 41.0948477309648.[0m
[32m[I 2025-10-17 19:00:04,869][0m Trial 12 finished with value: 43.54264485969809 and parameters: {'c0': 39.13962525074396, 'c1': 135.7699473112767, 'c2': 14.957543509910588, 'c3': 5.921107145743686, 'c4': 68.9042516230284, 'c5': 26.23669296891479, 'c6': 2.1187046727032786, 'c7': 0.7506007128620392, 'c8': 20.59456281859366, 'c9': 6.929330201021101, 'c10': -14.24320997960682, 'c11': 7.490403593408941, 'c12': 4.0358231511020355, 'c13': 1.5197996891984111, 'c14': 8.921831717395886, 'c15': 11.81187984597809, 'c16': 14.087506486791396, 'c17': 1.5945567243876562, 'c18': 0.2410455236582629, 'c19': 8.002770476230431, 'c20': 0.8766951319871745, 'c21': 7.1281506405466954}. Best is trial 4 with value: 41.0948477309648.[0m
[32m[I 2025-10-17 19:05:37,971][0m Trial 13 finished with value: 74.77918737045611 and parameters: {'c0': 37.6360605111457, 'c1': 116.68971610967607, 'c2': 9.8838447138263, 'c3': 6.405361034945559, 'c4': 63.52563250317128, 'c5': 25.021068083903728, 'c6': 1.4595966458488558, 'c7': 0.8126378846337308, 'c8': 21.009500514879317, 'c9': 6.346332553794068, 'c10': -13.440647764754505, 'c11': 10.67264126562706, 'c12': 2.7526642480248675, 'c13': 1.4451163328854397, 'c14': 8.965835055905, 'c15': 12.542477806200333, 'c16': 17.87730442564154, 'c17': 1.545496342511669, 'c18': 0.268894961183985, 'c19': 8.584098420481421, 'c20': 1.0264382522270883, 'c21': 7.813583269836077}. Best is trial 4 with value: 41.0948477309648.[0m
[32m[I 2025-10-17 19:11:15,025][0m Trial 14 finished with value: 63.448926844588605 and parameters: {'c0': 35.44429994348075, 'c1': 134.21552101425462, 'c2': 15.836123166251554, 'c3': 6.246618745948153, 'c4': 74.47079500282473, 'c5': 27.06127079092854, 'c6': 1.8324681708799468, 'c7': 0.8765780393705512, 'c8': 20.65028961192916, 'c9': 7.297598772073334, 'c10': -13.202463815942906, 'c11': 9.42091920572121, 'c12': 3.6592974787922907, 'c13': 1.2506999146467197, 'c14': 9.244941608518467, 'c15': 12.483161489538782, 'c16': 15.371119689887566, 'c17': 1.5010924292809762, 'c18': 0.2550136021825381, 'c19': 7.314452971473256, 'c20': 0.926506043912018, 'c21': 6.36036973445101}. Best is trial 4 with value: 41.0948477309648.[0m
[32m[I 2025-10-17 19:16:21,641][0m Trial 15 finished with value: 122.36835296325525 and parameters: {'c0': 45.484597636417156, 'c1': 132.4681643409915, 'c2': 14.052220657677577, 'c3': 5.742866629416954, 'c4': 74.18679142245334, 'c5': 30.327611112334882, 'c6': 2.0684284984846135, 'c7': 0.8377603818429143, 'c8': 19.00499301419315, 'c9': 6.695476264733473, 'c10': -14.601761776922043, 'c11': 8.08546012501789, 'c12': 3.832770129301992, 'c13': 1.7786718825274743, 'c14': 8.422787751115916, 'c15': 9.933402976475183, 'c16': 11.655104574160074, 'c17': 1.5635987992995914, 'c18': 0.23885471422436788, 'c19': 7.628309617559821, 'c20': 0.729967738031853, 'c21': 6.903301885384021}. Best is trial 4 with value: 41.0948477309648.[0m
[32m[I 2025-10-17 19:21:27,735][0m Trial 16 finished with value: 120.16831636014729 and parameters: {'c0': 51.80225466406297, 'c1': 115.48427225531803, 'c2': 12.27763803664186, 'c3': 6.677096891245756, 'c4': 65.63967945628436, 'c5': 26.577493652276864, 'c6': 1.5431384145264047, 'c7': 0.5845850277883744, 'c8': 21.49092751021967, 'c9': 5.3467848359523895, 'c10': -15.802276502472806, 'c11': 11.689888142695866, 'c12': 3.123404729531781, 'c13': 1.771376451439255, 'c14': 9.629940752563995, 'c15': 10.848745080424301, 'c16': 16.70627509399843, 'c17': 1.4210947946252228, 'c18': 0.2670053705007499, 'c19': 6.651900961793796, 'c20': 1.0826720121151872, 'c21': 7.040092039330895}. Best is trial 4 with value: 41.0948477309648.[0m
[32m[I 2025-10-17 19:26:11,950][0m Trial 17 finished with value: 95.1656163887925 and parameters: {'c0': 49.858881008098166, 'c1': 104.73947358376817, 'c2': 11.263805020717161, 'c3': 5.595475686328473, 'c4': 68.80856720366391, 'c5': 23.60958379622241, 'c6': 1.613865944655936, 'c7': 0.6365335815008326, 'c8': 18.940751747459423, 'c9': 5.265748403750143, 'c10': -15.904962521865922, 'c11': 9.683032454338067, 'c12': 3.943950861640843, 'c13': 1.1543906680317348, 'c14': 8.89447221408931, 'c15': 8.564577156884658, 'c16': 15.928660237055245, 'c17': 1.402301074835469, 'c18': 0.2767347434236996, 'c19': 8.470231492230734, 'c20': 1.0153411375836816, 'c21': 7.905711805462388}. Best is trial 4 with value: 41.0948477309648.[0m
[32m[I 2025-10-17 19:32:32,495][0m Trial 18 finished with value: 55.76467805710877 and parameters: {'c0': 38.86520380152431, 'c1': 129.54483342269026, 'c2': 15.23233549633446, 'c3': 5.58810600301146, 'c4': 57.909193900138426, 'c5': 25.13959022632767, 'c6': 2.1717294141609362, 'c7': 0.5804162945246222, 'c8': 20.96505658212036, 'c9': 5.691851615733827, 'c10': -13.725721683827128, 'c11': 10.132533668833101, 'c12': 4.002663089432565, 'c13': 1.4645018003587358, 'c14': 8.157274130136328, 'c15': 10.226465278822669, 'c16': 14.931756085504677, 'c17': 1.4919307613787736, 'c18': 0.2510868201427147, 'c19': 8.346389765788707, 'c20': 0.75276677919492, 'c21': 6.885696297835309}. Best is trial 4 with value: 41.0948477309648.[0m
[32m[I 2025-10-17 19:38:48,001][0m Trial 19 finished with value: 51.29873245134384 and parameters: {'c0': 45.323337497897676, 'c1': 131.22336742046565, 'c2': 15.885358085187647, 'c3': 5.580435476943638, 'c4': 71.11636536469672, 'c5': 20.099208162829207, 'c6': 1.769584734468903, 'c7': 0.8967929630462856, 'c8': 19.696071626713056, 'c9': 6.563398034834837, 'c10': -12.425888814039986, 'c11': 7.089125258869829, 'c12': 4.68109871158428, 'c13': 1.5022057859355653, 'c14': 8.013444740803328, 'c15': 10.616424234537066, 'c16': 13.626855706873267, 'c17': 1.6152215183688472, 'c18': 0.2884413289633334, 'c19': 7.946797554333056, 'c20': 0.792716788057529, 'c21': 7.19724087245181}. Best is trial 4 with value: 41.0948477309648.[0m
[32m[I 2025-10-17 19:43:40,990][0m Trial 20 finished with value: 76.25538410999026 and parameters: {'c0': 41.08382183989782, 'c1': 112.09487470174759, 'c2': 11.520009740441528, 'c3': 6.2240830700588266, 'c4': 66.58798962646142, 'c5': 26.057516975368337, 'c6': 1.6958544627921144, 'c7': 0.8135099956712594, 'c8': 21.07507239812633, 'c9': 4.819389768455918, 'c10': -13.954845102110236, 'c11': 10.495685963326661, 'c12': 3.8435725456744825, 'c13': 1.7078831357665931, 'c14': 8.58592758125365, 'c15': 9.444068241113467, 'c16': 14.872726125369516, 'c17': 1.1791426465277417, 'c18': 0.24352677176009146, 'c19': 9.025279194886053, 'c20': 0.8302727566990252, 'c21': 7.293129002198261}. Best is trial 4 with value: 41.0948477309648.[0m
[32m[I 2025-10-17 19:50:23,115][0m Trial 21 finished with value: 58.52033113484772 and parameters: {'c0': 46.71994833905565, 'c1': 126.01478799384945, 'c2': 15.633359205105817, 'c3': 6.553516873999746, 'c4': 65.63428100838459, 'c5': 21.526342704816063, 'c6': 1.7383149093097743, 'c7': 0.8946235384888198, 'c8': 17.653422790879226, 'c9': 6.468139439697227, 'c10': -12.740619515532433, 'c11': 7.465310898746253, 'c12': 4.8020629331008475, 'c13': 1.6113497983753649, 'c14': 8.66363137042885, 'c15': 10.612047145551267, 'c16': 13.655184877191115, 'c17': 1.684303246385194, 'c18': 0.26381526100709596, 'c19': 7.185243125984013, 'c20': 0.8111872921198262, 'c21': 7.186363559351674}. Best is trial 4 with value: 41.0948477309648.[0m
[32m[I 2025-10-17 19:55:58,867][0m Trial 22 finished with value: 35.95138095399135 and parameters: {'c0': 37.16684171204011, 'c1': 119.03956105557036, 'c2': 15.585256462403393, 'c3': 5.658950569233173, 'c4': 64.72974740611411, 'c5': 27.75972528903094, 'c6': 2.0479621631079796, 'c7': 0.765146538368754, 'c8': 19.998260118106813, 'c9': 5.681031499135111, 'c10': -14.84683087556309, 'c11': 7.249924279706904, 'c12': 4.307302433617027, 'c13': 1.5784437700996143, 'c14': 9.758007803912113, 'c15': 12.778932685369735, 'c16': 14.2816131788079, 'c17': 1.7322975330320072, 'c18': 0.2679551840068484, 'c19': 7.217622624658794, 'c20': 1.0023336983418443, 'c21': 7.275400992719779}. Best is trial 22 with value: 35.95138095399135.[0m
[32m[I 2025-10-17 20:02:09,800][0m Trial 23 finished with value: 56.613017652634746 and parameters: {'c0': 39.289706398492115, 'c1': 98.92944384229301, 'c2': 15.687349453786398, 'c3': 5.311939186435412, 'c4': 52.900017762106856, 'c5': 27.684592164478197, 'c6': 2.044707236144221, 'c7': 0.6610669485374163, 'c8': 19.577992044056955, 'c9': 5.437328750357632, 'c10': -15.499211465921533, 'c11': 6.92021790276473, 'c12': 4.589860071149096, 'c13': 1.5891613036058014, 'c14': 9.533608653769974, 'c15': 13.839919654349233, 'c16': 15.56991740027167, 'c17': 1.4950685767572547, 'c18': 0.30522432614758305, 'c19': 6.1562179684870095, 'c20': 1.056657940521294, 'c21': 6.784877096810892}. Best is trial 22 with value: 35.95138095399135.[0m
[32m[I 2025-10-17 20:08:18,394][0m Trial 24 finished with value: 40.03616937367417 and parameters: {'c0': 40.010429656636624, 'c1': 123.0896639290714, 'c2': 15.314634472488976, 'c3': 6.444687268281705, 'c4': 66.18918413537116, 'c5': 27.893798064906093, 'c6': 2.0329467523208096, 'c7': 0.6993806094149415, 'c8': 20.187265747498923, 'c9': 6.239191223170442, 'c10': -12.855116542690798, 'c11': 7.261861850232249, 'c12': 3.7781488244964776, 'c13': 1.515491807134929, 'c14': 9.372010998722681, 'c15': 11.853352529915584, 'c16': 12.994346863097551, 'c17': 1.5531538780727612, 'c18': 0.28049880375018466, 'c19': 8.791781572617882, 'c20': 0.7961725238731584, 'c21': 6.971399367342006}. Best is trial 22 with value: 35.95138095399135.[0m
[32m[I 2025-10-17 20:14:08,819][0m Trial 25 finished with value: 54.43012982656864 and parameters: {'c0': 43.77231529657499, 'c1': 129.1106177923428, 'c2': 10.231811012289892, 'c3': 6.064003761654957, 'c4': 53.0156822982251, 'c5': 23.291164415139963, 'c6': 1.999469400826327, 'c7': 0.5742787345000322, 'c8': 21.623943636293564, 'c9': 5.192670708497506, 'c10': -15.858019605192712, 'c11': 9.936501860659087, 'c12': 2.8724296157029965, 'c13': 1.5392705043925488, 'c14': 9.177293248484878, 'c15': 9.36320160399928, 'c16': 17.829882025619828, 'c17': 1.491903850885523, 'c18': 0.24733439516086378, 'c19': 9.04652710908436, 'c20': 0.8394317288391795, 'c21': 8.041741387839105}. Best is trial 22 with value: 35.95138095399135.[0m
[32m[I 2025-10-17 20:20:18,093][0m Trial 26 finished with value: 49.88086047997158 and parameters: {'c0': 35.46774297355679, 'c1': 103.29147039127042, 'c2': 15.595943210780952, 'c3': 6.607318832875563, 'c4': 65.39454125638488, 'c5': 27.066031996770704, 'c6': 1.8404242695078858, 'c7': 0.6732305478098699, 'c8': 21.014273056097544, 'c9': 4.960177726336644, 'c10': -11.338220203295151, 'c11': 7.350200177386734, 'c12': 4.0817957120810355, 'c13': 1.8029281757234268, 'c14': 8.886299823192218, 'c15': 13.562058009386778, 'c16': 12.434890526530843, 'c17': 1.3286475618200357, 'c18': 0.2798531179285133, 'c19': 7.752149773480085, 'c20': 0.7457133898441719, 'c21': 6.648509022854436}. Best is trial 22 with value: 35.95138095399135.[0m
[32m[I 2025-10-17 20:25:10,672][0m Trial 27 finished with value: 105.19192974253471 and parameters: {'c0': 42.55924395823989, 'c1': 112.45959544984626, 'c2': 14.033782219114457, 'c3': 6.724363396594291, 'c4': 61.1066992968065, 'c5': 30.202007457959326, 'c6': 1.9612416457509234, 'c7': 0.8310138181142279, 'c8': 20.66837263896942, 'c9': 5.1755346446159916, 'c10': -14.395312068119233, 'c11': 9.164703095333124, 'c12': 4.6276504300807115, 'c13': 1.7750079899860645, 'c14': 9.75487126894138, 'c15': 12.229120684896628, 'c16': 12.25202111006755, 'c17': 1.492447338087182, 'c18': 0.258957135857639, 'c19': 6.91897578775764, 'c20': 0.9862114001393903, 'c21': 6.558050827353338}. Best is trial 22 with value: 35.95138095399135.[0m
[32m[I 2025-10-17 20:29:54,318][0m Trial 28 finished with value: 108.47806043114502 and parameters: {'c0': 42.62693854600346, 'c1': 120.1267404370369, 'c2': 16.44619265966801, 'c3': 6.470155851797658, 'c4': 65.51454902420296, 'c5': 27.25355380192545, 'c6': 1.7674821572782078, 'c7': 0.8021503165218625, 'c8': 16.424577874328044, 'c9': 6.082632170066506, 'c10': -13.172761972105041, 'c11': 8.397229211542891, 'c12': 2.956595162353424, 'c13': 1.4653998430947002, 'c14': 9.012901722215053, 'c15': 9.03827720951955, 'c16': 12.73848995280924, 'c17': 1.5465904855286055, 'c18': 0.30009268417596185, 'c19': 8.624285827206648, 'c20': 0.8375145065102871, 'c21': 6.005850681632057}. Best is trial 22 with value: 35.95138095399135.[0m
[32m[I 2025-10-17 20:39:02,027][0m Trial 29 finished with value: 103.0346477464543 and parameters: {'c0': 31.30100189981372, 'c1': 125.78970035712425, 'c2': 16.462890922989533, 'c3': 6.4280044939058065, 'c4': 62.64497178397232, 'c5': 25.925229245715663, 'c6': 1.9605205169129403, 'c7': 0.5816417380475227, 'c8': 17.093148980801008, 'c9': 6.420246506312101, 'c10': -14.716928595100365, 'c11': 7.25064378617792, 'c12': 3.107737937407346, 'c13': 1.4282682821456953, 'c14': 9.78641182031222, 'c15': 13.190902887850857, 'c16': 10.785546055544433, 'c17': 1.5065996271454056, 'c18': 0.32698417520516676, 'c19': 9.019737576664067, 'c20': 0.7084628806256523, 'c21': 6.4356261012340745}. Best is trial 22 with value: 35.95138095399135.[0m
[32m[I 2025-10-17 20:44:10,420][0m Trial 30 finished with value: 128.49111009904254 and parameters: {'c0': 45.86474254982198, 'c1': 128.87762370946652, 'c2': 9.888158118333868, 'c3': 6.586435167407175, 'c4': 56.991564493860906, 'c5': 24.27229559019892, 'c6': 1.623697827680256, 'c7': 0.638296335724251, 'c8': 17.52213648822844, 'c9': 6.017957896154461, 'c10': -15.173091635415018, 'c11': 9.625649311709685, 'c12': 3.6895827051240118, 'c13': 1.583436866584955, 'c14': 9.217093282477721, 'c15': 10.176793639715166, 'c16': 18.24827708170519, 'c17': 1.1618019202734233, 'c18': 0.23693982118253312, 'c19': 8.59738859829159, 'c20': 1.1691008967115013, 'c21': 7.844137973184246}. Best is trial 22 with value: 35.95138095399135.[0m
[32m[I 2025-10-17 20:51:25,391][0m Trial 31 finished with value: 53.42950281774691 and parameters: {'c0': 44.483293193794495, 'c1': 123.1757882402159, 'c2': 12.134128394336543, 'c3': 6.109549061454523, 'c4': 54.355531952682014, 'c5': 28.30883535888303, 'c6': 1.9151620983969768, 'c7': 0.7426307059541817, 'c8': 20.25066825867663, 'c9': 6.0735519213578515, 'c10': -13.479110396851073, 'c11': 7.375273020329045, 'c12': 3.9021647355944613, 'c13': 1.2740001154849412, 'c14': 8.992993318219712, 'c15': 12.114707214966552, 'c16': 11.745965762231966, 'c17': 1.5456390791144197, 'c18': 0.27918651927879645, 'c19': 8.220842296542912, 'c20': 0.7941747366209476, 'c21': 7.895200492914731}. Best is trial 22 with value: 35.95138095399135.[0m
