[32m[I 2025-10-18 08:11:27,384][0m Trial 2 finished with value: 48.618186129709635 and parameters: {'c0': 41.48458325556842, 'c1': 106.16369675171052, 'c2': 9.659453402179146, 'c3': 5.08331438240486, 'c4': 53.77721730884283, 'c5': 27.60666099800886, 'c6': 1.0089534340335942, 'c7': 0.7801119258184817, 'c8': 27.131126364409504, 'c9': 5.812743945837774, 'c10': -20.853324408618434, 'c11': 5.373328546299955, 'c12': 5.135865164353307, 'c13': 1.3147964709099693, 'c14': 9.775134934632925, 'c15': 17.08695038582837, 'c16': 9.625989306531052, 'c17': 1.6712489688675038, 'c18': 0.17762165004082536, 'c19': 11.782914550851388, 'c20': 0.9100250138953946, 'c21': 14.529124352788166}. Best is trial 2 with value: 48.618186129709635.[0m
[32m[I 2025-10-18 08:16:35,164][0m Trial 3 finished with value: 72.53327573989654 and parameters: {'c0': 59.26309670549209, 'c1': 110.46724784739169, 'c2': 9.823990172096696, 'c3': 6.077098084375921, 'c4': 75.95796477387987, 'c5': 27.76065914301883, 'c6': 1.107781364720703, 'c7': 0.8333532680408657, 'c8': 30.694788742514092, 'c9': 5.416654558143878, 'c10': -15.547171525275033, 'c11': 6.6306475699759915, 'c12': 5.645991894974669, 'c13': 1.87831773251271, 'c14': 11.376978947352658, 'c15': 16.404339272369903, 'c16': 14.402422609155458, 'c17': 1.6039830115782299, 'c18': 0.13792334813497492, 'c19': 15.288748625571696, 'c20': 1.1842715049304622, 'c21': 18.109378512417052}. Best is trial 2 with value: 48.618186129709635.[0m
[32m[I 2025-10-18 08:22:11,891][0m Trial 4 finished with value: 35.42857776424596 and parameters: {'c0': 59.2518965858426, 'c1': 117.32811322351118, 'c2': 6.031115951375108, 'c3': 7.308329778658575, 'c4': 59.61893278771959, 'c5': 36.87949802868112, 'c6': 1.3293730398929564, 'c7': 0.5971369963018188, 'c8': 40.38124946324963, 'c9': 7.0308809208797385, 'c10': -26.801755797378796, 'c11': 7.781094566283212, 'c12': 4.421397860901001, 'c13': 1.684786273950919, 'c14': 11.391341076058284, 'c15': 14.014295040617714, 'c16': 15.562955774306072, 'c17': 1.8873255681794001, 'c18': 0.11415830322168641, 'c19': 15.532930890065792, 'c20': 1.3748728195741653, 'c21': 18.380501989869828}. Best is trial 4 with value: 35.42857776424596.[0m
[32m[I 2025-10-18 08:27:32,628][0m Trial 5 finished with value: 30.145056499500715 and parameters: {'c0': 61.56183468436115, 'c1': 91.85803864594305, 'c2': 6.789534224496025, 'c3': 6.4151790061649745, 'c4': 50.02457437265628, 'c5': 44.182279078760764, 'c6': 1.374273294724705, 'c7': 0.6174748284099283, 'c8': 37.40067191591866, 'c9': 6.9127660721041675, 'c10': -25.43294522053115, 'c11': 8.194292553426443, 'c12': 4.7170462793203525, 'c13': 1.4408919879084816, 'c14': 10.934175557200986, 'c15': 13.759644553723252, 'c16': 15.650280570004114, 'c17': 1.7520004084957157, 'c18': 0.12075581168465316, 'c19': 15.377647595573688, 'c20': 1.4759105004378708, 'c21': 14.506061568995749}. Best is trial 5 with value: 30.145056499500715.[0m
[32m[I 2025-10-18 08:33:31,891][0m Trial 6 finished with value: 35.39114157236105 and parameters: {'c0': 62.414949964127516, 'c1': 81.19663973099156, 'c2': 7.395041831454858, 'c3': 6.196119242145412, 'c4': 59.37913004810582, 'c5': 40.704065101063144, 'c6': 1.488892640011838, 'c7': 0.777296902625048, 'c8': 32.158161821076135, 'c9': 7.049559058068381, 'c10': -22.77136525373702, 'c11': 7.438182958685323, 'c12': 5.26049961903915, 'c13': 1.5468039177922113, 'c14': 10.666306377174017, 'c15': 17.054268753599064, 'c16': 15.473165913941743, 'c17': 1.5740999368051918, 'c18': 0.15016308332798384, 'c19': 12.982608682536673, 'c20': 1.2395927859135176, 'c21': 16.960796771151912}. Best is trial 5 with value: 30.145056499500715.[0m
[32m[I 2025-10-18 08:39:13,441][0m Trial 7 finished with value: 37.971711467080155 and parameters: {'c0': 63.085853956530855, 'c1': 81.53909585971763, 'c2': 8.451424842701488, 'c3': 6.17929043229186, 'c4': 43.78542523687047, 'c5': 43.66606526985171, 'c6': 1.4861968159261971, 'c7': 0.642089023005864, 'c8': 41.705311835914095, 'c9': 7.12607235941237, 'c10': -25.5838664069708, 'c11': 9.379624167009377, 'c12': 3.985959370815018, 'c13': 1.602236536029076, 'c14': 11.452139856926733, 'c15': 13.268778787747108, 'c16': 14.504802541363183, 'c17': 2.150807210310488, 'c18': 0.11392774707400112, 'c19': 12.46761775410808, 'c20': 1.2497620602146513, 'c21': 11.851568160318415}. Best is trial 5 with value: 30.145056499500715.[0m
[32m[I 2025-10-18 08:43:52,494][0m Trial 8 finished with value: 91.1396347539669 and parameters: {'c0': 54.56084483900878, 'c1': 99.03173060649348, 'c2': 9.160937802347107, 'c3': 6.7596194736949196, 'c4': 49.47560499311903, 'c5': 42.772182602143246, 'c6': 1.6717231089603062, 'c7': 0.6772200385365108, 'c8': 36.03327594432633, 'c9': 6.237861867374707, 'c10': -21.58632220968238, 'c11': 6.849378779936574, 'c12': 5.585651204418004, 'c13': 1.5750599091780897, 'c14': 10.81048747087602, 'c15': 12.382904956638264, 'c16': 13.97574281339181, 'c17': 1.4634463644023483, 'c18': 0.16192573894433482, 'c19': 14.05111359064507, 'c20': 1.5813591397759137, 'c21': 13.056498108509269}. Best is trial 5 with value: 30.145056499500715.[0m
[32m[I 2025-10-18 08:49:30,962][0m Trial 9 finished with value: 52.348283963356025 and parameters: {'c0': 64.10877982209851, 'c1': 83.49022015675044, 'c2': 6.052975297396315, 'c3': 5.194214222524478, 'c4': 47.087710835018974, 'c5': 41.832041916572045, 'c6': 1.1815259832726233, 'c7': 0.8289726647365951, 'c8': 41.14897482422263, 'c9': 8.333229634499398, 'c10': -22.43732094220421, 'c11': 8.567618789093064, 'c12': 5.3984566204068365, 'c13': 1.2005117839426025, 'c14': 8.347420502006702, 'c15': 12.837457817671462, 'c16': 12.94173055213643, 'c17': 1.3897032005561682, 'c18': 0.14225591261183967, 'c19': 12.762446105425994, 'c20': 1.4160647943053155, 'c21': 16.65107525187522}. Best is trial 5 with value: 30.145056499500715.[0m
[32m[I 2025-10-18 08:54:45,146][0m Trial 10 finished with value: 42.825269779603644 and parameters: {'c0': 52.412728690759984, 'c1': 105.11548086091942, 'c2': 8.647342452113238, 'c3': 6.4380411880727175, 'c4': 56.68753214626277, 'c5': 43.45003048882647, 'c6': 1.1075842080377432, 'c7': 0.6911885307339253, 'c8': 36.88681036436568, 'c9': 7.303278316738338, 'c10': -23.789790423336118, 'c11': 6.632867302611324, 'c12': 5.036037335863183, 'c13': 1.3987671615423454, 'c14': 10.784212537840911, 'c15': 15.338090276094354, 'c16': 14.121127175880666, 'c17': 2.22779271661412, 'c18': 0.12120664145390803, 'c19': 14.937874355360314, 'c20': 1.4115550125001504, 'c21': 14.795104017706661}. Best is trial 5 with value: 30.145056499500715.[0m
[32m[I 2025-10-18 09:00:43,956][0m Trial 11 finished with value: 27.029130867946574 and parameters: {'c0': 61.33710044652848, 'c1': 108.23050712157654, 'c2': 7.903146725363224, 'c3': 6.34301538179948, 'c4': 44.57501046494641, 'c5': 41.364434608085986, 'c6': 1.0563956175352196, 'c7': 0.5225938025188492, 'c8': 35.566737893311334, 'c9': 7.747373036139296, 'c10': -26.30531008907891, 'c11': 7.101305339934145, 'c12': 5.047264754794914, 'c13': 1.756992685367702, 'c14': 11.625470368144077, 'c15': 12.4792188172656, 'c16': 13.32097635054028, 'c17': 1.3604981327204568, 'c18': 0.11557188810593819, 'c19': 13.732541566596701, 'c20': 1.5635893278081907, 'c21': 13.663974633377755}. Best is trial 11 with value: 27.029130867946574.[0m
[32m[I 2025-10-18 09:05:57,104][0m Trial 12 finished with value: 31.475472456217744 and parameters: {'c0': 53.667159670632614, 'c1': 119.40055134810929, 'c2': 6.422765487620944, 'c3': 6.83642084247228, 'c4': 45.64775552505848, 'c5': 45.05478375335715, 'c6': 1.125212405947547, 'c7': 0.5965651173607408, 'c8': 35.016911660331154, 'c9': 7.083028788770383, 'c10': -25.964495933978675, 'c11': 7.824913978261754, 'c12': 5.144939640804887, 'c13': 1.9059892718844953, 'c14': 10.441535911949961, 'c15': 15.689404354810641, 'c16': 12.91226585110782, 'c17': 1.288896573382011, 'c18': 0.1407561484096284, 'c19': 14.084156165375953, 'c20': 1.5640301957337388, 'c21': 14.051543802990054}. Best is trial 11 with value: 27.029130867946574.[0m
[32m[I 2025-10-18 09:10:45,341][0m Trial 13 finished with value: 115.509128745499 and parameters: {'c0': 59.381950530166286, 'c1': 98.06562579473885, 'c2': 6.767604245506347, 'c3': 6.618524040025194, 'c4': 58.20130629054759, 'c5': 37.903968377839874, 'c6': 1.309688373620171, 'c7': 0.6131276966085251, 'c8': 30.264956003525317, 'c9': 6.400578641019026, 'c10': -25.107181504515694, 'c11': 8.227185310917747, 'c12': 4.786440280983094, 'c13': 1.4696448517986482, 'c14': 8.413323026213249, 'c15': 12.871674700341291, 'c16': 15.457784911850268, 'c17': 1.6453565737710885, 'c18': 0.15580952666241116, 'c19': 15.795611055149848, 'c20': 1.3476775240242687, 'c21': 12.766452212944598}. Best is trial 11 with value: 27.029130867946574.[0m
[32m[I 2025-10-18 09:16:02,352][0m Trial 14 finished with value: 51.86050040200797 and parameters: {'c0': 47.25517411481082, 'c1': 106.38016169515211, 'c2': 8.277388622928848, 'c3': 6.515345666251491, 'c4': 52.27996660991701, 'c5': 39.94953032403044, 'c6': 1.0523730233637396, 'c7': 0.6068316403185818, 'c8': 37.68417936689999, 'c9': 8.553386644765597, 'c10': -23.110057129131906, 'c11': 5.849546401322847, 'c12': 4.570454280662313, 'c13': 1.9181698167642662, 'c14': 11.511592596501405, 'c15': 11.675202930046188, 'c16': 10.184971575689964, 'c17': 1.4522928620919673, 'c18': 0.13015889354610732, 'c19': 11.471138763100544, 'c20': 1.4907078495685837, 'c21': 12.62639083632437}. Best is trial 11 with value: 27.029130867946574.[0m
[32m[I 2025-10-18 09:22:00,288][0m Trial 15 finished with value: 26.510408465271432 and parameters: {'c0': 67.52307391841114, 'c1': 118.45153057657095, 'c2': 7.799633167593384, 'c3': 6.896328771516399, 'c4': 45.51860654966097, 'c5': 42.66430670291863, 'c6': 1.3318446947626281, 'c7': 0.5822426381629822, 'c8': 28.21188855579458, 'c9': 7.905817017682283, 'c10': -24.47120636309497, 'c11': 6.921724552684519, 'c12': 5.996051590396508, 'c13': 1.6270035326146615, 'c14': 11.15444178655875, 'c15': 13.718664246592288, 'c16': 11.696204591606572, 'c17': 1.827902876690367, 'c18': 0.11520415297934113, 'c19': 12.202957616848728, 'c20': 1.3829894373960168, 'c21': 12.07070624169804}. Best is trial 15 with value: 26.510408465271432.[0m
[32m[I 2025-10-18 09:27:17,022][0m Trial 16 finished with value: 37.260802703961104 and parameters: {'c0': 68.72395244081002, 'c1': 123.72000701400323, 'c2': 8.317472965471424, 'c3': 6.812786334426495, 'c4': 54.14253789899868, 'c5': 41.99238133015865, 'c6': 1.2035494933973596, 'c7': 0.5529111718804498, 'c8': 26.038143611811023, 'c9': 8.384076766748878, 'c10': -23.72385588387252, 'c11': 7.564299775850029, 'c12': 5.097619299647642, 'c13': 1.7940602098111422, 'c14': 11.371732634433132, 'c15': 12.030203398102426, 'c16': 15.974364601841598, 'c17': 1.542350210157579, 'c18': 0.1220110771248005, 'c19': 12.694654006278688, 'c20': 1.5550798844592642, 'c21': 16.38792511715496}. Best is trial 15 with value: 26.510408465271432.[0m
[32m[I 2025-10-18 09:32:45,533][0m Trial 17 finished with value: 23.459418470464218 and parameters: {'c0': 67.45685229014312, 'c1': 98.4252493508628, 'c2': 8.99248607070112, 'c3': 7.04816120223707, 'c4': 44.4591708095971, 'c5': 40.500830404454945, 'c6': 1.382104108802924, 'c7': 0.5805134049532182, 'c8': 27.622651614391533, 'c9': 6.823652400103449, 'c10': -20.41342790914419, 'c11': 6.532013931593842, 'c12': 5.980359835590484, 'c13': 1.9262372776473065, 'c14': 11.272014979849619, 'c15': 14.958675820333696, 'c16': 11.177073904694042, 'c17': 1.6263442442977356, 'c18': 0.11753151032833266, 'c19': 12.093001812416876, 'c20': 1.4579052718636363, 'c21': 10.971866482815326}. Best is trial 17 with value: 23.459418470464218.[0m
[32m[I 2025-10-18 09:38:16,669][0m Trial 18 finished with value: 24.305823699717568 and parameters: {'c0': 65.68548981898653, 'c1': 99.52907221532269, 'c2': 8.725075350671084, 'c3': 7.425949336591385, 'c4': 46.497839144791286, 'c5': 41.182688461854006, 'c6': 1.3572085043213604, 'c7': 0.6275950364032356, 'c8': 25.323669893162585, 'c9': 6.817749090461349, 'c10': -21.110599073480323, 'c11': 6.3826084734081165, 'c12': 6.336780185290814, 'c13': 1.9835494186159093, 'c14': 11.463711642241332, 'c15': 14.906003232974081, 'c16': 11.409031735519612, 'c17': 1.8641874439458175, 'c18': 0.11984342728110375, 'c19': 10.665796626750481, 'c20': 1.419492058045754, 'c21': 12.04664686494041}. Best is trial 17 with value: 23.459418470464218.[0m
[32m[I 2025-10-18 09:43:26,330][0m Trial 19 finished with value: 70.19965607663795 and parameters: {'c0': 60.92614751542229, 'c1': 86.90988503278186, 'c2': 9.164402961093431, 'c3': 6.480996411543373, 'c4': 47.13112268959238, 'c5': 42.243063071930386, 'c6': 1.4149079112509895, 'c7': 0.622487501845984, 'c8': 28.931041737751666, 'c9': 5.26169738615769, 'c10': -22.429200570636556, 'c11': 5.893911573708676, 'c12': 6.044725697790608, 'c13': 1.9333421580012338, 'c14': 11.984783910510199, 'c15': 16.600587151243896, 'c16': 11.601842860458499, 'c17': 2.036626115767905, 'c18': 0.1351602003987228, 'c19': 10.631699822572944, 'c20': 1.5481598385103814, 'c21': 12.398535802536449}. Best is trial 17 with value: 23.459418470464218.[0m
[32m[I 2025-10-18 09:50:04,476][0m Trial 20 finished with value: 35.45098060325139 and parameters: {'c0': 51.29054759112998, 'c1': 82.54472517028039, 'c2': 9.808627250419045, 'c3': 7.114702104396061, 'c4': 49.903021752387374, 'c5': 40.83291371345666, 'c6': 1.2620961436341849, 'c7': 0.620858529623847, 'c8': 23.571944355092956, 'c9': 7.8128431149693425, 'c10': -19.409484963175753, 'c11': 6.775485725729727, 'c12': 5.90466971180682, 'c13': 1.972078590006244, 'c14': 11.24829765447, 'c15': 15.030402449170952, 'c16': 9.760488312026188, 'c17': 1.3808306209078145, 'c18': 0.11932317357942544, 'c19': 9.947906933277842, 'c20': 1.241948180117369, 'c21': 11.48478443701572}. Best is trial 17 with value: 23.459418470464218.[0m
[32m[I 2025-10-18 09:55:32,042][0m Trial 21 finished with value: 22.97194547738174 and parameters: {'c0': 65.40407236496732, 'c1': 102.7809156820734, 'c2': 8.607130729685062, 'c3': 6.792089536092862, 'c4': 47.759334837003685, 'c5': 41.498276343133504, 'c6': 1.4586361476841179, 'c7': 0.5713638943301594, 'c8': 29.552971919880132, 'c9': 6.376335035806788, 'c10': -19.495444340870627, 'c11': 7.473754931874686, 'c12': 6.233070389221465, 'c13': 1.9263271990409443, 'c14': 10.405723579997622, 'c15': 15.846203233895604, 'c16': 11.959213333603277, 'c17': 1.63116037770709, 'c18': 0.1258903265455113, 'c19': 15.853472344124782, 'c20': 1.3631220202187049, 'c21': 11.964105625525967}. Best is trial 21 with value: 22.97194547738174.[0m
[32m[I 2025-10-18 10:01:38,268][0m Trial 22 finished with value: 31.194332150941253 and parameters: {'c0': 67.11236204749241, 'c1': 89.07064675334219, 'c2': 9.61336105661822, 'c3': 7.049441705952851, 'c4': 44.51226583747562, 'c5': 38.69776822501877, 'c6': 1.5367347796370938, 'c7': 0.6022251441397949, 'c8': 27.050133830386894, 'c9': 7.036202553887747, 'c10': -20.537904307738618, 'c11': 8.750393802723924, 'c12': 5.651275697506526, 'c13': 2.0108216758897637, 'c14': 11.108861474595578, 'c15': 13.470691203364373, 'c16': 10.953038723601635, 'c17': 1.7286543204878686, 'c18': 0.12880647892138536, 'c19': 15.98331721240579, 'c20': 1.3382406375989273, 'c21': 10.337360907375125}. Best is trial 21 with value: 22.97194547738174.[0m
[32m[I 2025-10-18 10:06:40,495][0m Trial 23 finished with value: 39.318251800178565 and parameters: {'c0': 58.04416131674892, 'c1': 85.17671250631966, 'c2': 8.76961134306569, 'c3': 7.180930095731748, 'c4': 49.81400311232559, 'c5': 40.284401234337054, 'c6': 1.3244303826886796, 'c7': 0.5678563677416869, 'c8': 33.52460369228573, 'c9': 5.057003894106197, 'c10': -17.133370023401742, 'c11': 6.993687536150179, 'c12': 6.1616899300092935, 'c13': 2.1075210481687767, 'c14': 10.121801012965122, 'c15': 18.11710199021161, 'c16': 11.398114662864323, 'c17': 1.3826412088404496, 'c18': 0.12949656941293436, 'c19': 13.892852384981506, 'c20': 1.264128590264095, 'c21': 11.67473579665594}. Best is trial 21 with value: 22.97194547738174.[0m
[32m[I 2025-10-18 10:11:37,270][0m Trial 24 finished with value: 83.92484577270223 and parameters: {'c0': 68.13313841075956, 'c1': 94.48941978360995, 'c2': 7.850112896137333, 'c3': 7.471875992515289, 'c4': 47.252773355001004, 'c5': 45.03119635877926, 'c6': 1.3314461170448808, 'c7': 0.6940328117982016, 'c8': 29.142073198319792, 'c9': 6.208992290395027, 'c10': -21.00253717935286, 'c11': 7.701113026799613, 'c12': 6.271457064727371, 'c13': 2.0821241489391404, 'c14': 11.951549669560599, 'c15': 14.301704190461326, 'c16': 9.844129880812718, 'c17': 1.6139108693924014, 'c18': 0.12181960290945891, 'c19': 10.376423128538187, 'c20': 1.3879391660646596, 'c21': 11.078175403755168}. Best is trial 21 with value: 22.97194547738174.[0m
[32m[I 2025-10-18 10:11:37,322][0m A new study created in memory with name: no-name-5e91592c-a70e-4567-9968-e759a8a6eed6[0m
[32m[I 2025-10-18 10:17:12,917][0m Trial 0 finished with value: 38.94476320762548 and parameters: {'c0': 62.389536991143416, 'c1': 115.35938858576603, 'c2': 6.217219866472006, 'c3': 6.046343131789252, 'c4': 38.388336658711395, 'c5': 32.101425976248834, 'c6': 1.204439846211851, 'c7': 0.5223495500304524, 'c8': 27.858359558138506, 'c9': 6.513816065327506, 'c10': -20.370481786606845, 'c11': 8.24266972643991, 'c12': 5.209818995374588, 'c13': 2.330911863659986, 'c14': 7.674042094855918, 'c15': 17.346646211687275, 'c16': 11.409880499091091, 'c17': 1.6843359483683116, 'c18': 0.10074365709826533, 'c19': 13.194964010737655, 'c20': 1.590833634558732, 'c21': 15.07597541553292}. Best is trial 0 with value: 38.94476320762548.[0m
[32m[I 2025-10-18 10:23:43,896][0m Trial 1 finished with value: 54.293904327604125 and parameters: {'c0': 58.62589686406224, 'c1': 113.76074262809041, 'c2': 10.40661540888377, 'c3': 8.280835073687895, 'c4': 36.751225039162975, 'c5': 30.873200793400553, 'c6': 1.1911282024092307, 'c7': 0.6913748637071561, 'c8': 22.959638903500583, 'c9': 6.09691418255566, 'c10': -14.536987845825582, 'c11': 7.611436321939437, 'c12': 6.8973912108781334, 'c13': 1.7289294083722913, 'c14': 11.48369174963751, 'c15': 18.791554750215496, 'c16': 8.759268553266113, 'c17': 1.8578021493243628, 'c18': 0.16007492529265072, 'c19': 18.038810914458974, 'c20': 1.196883097849322, 'c21': 13.886534562170395}. Best is trial 0 with value: 38.94476320762548.[0m
[32m[I 2025-10-18 10:30:00,011][0m Trial 2 finished with value: 67.46108977055154 and parameters: {'c0': 50.98953711019508, 'c1': 99.80612219060254, 'c2': 10.560591246068952, 'c3': 6.013450845850776, 'c4': 42.12935584005352, 'c5': 32.97020352776483, 'c6': 1.0692206316884543, 'c7': 0.6281208721163776, 'c8': 24.819206512483635, 'c9': 5.545948670965002, 'c10': -19.586698061141064, 'c11': 5.619597318174292, 'c12': 6.489681860834427, 'c13': 1.548327701304356, 'c14': 10.921906139253851, 'c15': 17.60446220204097, 'c16': 9.317575588570806, 'c17': 1.5532913156628263, 'c18': 0.1394841501062461, 'c19': 15.097737821127264, 'c20': 1.022364995601928, 'c21': 12.202658064868643}. Best is trial 0 with value: 38.94476320762548.[0m
[32m[I 2025-10-18 10:35:07,546][0m Trial 3 finished with value: 58.84477892152988 and parameters: {'c0': 71.35462287282355, 'c1': 103.63094506219153, 'c2': 10.732700627162624, 'c3': 7.118638584098086, 'c4': 58.460938954413585, 'c5': 33.141841528274405, 'c6': 1.1663728718494968, 'c7': 0.6689205725705372, 'c8': 27.87328719217841, 'c9': 5.19108721199006, 'c10': -14.865981211509583, 'c11': 6.841774592715725, 'c12': 7.101437121482484, 'c13': 2.168144450264065, 'c14': 12.621218005067702, 'c15': 16.934757260586004, 'c16': 13.626189440191906, 'c17': 1.4942556174450656, 'c18': 0.10980206981697188, 'c19': 19.33963332901039, 'c20': 1.3086755797998795, 'c21': 15.053237373490028}. Best is trial 0 with value: 38.94476320762548.[0m
[32m[I 2025-10-18 10:40:46,759][0m Trial 4 finished with value: 24.490728916091637 and parameters: {'c0': 71.34179326263956, 'c1': 109.72860586045869, 'c2': 6.765263834635062, 'c3': 8.487892445641366, 'c4': 46.430584282607285, 'c5': 43.30520598440259, 'c6': 1.384207318997651, 'c7': 0.48790422837139347, 'c8': 36.17464388735311, 'c9': 6.6372928918022955, 'c10': -24.87882983780863, 'c11': 7.960066886059267, 'c12': 5.632876864719846, 'c13': 1.9552792974461708, 'c14': 12.636454030257433, 'c15': 14.589901748066179, 'c16': 14.673056203281892, 'c17': 1.7429300783141857, 'c18': 0.0920331493007399, 'c19': 19.635082465731124, 'c20': 1.5076614393402235, 'c21': 15.269104443382203}. Best is trial 4 with value: 24.490728916091637.[0m
[32m[I 2025-10-18 10:45:34,872][0m Trial 5 finished with value: 92.55874417963129 and parameters: {'c0': 73.98780118761009, 'c1': 87.09182948219656, 'c2': 7.558587416120106, 'c3': 7.494618677709534, 'c4': 39.366301975099184, 'c5': 51.44449063301774, 'c6': 1.4283462614036873, 'c7': 0.5034894375953073, 'c8': 33.62027051080526, 'c9': 6.531472314767558, 'c10': -23.661042243643625, 'c11': 8.361716093828544, 'c12': 5.987424988575292, 'c13': 1.6870200963031246, 'c14': 12.151471232515393, 'c15': 14.34006595422291, 'c16': 14.751828123770728, 'c17': 1.6241624934866943, 'c18': 0.09696604986589193, 'c19': 19.447196931128946, 'c20': 1.6131437641091289, 'c21': 12.184295599147863}. Best is trial 4 with value: 24.490728916091637.[0m
