[32m[I 2025-10-18 02:30:17,962][0m Trial 20 finished with value: 60.0099163131139 and parameters: {'c0': 29.664661549632815, 'c1': 111.85048719658032, 'c2': 9.784818424304715, 'c3': 7.987278205956935, 'c4': 55.826988203845374, 'c5': 19.123165258739565, 'c6': 1.6340666481675303, 'c7': 0.4662337749740749, 'c8': 24.087394733097245, 'c9': 4.778307394345791, 'c10': -14.950663395055097, 'c11': 7.278681920964495, 'c12': 2.898669827647997, 'c13': 1.490502246344008, 'c14': 9.640807138077498, 'c15': 14.57675427885166, 'c16': 16.30196926710038, 'c17': 1.996974755642693, 'c18': 0.26587172778791307, 'c19': 13.924136733455828, 'c20': 0.8494995040275223, 'c21': 9.36342710121603}. Best is trial 13 with value: 32.73488530276865.[0m
[32m[I 2025-10-18 02:35:24,438][0m Trial 21 finished with value: 65.59169669921442 and parameters: {'c0': 35.1056496568, 'c1': 111.33157812187501, 'c2': 12.10465680563303, 'c3': 8.945759324610757, 'c4': 76.24458129354362, 'c5': 23.00091060091105, 'c6': 1.7952309535665678, 'c7': 0.5577045525209579, 'c8': 28.62880244794887, 'c9': 8.24888488296636, 'c10': -12.628400223024714, 'c11': 7.5184226046915645, 'c12': 2.9027566797367457, 'c13': 1.737479739893798, 'c14': 14.872635781624512, 'c15': 14.207700972040373, 'c16': 15.73315414796375, 'c17': 1.5901123329442624, 'c18': 0.2649048628693438, 'c19': 11.308357837221683, 'c20': 1.2765781702721684, 'c21': 11.856844259990403}. Best is trial 13 with value: 32.73488530276865.[0m
[32m[I 2025-10-18 02:41:15,253][0m Trial 22 finished with value: 27.37961668211923 and parameters: {'c0': 38.8779532178156, 'c1': 97.27603790643725, 'c2': 13.200666128551116, 'c3': 5.555349357795768, 'c4': 73.90730204897775, 'c5': 21.674638582624993, 'c6': 1.6669824860164812, 'c7': 0.5292848895764595, 'c8': 21.577996659280053, 'c9': 5.427123214896392, 'c10': -17.21747103157502, 'c11': 6.004175646634505, 'c12': 4.122265325074314, 'c13': 1.616601773872239, 'c14': 8.648403598053218, 'c15': 14.28804327404275, 'c16': 14.083698565696217, 'c17': 1.349215563386364, 'c18': 0.24681522388021057, 'c19': 9.67375211026324, 'c20': 0.9947985424528157, 'c21': 9.507201702874164}. Best is trial 22 with value: 27.37961668211923.[0m
[32m[I 2025-10-18 02:47:38,695][0m Trial 23 finished with value: 41.674180858343135 and parameters: {'c0': 39.766838024548456, 'c1': 107.58127525060647, 'c2': 11.721741550763689, 'c3': 5.8150311338014875, 'c4': 70.30203594510995, 'c5': 23.019869466952258, 'c6': 1.5966649090070988, 'c7': 0.5008546287991097, 'c8': 19.149632490156876, 'c9': 6.842721813699699, 'c10': -16.15360226993392, 'c11': 5.851217212586419, 'c12': 3.4871719511548553, 'c13': 1.6239596272040668, 'c14': 9.248402585469, 'c15': 13.684957826901272, 'c16': 17.42041359553184, 'c17': 1.3054447229219353, 'c18': 0.19300632420671665, 'c19': 9.40493488378669, 'c20': 1.0087295005471237, 'c21': 8.79962636478591}. Best is trial 22 with value: 27.37961668211923.[0m
[32m[I 2025-10-18 02:53:00,926][0m Trial 24 finished with value: 36.157093084098705 and parameters: {'c0': 37.80336783617077, 'c1': 114.76707829041165, 'c2': 12.993915770239035, 'c3': 7.047191071010692, 'c4': 72.89883230104707, 'c5': 21.529507034706597, 'c6': 1.4945767572307327, 'c7': 0.6307020847310711, 'c8': 29.34083461240911, 'c9': 5.293299397390838, 'c10': -14.89105565190538, 'c11': 7.03263344187241, 'c12': 3.775856319342419, 'c13': 1.6338267733499554, 'c14': 9.279732043169147, 'c15': 15.30675996233938, 'c16': 15.366223199059664, 'c17': 1.461701548055128, 'c18': 0.24795085711151651, 'c19': 10.227636199625948, 'c20': 0.9960517432198771, 'c21': 10.13834597881859}. Best is trial 22 with value: 27.37961668211923.[0m
[32m[I 2025-10-18 02:58:11,696][0m Trial 25 finished with value: 70.88030183521879 and parameters: {'c0': 39.63262085851963, 'c1': 126.32787697931956, 'c2': 10.586854402712005, 'c3': 7.16165641212662, 'c4': 77.10327404371344, 'c5': 21.651076518859394, 'c6': 1.3904527006579732, 'c7': 0.7299182786140825, 'c8': 30.641229772296416, 'c9': 5.521740543786318, 'c10': -14.818426866396736, 'c11': 6.810560343550547, 'c12': 3.885742952222702, 'c13': 1.522085060127855, 'c14': 11.492705014208997, 'c15': 14.9913336394122, 'c16': 15.569173555407612, 'c17': 1.588311732440407, 'c18': 0.25992060710328774, 'c19': 10.303445794943928, 'c20': 1.148408578222662, 'c21': 10.166054600822026}. Best is trial 22 with value: 27.37961668211923.[0m
[32m[I 2025-10-18 03:04:21,442][0m Trial 26 finished with value: 75.66217812919167 and parameters: {'c0': 33.272105398636214, 'c1': 112.8329462770736, 'c2': 12.88029074861105, 'c3': 6.715412009190032, 'c4': 61.73079136282263, 'c5': 25.85706223762113, 'c6': 1.4321480475798303, 'c7': 0.4869678278843262, 'c8': 21.896435599928115, 'c9': 6.018776055658925, 'c10': -19.81186601025784, 'c11': 7.556168405129438, 'c12': 4.503037372365846, 'c13': 1.720976530485828, 'c14': 9.215101626064694, 'c15': 14.33756344283638, 'c16': 15.350831334424551, 'c17': 1.5610253225725752, 'c18': 0.25729268986872966, 'c19': 9.334789805533918, 'c20': 1.0729309321637412, 'c21': 8.518052807125672}. Best is trial 22 with value: 27.37961668211923.[0m
[32m[I 2025-10-18 03:04:21,495][0m A new study created in memory with name: no-name-6923f61d-c1e7-4c6d-965c-53382ce8d929[0m
[32m[I 2025-10-18 03:10:04,708][0m Trial 0 finished with value: 63.449397945938145 and parameters: {'c0': 37.00528318971055, 'c1': 109.71727544689668, 'c2': 9.370113585674995, 'c3': 4.91790627309307, 'c4': 58.752257911051075, 'c5': 16.54547688793538, 'c6': 1.3633868216330678, 'c7': 0.4818342388487659, 'c8': 20.28492496984757, 'c9': 5.549411147196377, 'c10': -18.025087440060815, 'c11': 6.649733287191065, 'c12': 3.415038821581276, 'c13': 1.9714353304683883, 'c14': 6.275740937344884, 'c15': 15.701912700584781, 'c16': 13.407628138620627, 'c17': 1.3951818172007309, 'c18': 0.19529208302062476, 'c19': 7.978435356582059, 'c20': 1.1684697651045346, 'c21': 12.091461424383153}. Best is trial 0 with value: 63.449397945938145.[0m
[32m[I 2025-10-18 03:16:27,840][0m Trial 1 finished with value: 72.5558576884327 and parameters: {'c0': 34.6672591864898, 'c1': 108.13607125344497, 'c2': 16.084882740924716, 'c3': 6.827887237087503, 'c4': 56.1046745500339, 'c5': 15.87506442904176, 'c6': 1.347488253003686, 'c7': 0.6454671760634343, 'c8': 16.546962745589788, 'c9': 5.178581299661255, 'c10': -12.641060221187201, 'c11': 6.11976878380259, 'c12': 4.581414752793709, 'c13': 1.4434776635129563, 'c14': 9.584696807729525, 'c15': 17.06345195066765, 'c16': 10.145488616564064, 'c17': 1.5451302112134462, 'c18': 0.31685622474405173, 'c19': 11.067330999682408, 'c20': 0.8680113472371873, 'c21': 11.103687418435692}. Best is trial 0 with value: 63.449397945938145.[0m
[32m[I 2025-10-18 03:22:52,416][0m Trial 2 finished with value: 52.0191605616695 and parameters: {'c0': 29.923449523790524, 'c1': 94.33370041089464, 'c2': 16.331675432547623, 'c3': 4.889790870738399, 'c4': 64.8023402753187, 'c5': 17.019689029712772, 'c6': 1.2018897147402174, 'c7': 0.5842311623007361, 'c8': 17.96590331515484, 'c9': 4.688503261870077, 'c10': -17.301693715055464, 'c11': 4.447480909089205, 'c12': 4.2996239242576095, 'c13': 1.2850842500933135, 'c14': 9.09674543113944, 'c15': 15.944853053420603, 'c16': 10.832603698867375, 'c17': 1.281903656326313, 'c18': 0.2746676791570187, 'c19': 9.191824187720076, 'c20': 0.7349097824355587, 'c21': 9.705308147572037}. Best is trial 2 with value: 52.0191605616695.[0m
[32m[I 2025-10-18 03:27:39,079][0m Trial 3 finished with value: 86.76425136246321 and parameters: {'c0': 42.574515442146804, 'c1': 98.11679318057823, 'c2': 16.607532594230573, 'c3': 5.834474314035495, 'c4': 91.21423986502163, 'c5': 17.113375639927327, 'c6': 1.3179220831389629, 'c7': 0.6237292391128422, 'c8': 20.296315480977423, 'c9': 4.372857719919419, 'c10': -12.944704872857873, 'c11': 5.473584039463931, 'c12': 4.722442340712502, 'c13': 1.8286831570818536, 'c14': 10.572720516392096, 'c15': 15.313789190586645, 'c16': 16.135265807816314, 'c17': 1.2308717660307775, 'c18': 0.2138519116074397, 'c19': 11.896858598019222, 'c20': 0.9532733005191669, 'c21': 12.072578562900286}. Best is trial 2 with value: 52.0191605616695.[0m
[32m[I 2025-10-18 03:33:26,066][0m Trial 4 finished with value: 32.8608412935061 and parameters: {'c0': 42.566545515280964, 'c1': 104.14792645194049, 'c2': 10.248519240115407, 'c3': 7.004874064146637, 'c4': 71.75840895167468, 'c5': 22.660930152581027, 'c6': 1.5780894944053798, 'c7': 0.44848781851816016, 'c8': 26.6306545715876, 'c9': 5.659242487921755, 'c10': -22.186070354628725, 'c11': 6.412468476915348, 'c12': 3.707437873770629, 'c13': 1.6419936805519482, 'c14': 10.585954104664342, 'c15': 13.104228702196904, 'c16': 17.423657134801132, 'c17': 1.4458320051654872, 'c18': 0.17744507862300765, 'c19': 12.085264955468979, 'c20': 1.105035948274021, 'c21': 12.251845888195817}. Best is trial 4 with value: 32.8608412935061.[0m
[32m[I 2025-10-18 03:38:34,818][0m Trial 5 finished with value: 123.02948111347229 and parameters: {'c0': 44.21028132221404, 'c1': 81.75812490539958, 'c2': 11.520059408896259, 'c3': 6.155851539960297, 'c4': 60.33385116859232, 'c5': 27.10366419770051, 'c6': 1.6308061998307883, 'c7': 0.46357581632712774, 'c8': 24.681543393111674, 'c9': 5.565116195694513, 'c10': -21.06211246243746, 'c11': 6.749681022091511, 'c12': 3.9524859933843564, 'c13': 1.406721870334283, 'c14': 10.164711517800777, 'c15': 12.868808099215547, 'c16': 17.520602670514002, 'c17': 1.34316642243238, 'c18': 0.18755212405889907, 'c19': 11.965451340222723, 'c20': 1.1854852673122962, 'c21': 9.690058993927437}. Best is trial 4 with value: 32.8608412935061.[0m
[32m[I 2025-10-18 03:45:17,559][0m Trial 6 finished with value: 45.249280878703075 and parameters: {'c0': 42.248426401055184, 'c1': 114.20654411929681, 'c2': 12.778937042291139, 'c3': 6.670200281419435, 'c4': 84.20180996950234, 'c5': 22.980951446898732, 'c6': 1.7484971773786733, 'c7': 0.4626383328931591, 'c8': 26.112382742235507, 'c9': 6.542800296274117, 'c10': -21.321651997740304, 'c11': 5.637714046367609, 'c12': 4.328099416954234, 'c13': 1.9293201410798368, 'c14': 10.909952472425573, 'c15': 15.69603386163145, 'c16': 16.0719416464442, 'c17': 1.5232090552171615, 'c18': 0.18415655186717136, 'c19': 10.521005291747183, 'c20': 1.0046660203662625, 'c21': 12.222476692429135}. Best is trial 4 with value: 32.8608412935061.[0m
[32m[I 2025-10-18 03:49:56,169][0m Trial 7 finished with value: 103.36554558603594 and parameters: {'c0': 44.35867348064967, 'c1': 106.3649767166736, 'c2': 9.604460385726409, 'c3': 7.0880992851785285, 'c4': 89.65849225128821, 'c5': 18.211770893291316, 'c6': 2.0701628502368727, 'c7': 0.45965459452123936, 'c8': 25.575475195206337, 'c9': 5.537145621445861, 'c10': -21.3649620326373, 'c11': 5.855381383945479, 'c12': 3.3279314940765157, 'c13': 1.4569143272637186, 'c14': 7.895013315895072, 'c15': 14.126293779480953, 'c16': 18.080319945617564, 'c17': 1.044946749448607, 'c18': 0.1760921052406334, 'c19': 12.34836860922221, 'c20': 1.1181870462120078, 'c21': 10.273182652138946}. Best is trial 4 with value: 32.8608412935061.[0m
[32m[I 2025-10-18 03:56:23,631][0m Trial 8 finished with value: 73.63277244997066 and parameters: {'c0': 35.2379985179331, 'c1': 101.5480241565138, 'c2': 9.928792505280303, 'c3': 7.089731881592923, 'c4': 63.77257625172284, 'c5': 19.140845426337947, 'c6': 1.5136801494812269, 'c7': 0.46299866394252753, 'c8': 25.877136852591413, 'c9': 5.747188733174372, 'c10': -16.48807537859019, 'c11': 7.098002966866338, 'c12': 3.820572784568562, 'c13': 2.013323531288377, 'c14': 10.157065934493973, 'c15': 16.605002192827325, 'c16': 16.158337822985445, 'c17': 1.65737457732659, 'c18': 0.20590447593306227, 'c19': 11.567508640839668, 'c20': 1.0456797657613084, 'c21': 9.477095627380365}. Best is trial 4 with value: 32.8608412935061.[0m
[32m[I 2025-10-18 04:01:02,185][0m Trial 9 finished with value: 108.58061837200505 and parameters: {'c0': 38.07585779591088, 'c1': 106.8372469364767, 'c2': 9.901084707722886, 'c3': 5.955607224411461, 'c4': 75.92278590967696, 'c5': 22.900989087122237, 'c6': 1.2823264369244125, 'c7': 0.5265387322209696, 'c8': 23.819598731903255, 'c9': 4.751482184106802, 'c10': -19.481972883105342, 'c11': 4.735633121778557, 'c12': 4.162960854083265, 'c13': 1.346378179716476, 'c14': 10.58341399985228, 'c15': 11.381992187663423, 'c16': 13.261917004222452, 'c17': 1.5317968460047169, 'c18': 0.21214619237909457, 'c19': 10.51726499977476, 'c20': 0.8819334138026991, 'c21': 11.83279171982674}. Best is trial 4 with value: 32.8608412935061.[0m
[32m[I 2025-10-18 04:06:47,564][0m Trial 10 finished with value: 45.430634388115706 and parameters: {'c0': 48.556600056467715, 'c1': 118.48606480864463, 'c2': 10.58739724273297, 'c3': 6.463204844085142, 'c4': 63.911711099712505, 'c5': 20.646196340164096, 'c6': 1.660240602279888, 'c7': 0.554524868548593, 'c8': 27.057550086914365, 'c9': 6.276215685681613, 'c10': -19.568794048992324, 'c11': 6.553268886212388, 'c12': 3.5451989363869303, 'c13': 1.424868393947314, 'c14': 9.438252655941314, 'c15': 12.383701604203068, 'c16': 18.033352139043142, 'c17': 1.128471210814598, 'c18': 0.18485655433774595, 'c19': 10.233890968962422, 'c20': 0.9695015405114402, 'c21': 12.237739146370192}. Best is trial 4 with value: 32.8608412935061.[0m
[32m[I 2025-10-18 04:14:15,942][0m Trial 11 finished with value: 58.216896455077084 and parameters: {'c0': 42.12758700814751, 'c1': 92.72468181261125, 'c2': 11.529460748124032, 'c3': 6.092970275860589, 'c4': 88.08387485835209, 'c5': 22.07093409463448, 'c6': 1.519044317336764, 'c7': 0.4459523782163332, 'c8': 24.102951586813358, 'c9': 6.9966073808484435, 'c10': -21.01514472609854, 'c11': 5.385977584478788, 'c12': 4.843261182983211, 'c13': 1.937681117151406, 'c14': 8.664321318925055, 'c15': 16.701139627713356, 'c16': 15.494223327954641, 'c17': 1.538931171608147, 'c18': 0.17518368775232718, 'c19': 9.638888777568555, 'c20': 1.0321583951035203, 'c21': 11.983315892026368}. Best is trial 4 with value: 32.8608412935061.[0m
[32m[I 2025-10-18 04:20:24,069][0m Trial 12 finished with value: 39.20791251423877 and parameters: {'c0': 46.91094055126891, 'c1': 117.49057183320349, 'c2': 12.135737614195008, 'c3': 6.341044357404695, 'c4': 89.16487668096768, 'c5': 27.628034755059346, 'c6': 1.8428119991582403, 'c7': 0.5322325192408512, 'c8': 24.18528008674555, 'c9': 6.3518710589304685, 'c10': -20.990009890787828, 'c11': 5.718602458882017, 'c12': 4.12446465927998, 'c13': 2.0281060058927047, 'c14': 10.023177356148912, 'c15': 13.196802105222659, 'c16': 13.247110402835009, 'c17': 1.5110226502957964, 'c18': 0.18195134031861665, 'c19': 10.118316024234769, 'c20': 0.8305486778948681, 'c21': 11.238440858226557}. Best is trial 4 with value: 32.8608412935061.[0m
[32m[I 2025-10-18 04:25:05,749][0m Trial 13 finished with value: 126.4259904738586 and parameters: {'c0': 47.64524444955947, 'c1': 107.74263139821728, 'c2': 12.389504966924541, 'c3': 6.177353388812635, 'c4': 92.24365817986269, 'c5': 25.93756563089769, 'c6': 1.9266307253890702, 'c7': 0.56539623781094, 'c8': 26.144645237177215, 'c9': 6.887335758961296, 'c10': -17.140193320250475, 'c11': 4.486215688940472, 'c12': 3.811981486087016, 'c13': 2.020004272315341, 'c14': 9.26069378109082, 'c15': 11.847638130221647, 'c16': 12.619795917352622, 'c17': 1.701717778771854, 'c18': 0.2191184950582144, 'c19': 9.799655324553655, 'c20': 0.9641319423313596, 'c21': 11.244953551562535}. Best is trial 4 with value: 32.8608412935061.[0m
[32m[I 2025-10-18 04:30:45,729][0m Trial 14 finished with value: 92.02079126587692 and parameters: {'c0': 42.191995503844254, 'c1': 94.44131524848811, 'c2': 10.56893252012644, 'c3': 5.945695139027561, 'c4': 86.58786925941469, 'c5': 24.15952535095744, 'c6': 1.6918053843691305, 'c7': 0.5429679708922782, 'c8': 24.817772618747185, 'c9': 5.5465895506028025, 'c10': -18.82278109682501, 'c11': 6.743062320411749, 'c12': 2.977110149143066, 'c13': 1.9119491515456823, 'c14': 8.359032418870648, 'c15': 16.41160523725787, 'c16': 17.709306111029214, 'c17': 1.335817045375306, 'c18': 0.21491614401449735, 'c19': 12.26304021492662, 'c20': 1.0099298690224325, 'c21': 11.38905272453362}. Best is trial 4 with value: 32.8608412935061.[0m
[32m[I 2025-10-18 04:38:56,629][0m Trial 15 finished with value: 92.90690337404477 and parameters: {'c0': 49.121141377844076, 'c1': 118.64457818681488, 'c2': 12.158728132633387, 'c3': 6.744246080481822, 'c4': 76.65144298082933, 'c5': 26.90987773691612, 'c6': 2.0199214965760808, 'c7': 0.5358467983115354, 'c8': 19.254637211425678, 'c9': 6.4228898297776285, 'c10': -19.893573293375546, 'c11': 5.59442300265403, 'c12': 4.950835527540365, 'c13': 1.8168711915524611, 'c14': 9.983601456592202, 'c15': 13.97985193544592, 'c16': 11.782879664730673, 'c17': 1.701238927155686, 'c18': 0.17925436421990687, 'c19': 9.0248486096077, 'c20': 0.8001583995511343, 'c21': 9.795364023113121}. Best is trial 4 with value: 32.8608412935061.[0m
[32m[I 2025-10-18 04:43:50,757][0m Trial 16 finished with value: 94.82362793708116 and parameters: {'c0': 48.59098513997374, 'c1': 112.88475700925255, 'c2': 14.745058587486572, 'c3': 5.864494770162642, 'c4': 92.00229836507599, 'c5': 25.241350664062676, 'c6': 1.6307581618177986, 'c7': 0.5289086319936387, 'c8': 23.645562810512796, 'c9': 5.150944624628842, 'c10': -20.782442190585527, 'c11': 6.228964631827667, 'c12': 4.496644814895833, 'c13': 2.0647373423875757, 'c14': 9.31073689263516, 'c15': 11.868191402070494, 'c16': 13.307465649932347, 'c17': 1.4693131828937467, 'c18': 0.19382298304858844, 'c19': 8.1159051175868, 'c20': 0.831139041767034, 'c21': 11.191825109292443}. Best is trial 4 with value: 32.8608412935061.[0m
[32m[I 2025-10-18 04:48:34,858][0m Trial 17 finished with value: 76.3885097060033 and parameters: {'c0': 43.36237666833116, 'c1': 102.3405521915377, 'c2': 10.88274732387012, 'c3': 6.744509147634815, 'c4': 84.41580732909098, 'c5': 20.450113147076753, 'c6': 1.4637616567045144, 'c7': 0.39150250850712154, 'c8': 20.82036500687528, 'c9': 4.78005629055719, 'c10': -20.57561798844121, 'c11': 6.041807400558467, 'c12': 3.3275090694009286, 'c13': 1.2051830148728826, 'c14': 11.019645602449938, 'c15': 14.636293033326531, 'c16': 16.89925598430233, 'c17': 1.6146013161717705, 'c18': 0.23277784828886736, 'c19': 10.656363823930059, 'c20': 1.0808221470014057, 'c21': 11.068664038949496}. Best is trial 4 with value: 32.8608412935061.[0m
[32m[I 2025-10-18 04:55:37,229][0m Trial 18 finished with value: 74.44866717089786 and parameters: {'c0': 45.82218804204148, 'c1': 110.86998284107038, 'c2': 12.738181442587837, 'c3': 5.526869721061093, 'c4': 92.82754183082106, 'c5': 25.697148616678618, 'c6': 1.4572885127229172, 'c7': 0.5713490808732437, 'c8': 27.537962207255223, 'c9': 6.9603495850434145, 'c10': -19.826215889642143, 'c11': 6.148664280309084, 'c12': 4.0749863389826055, 'c13': 1.922398847331127, 'c14': 10.392601147273346, 'c15': 12.396578971159963, 'c16': 12.106952332942264, 'c17': 1.5567566337458398, 'c18': 0.18636511216202847, 'c19': 9.770916723712254, 'c20': 0.7288624109544563, 'c21': 8.825129972353196}. Best is trial 4 with value: 32.8608412935061.[0m
[32m[I 2025-10-18 05:01:34,576][0m Trial 19 finished with value: 29.35546202419178 and parameters: {'c0': 46.193936504432116, 'c1': 111.48171793885801, 'c2': 10.796648777143341, 'c3': 7.082483064007941, 'c4': 65.47165989992546, 'c5': 26.341717804960037, 'c6': 1.5427158301558264, 'c7': 0.5247893236864787, 'c8': 26.33458227114987, 'c9': 5.519370561625301, 'c10': -20.24953648427151, 'c11': 6.6658279524157145, 'c12': 4.4709828881330305, 'c13': 1.6762718920266504, 'c14': 9.664100291943726, 'c15': 14.129625551593316, 'c16': 14.216487511959262, 'c17': 1.727680092020296, 'c18': 0.18801073412654298, 'c19': 11.87452131815303, 'c20': 1.1565902641683132, 'c21': 11.48365589741532}. Best is trial 19 with value: 29.35546202419178.[0m
[32m[I 2025-10-18 05:06:59,191][0m Trial 20 finished with value: 30.427366765463745 and parameters: {'c0': 42.78152804534908, 'c1': 118.46102442672698, 'c2': 9.426044188186674, 'c3': 5.054924198376247, 'c4': 66.14034028426624, 'c5': 25.709447713386286, 'c6': 1.758579840916657, 'c7': 0.6546895571426995, 'c8': 27.339696028303138, 'c9': 5.867673669805374, 'c10': -21.06775141346646, 'c11': 7.465049748463655, 'c12': 4.351522603203679, 'c13': 1.8829454471483515, 'c14': 9.043374223773567, 'c15': 13.80713410650984, 'c16': 12.727929668466956, 'c17': 1.7207519644247125, 'c18': 0.18423999098796592, 'c19': 12.043456766507214, 'c20': 1.176699568437345, 'c21': 10.937322501444518}. Best is trial 19 with value: 29.35546202419178.[0m
[32m[I 2025-10-18 05:12:56,261][0m Trial 21 finished with value: 51.248853527831145 and parameters: {'c0': 45.78737504338453, 'c1': 112.8339443922383, 'c2': 10.759243557609333, 'c3': 6.6762649761235, 'c4': 64.55805640108538, 'c5': 26.30847805442715, 'c6': 1.637719334061162, 'c7': 0.5017252695379365, 'c8': 26.16736255669582, 'c9': 5.161721129192729, 'c10': -19.154193415267688, 'c11': 7.267421593105531, 'c12': 4.990104405424932, 'c13': 1.708385128848906, 'c14': 9.032134452909068, 'c15': 14.943185009042725, 'c16': 14.98190384539564, 'c17': 1.6284743381458202, 'c18': 0.19783822476041757, 'c19': 12.477812086431639, 'c20': 1.0843375480441086, 'c21': 11.384810861657728}. Best is trial 19 with value: 29.35546202419178.[0m
[32m[I 2025-10-18 05:18:35,968][0m Trial 22 finished with value: 27.75178549640655 and parameters: {'c0': 43.762283903094335, 'c1': 95.56140138424789, 'c2': 10.457715614947514, 'c3': 4.904397982077812, 'c4': 61.17320194749431, 'c5': 27.328610098634186, 'c6': 1.6666995990551672, 'c7': 0.6232484107219167, 'c8': 26.621246891236567, 'c9': 6.136910654958282, 'c10': -20.810318350445538, 'c11': 7.40040074280135, 'c12': 4.020509607543809, 'c13': 1.9220665095916867, 'c14': 8.074757340450162, 'c15': 13.776928378536518, 'c16': 12.32065888449843, 'c17': 1.4476621880524, 'c18': 0.17882501048166533, 'c19': 11.172258985064211, 'c20': 1.186866984651011, 'c21': 11.526359518836472}. Best is trial 22 with value: 27.75178549640655.[0m
