[32m[I 2025-10-19 05:50:02,080][0m Trial 7 finished with value: 65.86213106611591 and parameters: {'c0': 96.03323947218816, 'c1': 49.74639469451944, 'c2': 2.9360123595713326, 'c3': 5.555512966223712, 'c4': 28.57408229727809, 'c5': 22.44868496956382, 'c6': 1.4080226725379659, 'c7': 0.31692047847521854, 'c8': 26.707865092892447, 'c9': 7.506466716262853, 'c10': -22.857997606033877, 'c11': 14.098407276042003, 'c12': 3.7755115977431517, 'c13': 2.4827171675863835, 'c14': 15.850603107319634, 'c15': 30.04617993751192, 'c16': 12.502091705243911, 'c17': 1.7890950282944407, 'c18': 0.030622091992017066, 'c19': 19.580391737889844, 'c20': 1.3944766195033216, 'c21': 41.64505514149458}. Best is trial 2 with value: 25.577757725237785.[0m
[32m[I 2025-10-19 05:56:08,706][0m Trial 8 finished with value: 32.22476183948088 and parameters: {'c0': 97.79210881073861, 'c1': 62.544183703178085, 'c2': 3.0712040627582717, 'c3': 6.291201416660766, 'c4': 23.32379072891086, 'c5': 26.76882705555423, 'c6': 1.4955351503669372, 'c7': 0.268645466158913, 'c8': 19.093791349318955, 'c9': 6.840700079486062, 'c10': -23.563316843334707, 'c11': 17.00443545177319, 'c12': 3.0938641995510383, 'c13': 2.6126209186804585, 'c14': 12.180288682926193, 'c15': 27.217146760062352, 'c16': 15.316885840010695, 'c17': 2.094986210935434, 'c18': 0.03666468034627837, 'c19': 17.13719854016393, 'c20': 1.7066507523249368, 'c21': 40.03194953137701}. Best is trial 2 with value: 25.577757725237785.[0m
[32m[I 2025-10-19 06:02:11,021][0m Trial 9 finished with value: 23.469309604441428 and parameters: {'c0': 114.54311526616968, 'c1': 69.19100095219386, 'c2': 3.087362163465056, 'c3': 6.5481307010332195, 'c4': 30.302585247912212, 'c5': 24.615628699428825, 'c6': 2.0205938307183025, 'c7': 0.2659225266890367, 'c8': 22.80441251045305, 'c9': 5.818997944031252, 'c10': -18.006154358847695, 'c11': 15.458775830282196, 'c12': 3.100691360083429, 'c13': 2.4111976320861426, 'c14': 10.975007493071573, 'c15': 31.42962384905483, 'c16': 15.138872560054798, 'c17': 1.7079632741317108, 'c18': 0.03024921327459449, 'c19': 23.521694273058053, 'c20': 1.515871372479976, 'c21': 35.75924311220396}. Best is trial 9 with value: 23.469309604441428.[0m
[32m[I 2025-10-19 06:08:22,575][0m Trial 10 finished with value: 31.469503948700996 and parameters: {'c0': 106.481054359014, 'c1': 67.67188828717899, 'c2': 3.1976674926864046, 'c3': 6.980550938178241, 'c4': 31.819594008326007, 'c5': 30.34686230398064, 'c6': 1.6014143834480312, 'c7': 0.27963475652496583, 'c8': 24.61236148481482, 'c9': 6.9151350150457285, 'c10': -19.52788875714631, 'c11': 14.69585463639624, 'c12': 3.269293969942529, 'c13': 2.60841478429639, 'c14': 13.092176579826235, 'c15': 32.43723098995847, 'c16': 15.249462734299081, 'c17': 2.0675970256600165, 'c18': 0.026128797600498226, 'c19': 22.979089430663855, 'c20': 1.6668572476881478, 'c21': 37.451626529314545}. Best is trial 9 with value: 23.469309604441428.[0m
[32m[I 2025-10-19 06:14:27,369][0m Trial 11 finished with value: 26.08479665686481 and parameters: {'c0': 118.52315176474326, 'c1': 59.069206694037305, 'c2': 3.297447480129429, 'c3': 6.182314355897987, 'c4': 28.5222087118163, 'c5': 24.29502995038566, 'c6': 2.1261226549577525, 'c7': 0.2913897185172872, 'c8': 26.589279869086713, 'c9': 6.02649367026831, 'c10': -21.78945605348627, 'c11': 16.971678094938337, 'c12': 3.216851792259104, 'c13': 2.394207030715774, 'c14': 12.28690361744663, 'c15': 34.041476365779474, 'c16': 14.356166459107314, 'c17': 1.754555516403781, 'c18': 0.03745822132896065, 'c19': 20.40971931981521, 'c20': 1.7821165119217626, 'c21': 31.302900625396}. Best is trial 9 with value: 23.469309604441428.[0m
[32m[I 2025-10-19 06:20:59,662][0m Trial 12 finished with value: 18.695707267514315 and parameters: {'c0': 127.79290990092755, 'c1': 60.5707245690738, 'c2': 2.8182783463861805, 'c3': 7.501618567972956, 'c4': 28.818190386190757, 'c5': 25.984035421254752, 'c6': 1.9216019408514164, 'c7': 0.2713727242303001, 'c8': 18.906955122779998, 'c9': 6.2696233771934375, 'c10': -18.361077271927623, 'c11': 17.38850297821814, 'c12': 3.3000247442435935, 'c13': 3.0063040366573106, 'c14': 10.632142789736983, 'c15': 35.443563341639035, 'c16': 15.649194945493976, 'c17': 1.604980685134748, 'c18': 0.02745696069054572, 'c19': 21.670616687380306, 'c20': 1.3282456561899467, 'c21': 32.65475314166711}. Best is trial 12 with value: 18.695707267514315.[0m
[32m[I 2025-10-19 06:27:30,731][0m Trial 13 finished with value: 28.921443641007876 and parameters: {'c0': 124.7448949682467, 'c1': 57.5525884286143, 'c2': 2.70308261568525, 'c3': 6.192660257290665, 'c4': 23.900266704404515, 'c5': 27.485236557224273, 'c6': 1.8189961854849588, 'c7': 0.23347846951311277, 'c8': 20.85888549705958, 'c9': 6.1259335435355595, 'c10': -17.137004111855685, 'c11': 17.28106580224678, 'c12': 3.4544093077541707, 'c13': 2.9279471309012717, 'c14': 11.026549836551617, 'c15': 33.1042660833569, 'c16': 13.747152842765866, 'c17': 1.3100798732123438, 'c18': 0.03050554681149763, 'c19': 21.72128401857417, 'c20': 1.563609136913992, 'c21': 30.786732860817327}. Best is trial 12 with value: 18.695707267514315.[0m
[32m[I 2025-10-19 06:33:06,964][0m Trial 14 finished with value: 114.26283705639877 and parameters: {'c0': 117.47691813445215, 'c1': 62.230955772355074, 'c2': 2.8635382013010746, 'c3': 5.798896312850895, 'c4': 36.165868862078256, 'c5': 27.95912788652457, 'c6': 2.0990369454185025, 'c7': 0.30202685774729165, 'c8': 22.714752517752352, 'c9': 6.2304781101836255, 'c10': -16.823928149208257, 'c11': 17.306448113270175, 'c12': 2.3890897153267288, 'c13': 3.1101877567309986, 'c14': 10.66647182317599, 'c15': 35.925649850184456, 'c16': 17.651861874472157, 'c17': 1.590413721125496, 'c18': 0.03251990080599451, 'c19': 24.158137546992187, 'c20': 1.4752632300211357, 'c21': 36.43026103085438}. Best is trial 12 with value: 18.695707267514315.[0m
[32m[I 2025-10-19 06:39:55,415][0m Trial 15 finished with value: 16.329005164043263 and parameters: {'c0': 148.87206228282255, 'c1': 65.03075497136109, 'c2': 2.7565755745506095, 'c3': 8.157898469900834, 'c4': 25.734909744782875, 'c5': 29.405486283496643, 'c6': 2.1612941119755016, 'c7': 0.2719124315487204, 'c8': 18.779896629355765, 'c9': 6.934899778794135, 'c10': -18.842367697423704, 'c11': 17.144946976645144, 'c12': 3.8303767863976863, 'c13': 2.843283737608637, 'c14': 12.179282934650118, 'c15': 34.561101096945364, 'c16': 14.025551458173922, 'c17': 1.9475523462707047, 'c18': 0.023517358140758504, 'c19': 19.40220373717082, 'c20': 1.407506538109512, 'c21': 30.385109996781004}. Best is trial 15 with value: 16.329005164043263.[0m
[32m[I 2025-10-19 06:46:43,652][0m Trial 16 finished with value: 23.22270353207461 and parameters: {'c0': 158.35640316307106, 'c1': 67.9810688091822, 'c2': 2.786579457483707, 'c3': 6.6325168961117935, 'c4': 23.9879378658066, 'c5': 29.90102317871952, 'c6': 2.098059812143982, 'c7': 0.25796757674113463, 'c8': 22.73239413153946, 'c9': 6.95293544887264, 'c10': -18.49801642435092, 'c11': 16.61651760747343, 'c12': 3.258005136582142, 'c13': 3.1572145675623577, 'c14': 13.606610419683859, 'c15': 34.452570412279414, 'c16': 16.052706599901153, 'c17': 2.0666705736762387, 'c18': 0.026219584460980373, 'c19': 20.899194170803156, 'c20': 1.3319936864973114, 'c21': 34.177195334580176}. Best is trial 15 with value: 16.329005164043263.[0m
[32m[I 2025-10-19 06:52:47,307][0m Trial 17 finished with value: 41.988358600830956 and parameters: {'c0': 132.86085182667276, 'c1': 56.00911505887345, 'c2': 2.6076873933731592, 'c3': 7.047242910021837, 'c4': 33.12521508257773, 'c5': 26.644860264340846, 'c6': 1.9476126832908216, 'c7': 0.27829472243540493, 'c8': 18.513046850826168, 'c9': 6.091285376745811, 'c10': -22.589756749316148, 'c11': 16.422020338071487, 'c12': 3.516491020045622, 'c13': 3.8572677329878577, 'c14': 10.96524060648782, 'c15': 33.973848758889915, 'c16': 14.154170859409435, 'c17': 1.5938259977544251, 'c18': 0.022274563189861367, 'c19': 19.383978705755762, 'c20': 1.480420822201727, 'c21': 31.232751702190143}. Best is trial 15 with value: 16.329005164043263.[0m
[32m[I 2025-10-19 06:58:43,739][0m Trial 18 finished with value: 18.866020481065615 and parameters: {'c0': 149.4816424853457, 'c1': 63.4316089134588, 'c2': 2.7255039682145554, 'c3': 8.792724966640266, 'c4': 25.015522074172686, 'c5': 31.14439804056701, 'c6': 2.070602529227682, 'c7': 0.27784055796601126, 'c8': 19.282652379029173, 'c9': 7.030059396560842, 'c10': -19.87860635704362, 'c11': 16.76138777685629, 'c12': 3.9989564997536142, 'c13': 3.1551578623566545, 'c14': 14.012382681906315, 'c15': 33.095514023095305, 'c16': 14.528626037822766, 'c17': 2.0110699097957894, 'c18': 0.023532404387232354, 'c19': 17.250160384880708, 'c20': 1.5352475544924078, 'c21': 32.87219367935398}. Best is trial 15 with value: 16.329005164043263.[0m
[32m[I 2025-10-19 07:04:17,028][0m Trial 19 finished with value: 21.108162199701756 and parameters: {'c0': 129.29482276040702, 'c1': 64.56574316072314, 'c2': 3.016710572828593, 'c3': 8.504386489393166, 'c4': 30.523226675246917, 'c5': 26.15500297482339, 'c6': 2.1265361509416785, 'c7': 0.24255492642318943, 'c8': 18.980664541634837, 'c9': 7.152420385592576, 'c10': -17.040679739693783, 'c11': 17.462003820794685, 'c12': 2.9678608824173334, 'c13': 3.2073506052930023, 'c14': 11.499815464138782, 'c15': 34.60611093747143, 'c16': 17.412688035950747, 'c17': 1.557931964174704, 'c18': 0.023262267759417282, 'c19': 22.179181624675962, 'c20': 1.554788696921467, 'c21': 34.221185610098814}. Best is trial 15 with value: 16.329005164043263.[0m
[32m[I 2025-10-19 07:10:30,877][0m Trial 20 finished with value: 28.157313268926753 and parameters: {'c0': 124.63897085914508, 'c1': 66.41458629177717, 'c2': 2.32775688145267, 'c3': 8.087977341022428, 'c4': 24.39714063105171, 'c5': 23.776255593330447, 'c6': 2.138279248400973, 'c7': 0.2300516792481318, 'c8': 20.165744997800743, 'c9': 5.709380117863084, 'c10': -19.711544736954554, 'c11': 18.964678434904325, 'c12': 3.1339706989170972, 'c13': 2.8264680831038813, 'c14': 11.415136201597782, 'c15': 36.342169290660735, 'c16': 14.76914279110905, 'c17': 1.9977964089300149, 'c18': 0.029166029839560695, 'c19': 23.853021897425435, 'c20': 1.3459916071106433, 'c21': 30.6544847932683}. Best is trial 15 with value: 16.329005164043263.[0m
[32m[I 2025-10-19 07:16:21,724][0m Trial 21 finished with value: 39.61764256661358 and parameters: {'c0': 161.46086443856413, 'c1': 68.79906295339984, 'c2': 3.0656508759002508, 'c3': 8.342378995797464, 'c4': 27.64551189789851, 'c5': 35.91041242480158, 'c6': 2.081493495914756, 'c7': 0.2880865874236018, 'c8': 20.456311685298854, 'c9': 7.970838091691709, 'c10': -19.51580498285309, 'c11': 19.367919754030215, 'c12': 3.6903755531002727, 'c13': 3.436926820134311, 'c14': 11.971433533843214, 'c15': 30.576661923982723, 'c16': 12.098881242060244, 'c17': 1.8834967183225768, 'c18': 0.02727833057214291, 'c19': 16.1774576629444, 'c20': 1.7772013164787286, 'c21': 34.16012049592345}. Best is trial 15 with value: 16.329005164043263.[0m
[32m[I 2025-10-19 07:22:00,038][0m Trial 22 finished with value: 39.65747990857483 and parameters: {'c0': 153.59463770902892, 'c1': 63.4300547317066, 'c2': 2.154906291347465, 'c3': 8.111639570138566, 'c4': 27.688561568420102, 'c5': 27.99681100939709, 'c6': 2.2155748306567196, 'c7': 0.3058563724880681, 'c8': 18.797542112567953, 'c9': 6.576799013278654, 'c10': -19.074666716942744, 'c11': 19.195310835875112, 'c12': 3.4320124714729854, 'c13': 2.5294317276018465, 'c14': 13.255126694308514, 'c15': 34.9280599083902, 'c16': 12.984316507897123, 'c17': 1.703991467658728, 'c18': 0.02625117479765639, 'c19': 15.999271335099724, 'c20': 1.6760539042584521, 'c21': 30.748756260128484}. Best is trial 15 with value: 16.329005164043263.[0m
[32m[I 2025-10-19 07:28:19,370][0m Trial 23 finished with value: 67.21308121299143 and parameters: {'c0': 147.92448433130758, 'c1': 73.84301816262422, 'c2': 2.8436772124318344, 'c3': 8.293561866960848, 'c4': 26.95509666550707, 'c5': 22.78900818358806, 'c6': 2.159403996992687, 'c7': 0.19569839814580794, 'c8': 19.934154954583562, 'c9': 7.8154417874624915, 'c10': -17.666214467452328, 'c11': 18.19729168051918, 'c12': 3.9893772275530575, 'c13': 2.593275666183858, 'c14': 11.039717068289036, 'c15': 35.572091383685986, 'c16': 14.734103249105216, 'c17': 2.0031752660229065, 'c18': 0.026836316547833656, 'c19': 16.248895720532452, 'c20': 1.6904685273788773, 'c21': 30.949634487567515}. Best is trial 15 with value: 16.329005164043263.[0m
[32m[I 2025-10-19 07:34:47,344][0m Trial 24 finished with value: 29.16031519942999 and parameters: {'c0': 134.07179082479516, 'c1': 69.73756668754251, 'c2': 2.6060324139613753, 'c3': 8.40630228247139, 'c4': 27.668588656430064, 'c5': 28.438336421302466, 'c6': 2.1578145241091637, 'c7': 0.3252134349234649, 'c8': 19.973734041282416, 'c9': 7.466340335634785, 'c10': -21.885089583031824, 'c11': 14.193279635321847, 'c12': 3.620801682850664, 'c13': 2.9560633809875303, 'c14': 13.84958650375229, 'c15': 25.638140114571623, 'c16': 15.070520031583145, 'c17': 1.840200767110057, 'c18': 0.02732303303215176, 'c19': 17.538096828758515, 'c20': 1.343436938805429, 'c21': 35.78445029720369}. Best is trial 15 with value: 16.329005164043263.[0m
[32m[I 2025-10-19 07:34:47,396][0m A new study created in memory with name: no-name-3ca6418f-a31b-4d8f-8f12-487b8cfecf30[0m
[32m[I 2025-10-19 07:40:54,466][0m Trial 0 finished with value: 24.174266889037675 and parameters: {'c0': 142.45141407276031, 'c1': 72.47780564067608, 'c2': 2.040360785574499, 'c3': 7.31975929836153, 'c4': 21.009926093850797, 'c5': 23.174874451339093, 'c6': 1.8088532924335023, 'c7': 0.25008565790886983, 'c8': 17.77224019310558, 'c9': 7.074814017325615, 'c10': -19.633736729729915, 'c11': 18.795485203983073, 'c12': 3.241977839082478, 'c13': 3.402075040835192, 'c14': 9.187503514224098, 'c15': 37.623289594923556, 'c16': 13.422710199573753, 'c17': 2.0069616841308116, 'c18': 0.01912167152191935, 'c19': 16.35771224950195, 'c20': 1.6275208569941364, 'c21': 37.780346501741334}. Best is trial 0 with value: 24.174266889037675.[0m
[32m[I 2025-10-19 07:48:43,259][0m Trial 1 finished with value: 59.98544299892733 and parameters: {'c0': 134.43525030334698, 'c1': 71.53133164973471, 'c2': 3.2958498879219995, 'c3': 9.83108917429039, 'c4': 20.184472338557587, 'c5': 22.3604957970001, 'c6': 1.7903968214932335, 'c7': 0.3253549961757943, 'c8': 14.85934547542251, 'c9': 6.650533593519413, 'c10': -14.358023698962258, 'c11': 17.440491293260084, 'c12': 4.212380343385609, 'c13': 2.570648172428127, 'c14': 13.359890191881512, 'c15': 40.57214028288746, 'c16': 10.513912215741724, 'c17': 2.200763311678225, 'c18': 0.02949289234016491, 'c19': 21.904826953168115, 'c20': 1.246886960653095, 'c21': 34.95368696491732}. Best is trial 0 with value: 24.174266889037675.[0m
[32m[I 2025-10-19 07:56:07,612][0m Trial 2 finished with value: 46.290886407068214 and parameters: {'c0': 118.17059472464533, 'c1': 63.2695365761433, 'c2': 3.3419937727984177, 'c3': 7.282791888089868, 'c4': 22.896198413336624, 'c5': 23.750920198652935, 'c6': 1.6213731028775156, 'c7': 0.29718710826472033, 'c8': 15.965088188114837, 'c9': 6.0898168147750615, 'c10': -18.924896015105013, 'c11': 13.16484665531809, 'c12': 3.9779357544812104, 'c13': 2.3212104846392005, 'c14': 12.744613983077791, 'c15': 38.14945498204002, 'c16': 11.126601817933974, 'c17': 1.8605547013312607, 'c18': 0.02589358487925912, 'c19': 18.536745730773667, 'c20': 1.07826806297288, 'c21': 30.95202051258711}. Best is trial 0 with value: 24.174266889037675.[0m
[32m[I 2025-10-19 08:03:30,095][0m Trial 3 finished with value: 43.49353054628353 and parameters: {'c0': 161.54611872246807, 'c1': 65.5340125537889, 'c2': 3.393571965926127, 'c3': 8.524904662599312, 'c4': 31.130802853655915, 'c5': 23.86472532644251, 'c6': 1.756073784769359, 'c7': 0.3153557860081452, 'c8': 17.781116516008616, 'c9': 5.728674837662017, 'c10': -14.655559721797783, 'c11': 15.78834970984698, 'c12': 4.32971260379154, 'c13': 3.1772691522087313, 'c14': 14.60572637728648, 'c15': 36.78268343582582, 'c16': 15.854901373229856, 'c17': 1.7945982537066387, 'c18': 0.02070509964384512, 'c19': 23.394512999412285, 'c20': 1.354900541093687, 'c21': 37.72631043663768}. Best is trial 0 with value: 24.174266889037675.[0m
[32m[I 2025-10-19 08:10:11,228][0m Trial 4 finished with value: 22.004797692623534 and parameters: {'c0': 161.51879298120159, 'c1': 69.14411604382866, 'c2': 2.2046000469835305, 'c3': 10.063799507439425, 'c4': 25.064935796838512, 'c5': 30.603576788634676, 'c6': 2.058099229800273, 'c7': 0.2347466739941424, 'c8': 22.71729879128977, 'c9': 7.200476199320697, 'c10': -23.711010281809035, 'c11': 18.188855191790008, 'c12': 3.48524826751584, 'c13': 2.8832708706212866, 'c14': 14.622413105537802, 'c15': 31.997170299947147, 'c16': 17.003739449891107, 'c17': 2.072424798476136, 'c18': 0.017599057855358032, 'c19': 23.73285776609555, 'c20': 1.5471601167913362, 'c21': 38.23931006169008}. Best is trial 4 with value: 22.004797692623534.[0m
[32m[I 2025-10-19 08:16:45,477][0m Trial 5 finished with value: 32.99935987577079 and parameters: {'c0': 167.15451588390619, 'c1': 55.74207416087623, 'c2': 2.442345349642724, 'c3': 8.947466061965407, 'c4': 21.503029394395135, 'c5': 36.00035563015757, 'c6': 2.119297464964201, 'c7': 0.24168698582979642, 'c8': 21.198408199214057, 'c9': 7.092782756026065, 'c10': -22.60966382555762, 'c11': 19.051027926778204, 'c12': 3.689123624152143, 'c13': 2.512765209586446, 'c14': 14.091252513998338, 'c15': 31.4872913471221, 'c16': 17.09018424384196, 'c17': 1.9397341007345346, 'c18': 0.018461338446900847, 'c19': 23.517693531487474, 'c20': 1.649076841178275, 'c21': 30.90838283299799}. Best is trial 4 with value: 22.004797692623534.[0m
[32m[I 2025-10-19 08:23:43,050][0m Trial 6 finished with value: 42.676671852202695 and parameters: {'c0': 160.42808778985125, 'c1': 75.16498295425205, 'c2': 2.677723083913844, 'c3': 9.623755190193863, 'c4': 28.944493377544497, 'c5': 30.992320326391077, 'c6': 2.255923607712048, 'c7': 0.24125575383633502, 'c8': 22.31342331490145, 'c9': 8.211388033620963, 'c10': -22.863982025063876, 'c11': 16.207991324520155, 'c12': 4.0016268207014685, 'c13': 3.3357521096281917, 'c14': 15.030954810590087, 'c15': 37.610557080388325, 'c16': 15.7984362246114, 'c17': 2.1724311928998103, 'c18': 0.018171645873865425, 'c19': 20.923721821226348, 'c20': 1.4200070917365788, 'c21': 38.15526581998813}. Best is trial 4 with value: 22.004797692623534.[0m
[32m[I 2025-10-19 08:30:03,680][0m Trial 7 finished with value: 27.874324695709547 and parameters: {'c0': 167.66329416953462, 'c1': 70.4711934832066, 'c2': 2.0841776088832393, 'c3': 10.173227814814316, 'c4': 30.645757612417007, 'c5': 25.198992964969253, 'c6': 2.6293416984839197, 'c7': 0.23988326724140577, 'c8': 21.8950255185096, 'c9': 7.060780566409446, 'c10': -22.906420762124508, 'c11': 16.764515233377317, 'c12': 3.169506205802198, 'c13': 2.591808208475256, 'c14': 11.229304845039692, 'c15': 34.21078059881258, 'c16': 17.589275245415916, 'c17': 1.5542984422104982, 'c18': 0.017483629197606834, 'c19': 24.205345773122538, 'c20': 1.5638205042247433, 'c21': 32.57707631926791}. Best is trial 4 with value: 22.004797692623534.[0m
[32m[I 2025-10-19 08:36:51,867][0m Trial 8 finished with value: 26.13399462772185 and parameters: {'c0': 136.39209075673517, 'c1': 67.58787181439841, 'c2': 2.1448193721704896, 'c3': 10.175374426863385, 'c4': 22.57514239188751, 'c5': 26.327579491018888, 'c6': 1.9833271398979508, 'c7': 0.24142150212701935, 'c8': 22.130102438929516, 'c9': 7.30109881763464, 'c10': -18.127645799743103, 'c11': 19.94160476942216, 'c12': 3.579374353132425, 'c13': 3.4680405108165377, 'c14': 14.081611910985847, 'c15': 39.579220039330735, 'c16': 15.875474322594268, 'c17': 2.345834160745874, 'c18': 0.020027065733933626, 'c19': 22.803058252728515, 'c20': 1.4719651025124596, 'c21': 30.29895706615264}. Best is trial 4 with value: 22.004797692623534.[0m
[32m[I 2025-10-19 08:44:04,087][0m Trial 9 finished with value: 35.42036093088674 and parameters: {'c0': 146.12199288583278, 'c1': 70.75388403107571, 'c2': 2.139638726778356, 'c3': 8.684175724730306, 'c4': 26.363289853996076, 'c5': 30.895186631918847, 'c6': 1.714751196222312, 'c7': 0.2706492295892433, 'c8': 20.52671760954587, 'c9': 6.161873376551484, 'c10': -21.061313003724628, 'c11': 13.901583721780112, 'c12': 3.8642346895037436, 'c13': 2.4177360645267463, 'c14': 14.619210192022829, 'c15': 28.26711379925536, 'c16': 13.292781896049789, 'c17': 2.183530530392707, 'c18': 0.020559576543691605, 'c19': 20.917004912986805, 'c20': 1.2645240449443718, 'c21': 37.04012537538106}. Best is trial 4 with value: 22.004797692623534.[0m
[32m[I 2025-10-19 08:50:49,850][0m Trial 10 finished with value: 29.409347778416215 and parameters: {'c0': 182.05633157093575, 'c1': 77.72660974662806, 'c2': 2.2679615162276385, 'c3': 9.351588170858019, 'c4': 22.61852134057568, 'c5': 28.15619355575875, 'c6': 2.1534675343654177, 'c7': 0.2835225422479573, 'c8': 23.049967132218452, 'c9': 7.9063785196505805, 'c10': -21.14638752835012, 'c11': 18.548848542297385, 'c12': 3.3502685693588603, 'c13': 2.5413423252235043, 'c14': 13.175233263268273, 'c15': 30.436637374813742, 'c16': 17.547394798505245, 'c17': 1.6622500922386905, 'c18': 0.018231366446829808, 'c19': 20.40811486470452, 'c20': 1.3754591869883868, 'c21': 38.198941560317465}. Best is trial 4 with value: 22.004797692623534.[0m
