[32m[I 2025-10-17 03:06:41,716][0m Trial 59 finished with value: 385.22022659897857 and parameters: {'c0': 35.04271603459271, 'c1': 72.40583468494873, 'c2': 22.940752379631476, 'c3': 5.202810881793537, 'c4': 90.58619649474176, 'c5': 22.262895718635068, 'c6': 2.3658434914375635, 'c7': 1.0494606647586886, 'c8': 21.787259156671187, 'c9': 5.241697986372452, 'c10': -10.063436519255212, 'c11': 9.170998886664462, 'c12': 2.246151718016126, 'c13': 2.4946964569330974, 'c14': 4.866178779129307, 'c15': 14.309077882679956, 'c16': 8.683065380518624, 'c17': 0.8566485047005549, 'c18': 0.2470161359124856, 'c19': 4.496276718795424, 'c20': 0.4431942026030859, 'c21': 7.31172657605062}. Best is trial 37 with value: 35.878393572354454.[0m
[32m[I 2025-10-17 03:11:35,418][0m Trial 60 finished with value: 118.61229110788395 and parameters: {'c0': 17.309096531510093, 'c1': 88.76371869513633, 'c2': 9.415559872571354, 'c3': 3.661238815826179, 'c4': 56.13801465823854, 'c5': 29.557547071205878, 'c6': 1.6678219311141633, 'c7': 0.5094196866846619, 'c8': 19.96406586838977, 'c9': 4.418133223391268, 'c10': -9.34894924159341, 'c11': 9.15636221984566, 'c12': 1.9796415632691566, 'c13': 2.4972877421647333, 'c14': 3.3080884777885506, 'c15': 20.65003035992055, 'c16': 11.521847118115806, 'c17': 1.4433198608803346, 'c18': 0.5189702251963138, 'c19': 4.131024469372496, 'c20': 1.1499047114706187, 'c21': 3.7918128050304447}. Best is trial 37 with value: 35.878393572354454.[0m
[32m[I 2025-10-17 03:18:20,791][0m Trial 61 finished with value: 132.71192627719603 and parameters: {'c0': 31.212016410823352, 'c1': 109.16083826924164, 'c2': 16.400749214090144, 'c3': 6.67732422848633, 'c4': 69.13366333531428, 'c5': 22.76069538115645, 'c6': 1.9174062917849484, 'c7': 0.9676029116792446, 'c8': 23.345149701082146, 'c9': 5.1076906233667785, 'c10': -8.418566809661527, 'c11': 11.385364304600973, 'c12': 5.9960982453266, 'c13': 2.5142417155340753, 'c14': 5.165254200920245, 'c15': 15.329556153228173, 'c16': 14.42176220778709, 'c17': 1.5013040794926331, 'c18': 0.2557575130913002, 'c19': 3.5316475518542645, 'c20': 1.0752644831937295, 'c21': 6.763512357815657}. Best is trial 37 with value: 35.878393572354454.[0m
[32m[I 2025-10-17 03:23:15,195][0m Trial 62 finished with value: 92.7330702836751 and parameters: {'c0': 44.29133198869441, 'c1': 102.06922016067682, 'c2': 23.080970735913944, 'c3': 3.6665219515634995, 'c4': 81.47240050637583, 'c5': 15.385373540523204, 'c6': 2.102996705782805, 'c7': 0.9918689407460475, 'c8': 14.611479135264494, 'c9': 5.494505603176501, 'c10': -8.17107321582982, 'c11': 12.341630164160854, 'c12': 6.7323002779012935, 'c13': 1.9044898286948595, 'c14': 4.126318783073659, 'c15': 13.847214280846535, 'c16': 14.76601536175831, 'c17': 0.6956370952136168, 'c18': 0.2685961845473649, 'c19': 4.938100359772572, 'c20': 0.8860719226969038, 'c21': 6.5152899538766444}. Best is trial 37 with value: 35.878393572354454.[0m
[32m[I 2025-10-17 03:28:01,595][0m Trial 63 finished with value: 139.43619515161132 and parameters: {'c0': 30.03145244496308, 'c1': 123.29485622422102, 'c2': 16.28490882732843, 'c3': 5.302659736109755, 'c4': 101.78865021873597, 'c5': 21.653521011357217, 'c6': 3.0316017201891055, 'c7': 1.2400385001215517, 'c8': 15.469858896149349, 'c9': 5.629280386332233, 'c10': -9.53382040567378, 'c11': 7.8768252822308815, 'c12': 3.168187534607955, 'c13': 2.3568183913479435, 'c14': 3.8797715600614042, 'c15': 11.777276366697752, 'c16': 13.511355790832193, 'c17': 1.103053681744022, 'c18': 0.5493806370532075, 'c19': 3.5609143063879474, 'c20': 0.9852115378443527, 'c21': 7.147081947754232}. Best is trial 37 with value: 35.878393572354454.[0m
[32m[I 2025-10-17 03:33:44,390][0m Trial 64 finished with value: 38.23018311151597 and parameters: {'c0': 28.02140188253606, 'c1': 85.01031803436953, 'c2': 14.659254008181787, 'c3': 4.563340147412217, 'c4': 61.732468073869775, 'c5': 26.847364030745698, 'c6': 2.5612886121889744, 'c7': 0.8727168700046516, 'c8': 19.05469459922844, 'c9': 4.605490557125792, 'c10': -11.4485336963368, 'c11': 10.83491859065552, 'c12': 4.742042537272485, 'c13': 2.1390320019866405, 'c14': 5.016639817810963, 'c15': 15.310561383146588, 'c16': 10.844972359302005, 'c17': 0.9930273822511796, 'c18': 0.47421464210026, 'c19': 4.813540293472471, 'c20': 0.9898058533160073, 'c21': 7.313082823159024}. Best is trial 37 with value: 35.878393572354454.[0m
[32m[I 2025-10-17 03:52:45,401][0m Trial 65 finished with value: 216.03526648224914 and parameters: {'c0': 21.228657402902087, 'c1': 80.87721059687082, 'c2': 14.784407298469361, 'c3': 4.684087599893085, 'c4': 64.1578054337423, 'c5': 14.587995786480231, 'c6': 2.3606290391858216, 'c7': 0.5349598660271131, 'c8': 20.664038182935084, 'c9': 5.218926806555016, 'c10': -10.716050804029903, 'c11': 13.315544265581991, 'c12': 6.484899660536821, 'c13': 2.0490648394837208, 'c14': 3.575752292627088, 'c15': 14.488888675998288, 'c16': 14.864603072554008, 'c17': 1.1083402486205391, 'c18': 0.7100908395040498, 'c19': 3.9537129850640857, 'c20': 0.8464374462553592, 'c21': 6.974047563177792}. Best is trial 37 with value: 35.878393572354454.[0m
[32m[I 2025-10-17 03:57:37,446][0m Trial 66 finished with value: 179.07588715057844 and parameters: {'c0': 28.11633184320133, 'c1': 99.09868324944625, 'c2': 17.811246032024105, 'c3': 4.314512186270601, 'c4': 71.06649456470213, 'c5': 20.65720313624449, 'c6': 2.661213066354428, 'c7': 0.6611517868340634, 'c8': 16.109561134346478, 'c9': 3.9008411814275585, 'c10': -11.152105136048803, 'c11': 11.989046655523639, 'c12': 5.824138129216273, 'c13': 2.3855565255726408, 'c14': 4.958618947919506, 'c15': 21.50759898539991, 'c16': 13.358000290237754, 'c17': 0.9269312955984976, 'c18': 0.31543683849770177, 'c19': 4.8094368377992875, 'c20': 1.2777032876854548, 'c21': 7.153834999074872}. Best is trial 37 with value: 35.878393572354454.[0m
[32m[I 2025-10-17 04:02:20,424][0m Trial 67 finished with value: 121.7864764790254 and parameters: {'c0': 48.04143444803821, 'c1': 58.75730300061318, 'c2': 7.2476421652008085, 'c3': 4.3573852267930615, 'c4': 87.18909684149196, 'c5': 24.967619142874305, 'c6': 1.9092694684646931, 'c7': 0.7794040635983076, 'c8': 18.204575181731908, 'c9': 3.9478649162847, 'c10': -8.28665945373979, 'c11': 11.787775715433266, 'c12': 3.9651849680501114, 'c13': 2.7663227807081414, 'c14': 4.109688846951931, 'c15': 11.876227533577694, 'c16': 12.88729580513128, 'c17': 1.6106594650016008, 'c18': 0.6761981177723548, 'c19': 4.718720327126994, 'c20': 1.2023117769465865, 'c21': 4.3853796590542125}. Best is trial 37 with value: 35.878393572354454.[0m
[32m[I 2025-10-17 04:07:15,633][0m Trial 68 finished with value: 89.61337395438777 and parameters: {'c0': 30.586600834311636, 'c1': 82.24125713400838, 'c2': 10.550944702276245, 'c3': 5.010790649209489, 'c4': 63.46266298303611, 'c5': 37.02987377551922, 'c6': 2.943367557485168, 'c7': 1.0566866066994454, 'c8': 21.333694533094004, 'c9': 3.8359556799186247, 'c10': -11.809896939875975, 'c11': 11.167829417637087, 'c12': 4.941516843664118, 'c13': 1.8578954435583002, 'c14': 4.436333692161006, 'c15': 13.37543726132715, 'c16': 9.297015343931701, 'c17': 1.0657944055783812, 'c18': 0.28629661115407934, 'c19': 3.4569559300252197, 'c20': 1.0577130902056024, 'c21': 4.6719925200656505}. Best is trial 37 with value: 35.878393572354454.[0m
[32m[I 2025-10-17 04:27:09,526][0m Trial 69 finished with value: 200.7485332919197 and parameters: {'c0': 29.38030002289987, 'c1': 77.07529932708438, 'c2': 11.456449935637051, 'c3': 4.012471012446396, 'c4': 53.45303690378799, 'c5': 29.355294682064155, 'c6': 3.089067303091535, 'c7': 0.8187746427441042, 'c8': 22.043122220310938, 'c9': 3.6849011874486304, 'c10': -11.392431501961118, 'c11': 11.229602323982153, 'c12': 4.926002550693573, 'c13': 1.7756712413101003, 'c14': 4.240128474662716, 'c15': 16.896922661108608, 'c16': 12.306769868214294, 'c17': 1.2613005852449422, 'c18': 0.43775737070063925, 'c19': 3.9830803443330174, 'c20': 0.5751238836900006, 'c21': 7.23999713601941}. Best is trial 37 with value: 35.878393572354454.[0m
[32m[I 2025-10-17 04:32:11,336][0m Trial 70 finished with value: 86.76666839991726 and parameters: {'c0': 32.43899698698836, 'c1': 80.78631407904409, 'c2': 10.959125268395754, 'c3': 5.707003210271218, 'c4': 62.40371710658604, 'c5': 26.702726826137727, 'c6': 1.2365060020542957, 'c7': 1.0117718323184852, 'c8': 10.037015742512715, 'c9': 4.749169806540817, 'c10': -11.781499621646862, 'c11': 8.84774427856699, 'c12': 5.2475783919897925, 'c13': 2.2556476302868163, 'c14': 4.72333756745742, 'c15': 10.677178836249997, 'c16': 8.920313594346544, 'c17': 0.7967318888212922, 'c18': 0.6561799233711813, 'c19': 5.037589335251195, 'c20': 1.0261175854936277, 'c21': 7.022409721913999}. Best is trial 37 with value: 35.878393572354454.[0m
[32m[I 2025-10-17 04:37:30,700][0m Trial 71 finished with value: 52.52560435401039 and parameters: {'c0': 40.45285044983408, 'c1': 122.84228669480885, 'c2': 14.433211774002997, 'c3': 4.03245034135761, 'c4': 74.01247452017589, 'c5': 22.870608069654875, 'c6': 2.220578401226252, 'c7': 0.7886939957675694, 'c8': 19.87669866326077, 'c9': 3.3713303621749877, 'c10': -8.008481431149967, 'c11': 5.49164273786739, 'c12': 4.133722768116785, 'c13': 2.897743604181674, 'c14': 4.333063615219584, 'c15': 15.203074403299906, 'c16': 14.974247368396032, 'c17': 1.2821080043559743, 'c18': 0.603692824154187, 'c19': 3.4246575764748153, 'c20': 1.1982238350782952, 'c21': 5.9250129772212405}. Best is trial 37 with value: 35.878393572354454.[0m
[32m[I 2025-10-17 04:43:31,272][0m Trial 72 finished with value: 103.86607191201885 and parameters: {'c0': 39.505180086385046, 'c1': 63.32668603994706, 'c2': 16.5757572925553, 'c3': 3.462337487198919, 'c4': 60.29286242737444, 'c5': 21.610191311780195, 'c6': 1.8384501995565914, 'c7': 0.8275594496909321, 'c8': 22.854786256986944, 'c9': 3.6096911514063996, 'c10': -6.751717363752482, 'c11': 5.405480809078439, 'c12': 3.3758807886876685, 'c13': 2.8675321463129966, 'c14': 4.992562189799506, 'c15': 17.773137015333077, 'c16': 13.919942363317492, 'c17': 1.2513596194610508, 'c18': 0.784509118430353, 'c19': 3.3911929265248593, 'c20': 1.0575697210898019, 'c21': 5.19828868679049}. Best is trial 37 with value: 35.878393572354454.[0m
[32m[I 2025-10-17 04:48:45,096][0m Trial 73 finished with value: 153.10633615285968 and parameters: {'c0': 40.87916397781368, 'c1': 136.86386997780863, 'c2': 12.774938921320786, 'c3': 2.8472316449900834, 'c4': 46.59862177200311, 'c5': 20.545369794887062, 'c6': 2.312896640505323, 'c7': 0.5886408625423217, 'c8': 22.409211212801793, 'c9': 3.318082980808148, 'c10': -8.38184996493209, 'c11': 6.305650158976594, 'c12': 2.7865389668614466, 'c13': 2.3250286605558905, 'c14': 4.057251197833303, 'c15': 16.653968509552648, 'c16': 15.017479205977738, 'c17': 1.4466049909641459, 'c18': 0.5405199224860169, 'c19': 3.439019696073295, 'c20': 1.2524271851640345, 'c21': 6.424579165983558}. Best is trial 37 with value: 35.878393572354454.[0m
[32m[I 2025-10-17 04:53:49,580][0m Trial 74 finished with value: 123.23559495440855 and parameters: {'c0': 24.402230517541565, 'c1': 68.25454331181892, 'c2': 16.034360483979675, 'c3': 4.353404933042611, 'c4': 76.08827832387138, 'c5': 23.000684992062247, 'c6': 2.525309258973918, 'c7': 1.2942399603370023, 'c8': 19.61124212874139, 'c9': 5.283918801558602, 'c10': -11.672711783365754, 'c11': 15.13228874993752, 'c12': 4.266032841337561, 'c13': 2.146036407324245, 'c14': 5.06074964241624, 'c15': 8.95222410743438, 'c16': 10.908749020452468, 'c17': 1.151022324806083, 'c18': 0.45972518080183533, 'c19': 4.418571086859945, 'c20': 0.8931422696695385, 'c21': 7.352193542515325}. Best is trial 37 with value: 35.878393572354454.[0m
[32m[I 2025-10-17 04:58:34,150][0m Trial 75 finished with value: 151.6992793466471 and parameters: {'c0': 39.99091267737706, 'c1': 108.38886443015966, 'c2': 15.401424568309357, 'c3': 4.0863631674560095, 'c4': 82.04516504672839, 'c5': 34.872939020526786, 'c6': 2.053546930392307, 'c7': 1.03630698345378, 'c8': 18.203823215221675, 'c9': 2.9296158888154973, 'c10': -7.1349697446259865, 'c11': 5.212211244324441, 'c12': 5.955073505403052, 'c13': 2.9041019336574245, 'c14': 4.063723854807865, 'c15': 14.51842595749976, 'c16': 13.408968850059312, 'c17': 0.8634595890960772, 'c18': 0.5517551195399074, 'c19': 3.0867524207318664, 'c20': 1.130553668376683, 'c21': 5.541478002233905}. Best is trial 37 with value: 35.878393572354454.[0m
[32m[I 2025-10-17 05:03:20,738][0m Trial 76 finished with value: 123.84025695417786 and parameters: {'c0': 42.12718840063847, 'c1': 141.474234519586, 'c2': 13.465393813989023, 'c3': 5.162914904859656, 'c4': 92.22480599090127, 'c5': 12.566255540305367, 'c6': 2.567777107460612, 'c7': 0.5665630970336144, 'c8': 16.20975714165746, 'c9': 2.5078459449782375, 'c10': -8.663499836358376, 'c11': 7.2833120415943995, 'c12': 4.194739969424434, 'c13': 2.9886241902130903, 'c14': 3.9412458980378102, 'c15': 10.720220199599787, 'c16': 13.458809979096872, 'c17': 1.3336757713570324, 'c18': 0.6271757272939653, 'c19': 4.015993022823489, 'c20': 1.2668773140021583, 'c21': 5.83007178068934}. Best is trial 37 with value: 35.878393572354454.[0m
[32m[I 2025-10-17 05:09:27,235][0m Trial 77 finished with value: 171.38836023979937 and parameters: {'c0': 47.310129422604106, 'c1': 102.7323213096074, 'c2': 19.675155674214363, 'c3': 6.266531779601628, 'c4': 102.92041138838002, 'c5': 36.99117781395296, 'c6': 2.2978389476813885, 'c7': 1.3233681657016954, 'c8': 19.767971170391, 'c9': 3.818090881927649, 'c10': -9.161677249920468, 'c11': 6.263566438027548, 'c12': 4.494481421640643, 'c13': 1.6737929228615276, 'c14': 4.356040160562654, 'c15': 14.245185989912168, 'c16': 7.667407783590986, 'c17': 0.7752169807093043, 'c18': 0.35555452681865857, 'c19': 4.058062472201072, 'c20': 1.0818855538138537, 'c21': 6.304171784700886}. Best is trial 37 with value: 35.878393572354454.[0m
[32m[I 2025-10-17 05:14:13,097][0m Trial 78 finished with value: 184.98695831333475 and parameters: {'c0': 32.10925924800247, 'c1': 82.38491825957145, 'c2': 17.94621681503654, 'c3': 4.086183026917189, 'c4': 50.03142404244886, 'c5': 29.807051296182095, 'c6': 2.620376827766464, 'c7': 1.155717441124846, 'c8': 19.798593042407095, 'c9': 3.6159458916096177, 'c10': -9.011149528323616, 'c11': 10.13029760263341, 'c12': 5.142306793208551, 'c13': 1.4529287840049694, 'c14': 4.2629357538444514, 'c15': 16.787531267457197, 'c16': 11.916470966165, 'c17': 1.0085010346298886, 'c18': 0.6885668794999034, 'c19': 4.681596876802054, 'c20': 1.260301870222721, 'c21': 6.449206541420142}. Best is trial 37 with value: 35.878393572354454.[0m
[32m[I 2025-10-17 05:19:16,100][0m Trial 79 finished with value: 70.73974994695128 and parameters: {'c0': 27.357697247868966, 'c1': 66.56381152746933, 'c2': 8.690725143764862, 'c3': 6.4637682065731505, 'c4': 130.29199699900653, 'c5': 33.62474359358151, 'c6': 1.689222030093703, 'c7': 0.9650574249233652, 'c8': 20.929866822663737, 'c9': 4.7135383121483665, 'c10': -10.6868619454726, 'c11': 6.203136253456804, 'c12': 3.433613817429234, 'c13': 1.811253221921629, 'c14': 4.808095904170662, 'c15': 21.596661231796748, 'c16': 11.690732382771564, 'c17': 1.1755235262305035, 'c18': 0.2494181482688423, 'c19': 4.326688403984437, 'c20': 0.9417934408853228, 'c21': 6.234829171864757}. Best is trial 37 with value: 35.878393572354454.[0m
[32m[I 2025-10-17 05:19:16,128][0m A new study created in memory with name: no-name-313fbdb1-5a63-485e-bf80-4d0805e626a4[0m
[32m[I 2025-10-17 05:25:09,042][0m Trial 0 finished with value: 83.22423964983003 and parameters: {'c0': 38.6041760539897, 'c1': 117.25990052407974, 'c2': 12.646404888898822, 'c3': 4.585780436952355, 'c4': 49.66764439582352, 'c5': 21.54353006352943, 'c6': 1.8205808878419298, 'c7': 0.8617764284217537, 'c8': 17.19132216227287, 'c9': 5.0270372985229965, 'c10': -11.060513244675764, 'c11': 7.533096168299491, 'c12': 3.2276749765028603, 'c13': 2.7874604517375365, 'c14': 3.476929399470696, 'c15': 15.754550347776481, 'c16': 9.957563097461264, 'c17': 1.1156595728640082, 'c18': 0.2615707171563289, 'c19': 3.6993868349188577, 'c20': 1.0131185827315634, 'c21': 8.472519261235574}. Best is trial 0 with value: 83.22423964983003.[0m
[32m[I 2025-10-17 05:32:12,063][0m Trial 1 finished with value: 75.22030157702712 and parameters: {'c0': 35.93680685843276, 'c1': 115.43841517526306, 'c2': 22.88414981338378, 'c3': 6.547306090876269, 'c4': 47.173848553350034, 'c5': 20.566294877055395, 'c6': 1.7970020271675902, 'c7': 1.1832074838293882, 'c8': 13.7228104077273, 'c9': 4.662030021480456, 'c10': -7.477963461428696, 'c11': 6.885056006375857, 'c12': 4.450303477682626, 'c13': 1.987523031045439, 'c14': 5.542052461996766, 'c15': 17.23004720360493, 'c16': 7.3080855559481535, 'c17': 1.2458218279160476, 'c18': 0.44308216569903736, 'c19': 5.288624563530153, 'c20': 0.7331891867772957, 'c21': 7.7330082040272625}. Best is trial 1 with value: 75.22030157702712.[0m
[32m[I 2025-10-17 05:39:48,832][0m Trial 2 finished with value: 70.8972226856592 and parameters: {'c0': 30.52476158155, 'c1': 99.53862413451296, 'c2': 23.26042494178295, 'c3': 4.556906283738941, 'c4': 55.36630169545099, 'c5': 22.23477138020016, 'c6': 1.5810676416181089, 'c7': 1.0629190084909643, 'c8': 15.039466850266713, 'c9': 4.179646925023889, 'c10': -10.579164631943007, 'c11': 4.840183758926843, 'c12': 4.154922298150598, 'c13': 1.7475325421939494, 'c14': 5.237521461687476, 'c15': 16.017824231905266, 'c16': 7.866153647974412, 'c17': 1.017328804037557, 'c18': 0.3800890501894107, 'c19': 4.323675750029173, 'c20': 0.6091818752166736, 'c21': 6.6860916758051445}. Best is trial 2 with value: 70.8972226856592.[0m
[32m[I 2025-10-17 05:44:44,400][0m Trial 3 finished with value: 80.27365592623472 and parameters: {'c0': 44.95791687640503, 'c1': 103.89659894999238, 'c2': 23.68101352667786, 'c3': 5.527083915765766, 'c4': 80.24403977102313, 'c5': 22.37133485062586, 'c6': 1.7531530105570132, 'c7': 1.140506740718929, 'c8': 17.201891590044983, 'c9': 3.8689574793284085, 'c10': -7.68000963185175, 'c11': 6.094901828734923, 'c12': 4.598132615637247, 'c13': 2.5711688576869562, 'c14': 6.158679164499279, 'c15': 15.33394182059631, 'c16': 12.17292350649831, 'c17': 0.9730307242603777, 'c18': 0.28928301227672404, 'c19': 5.715416760005256, 'c20': 0.8126255602013314, 'c21': 8.45838233844328}. Best is trial 2 with value: 70.8972226856592.[0m
[32m[I 2025-10-17 05:50:15,092][0m Trial 4 finished with value: 43.10179673921583 and parameters: {'c0': 44.94882426769635, 'c1': 110.84422844404654, 'c2': 13.98567550602129, 'c3': 6.7290692645557835, 'c4': 61.91832018917351, 'c5': 30.457797738852506, 'c6': 2.1390022832341455, 'c7': 0.7962726535498794, 'c8': 23.079620757685635, 'c9': 5.135144126704633, 'c10': -13.82924524261664, 'c11': 7.242968952067521, 'c12': 3.534175998478717, 'c13': 2.2883054622429864, 'c14': 6.166938261752763, 'c15': 12.939446360268299, 'c16': 13.21934223336335, 'c17': 1.1596263170743084, 'c18': 0.23492276345523116, 'c19': 5.812351887042714, 'c20': 0.9540189237688412, 'c21': 8.592593370981078}. Best is trial 4 with value: 43.10179673921583.[0m
[32m[I 2025-10-17 05:55:19,287][0m Trial 5 finished with value: 94.16376290723046 and parameters: {'c0': 32.30427664603144, 'c1': 79.32423917065175, 'c2': 23.54082268278857, 'c3': 5.89225933679602, 'c4': 46.40427065774104, 'c5': 33.70535810336065, 'c6': 2.6351826912263094, 'c7': 1.2102953031875998, 'c8': 20.849713013884102, 'c9': 3.7415613931639458, 'c10': -13.71612283027943, 'c11': 4.724466479081097, 'c12': 2.7858410766778254, 'c13': 1.8889820858153137, 'c14': 6.085744471083443, 'c15': 14.571367252213651, 'c16': 10.857399802532234, 'c17': 1.308291840209816, 'c18': 0.25810218687517394, 'c19': 3.933648369262114, 'c20': 0.8974533171248106, 'c21': 8.47803173750174}. Best is trial 4 with value: 43.10179673921583.[0m
[32m[I 2025-10-17 06:00:29,060][0m Trial 6 finished with value: 97.9897940161731 and parameters: {'c0': 42.31200553480922, 'c1': 71.61672054954923, 'c2': 21.999067263237578, 'c3': 4.356075838207527, 'c4': 76.35264739108334, 'c5': 26.963460369297717, 'c6': 2.7925670020625337, 'c7': 1.104131977681826, 'c8': 19.044857296503224, 'c9': 3.7793438974200875, 'c10': -13.449856144672546, 'c11': 5.129911736579424, 'c12': 2.8265900801149497, 'c13': 1.6917469029106933, 'c14': 4.098307831401998, 'c15': 16.136744537420356, 'c16': 10.903182759947647, 'c17': 0.7443649923448514, 'c18': 0.24693540880652834, 'c19': 5.921676077167252, 'c20': 0.8879526167420873, 'c21': 5.311856372808318}. Best is trial 4 with value: 43.10179673921583.[0m
[32m[I 2025-10-17 06:05:41,722][0m Trial 7 finished with value: 92.5627065848134 and parameters: {'c0': 34.36368428347507, 'c1': 118.78863314756339, 'c2': 14.928321805267576, 'c3': 5.509875144428409, 'c4': 82.93610514608523, 'c5': 35.381023227115946, 'c6': 1.8974858990021288, 'c7': 0.9512255483448651, 'c8': 19.78541567833014, 'c9': 5.926815003603505, 'c10': -12.805605017068727, 'c11': 4.691927775042851, 'c12': 2.890478228670525, 'c13': 2.230417547639935, 'c14': 5.290860542808585, 'c15': 14.841198280607006, 'c16': 9.293943650115082, 'c17': 1.407949302487517, 'c18': 0.35556127411184957, 'c19': 4.225333354319888, 'c20': 0.8787244567463584, 'c21': 7.551438589507004}. Best is trial 4 with value: 43.10179673921583.[0m
[32m[I 2025-10-17 06:21:36,182][0m Trial 8 finished with value: 96.02883606627208 and parameters: {'c0': 45.09793734111511, 'c1': 87.63640794868758, 'c2': 13.420075650290844, 'c3': 4.810163966697075, 'c4': 69.18433364089228, 'c5': 23.704653875324873, 'c6': 2.63357443652122, 'c7': 0.6933758902271299, 'c8': 15.60535053425658, 'c9': 5.851690920677198, 'c10': -12.561914307960656, 'c11': 7.338077417136008, 'c12': 4.0308915432915615, 'c13': 2.8538475571252793, 'c14': 4.21607615495714, 'c15': 10.321087204962843, 'c16': 12.067503429828122, 'c17': 1.2608016700274876, 'c18': 0.42574440914912615, 'c19': 5.819675498344843, 'c20': 0.5898123287545601, 'c21': 5.440225300679469}. Best is trial 4 with value: 43.10179673921583.[0m
