[32m[I 2025-10-19 19:41:03,951][0m Trial 23 finished with value: 15.786330206086834 and parameters: {'c0': 180.5524444458084, 'c1': 84.64891821303995, 'c2': 2.830864719239507, 'c3': 9.679977482953536, 'c4': 22.61900381727974, 'c5': 44.33210790029687, 'c6': 3.3235481638595132, 'c7': 0.18334718328176908, 'c8': 25.304413713791188, 'c9': 10.965767667627905, 'c10': -26.721558321093134, 'c11': 18.969408708079662, 'c12': 4.32504656701774, 'c13': 4.579871074067388, 'c14': 15.538802174902223, 'c15': 27.17363222781361, 'c16': 13.957027401491937, 'c17': 2.078640821089848, 'c18': 0.017400660198196326, 'c19': 25.950385679105445, 'c20': 1.9573190468997068, 'c21': 36.36850131392458}. Best is trial 23 with value: 15.786330206086834.[0m
[32m[I 2025-10-19 19:46:06,706][0m Trial 24 finished with value: 74.19011634374573 and parameters: {'c0': 202.944554567817, 'c1': 80.86273630455042, 'c2': 2.651235565646104, 'c3': 9.582543938255665, 'c4': 28.967689762997644, 'c5': 43.06834926333014, 'c6': 3.3477459285181035, 'c7': 0.1974662787466765, 'c8': 24.185841662360488, 'c9': 8.918566915698596, 'c10': -25.423082794472005, 'c11': 15.512632437198844, 'c12': 3.8435002817352197, 'c13': 4.142019063350641, 'c14': 21.943737172901145, 'c15': 35.22311330260007, 'c16': 11.341475756924638, 'c17': 1.8566870950416474, 'c18': 0.016895853754004167, 'c19': 23.04470797012672, 'c20': 1.5871279112191845, 'c21': 33.02198754843189}. Best is trial 23 with value: 15.786330206086834.[0m
[32m[I 2025-10-19 19:46:06,758][0m A new study created in memory with name: no-name-43b7e592-dc2a-400e-88ac-6c84da512078[0m
[32m[I 2025-10-19 19:51:17,887][0m Trial 0 finished with value: 18.378527978019005 and parameters: {'c0': 172.80760826422653, 'c1': 94.29009658287748, 'c2': 2.0993287428195146, 'c3': 8.690842909366307, 'c4': 18.48858275025229, 'c5': 34.98959074711074, 'c6': 2.784512498158822, 'c7': 0.168709312266156, 'c8': 23.954025129759557, 'c9': 11.185808843390943, 'c10': -27.837775111255464, 'c11': 20.78570387510381, 'c12': 3.664255184362354, 'c13': 5.475083047870045, 'c14': 11.742431752237957, 'c15': 29.56824467913504, 'c16': 13.360378087369803, 'c17': 2.141705794510843, 'c18': 0.014165862625801273, 'c19': 21.90042587527049, 'c20': 2.2616214207736878, 'c21': 45.172092201184526}. Best is trial 0 with value: 18.378527978019005.[0m
[32m[I 2025-10-19 19:57:29,477][0m Trial 1 finished with value: 38.17305435707442 and parameters: {'c0': 163.13819901337519, 'c1': 93.06476255813703, 'c2': 3.381675128997074, 'c3': 11.654602736271467, 'c4': 17.766998966560802, 'c5': 33.76846724394492, 'c6': 2.7562845076760465, 'c7': 0.21918781555581274, 'c8': 20.050373416995996, 'c9': 10.51854892554812, 'c10': -20.396443413122444, 'c11': 19.29463335602674, 'c12': 4.754049133648948, 'c13': 4.143095088069099, 'c14': 17.036914783584386, 'c15': 31.874227664554915, 'c16': 10.481457148873933, 'c17': 2.347432620132144, 'c18': 0.021798071842411348, 'c19': 29.279520764549183, 'c20': 1.7351656936161213, 'c21': 41.80712150375261}. Best is trial 0 with value: 18.378527978019005.[0m
[32m[I 2025-10-19 20:03:31,642][0m Trial 2 finished with value: 62.56092680258224 and parameters: {'c0': 143.51913737260753, 'c1': 82.36879129427204, 'c2': 3.428806118748262, 'c3': 8.647215615907957, 'c4': 20.137498281424147, 'c5': 35.8533449690514, 'c6': 2.4977735531230865, 'c7': 0.20029735025718742, 'c8': 21.53221016450143, 'c9': 9.63671745106806, 'c10': -26.837963550637273, 'c11': 14.589602861621362, 'c12': 4.490760144494417, 'c13': 3.7434832767597137, 'c14': 16.25616992488126, 'c15': 29.9797027550423, 'c16': 11.087853651606048, 'c17': 1.9862899489304169, 'c18': 0.019149331828293547, 'c19': 24.799103058670404, 'c20': 1.5019484598277562, 'c21': 37.04337469322691}. Best is trial 0 with value: 18.378527978019005.[0m
[32m[I 2025-10-19 20:08:36,757][0m Trial 3 finished with value: 63.26020128006044 and parameters: {'c0': 195.84038542462514, 'c1': 85.30045079064843, 'c2': 3.4814876668709944, 'c3': 10.113101868790283, 'c4': 27.33591126476285, 'c5': 36.023990547228344, 'c6': 2.7037896208086125, 'c7': 0.2124819619510994, 'c8': 23.965920538437782, 'c9': 9.068754489646784, 'c10': -20.816114503105943, 'c11': 17.476573814302192, 'c12': 4.885817123611348, 'c13': 5.114932626563004, 'c14': 18.61779859255277, 'c15': 28.9108958658396, 'c16': 15.767587572243997, 'c17': 1.916275002354432, 'c18': 0.015331111627610281, 'c19': 31.26118786135629, 'c20': 1.8845595562762, 'c21': 45.107765467345686}. Best is trial 0 with value: 18.378527978019005.[0m
[32m[I 2025-10-19 20:30:20,859][0m Trial 4 finished with value: 22178.024242993255 and parameters: {'c0': 195.80742405020857, 'c1': 89.9742006047138, 'c2': 2.2670813923188557, 'c3': 11.92923712154422, 'c4': 22.033335228055506, 'c5': 46.12858975422188, 'c6': 3.1657181994345214, 'c7': 0.15842240171496003, 'c8': 30.581036517892464, 'c9': 11.383436008183933, 'c10': -33.5887219023532, 'c11': 20.118152441838834, 'c12': 3.9374558817754552, 'c13': 4.643932486734811, 'c14': 18.638972948239505, 'c15': 25.16865421458154, 'c16': 16.904625624465226, 'c17': 2.2111970515244255, 'c18': 0.013045367144804313, 'c19': 31.71127376583499, 'c20': 2.1504742730155186, 'c21': 45.71846112545611}. Best is trial 0 with value: 18.378527978019005.[0m
[32m[I 2025-10-19 20:35:43,421][0m Trial 5 finished with value: 28.9116518460081 and parameters: {'c0': 145.4350647273503, 'c1': 90.62129286452559, 'c2': 2.2529343752705553, 'c3': 8.055736459608644, 'c4': 22.35368742005462, 'c5': 43.23404036814158, 'c6': 2.626895786125835, 'c7': 0.1598307078484135, 'c8': 25.10191923256046, 'c9': 12.550596519878441, 'c10': -24.786558322386224, 'c11': 22.842375295650413, 'c12': 3.9896015215297114, 'c13': 4.1782787529706376, 'c14': 13.631895080508071, 'c15': 29.87006145343408, 'c16': 11.480694414386862, 'c17': 1.6685336116856995, 'c18': 0.014933904588567328, 'c19': 22.140884494860394, 'c20': 2.347559458879528, 'c21': 45.717319634214064}. Best is trial 0 with value: 18.378527978019005.[0m
[32m[I 2025-10-19 20:41:30,766][0m Trial 6 finished with value: 25.60136789604418 and parameters: {'c0': 161.06189512433585, 'c1': 92.44065429677119, 'c2': 2.222114965408027, 'c3': 10.214330129715583, 'c4': 19.097067601576555, 'c5': 36.19778474463635, 'c6': 2.6142522313634964, 'c7': 0.20069490801738665, 'c8': 28.136001307640264, 'c9': 9.356603912020523, 'c10': -25.018797807665404, 'c11': 17.574915709407108, 'c12': 4.574190154501309, 'c13': 4.841861908870343, 'c14': 11.764330207949339, 'c15': 24.334060935911243, 'c16': 11.805183175173745, 'c17': 2.4216782712249616, 'c18': 0.014063864704493495, 'c19': 20.537648418203347, 'c20': 2.0542742162168137, 'c21': 41.61550224789253}. Best is trial 0 with value: 18.378527978019005.[0m
[32m[I 2025-10-19 20:47:21,742][0m Trial 7 finished with value: 28.237033415699862 and parameters: {'c0': 183.46107504601235, 'c1': 80.43154460679376, 'c2': 2.3854196381362893, 'c3': 8.21377680522211, 'c4': 18.916702202395367, 'c5': 39.64462663637473, 'c6': 3.1329954294698332, 'c7': 0.15228443560993737, 'c8': 22.629588923221128, 'c9': 10.012417198119078, 'c10': -29.02000183226364, 'c11': 19.426874740699507, 'c12': 4.618993816467165, 'c13': 4.155910383030387, 'c14': 12.78649026416646, 'c15': 30.57576682754165, 'c16': 14.519254287285015, 'c17': 2.4946072084645916, 'c18': 0.013058012430253185, 'c19': 26.52057036655816, 'c20': 2.156982547372046, 'c21': 45.24601537230054}. Best is trial 0 with value: 18.378527978019005.[0m
[32m[I 2025-10-19 20:52:51,351][0m Trial 8 finished with value: 25.73785998181121 and parameters: {'c0': 148.32357585221277, 'c1': 97.37783051897819, 'c2': 2.5837020244593654, 'c3': 8.786840669942913, 'c4': 17.0041189831401, 'c5': 38.8686638980831, 'c6': 2.761266656751221, 'c7': 0.16711218502252081, 'c8': 19.794514933331683, 'c9': 11.027348937625048, 'c10': -29.973465582868183, 'c11': 21.007884986745342, 'c12': 3.745143629105077, 'c13': 4.704183955531186, 'c14': 11.911226556340383, 'c15': 25.157958590118668, 'c16': 14.4529266534844, 'c17': 2.612986264746225, 'c18': 0.018175222602883394, 'c19': 21.675801991551033, 'c20': 2.292320764045763, 'c21': 42.290811491714166}. Best is trial 0 with value: 18.378527978019005.[0m
[32m[I 2025-10-19 20:59:23,374][0m Trial 9 finished with value: 96.95079536151869 and parameters: {'c0': 163.73481063866876, 'c1': 98.24719347746536, 'c2': 2.2502004691884876, 'c3': 7.187839232135237, 'c4': 20.57523948127298, 'c5': 38.730317095797446, 'c6': 3.0064661683754976, 'c7': 0.21718150452816945, 'c8': 26.185755628285076, 'c9': 13.593709888163025, 'c10': -28.50209111036936, 'c11': 22.827186960846994, 'c12': 4.729378100231193, 'c13': 5.214061513899093, 'c14': 12.906719518791368, 'c15': 33.31452906009309, 'c16': 14.332170200379444, 'c17': 2.021591319417786, 'c18': 0.01582337267737805, 'c19': 23.353764499550977, 'c20': 1.7735178353396177, 'c21': 43.62406956692452}. Best is trial 0 with value: 18.378527978019005.[0m
[32m[I 2025-10-19 21:04:57,695][0m Trial 10 finished with value: 36.42323890554155 and parameters: {'c0': 138.30511547813896, 'c1': 105.394672425886, 'c2': 2.238160812454027, 'c3': 10.01159297268667, 'c4': 20.201171190060947, 'c5': 37.190300730936, 'c6': 3.5522605743562448, 'c7': 0.18275278798900435, 'c8': 24.98019868558386, 'c9': 11.876942389805867, 'c10': -24.236251545197252, 'c11': 22.389357971453464, 'c12': 3.3435750381850213, 'c13': 5.699797170987286, 'c14': 13.552517192669374, 'c15': 31.22513821088182, 'c16': 13.543565007228827, 'c17': 2.25406192799099, 'c18': 0.01505279683812692, 'c19': 21.61293361429768, 'c20': 1.8972876096876248, 'c21': 44.151261023591026}. Best is trial 0 with value: 18.378527978019005.[0m
[32m[I 2025-10-19 21:10:27,055][0m Trial 11 finished with value: 43.61448830626181 and parameters: {'c0': 161.78768223722508, 'c1': 84.70225962922345, 'c2': 2.759033798807744, 'c3': 8.374620091471343, 'c4': 20.63182208515058, 'c5': 35.34637895647638, 'c6': 2.9390117701270464, 'c7': 0.20574597595605104, 'c8': 29.00654743972807, 'c9': 9.829395825447932, 'c10': -27.51936425159038, 'c11': 18.415734311145012, 'c12': 4.11946249996245, 'c13': 4.296350002010154, 'c14': 11.933280273848084, 'c15': 25.117077442973475, 'c16': 10.870213898058635, 'c17': 2.432309983478812, 'c18': 0.01367090727150173, 'c19': 19.299052302941078, 'c20': 2.4492913784305794, 'c21': 42.16006427748411}. Best is trial 0 with value: 18.378527978019005.[0m
[32m[I 2025-10-19 21:16:17,864][0m Trial 12 finished with value: 49.51287987741439 and parameters: {'c0': 148.16290798739306, 'c1': 97.85613076330617, 'c2': 2.14929037486384, 'c3': 11.041897902620237, 'c4': 18.00411326346476, 'c5': 47.08555396148913, 'c6': 2.747266920911461, 'c7': 0.20294233031321968, 'c8': 27.56086765156105, 'c9': 9.121859455007167, 'c10': -28.025561892407847, 'c11': 19.378570935389753, 'c12': 4.624268337330245, 'c13': 5.198209836988902, 'c14': 12.40018203414862, 'c15': 29.067757703491267, 'c16': 12.036505944212065, 'c17': 2.0338581417360238, 'c18': 0.016133194749463113, 'c19': 22.974051573704873, 'c20': 2.288346501472552, 'c21': 41.10014680176307}. Best is trial 0 with value: 18.378527978019005.[0m
[32m[I 2025-10-19 21:23:08,090][0m Trial 13 finished with value: 38.082767218789435 and parameters: {'c0': 145.8447001825839, 'c1': 80.96952487992439, 'c2': 2.3412385715472364, 'c3': 9.294435803509776, 'c4': 17.31564595560421, 'c5': 37.57655015729528, 'c6': 2.6051780395302297, 'c7': 0.1862117508924139, 'c8': 25.088564919357026, 'c9': 9.406162034114535, 'c10': -22.29496912326657, 'c11': 17.675795765393545, 'c12': 5.13246812889935, 'c13': 4.897375801626351, 'c14': 12.74121678869293, 'c15': 24.652551584918978, 'c16': 15.837398255438341, 'c17': 2.4767015573424778, 'c18': 0.013918417144757955, 'c19': 22.19752911614543, 'c20': 1.9500235920284592, 'c21': 43.32193061906087}. Best is trial 0 with value: 18.378527978019005.[0m
[32m[I 2025-10-19 21:28:54,735][0m Trial 14 finished with value: 35.49735041955956 and parameters: {'c0': 151.51736777777884, 'c1': 105.83373187867466, 'c2': 2.8542058141304136, 'c3': 11.302577848373055, 'c4': 21.04865642074091, 'c5': 34.19116142000763, 'c6': 2.4944642370330095, 'c7': 0.21443477864061947, 'c8': 30.2745902469239, 'c9': 9.472707035887003, 'c10': -23.62737967374831, 'c11': 14.291183894550649, 'c12': 3.795614092849423, 'c13': 4.809010006430073, 'c14': 12.113800652594502, 'c15': 27.247822123149266, 'c16': 13.36452709474815, 'c17': 2.190699358626943, 'c18': 0.013986975103673787, 'c19': 21.501057939737912, 'c20': 1.8595744237403258, 'c21': 43.04435838906985}. Best is trial 0 with value: 18.378527978019005.[0m
[32m[I 2025-10-19 21:34:14,942][0m Trial 15 finished with value: 72.0015401215775 and parameters: {'c0': 193.52057217880892, 'c1': 97.31171801648208, 'c2': 2.3767527804135193, 'c3': 11.138160509272584, 'c4': 17.940177430939045, 'c5': 41.518713021982904, 'c6': 3.1825259638159524, 'c7': 0.19890501620409695, 'c8': 22.968401476115513, 'c9': 10.251004294302257, 'c10': -25.116610552223506, 'c11': 17.342082313241352, 'c12': 5.232880248210977, 'c13': 4.522283788070882, 'c14': 13.305533890544133, 'c15': 25.846561153055042, 'c16': 11.170597140997057, 'c17': 2.5827597397921034, 'c18': 0.013242010182780685, 'c19': 20.47772487850342, 'c20': 1.8976113108678276, 'c21': 36.85647142792847}. Best is trial 0 with value: 18.378527978019005.[0m
[32m[I 2025-10-19 21:40:58,646][0m Trial 16 finished with value: 59.75912605470003 and parameters: {'c0': 211.2326950583125, 'c1': 101.10610509305299, 'c2': 2.4439741091671463, 'c3': 9.754754420512576, 'c4': 21.069490092091463, 'c5': 39.82500235267625, 'c6': 3.015194800431412, 'c7': 0.16276215092739243, 'c8': 19.256974522977945, 'c9': 12.702709730603038, 'c10': -26.396656862197382, 'c11': 21.39608121031874, 'c12': 3.8558321155623534, 'c13': 5.3333886679675455, 'c14': 13.697541301722355, 'c15': 26.96051975543181, 'c16': 16.80354362940653, 'c17': 2.2259847209502657, 'c18': 0.014119945541916566, 'c19': 21.56862141214286, 'c20': 2.3633211005864383, 'c21': 45.189569091035104}. Best is trial 0 with value: 18.378527978019005.[0m
[32m[I 2025-10-19 21:46:50,471][0m Trial 17 finished with value: 24.350722157483176 and parameters: {'c0': 180.79292400729057, 'c1': 86.89938113290326, 'c2': 2.238368393119662, 'c3': 8.407516160821753, 'c4': 21.963499045001715, 'c5': 37.33292325431037, 'c6': 2.9551707492961192, 'c7': 0.1764612445505537, 'c8': 18.938076048036912, 'c9': 10.334666899998552, 'c10': -31.791804851505574, 'c11': 19.293989350167728, 'c12': 4.098996563295989, 'c13': 5.739171607971215, 'c14': 12.017295817745177, 'c15': 29.4744062370223, 'c16': 12.131833044407248, 'c17': 2.111455606632911, 'c18': 0.012929733433790924, 'c19': 20.92201043589595, 'c20': 2.184506147901397, 'c21': 40.221687520125194}. Best is trial 0 with value: 18.378527978019005.[0m
[32m[I 2025-10-19 21:55:30,038][0m Trial 18 finished with value: 4298.090713484529 and parameters: {'c0': 194.79724118398772, 'c1': 85.55358560580214, 'c2': 2.432578347830477, 'c3': 7.446266978540809, 'c4': 20.907957852963097, 'c5': 40.11735228165085, 'c6': 2.5916495094899865, 'c7': 0.17282198278799582, 'c8': 19.845919902012476, 'c9': 9.790168710836008, 'c10': -25.725379765125613, 'c11': 19.569352487058005, 'c12': 4.46289964429035, 'c13': 5.359212394457062, 'c14': 11.806676512965334, 'c15': 26.522689771648647, 'c16': 11.292594056474986, 'c17': 1.8884600362075168, 'c18': 0.015369037838960938, 'c19': 23.114393896667735, 'c20': 2.3564145372153975, 'c21': 39.01509741277938}. Best is trial 0 with value: 18.378527978019005.[0m
[32m[I 2025-10-19 22:01:47,703][0m Trial 19 finished with value: 62.478819073813554 and parameters: {'c0': 219.38072051146145, 'c1': 93.21676315453426, 'c2': 2.1195258825387944, 'c3': 9.022605155592974, 'c4': 22.163797263000205, 'c5': 35.884436567411456, 'c6': 3.0325603945651713, 'c7': 0.16165765463303458, 'c8': 21.82459710293646, 'c9': 11.889318430277145, 'c10': -31.710761380431062, 'c11': 18.69449814938685, 'c12': 3.56691220589015, 'c13': 5.577234038897353, 'c14': 12.338482533977079, 'c15': 33.549624883639545, 'c16': 12.295723476429199, 'c17': 2.5816873433578147, 'c18': 0.013478211511376398, 'c19': 23.30523520543903, 'c20': 2.0960213733283926, 'c21': 41.38930116035959}. Best is trial 0 with value: 18.378527978019005.[0m
[32m[I 2025-10-19 22:07:48,074][0m Trial 20 finished with value: 31.999314381344696 and parameters: {'c0': 146.17486891099443, 'c1': 71.33081429108852, 'c2': 2.881731110560322, 'c3': 9.176582869159535, 'c4': 21.66406200436701, 'c5': 39.97645266571682, 'c6': 2.831973619945855, 'c7': 0.17249208336530922, 'c8': 19.00101077187736, 'c9': 11.904416169936287, 'c10': -28.885003269860125, 'c11': 19.809305857588356, 'c12': 4.1749349807153635, 'c13': 5.4834678482293, 'c14': 13.709549744626718, 'c15': 29.204232061192407, 'c16': 10.940329442847933, 'c17': 1.6403252988830475, 'c18': 0.013418234183726252, 'c19': 20.664777413016406, 'c20': 1.942332816465512, 'c21': 36.89688385440803}. Best is trial 0 with value: 18.378527978019005.[0m
[32m[I 2025-10-19 22:13:39,308][0m Trial 21 finished with value: 39.3602162550637 and parameters: {'c0': 176.8292856944617, 'c1': 85.10236798718542, 'c2': 2.2137752501853636, 'c3': 8.764099114550103, 'c4': 17.167578079705347, 'c5': 35.311106585627215, 'c6': 2.5406618731359254, 'c7': 0.16711449715211574, 'c8': 24.272147750442237, 'c9': 12.826675853056893, 'c10': -28.158967556677894, 'c11': 21.23520419432557, 'c12': 3.238998923472998, 'c13': 5.594517933327376, 'c14': 11.595268388899228, 'c15': 27.841461613059064, 'c16': 12.486513667155563, 'c17': 1.5949964244671122, 'c18': 0.013817757541166606, 'c19': 25.3361419468783, 'c20': 1.9527947696606491, 'c21': 39.07831695451556}. Best is trial 0 with value: 18.378527978019005.[0m
[32m[I 2025-10-19 22:19:21,274][0m Trial 22 finished with value: 38.73654688269574 and parameters: {'c0': 151.0979841706663, 'c1': 103.97016339101442, 'c2': 2.3216944387278278, 'c3': 10.058291687715702, 'c4': 18.56820481525535, 'c5': 40.1839834634293, 'c6': 2.834111979014579, 'c7': 0.2233026956664444, 'c8': 28.98437297274159, 'c9': 9.716734530883564, 'c10': -21.49147538858207, 'c11': 18.905626069249116, 'c12': 4.547747642159645, 'c13': 4.974364453821802, 'c14': 12.304702115310631, 'c15': 23.71135555259232, 'c16': 11.038784620882598, 'c17': 2.5666160775382676, 'c18': 0.01782919970567675, 'c19': 23.029709375455234, 'c20': 1.8933228500686452, 'c21': 44.198075654386344}. Best is trial 0 with value: 18.378527978019005.[0m
[32m[I 2025-10-19 22:24:36,697][0m Trial 23 finished with value: 49.13778699724996 and parameters: {'c0': 209.1879217747872, 'c1': 99.36157074962752, 'c2': 2.272076128876939, 'c3': 8.47002637894679, 'c4': 24.757060341213904, 'c5': 33.66809260534638, 'c6': 3.406402650264411, 'c7': 0.16900189959942044, 'c8': 21.59815915978865, 'c9': 8.382600266956866, 'c10': -32.561861380110955, 'c11': 18.099435310486133, 'c12': 5.112897800863248, 'c13': 5.347354239041586, 'c14': 13.258992736043233, 'c15': 31.68670117025136, 'c16': 13.05057606059905, 'c17': 1.942323453276882, 'c18': 0.01615488151004376, 'c19': 22.545370981033862, 'c20': 2.1890504857375093, 'c21': 42.19226627147395}. Best is trial 0 with value: 18.378527978019005.[0m
[32m[I 2025-10-19 22:30:20,981][0m Trial 24 finished with value: 30.892546358376357 and parameters: {'c0': 162.60768936365727, 'c1': 96.86289020581987, 'c2': 2.275215613594462, 'c3': 8.689181844211245, 'c4': 23.26492907407085, 'c5': 35.395439660017416, 'c6': 3.1668544304320547, 'c7': 0.21409009632325618, 'c8': 19.998765988921036, 'c9': 10.942180608019713, 'c10': -32.487192937554404, 'c11': 15.872356083073912, 'c12': 3.832499173238147, 'c13': 5.236489581428353, 'c14': 12.681809416319204, 'c15': 22.931463724743093, 'c16': 12.61945275026125, 'c17': 1.9638771918973377, 'c18': 0.01529210168149749, 'c19': 21.947485772971437, 'c20': 1.805733020907123, 'c21': 41.98562853211432}. Best is trial 0 with value: 18.378527978019005.[0m
[32m[I 2025-10-19 22:30:21,004][0m A new study created in memory with name: no-name-c0bb9186-a9bf-4c5a-a422-6e84f04a9b51[0m
[32m[I 2025-10-19 22:36:39,624][0m Trial 0 finished with value: 78.90426811723499 and parameters: {'c0': 165.2003266324096, 'c1': 105.31138982826602, 'c2': 1.5425857019215419, 'c3': 7.7794603637204, 'c4': 15.023750233031251, 'c5': 27.422269743427893, 'c6': 2.321041601442058, 'c7': 0.1548863697963975, 'c8': 22.642131113754004, 'c9': 11.416159832729583, 'c10': -29.031155958591, 'c11': 22.828171311643064, 'c12': 3.08971942333379, 'c13': 6.573383374702335, 'c14': 8.798234791366998, 'c15': 32.2423028978225, 'c16': 12.774236231676845, 'c17': 2.208390517086148, 'c18': 0.01146326008867618, 'c19': 18.392767992432194, 'c20': 2.622467008090948, 'c21': 56.39388964021407}. Best is trial 0 with value: 78.90426811723499.[0m
[32m[I 2025-10-19 22:42:27,414][0m Trial 1 finished with value: 14.755497465156967 and parameters: {'c0': 155.70265390442447, 'c1': 103.91065175536963, 'c2': 2.518528717081102, 'c3': 10.510250539148128, 'c4': 14.418444643828217, 'c5': 26.433175114851682, 'c6': 2.2967707546427873, 'c7': 0.20255460284669502, 'c8': 18.849758027145924, 'c9': 10.717636105576638, 'c10': -21.075405063703194, 'c11': 21.15142678460215, 'c12': 4.037258408333285, 'c13': 4.939219786192803, 'c14': 12.904262158246935, 'c15': 34.817388795714926, 'c16': 9.94601532981244, 'c17': 2.4259254742686975, 'c18': 0.01783980376136348, 'c19': 24.78377965928403, 'c20': 1.9981891766555013, 'c21': 52.104614952370895}. Best is trial 1 with value: 14.755497465156967.[0m
