[32m[I 2025-10-18 05:24:03,244][0m Trial 23 finished with value: 32.59126840064685 and parameters: {'c0': 40.741762041459985, 'c1': 90.07214191159481, 'c2': 9.427473018019029, 'c3': 4.475833357817681, 'c4': 57.51520567855686, 'c5': 27.469431930910687, 'c6': 1.5458941496069607, 'c7': 0.5915627214543414, 'c8': 26.43290367897639, 'c9': 5.679684169262012, 'c10': -20.359263634273507, 'c11': 6.572426530170172, 'c12': 4.266421615970749, 'c13': 1.8599490063034987, 'c14': 8.386647208304137, 'c15': 14.489199432107485, 'c16': 11.016425518732657, 'c17': 1.3766262823866109, 'c18': 0.19865456251259905, 'c19': 11.034283489410956, 'c20': 1.2674384726361267, 'c21': 11.939438899135359}. Best is trial 22 with value: 27.75178549640655.[0m
[32m[I 2025-10-18 05:28:54,246][0m Trial 24 finished with value: 110.43280244083746 and parameters: {'c0': 48.133617928798344, 'c1': 122.24871003456482, 'c2': 11.637990544278447, 'c3': 5.637112412481056, 'c4': 66.90684072612655, 'c5': 25.23583353502426, 'c6': 2.021065556066711, 'c7': 0.5954077049341372, 'c8': 25.27328078316163, 'c9': 6.501073436549418, 'c10': -21.658798461385338, 'c11': 7.148878532726906, 'c12': 4.372008873528452, 'c13': 1.9963218949192618, 'c14': 8.219919122601635, 'c15': 10.927434616585124, 'c16': 12.633720213625924, 'c17': 1.5915039757783307, 'c18': 0.24703574976732212, 'c19': 11.249593599207078, 'c20': 1.1613364372429704, 'c21': 11.374916586649473}. Best is trial 22 with value: 27.75178549640655.[0m
[32m[I 2025-10-18 05:28:54,302][0m A new study created in memory with name: no-name-a328747b-088d-4ab4-a395-1c84a92c70f7[0m
[32m[I 2025-10-18 05:34:33,211][0m Trial 0 finished with value: 66.23206020804886 and parameters: {'c0': 41.64648613467956, 'c1': 107.8289143995196, 'c2': 7.411794068977963, 'c3': 4.339549387853591, 'c4': 48.582574357673934, 'c5': 20.837359451387616, 'c6': 1.3620236534201822, 'c7': 0.5671655490972802, 'c8': 25.020007801502505, 'c9': 6.275707639000383, 'c10': -21.79010339397938, 'c11': 8.199044651590178, 'c12': 3.328168690060865, 'c13': 2.345520620615806, 'c14': 5.8512127891116315, 'c15': 15.145303771511696, 'c16': 11.727015735290216, 'c17': 1.4971663038957441, 'c18': 0.14135576449958565, 'c19': 9.207029811019305, 'c20': 1.3948419589146752, 'c21': 14.671151482061562}. Best is trial 0 with value: 66.23206020804886.[0m
[32m[I 2025-10-18 05:41:14,687][0m Trial 1 finished with value: 66.72511317677123 and parameters: {'c0': 39.004917735402984, 'c1': 106.26978951665407, 'c2': 12.751143893123768, 'c3': 6.032014312797365, 'c4': 46.382994085377035, 'c5': 19.988913727358106, 'c6': 1.3460685130816752, 'c7': 0.7605665506495546, 'c8': 20.391207033265314, 'c9': 5.854815213536799, 'c10': -15.258302792104633, 'c11': 7.543405408995824, 'c12': 4.469994934350632, 'c13': 1.7154622725170383, 'c14': 8.952205997314639, 'c15': 16.46303281452519, 'c16': 8.862599985873453, 'c17': 1.65865570213356, 'c18': 0.22976102576362306, 'c19': 12.787710424373639, 'c20': 1.0350366280765533, 'c21': 13.469126883089604}. Best is trial 0 with value: 66.23206020804886.[0m
[32m[I 2025-10-18 05:47:39,763][0m Trial 2 finished with value: 59.07182177001445 and parameters: {'c0': 33.64522182128619, 'c1': 92.66014952690588, 'c2': 12.947384818783444, 'c3': 4.314635876550081, 'c4': 53.608909698103695, 'c5': 21.437502331545147, 'c6': 1.1999518930746425, 'c7': 0.688190496082754, 'c8': 22.14831232337824, 'c9': 5.298575915747192, 'c10': -20.912495726652075, 'c11': 5.474554479232497, 'c12': 4.194135192382008, 'c13': 1.5264374725091057, 'c14': 8.4949215958266, 'c15': 15.380427039997876, 'c16': 9.465941213342042, 'c17': 1.37516951857809, 'c18': 0.19908019059220464, 'c19': 10.613603022329126, 'c20': 0.8756446799379412, 'c21': 11.767435734962762}. Best is trial 2 with value: 59.07182177001445.[0m
[32m[I 2025-10-18 05:52:31,222][0m Trial 3 finished with value: 64.84388792777251 and parameters: {'c0': 47.93876880842524, 'c1': 96.39041668394307, 'c2': 13.16673679554793, 'c3': 5.151735105859524, 'c4': 75.55159680921979, 'c5': 21.556068152900163, 'c6': 1.3163971382264574, 'c7': 0.7348740534696663, 'c8': 25.03411292175394, 'c9': 4.9403177587475815, 'c10': -15.626678774972243, 'c11': 6.743985686268337, 'c12': 4.608054197016635, 'c13': 2.17516188888245, 'c14': 9.878133972821313, 'c15': 14.769668899898736, 'c16': 14.122096707615068, 'c17': 1.3202098819042525, 'c18': 0.1548530546706141, 'c19': 13.74930762052421, 'c20': 1.1371396263093119, 'c21': 14.648172881830416}. Best is trial 2 with value: 59.07182177001445.[0m
[32m[I 2025-10-18 05:57:58,984][0m Trial 4 finished with value: 31.463524574728936 and parameters: {'c0': 47.929764150250506, 'c1': 102.33733359334747, 'c2': 8.11027155467057, 'c3': 6.188845193639352, 'c4': 59.38792752188118, 'c5': 28.576819099040517, 'c6': 1.577490300449272, 'c7': 0.5277527560502325, 'c8': 32.87806422190738, 'c9': 6.400366373180198, 'c10': -26.838129639183098, 'c11': 7.905515331213345, 'c12': 3.6144133755527923, 'c13': 1.952368906505351, 'c14': 9.890535850924216, 'c15': 12.631205372189907, 'c16': 15.253405893955657, 'c17': 1.5517148599434143, 'c18': 0.12837686246331428, 'c19': 13.967710269723433, 'c20': 1.3188786172548503, 'c21': 14.866323727570121}. Best is trial 4 with value: 31.463524574728936.[0m
[32m[I 2025-10-18 06:03:31,894][0m Trial 5 finished with value: 41.20979565880704 and parameters: {'c0': 49.78690529096265, 'c1': 80.2601743888622, 'c2': 9.121355870393689, 'c3': 5.436512647001051, 'c4': 49.89654292965837, 'c5': 34.199355872600236, 'c6': 1.6303945871717695, 'c7': 0.5455855587691907, 'c8': 30.464437015682606, 'c9': 6.293532892275816, 'c10': -25.474565054858306, 'c11': 8.322693795618065, 'c12': 3.854303763035292, 'c13': 1.6715983497393627, 'c14': 9.495767696848489, 'c15': 12.403359890795668, 'c16': 15.338531719339276, 'c17': 1.4411474658444934, 'c18': 0.13572702328952516, 'c19': 13.82882105529288, 'c20': 1.4152183838612493, 'c21': 11.748879002669803}. Best is trial 4 with value: 31.463524574728936.[0m
[32m[I 2025-10-18 06:09:46,169][0m Trial 6 finished with value: 30.568617234410453 and parameters: {'c0': 47.57034380290288, 'c1': 112.2554966979946, 'c2': 10.122371380395695, 'c3': 5.892285359147884, 'c4': 69.7257547654311, 'c5': 28.98182454779118, 'c6': 1.7485043432841718, 'c7': 0.544477528575793, 'c8': 32.23627682601228, 'c9': 7.403205792570494, 'c10': -25.789433539727533, 'c11': 6.947037159952515, 'c12': 4.222011337636728, 'c13': 2.295260858674973, 'c14': 10.194171431830178, 'c15': 15.139614095780694, 'c16': 14.066493100250495, 'c17': 1.635047351315097, 'c18': 0.13325765656266955, 'c19': 12.154403865328714, 'c20': 1.1986834988308637, 'c21': 14.830584281552088}. Best is trial 6 with value: 30.568617234410453.[0m
[32m[I 2025-10-18 06:16:41,346][0m Trial 7 finished with value: 44.60599182397807 and parameters: {'c0': 45.95199238972091, 'c1': 116.82645905231631, 'c2': 10.877368954767666, 'c3': 5.726579899929976, 'c4': 69.65592222115642, 'c5': 31.979459361869317, 'c6': 1.804430637186957, 'c7': 0.5132102614372006, 'c8': 33.72191823655232, 'c9': 7.703318874454596, 'c10': -22.30195803529623, 'c11': 6.700149684408946, 'c12': 4.295142076259479, 'c13': 2.370483771710635, 'c14': 9.291206866981225, 'c15': 15.714215115810235, 'c16': 12.88669515430618, 'c17': 1.189910106246488, 'c18': 0.14457757516075292, 'c19': 14.353651864527633, 'c20': 1.0292555715634504, 'c21': 13.345544337064979}. Best is trial 6 with value: 30.568617234410453.[0m
[32m[I 2025-10-18 06:23:51,360][0m Trial 8 finished with value: 65.7723770910853 and parameters: {'c0': 39.41684389492475, 'c1': 105.68327310869351, 'c2': 8.461907149595259, 'c3': 6.242910745008103, 'c4': 59.35775391324538, 'c5': 24.377288380690167, 'c6': 1.6247693398835135, 'c7': 0.5538660112981026, 'c8': 31.732927619159828, 'c9': 7.05609105187344, 'c10': -19.28639950944689, 'c11': 8.22071452767842, 'c12': 4.1256415199606025, 'c13': 2.4494106167303817, 'c14': 9.595342135962358, 'c15': 17.069300113814997, 'c16': 13.558193023233706, 'c17': 1.8018870320777447, 'c18': 0.15092324300917234, 'c19': 12.582362606534955, 'c20': 1.1684969964009233, 'c21': 11.469329499250446}. Best is trial 6 with value: 30.568617234410453.[0m
[32m[I 2025-10-18 06:30:01,820][0m Trial 9 finished with value: 47.573319606915696 and parameters: {'c0': 46.19233854942457, 'c1': 72.99377195001173, 'c2': 11.232761408645725, 'c3': 5.978322543234245, 'c4': 61.574185227919884, 'c5': 33.07695124549268, 'c6': 1.2656468004910346, 'c7': 0.6620587228586311, 'c8': 32.7659228136346, 'c9': 6.316421801905811, 'c10': -26.671811219200908, 'c11': 6.383688930021789, 'c12': 4.365347635797956, 'c13': 2.252524115728135, 'c14': 9.566669023329164, 'c15': 15.148135478480341, 'c16': 15.274740883964878, 'c17': 1.6306256802501367, 'c18': 0.1443194210733595, 'c19': 9.722091492646491, 'c20': 1.1172650887640754, 'c21': 14.179242570382442}. Best is trial 6 with value: 30.568617234410453.[0m
[32m[I 2025-10-18 06:34:42,037][0m Trial 10 finished with value: 140.3571778680199 and parameters: {'c0': 47.953318354634106, 'c1': 120.76444838972857, 'c2': 9.875423268121105, 'c3': 5.228288740175354, 'c4': 73.95882094883888, 'c5': 26.7315660975642, 'c6': 1.708764931099606, 'c7': 0.611495347254747, 'c8': 23.623089214041325, 'c9': 6.268078946492446, 'c10': -23.1935527242176, 'c11': 6.720109318714574, 'c12': 3.836435036228898, 'c13': 2.2759782811876046, 'c14': 9.923998993819785, 'c15': 15.0341651639126, 'c16': 13.211831235932646, 'c17': 1.6901187760084064, 'c18': 0.17884580362536068, 'c19': 12.357855689415608, 'c20': 1.4148117592209084, 'c21': 14.523137110431145}. Best is trial 6 with value: 30.568617234410453.[0m
[32m[I 2025-10-18 06:40:24,250][0m Trial 11 finished with value: 32.417530231094005 and parameters: {'c0': 39.50590012441143, 'c1': 91.82632804438282, 'c2': 7.712207632186843, 'c3': 6.258434699616578, 'c4': 59.47818495269902, 'c5': 25.48699578408242, 'c6': 1.5230415257032943, 'c7': 0.641812872789363, 'c8': 28.986700012304347, 'c9': 6.680201981487389, 'c10': -23.76672236567565, 'c11': 9.542800387062373, 'c12': 3.5361636297641366, 'c13': 2.096096805667032, 'c14': 9.386752145146485, 'c15': 11.020710870523285, 'c16': 13.839199265035308, 'c17': 1.4488057461440031, 'c18': 0.13221793883118343, 'c19': 13.156525080549928, 'c20': 1.1727763928481356, 'c21': 14.325724640219565}. Best is trial 6 with value: 30.568617234410453.[0m
[32m[I 2025-10-18 06:45:50,235][0m Trial 12 finished with value: 34.52704371249997 and parameters: {'c0': 51.77493872680327, 'c1': 83.89636549948271, 'c2': 9.57276551165842, 'c3': 6.204924296360793, 'c4': 67.22453757585113, 'c5': 25.93031013202761, 'c6': 1.510113467119589, 'c7': 0.47794327072761833, 'c8': 31.563486404316482, 'c9': 6.909994901552833, 'c10': -25.054158054164493, 'c11': 5.832648473336503, 'c12': 3.8483757276525097, 'c13': 1.967183250304676, 'c14': 9.836931566793883, 'c15': 15.516808967685774, 'c16': 15.71102766029405, 'c17': 1.6612708262308657, 'c18': 0.14820171426268197, 'c19': 13.57771023800101, 'c20': 1.4435150454764645, 'c21': 14.559326638026294}. Best is trial 6 with value: 30.568617234410453.[0m
[32m[I 2025-10-18 06:51:15,649][0m Trial 13 finished with value: 51.56162868838871 and parameters: {'c0': 45.558438952252565, 'c1': 118.7716839656973, 'c2': 9.040543526090628, 'c3': 6.03377644815741, 'c4': 63.34979808961424, 'c5': 25.22959215929684, 'c6': 1.3251735205400499, 'c7': 0.5550285930833221, 'c8': 30.700333302193194, 'c9': 5.485423391343493, 'c10': -25.5467932559587, 'c11': 7.9440736552846785, 'c12': 3.9638297962197275, 'c13': 1.6049019463523948, 'c14': 10.039639609354307, 'c15': 12.46536320259292, 'c16': 15.854223872221327, 'c17': 1.6926348598586445, 'c18': 0.15208220579094084, 'c19': 12.858640346039092, 'c20': 1.220413405672858, 'c21': 14.648819545009037}. Best is trial 6 with value: 30.568617234410453.[0m
[32m[I 2025-10-18 06:56:49,878][0m Trial 14 finished with value: 41.703956130457414 and parameters: {'c0': 36.636124928924794, 'c1': 107.00733067523262, 'c2': 10.689736071313757, 'c3': 5.830661542754429, 'c4': 70.8191992653374, 'c5': 28.679936095767502, 'c6': 1.5274949558428863, 'c7': 0.5899563527359137, 'c8': 32.40729948757107, 'c9': 7.827178618113562, 'c10': -22.83694703137881, 'c11': 5.795286419180245, 'c12': 3.8208523667986434, 'c13': 2.3585026945776484, 'c14': 10.020162190560251, 'c15': 13.127165031791613, 'c16': 10.801011219925009, 'c17': 1.583763208402068, 'c18': 0.14763590677969177, 'c19': 10.163464050250944, 'c20': 1.2368015415677385, 'c21': 13.053990768307548}. Best is trial 6 with value: 30.568617234410453.[0m
[32m[I 2025-10-18 07:03:41,175][0m Trial 15 finished with value: 47.7263014238971 and parameters: {'c0': 53.811731035982554, 'c1': 115.32613268846467, 'c2': 10.05169531973121, 'c3': 6.067165518388491, 'c4': 60.301859621621105, 'c5': 31.23291783809632, 'c6': 1.9656470097663004, 'c7': 0.5633452326845271, 'c8': 25.666216590276917, 'c9': 7.369681644958032, 'c10': -24.261643701356927, 'c11': 6.811571435525981, 'c12': 4.944433166922111, 'c13': 2.0888969029629516, 'c14': 9.724448336060801, 'c15': 15.48086250083241, 'c16': 12.319292155443968, 'c17': 1.8297355238959674, 'c18': 0.1298456416725802, 'c19': 10.818662818295342, 'c20': 1.0993901668273725, 'c21': 12.658650371292076}. Best is trial 6 with value: 30.568617234410453.[0m
[32m[I 2025-10-18 07:10:35,926][0m Trial 16 finished with value: 85.93651554303294 and parameters: {'c0': 53.898342659490915, 'c1': 115.19667976910561, 'c2': 10.407477431328083, 'c3': 4.715556649515612, 'c4': 58.7216949479762, 'c5': 29.07911486336327, 'c6': 1.7333698113300289, 'c7': 0.5300512834446319, 'c8': 32.67741549309529, 'c9': 7.030141471331877, 'c10': -23.632480793950933, 'c11': 6.660269484476029, 'c12': 3.5797453745477847, 'c13': 2.3267722344354667, 'c14': 9.935611042424092, 'c15': 15.663489583281443, 'c16': 14.81444779450625, 'c17': 1.820510309222583, 'c18': 0.15146566397116534, 'c19': 12.867077939150594, 'c20': 0.912521766034883, 'c21': 14.15025036438985}. Best is trial 6 with value: 30.568617234410453.[0m
[32m[I 2025-10-18 07:15:54,266][0m Trial 17 finished with value: 41.573521040206565 and parameters: {'c0': 50.805103674706196, 'c1': 95.33025151446351, 'c2': 7.945224684714988, 'c3': 5.797001018143029, 'c4': 52.278076332696344, 'c5': 26.688509707746782, 'c6': 1.841285048710799, 'c7': 0.5378092298028654, 'c8': 29.490082267099407, 'c9': 6.7459338294538345, 'c10': -24.933477046261608, 'c11': 6.64004305596127, 'c12': 3.0356133394518223, 'c13': 1.8467492214438714, 'c14': 8.847498840520885, 'c15': 12.809131430201528, 'c16': 14.156846600431182, 'c17': 1.166096869488023, 'c18': 0.13702735988073808, 'c19': 13.304030136644755, 'c20': 1.168950377638804, 'c21': 14.205483477897253}. Best is trial 6 with value: 30.568617234410453.[0m
[32m[I 2025-10-18 07:21:26,213][0m Trial 18 finished with value: 34.77182841358394 and parameters: {'c0': 47.20424842791846, 'c1': 120.77818164997466, 'c2': 8.760833075393757, 'c3': 6.080453425807813, 'c4': 62.5333586942162, 'c5': 26.780894513964288, 'c6': 1.858247404643771, 'c7': 0.4871873756655428, 'c8': 32.298225566542726, 'c9': 7.332314763178767, 'c10': -22.98039641088154, 'c11': 6.835557249689393, 'c12': 4.155992817713539, 'c13': 2.465622774511669, 'c14': 9.805400575865708, 'c15': 12.127679410749353, 'c16': 13.564066584866973, 'c17': 1.488768632205419, 'c18': 0.16094926023855033, 'c19': 13.844588884981981, 'c20': 1.4424365179250889, 'c21': 13.611828272452126}. Best is trial 6 with value: 30.568617234410453.[0m
[32m[I 2025-10-18 07:26:42,857][0m Trial 19 finished with value: 29.937606004329286 and parameters: {'c0': 52.02809735622382, 'c1': 109.56871891369617, 'c2': 8.546125011352862, 'c3': 6.25761577963018, 'c4': 54.164972356535166, 'c5': 33.23506866360768, 'c6': 1.5419907664631864, 'c7': 0.6179350125731937, 'c8': 32.511431385752374, 'c9': 6.241611529942823, 'c10': -24.48876315462874, 'c11': 8.218955974047114, 'c12': 4.361887421240048, 'c13': 1.993276112990439, 'c14': 9.026619097670453, 'c15': 13.623608058327635, 'c16': 12.437258050920514, 'c17': 1.8552558097504734, 'c18': 0.1360605389321611, 'c19': 13.72341400862748, 'c20': 1.3806160044718343, 'c21': 13.931511452654563}. Best is trial 19 with value: 29.937606004329286.[0m
[32m[I 2025-10-18 07:31:45,540][0m Trial 20 finished with value: 61.43848900673217 and parameters: {'c0': 48.17265774631374, 'c1': 116.45056912345763, 'c2': 7.456268129929356, 'c3': 4.46096318045253, 'c4': 54.72050394187602, 'c5': 32.43489431047469, 'c6': 1.7586228838575149, 'c7': 0.7714666650628692, 'c8': 33.756085839744514, 'c9': 6.636936072918105, 'c10': -25.48140612423404, 'c11': 9.207703653703817, 'c12': 4.24494151655143, 'c13': 2.2399178550956274, 'c14': 8.444904684741015, 'c15': 13.311493410671298, 'c16': 11.130186878155609, 'c17': 1.8477944483688322, 'c18': 0.13331833611149793, 'c19': 13.919245773349385, 'c20': 1.404697323034318, 'c21': 13.266677009509964}. Best is trial 19 with value: 29.937606004329286.[0m
[32m[I 2025-10-18 07:36:53,333][0m Trial 21 finished with value: 91.30181669004227 and parameters: {'c0': 49.20947651263391, 'c1': 100.01386611663624, 'c2': 10.62861967441021, 'c3': 5.862735008809212, 'c4': 54.60767514061966, 'c5': 33.77272678996248, 'c6': 1.7413417924036636, 'c7': 0.5705937913972182, 'c8': 33.72158710857364, 'c9': 5.470961686583414, 'c10': -20.484698079590302, 'c11': 9.120905494447925, 'c12': 4.394877900989529, 'c13': 2.036200289734244, 'c14': 8.043143267624785, 'c15': 13.835676623544773, 'c16': 14.4356566050647, 'c17': 1.7833749105544774, 'c18': 0.1880094224526113, 'c19': 13.797858548174695, 'c20': 1.4671004743976468, 'c21': 13.751524852973713}. Best is trial 19 with value: 29.937606004329286.[0m
[32m[I 2025-10-18 07:42:23,647][0m Trial 22 finished with value: 28.42240951628444 and parameters: {'c0': 54.06832642701339, 'c1': 109.51082581348746, 'c2': 7.791942860424631, 'c3': 5.783465509048579, 'c4': 61.42357599252805, 'c5': 35.25827305464949, 'c6': 1.4050856236723515, 'c7': 0.7060472232793185, 'c8': 32.65473345222153, 'c9': 6.739604889682248, 'c10': -20.750753929101833, 'c11': 7.280799491113563, 'c12': 4.921883561783703, 'c13': 1.6584637793640222, 'c14': 9.288559186738091, 'c15': 15.294807252784533, 'c16': 12.554450044337806, 'c17': 1.75997387870603, 'c18': 0.15944058906027408, 'c19': 12.407512643200292, 'c20': 1.2364237691439608, 'c21': 14.229508635848408}. Best is trial 22 with value: 28.42240951628444.[0m
[32m[I 2025-10-18 07:47:35,536][0m Trial 23 finished with value: 44.18007948999797 and parameters: {'c0': 49.52834140290498, 'c1': 102.87176755487815, 'c2': 7.442297128283008, 'c3': 5.22757173672645, 'c4': 55.82388753800514, 'c5': 34.76780787024138, 'c6': 1.3328368184224104, 'c7': 0.6744533716759512, 'c8': 32.5481701757234, 'c9': 6.242384926484592, 'c10': -21.00149556594617, 'c11': 6.481408653656812, 'c12': 4.920714983563484, 'c13': 1.663137237771326, 'c14': 9.390071706170156, 'c15': 15.79935124325095, 'c16': 11.055567965071988, 'c17': 1.6452915263504662, 'c18': 0.16373943473621874, 'c19': 12.351282091992584, 'c20': 1.443671339135075, 'c21': 14.544253506432403}. Best is trial 22 with value: 28.42240951628444.[0m
[32m[I 2025-10-18 07:52:24,751][0m Trial 24 finished with value: 99.89291498641535 and parameters: {'c0': 54.76571633047073, 'c1': 103.23018008694278, 'c2': 7.995098038820729, 'c3': 6.326309595554882, 'c4': 51.53760403059194, 'c5': 35.015175014058755, 'c6': 1.5170570105713772, 'c7': 0.6723761743738597, 'c8': 33.024093911599955, 'c9': 5.689255219539323, 'c10': -23.91103040940329, 'c11': 9.221583973490212, 'c12': 4.831491736610107, 'c13': 2.2339463520178695, 'c14': 10.258538247983134, 'c15': 13.07226284124717, 'c16': 10.673468095001212, 'c17': 1.5942421413916137, 'c18': 0.13738550200905866, 'c19': 12.860577946096901, 'c20': 1.345898172551825, 'c21': 12.489944525996563}. Best is trial 22 with value: 28.42240951628444.[0m
[32m[I 2025-10-18 07:52:24,808][0m A new study created in memory with name: no-name-825d25ad-c6b1-4c3e-a200-a1f304923ad0[0m
[32m[I 2025-10-18 07:57:46,991][0m Trial 0 finished with value: 60.21029815062984 and parameters: {'c0': 51.436667601046246, 'c1': 123.66366443217981, 'c2': 5.5071852758864255, 'c3': 5.112891092817941, 'c4': 48.69635030763658, 'c5': 26.827170844531416, 'c6': 1.1465049216609708, 'c7': 0.6420862272519466, 'c8': 30.677370391985306, 'c9': 6.89305851341385, 'c10': -21.734308464063858, 'c11': 8.071823198501303, 'c12': 4.068620955437016, 'c13': 2.0263016298478993, 'c14': 6.713559435567685, 'c15': 16.824165912623815, 'c16': 11.945471905347272, 'c17': 1.8205627388857915, 'c18': 0.12580817293868138, 'c19': 10.210313517055933, 'c20': 1.4545404391078853, 'c21': 18.13793690732284}. Best is trial 0 with value: 60.21029815062984.[0m
[32m[I 2025-10-18 08:04:46,434][0m Trial 1 finished with value: 59.348558062102136 and parameters: {'c0': 48.15104791842386, 'c1': 121.8649263484204, 'c2': 9.512252321477959, 'c3': 7.122143998180549, 'c4': 46.472906373817786, 'c5': 25.72517478741341, 'c6': 1.1329636774356588, 'c7': 0.8626548703923087, 'c8': 24.961284823636227, 'c9': 6.427720823734811, 'c10': -15.177378302861941, 'c11': 7.422439688931449, 'c12': 5.475843340529889, 'c13': 1.4789948440345189, 'c14': 10.304698068115888, 'c15': 18.296919905132196, 'c16': 9.007062568523304, 'c17': 2.0182121343685395, 'c18': 0.2051607848271686, 'c19': 14.213647285234776, 'c20': 1.0771895541009933, 'c21': 16.644029844290365}. Best is trial 1 with value: 59.348558062102136.[0m
