[32m[I 2025-10-17 15:09:54,606][0m Trial 27 finished with value: 62.516780514044505 and parameters: {'c0': 41.604604145318085, 'c1': 102.49038264604772, 'c2': 13.450199386067206, 'c3': 6.475915010457619, 'c4': 67.58143366080122, 'c5': 20.529159342089276, 'c6': 2.553435498373952, 'c7': 0.6991780127128624, 'c8': 15.978237102500783, 'c9': 5.801567163669831, 'c10': -10.82423873779069, 'c11': 9.998185369102858, 'c12': 3.3024049392317516, 'c13': 1.6217991357907435, 'c14': 7.546397862373531, 'c15': 12.546693338908705, 'c16': 13.136411864061463, 'c17': 1.4590028629147047, 'c18': 0.35984414281902316, 'c19': 6.557494169309067, 'c20': 0.9991997695494393, 'c21': 7.749696728914635}. Best is trial 18 with value: 28.333202476928218.[0m
[32m[I 2025-10-17 15:15:48,988][0m Trial 28 finished with value: 27.57729754907254 and parameters: {'c0': 40.55580415938056, 'c1': 106.81197790678836, 'c2': 13.848651815555689, 'c3': 5.258750614151763, 'c4': 62.490906963670845, 'c5': 23.67328667127075, 'c6': 1.6974203476994478, 'c7': 0.7617882832915526, 'c8': 16.846301176702546, 'c9': 5.690896180778734, 'c10': -12.350148671046725, 'c11': 9.598833689049627, 'c12': 3.7309701901089483, 'c13': 1.546419270382321, 'c14': 7.582525289839036, 'c15': 11.516156827127581, 'c16': 14.286940393606388, 'c17': 1.364568221771309, 'c18': 0.32440120905651354, 'c19': 7.02243604146853, 'c20': 0.9087019514589432, 'c21': 6.313899608375479}. Best is trial 28 with value: 27.57729754907254.[0m
[32m[I 2025-10-17 15:22:08,337][0m Trial 29 finished with value: 69.95926431601575 and parameters: {'c0': 41.97784018619438, 'c1': 118.23792990101369, 'c2': 15.90548345715027, 'c3': 5.287792951544964, 'c4': 53.94039870347126, 'c5': 22.332876278085152, 'c6': 1.7230379990950613, 'c7': 0.7187977410390687, 'c8': 16.6211792061728, 'c9': 5.184359172002386, 'c10': -10.71106489265846, 'c11': 9.920753411847647, 'c12': 3.8656354062756666, 'c13': 1.763467313563737, 'c14': 7.213230592666882, 'c15': 14.095649345872959, 'c16': 14.04125388702861, 'c17': 1.1391001185922467, 'c18': 0.3972792876975828, 'c19': 5.942970443016136, 'c20': 0.8591385180667928, 'c21': 6.518632359735015}. Best is trial 28 with value: 27.57729754907254.[0m
[32m[I 2025-10-17 15:27:01,617][0m Trial 30 finished with value: 107.46431673521698 and parameters: {'c0': 39.86321373873164, 'c1': 118.07540899748251, 'c2': 16.736905071662004, 'c3': 4.377205334863785, 'c4': 65.81059890314725, 'c5': 26.297216076021616, 'c6': 2.0129777355212335, 'c7': 0.7403527606910261, 'c8': 16.94430172925108, 'c9': 5.749870914580764, 'c10': -12.27772999204901, 'c11': 9.501843998638542, 'c12': 4.248709870457729, 'c13': 1.6407708568045227, 'c14': 6.944575647687174, 'c15': 12.269806538126836, 'c16': 12.574527256887277, 'c17': 1.4184770721079878, 'c18': 0.3143092977408279, 'c19': 6.869550615966643, 'c20': 0.9912792217434946, 'c21': 6.140051950973219}. Best is trial 28 with value: 27.57729754907254.[0m
[32m[I 2025-10-17 15:32:38,006][0m Trial 31 finished with value: 60.386222160697784 and parameters: {'c0': 40.84091212243817, 'c1': 111.53787295067816, 'c2': 11.393492533312278, 'c3': 5.302773072094524, 'c4': 65.68521517946732, 'c5': 22.930890204013224, 'c6': 1.7126359082033953, 'c7': 0.879146303774658, 'c8': 16.960263530316016, 'c9': 5.480524219721866, 'c10': -12.120888863568243, 'c11': 9.106193445555546, 'c12': 3.936927928713565, 'c13': 1.4485171087853785, 'c14': 7.705888168704596, 'c15': 13.197927946166601, 'c16': 13.514321173691764, 'c17': 1.4189048692514514, 'c18': 0.3589384264489948, 'c19': 6.895609559931075, 'c20': 1.0079496605166811, 'c21': 6.372605360565361}. Best is trial 28 with value: 27.57729754907254.[0m
[32m[I 2025-10-17 15:39:08,554][0m Trial 32 finished with value: 38.253614559152425 and parameters: {'c0': 32.63677831088407, 'c1': 109.596053046068, 'c2': 15.1633912685029, 'c3': 5.539602600596266, 'c4': 59.19817703024018, 'c5': 22.185548671892732, 'c6': 1.8613787556901786, 'c7': 0.6362675859382859, 'c8': 14.293770077372777, 'c9': 5.541950418447266, 'c10': -13.414482756722776, 'c11': 8.770120949209755, 'c12': 3.3417319582586074, 'c13': 1.4590810260850924, 'c14': 7.784360100553992, 'c15': 13.81933638621147, 'c16': 11.935798837330076, 'c17': 1.335518955002651, 'c18': 0.3672620878091678, 'c19': 7.5722498601369335, 'c20': 0.8030410024712743, 'c21': 5.841170814037284}. Best is trial 28 with value: 27.57729754907254.[0m
[32m[I 2025-10-17 15:43:51,065][0m Trial 33 finished with value: 131.11529231319253 and parameters: {'c0': 38.97142447169166, 'c1': 112.54741503710417, 'c2': 9.667959857467105, 'c3': 6.5625186646258875, 'c4': 50.76678924279188, 'c5': 26.47814206509059, 'c6': 2.306251846609089, 'c7': 0.7028281383723373, 'c8': 14.024112961850575, 'c9': 4.750190944436046, 'c10': -13.155166086006439, 'c11': 7.905049274985915, 'c12': 4.5561571735737605, 'c13': 1.6361702415863877, 'c14': 7.337709454386249, 'c15': 13.69564454016066, 'c16': 14.663100691770214, 'c17': 1.1629882269478156, 'c18': 0.23597949689530662, 'c19': 7.254218881571108, 'c20': 1.1017809689772156, 'c21': 7.533958406755938}. Best is trial 28 with value: 27.57729754907254.[0m
[32m[I 2025-10-17 15:49:46,558][0m Trial 34 finished with value: 76.04489659543074 and parameters: {'c0': 37.191354755522966, 'c1': 99.67316000408823, 'c2': 13.814927299048266, 'c3': 5.8627873156007, 'c4': 54.334607033987176, 'c5': 22.31340758396154, 'c6': 1.8595502865472422, 'c7': 0.7135925541955358, 'c8': 16.52264733942713, 'c9': 5.236975924961501, 'c10': -13.58222433515779, 'c11': 9.905314511581219, 'c12': 3.8472689572059533, 'c13': 1.5199872784440516, 'c14': 7.270008354824086, 'c15': 11.787749167513283, 'c16': 14.540400385869543, 'c17': 1.340158058287415, 'c18': 0.29226327852661477, 'c19': 7.567458756020503, 'c20': 0.9694090291985661, 'c21': 6.249491576906106}. Best is trial 28 with value: 27.57729754907254.[0m
[32m[I 2025-10-17 15:55:11,969][0m Trial 35 finished with value: 57.18207176398523 and parameters: {'c0': 30.64336087012726, 'c1': 100.1097265490281, 'c2': 10.729121166963699, 'c3': 6.61758865399726, 'c4': 47.643133340980825, 'c5': 22.89304344218891, 'c6': 2.488858412177608, 'c7': 0.7968322131182354, 'c8': 16.93012089665476, 'c9': 4.013462257728937, 'c10': -13.080535680413, 'c11': 9.369118222294809, 'c12': 4.841588274759702, 'c13': 1.4585674689391093, 'c14': 7.133792746239593, 'c15': 13.105372065575363, 'c16': 12.515826891898136, 'c17': 1.4697953256404523, 'c18': 0.2754435732007739, 'c19': 6.506305912286968, 'c20': 1.01984706886219, 'c21': 7.561567055406484}. Best is trial 28 with value: 27.57729754907254.[0m
[32m[I 2025-10-17 16:00:50,800][0m Trial 36 finished with value: 32.715838148982016 and parameters: {'c0': 43.50706455755861, 'c1': 92.03362721410741, 'c2': 10.112282838544024, 'c3': 5.525966053345788, 'c4': 55.91756761175703, 'c5': 22.773376056464073, 'c6': 1.8350337665327807, 'c7': 0.7359002274469515, 'c8': 16.584735219743116, 'c9': 5.295400703262734, 'c10': -10.630367763864074, 'c11': 9.902171641600331, 'c12': 3.344156952070608, 'c13': 1.5765374645564667, 'c14': 6.747723507217795, 'c15': 11.996868129358715, 'c16': 13.189661042341138, 'c17': 1.5415870242562772, 'c18': 0.24086968933972774, 'c19': 7.15573380768278, 'c20': 0.9687692208794915, 'c21': 6.789739928402767}. Best is trial 28 with value: 27.57729754907254.[0m
[32m[I 2025-10-17 16:06:25,451][0m Trial 37 finished with value: 41.02244542640334 and parameters: {'c0': 43.973568783616535, 'c1': 97.4395311805146, 'c2': 10.629953776091568, 'c3': 4.488571440990296, 'c4': 55.40341839608369, 'c5': 24.123595173376486, 'c6': 1.876349533139132, 'c7': 0.664417486481578, 'c8': 15.678226079292855, 'c9': 4.813644982107847, 'c10': -10.298822877204932, 'c11': 9.39684960102195, 'c12': 3.8254549762430763, 'c13': 1.8032046374476507, 'c14': 6.557094414531226, 'c15': 13.612356733213261, 'c16': 14.595716980114585, 'c17': 1.6385559472505888, 'c18': 0.2367420018298427, 'c19': 7.478317546895418, 'c20': 1.0751909091444773, 'c21': 6.958941321275501}. Best is trial 28 with value: 27.57729754907254.[0m
[32m[I 2025-10-17 16:11:28,780][0m Trial 38 finished with value: 74.36391714926371 and parameters: {'c0': 39.38772954700145, 'c1': 83.25585825408848, 'c2': 10.90193475929926, 'c3': 6.116418175653731, 'c4': 59.98355096158008, 'c5': 23.055053594486807, 'c6': 1.6989567935001597, 'c7': 0.7643999879821471, 'c8': 15.934370799929004, 'c9': 5.65186460553395, 'c10': -8.333261328830284, 'c11': 9.51402011522571, 'c12': 3.771094410881499, 'c13': 1.6610157671976085, 'c14': 5.7653683076771145, 'c15': 10.981366773247933, 'c16': 12.188394282672418, 'c17': 1.340657202483625, 'c18': 0.24729848315392947, 'c19': 7.050609993371845, 'c20': 0.9708100537683643, 'c21': 6.034087862266351}. Best is trial 28 with value: 27.57729754907254.[0m
[32m[I 2025-10-17 16:17:20,778][0m Trial 39 finished with value: 51.466979610630574 and parameters: {'c0': 44.127035408201785, 'c1': 90.21086221396057, 'c2': 10.196910774566367, 'c3': 5.653916872738336, 'c4': 51.21284027648569, 'c5': 19.116553843643107, 'c6': 1.7771125112927737, 'c7': 0.8304180264643255, 'c8': 16.047364062242636, 'c9': 5.501830385653047, 'c10': -9.787778338328463, 'c11': 9.505871682092042, 'c12': 3.4396971043394577, 'c13': 1.677690641888174, 'c14': 6.168000991160824, 'c15': 15.474354679015017, 'c16': 10.4676550465676, 'c17': 1.6802676765244502, 'c18': 0.2692897193024036, 'c19': 7.0271626435798025, 'c20': 0.9953068743633152, 'c21': 7.563676013651662}. Best is trial 28 with value: 27.57729754907254.[0m
[32m[I 2025-10-17 16:22:16,852][0m Trial 40 finished with value: 114.13526817932028 and parameters: {'c0': 41.5752530299388, 'c1': 120.03631243556525, 'c2': 13.896735198916708, 'c3': 5.854131054814468, 'c4': 65.53031328479604, 'c5': 22.485669299746622, 'c6': 2.223348852824923, 'c7': 0.6336344615558899, 'c8': 12.878609885227473, 'c9': 5.524969369658467, 'c10': -12.736346864964881, 'c11': 8.638300512862287, 'c12': 3.2812837315330157, 'c13': 1.3319958943679056, 'c14': 6.184143091796159, 'c15': 11.3691857455467, 'c16': 12.927414140285517, 'c17': 1.5264492833022139, 'c18': 0.27953294243800775, 'c19': 7.085054688117646, 'c20': 0.9053775534578087, 'c21': 7.176074726734278}. Best is trial 28 with value: 27.57729754907254.[0m
[32m[I 2025-10-17 16:28:12,962][0m Trial 41 finished with value: 38.60971254972685 and parameters: {'c0': 40.82916136024006, 'c1': 111.09749981775808, 'c2': 10.235901624052742, 'c3': 5.246320721423039, 'c4': 49.5261471789615, 'c5': 21.16723993848357, 'c6': 1.9667927438052493, 'c7': 0.794949503804025, 'c8': 13.939249695914743, 'c9': 5.715320929314334, 'c10': -11.783056193406667, 'c11': 9.893383660473386, 'c12': 3.463232871588667, 'c13': 1.5599953628046122, 'c14': 7.641113831961526, 'c15': 12.364689856515527, 'c16': 13.734102889240532, 'c17': 1.5290074067362502, 'c18': 0.23982411071676535, 'c19': 6.742190696048729, 'c20': 0.9938597220674132, 'c21': 6.131085000109787}. Best is trial 28 with value: 27.57729754907254.[0m
[32m[I 2025-10-17 16:36:25,361][0m Trial 42 finished with value: 84.12537974504453 and parameters: {'c0': 37.69394040936984, 'c1': 112.99648278830804, 'c2': 15.147746210894462, 'c3': 4.8620779414125055, 'c4': 68.02912370010367, 'c5': 22.259370902705975, 'c6': 1.7766713741376172, 'c7': 0.7641514144332406, 'c8': 16.488494686897326, 'c9': 5.778040761544406, 'c10': -13.41539581502128, 'c11': 9.808662170615003, 'c12': 3.2956282565289605, 'c13': 1.8302753510270635, 'c14': 6.791451553077982, 'c15': 13.180021684203531, 'c16': 14.175542117039521, 'c17': 1.3942024409602778, 'c18': 0.34273548478484367, 'c19': 6.660356590189146, 'c20': 0.7300766403640085, 'c21': 7.281665329120362}. Best is trial 28 with value: 27.57729754907254.[0m
[32m[I 2025-10-17 16:42:18,254][0m Trial 43 finished with value: 49.83276196555328 and parameters: {'c0': 36.525703427212036, 'c1': 103.23372290573816, 'c2': 13.896181993578114, 'c3': 6.59739127895072, 'c4': 56.46036585700955, 'c5': 22.596100413865745, 'c6': 2.920866056430837, 'c7': 0.6396701448034248, 'c8': 13.215515178377546, 'c9': 5.261468727463005, 'c10': -12.009847171056348, 'c11': 10.06253564369805, 'c12': 4.162445189770042, 'c13': 1.4819640290765868, 'c14': 6.276175680083705, 'c15': 15.038828950919306, 'c16': 14.436054297298316, 'c17': 1.5521496454551276, 'c18': 0.2699547324201448, 'c19': 7.286361976803256, 'c20': 0.8809143722456354, 'c21': 7.707598087623925}. Best is trial 28 with value: 27.57729754907254.[0m
[32m[I 2025-10-17 16:46:57,605][0m Trial 44 finished with value: 134.96498849662703 and parameters: {'c0': 42.67642525254486, 'c1': 108.89550178633624, 'c2': 11.623313997705711, 'c3': 6.426544149378511, 'c4': 64.16749162774155, 'c5': 24.630741973160152, 'c6': 1.8590674295874132, 'c7': 0.633528807037707, 'c8': 16.7132745818928, 'c9': 4.798475821472844, 'c10': -12.55816258145886, 'c11': 9.708508641752543, 'c12': 3.279612453161228, 'c13': 1.801236614579078, 'c14': 6.8917159934057945, 'c15': 11.030942837536895, 'c16': 13.27862186915298, 'c17': 1.53249725226786, 'c18': 0.268170768206651, 'c19': 7.037144271048616, 'c20': 0.9131338062848463, 'c21': 6.810685206508898}. Best is trial 28 with value: 27.57729754907254.[0m
[32m[I 2025-10-17 16:53:11,163][0m Trial 45 finished with value: 48.1015557615295 and parameters: {'c0': 33.289584449118884, 'c1': 99.8545164935451, 'c2': 11.188051670009521, 'c3': 6.400718474273352, 'c4': 54.18346612250766, 'c5': 30.111784959529263, 'c6': 2.1339805273914454, 'c7': 0.7100114029011461, 'c8': 16.819986225538074, 'c9': 4.9874580717929025, 'c10': -12.23659003050188, 'c11': 8.104316555093712, 'c12': 4.052213960144689, 'c13': 1.598310094551455, 'c14': 7.479847632297808, 'c15': 14.229965959827226, 'c16': 12.938429843837195, 'c17': 1.4905391975932096, 'c18': 0.2460500296049528, 'c19': 7.516244981504517, 'c20': 0.8447736469535398, 'c21': 7.646788103109944}. Best is trial 28 with value: 27.57729754907254.[0m
[32m[I 2025-10-17 16:57:50,422][0m Trial 46 finished with value: 106.35524263338033 and parameters: {'c0': 41.82610776321096, 'c1': 87.17779488751927, 'c2': 10.13229969244773, 'c3': 5.251646452405568, 'c4': 61.049159452832384, 'c5': 27.48546855644094, 'c6': 1.8659794546587811, 'c7': 0.7580800611252614, 'c8': 13.884481273599778, 'c9': 4.551388067631857, 'c10': -9.56087401203017, 'c11': 9.617968956828504, 'c12': 3.279103813163653, 'c13': 1.4853451506756745, 'c14': 7.069912159381436, 'c15': 12.377281211187508, 'c16': 13.026534259915884, 'c17': 1.1657000377146698, 'c18': 0.25785259728315635, 'c19': 5.962828892816556, 'c20': 1.0511501902733338, 'c21': 7.45648865139407}. Best is trial 28 with value: 27.57729754907254.[0m
[32m[I 2025-10-17 17:03:30,123][0m Trial 47 finished with value: 43.376071073576135 and parameters: {'c0': 43.56024511035513, 'c1': 88.60887804701326, 'c2': 10.10172607976482, 'c3': 5.702491620169425, 'c4': 54.228837699389885, 'c5': 21.646491150049343, 'c6': 2.061101485448183, 'c7': 0.6375563415649609, 'c8': 15.488937405922695, 'c9': 5.719443461144025, 'c10': -11.041382227276207, 'c11': 8.949690736764557, 'c12': 3.2886649924442173, 'c13': 1.2622203407077908, 'c14': 6.067604234996817, 'c15': 13.20434940066637, 'c16': 14.49934669670749, 'c17': 1.2939222871603673, 'c18': 0.2515736339061807, 'c19': 6.803473596034843, 'c20': 0.9683616903224019, 'c21': 6.9329957393764365}. Best is trial 28 with value: 27.57729754907254.[0m
[32m[I 2025-10-17 17:09:00,485][0m Trial 48 finished with value: 45.304004820365776 and parameters: {'c0': 37.26002958386552, 'c1': 84.67201344489098, 'c2': 11.09326330476895, 'c3': 5.2838246047276245, 'c4': 47.51072433698751, 'c5': 26.44821882004382, 'c6': 1.892767597866042, 'c7': 0.7526900276153876, 'c8': 16.2356910301698, 'c9': 4.577133176669871, 'c10': -10.051601680246147, 'c11': 9.973763283887708, 'c12': 3.590764619382454, 'c13': 1.5018823882027912, 'c14': 7.188142550856145, 'c15': 15.1045369366982, 'c16': 12.5134252952611, 'c17': 1.6659429446091265, 'c18': 0.2833134348336106, 'c19': 6.475524920778093, 'c20': 0.8940889059905608, 'c21': 6.4844355225801324}. Best is trial 28 with value: 27.57729754907254.[0m
[32m[I 2025-10-17 17:15:09,679][0m Trial 49 finished with value: 59.7088393963062 and parameters: {'c0': 31.853139282205646, 'c1': 94.46908190092786, 'c2': 11.128903995654102, 'c3': 5.976985648321605, 'c4': 60.60470930037185, 'c5': 23.06951826989866, 'c6': 2.66636011324626, 'c7': 0.6214609109834235, 'c8': 16.597817400203187, 'c9': 4.878385590216018, 'c10': -12.96553496857794, 'c11': 9.732272053157473, 'c12': 3.9331640410413238, 'c13': 1.682558740889166, 'c14': 7.494315973764772, 'c15': 11.410435682805089, 'c16': 14.620372609461395, 'c17': 1.5051333738717991, 'c18': 0.36708527846491706, 'c19': 6.196097725058302, 'c20': 0.7946396929956593, 'c21': 7.371786919906184}. Best is trial 28 with value: 27.57729754907254.[0m
[32m[I 2025-10-17 17:20:56,105][0m Trial 50 finished with value: 36.06183142970299 and parameters: {'c0': 40.543576345991546, 'c1': 87.73597566469068, 'c2': 10.990824925067635, 'c3': 5.7026056680910475, 'c4': 67.27648730700595, 'c5': 18.131732991631914, 'c6': 1.9121582726021773, 'c7': 0.8186400589728683, 'c8': 16.49327514810276, 'c9': 5.484339489609542, 'c10': -11.370933857287485, 'c11': 9.957792052840647, 'c12': 4.015669450399699, 'c13': 1.5858642132606542, 'c14': 6.848742156993228, 'c15': 13.757999092277753, 'c16': 13.8910603493802, 'c17': 1.6436654753560305, 'c18': 0.2372692428216397, 'c19': 7.209811141307062, 'c20': 0.9544624070701759, 'c21': 6.902273843013476}. Best is trial 28 with value: 27.57729754907254.[0m
[32m[I 2025-10-17 17:25:38,312][0m Trial 51 finished with value: 74.12990574086345 and parameters: {'c0': 43.814550155820314, 'c1': 92.65834763337223, 'c2': 10.546931636819787, 'c3': 6.671674837660208, 'c4': 61.197416767487944, 'c5': 27.26391973540462, 'c6': 2.331659995721341, 'c7': 0.7995510083887892, 'c8': 16.400491237920942, 'c9': 4.993677024798595, 'c10': -13.068311112925644, 'c11': 8.238669654715496, 'c12': 4.170584776740224, 'c13': 1.5073778593909832, 'c14': 7.756481423112182, 'c15': 11.058145827256174, 'c16': 13.586462038129957, 'c17': 1.393790035598762, 'c18': 0.24578627380682938, 'c19': 7.042744656212463, 'c20': 1.0424050249701458, 'c21': 6.93565571251279}. Best is trial 28 with value: 27.57729754907254.[0m
[32m[I 2025-10-17 17:31:06,315][0m Trial 52 finished with value: 88.31443001706629 and parameters: {'c0': 30.27825025724171, 'c1': 105.57967552705631, 'c2': 10.8574665737627, 'c3': 5.22523632067772, 'c4': 69.74437275289816, 'c5': 29.97158374829548, 'c6': 2.3562087707385855, 'c7': 0.7754914909831954, 'c8': 15.84809073905562, 'c9': 5.5538995454525955, 'c10': -10.532470361448073, 'c11': 6.086766482960017, 'c12': 3.6817485617840444, 'c13': 1.669242739335232, 'c14': 6.201704753988439, 'c15': 12.22947972328522, 'c16': 11.023018167208797, 'c17': 1.7407885055503074, 'c18': 0.36836835557765174, 'c19': 5.426034143240278, 'c20': 0.8513601447066348, 'c21': 6.068478392202032}. Best is trial 28 with value: 27.57729754907254.[0m
[32m[I 2025-10-17 17:36:55,890][0m Trial 53 finished with value: 32.55877972438102 and parameters: {'c0': 32.870260786780925, 'c1': 110.17148088724595, 'c2': 10.25213841078413, 'c3': 4.831105700202675, 'c4': 61.90940218979345, 'c5': 31.903367357289778, 'c6': 2.291500464844053, 'c7': 0.8398140436596316, 'c8': 12.120240864576264, 'c9': 5.375493574058993, 'c10': -11.640013426657609, 'c11': 5.946550952840954, 'c12': 3.958956302594497, 'c13': 1.3465387880411228, 'c14': 6.5389725163127315, 'c15': 16.308852835754067, 'c16': 11.685939481712735, 'c17': 1.7441237659787092, 'c18': 0.3411879197716166, 'c19': 4.664891126063902, 'c20': 0.9257223191326299, 'c21': 6.729267728802865}. Best is trial 28 with value: 27.57729754907254.[0m
[32m[I 2025-10-17 17:42:19,371][0m Trial 54 finished with value: 50.11530708682477 and parameters: {'c0': 35.7931416362054, 'c1': 101.69105282135172, 'c2': 12.201902529560925, 'c3': 4.199189537310736, 'c4': 61.51729064667419, 'c5': 30.308344046918172, 'c6': 2.259300619681116, 'c7': 0.8537555315184613, 'c8': 12.220092890497646, 'c9': 5.00067894552516, 'c10': -12.056172391231808, 'c11': 6.570348327151318, 'c12': 3.890340469025611, 'c13': 1.2740770955800296, 'c14': 7.0026526932553885, 'c15': 17.626553511320836, 'c16': 13.67633501477191, 'c17': 1.6495106531674393, 'c18': 0.31552372503947834, 'c19': 4.307851814280103, 'c20': 0.9779750457148388, 'c21': 7.612087137214681}. Best is trial 28 with value: 27.57729754907254.[0m
[32m[I 2025-10-17 17:42:19,425][0m A new study created in memory with name: no-name-9e553ebb-d66c-4be1-b595-9c87df01a6bd[0m
[32m[I 2025-10-17 17:47:47,722][0m Trial 0 finished with value: 67.93678487250911 and parameters: {'c0': 38.59845005355757, 'c1': 120.49985771954837, 'c2': 9.822115779316318, 'c3': 4.654146453657339, 'c4': 49.65149299375696, 'c5': 18.060072666949655, 'c6': 1.3876695387804998, 'c7': 0.6933584498673341, 'c8': 15.834780977637685, 'c9': 5.819381379343422, 'c10': -12.93060089006168, 'c11': 10.632924362389744, 'c12': 3.0896086956127053, 'c13': 1.8865198744702862, 'c14': 5.49816672365284, 'c15': 12.657989942129333, 'c16': 13.599756506178775, 'c17': 1.4111495147050541, 'c18': 0.25654784766483724, 'c19': 5.7893249360862695, 'c20': 1.067656404600625, 'c21': 8.03354792995617}. Best is trial 0 with value: 67.93678487250911.[0m
[32m[I 2025-10-17 17:56:00,018][0m Trial 1 finished with value: 83.36404303145966 and parameters: {'c0': 36.154698184015636, 'c1': 118.76021301868852, 'c2': 16.880434305431884, 'c3': 6.4657316210370634, 'c4': 47.40844978764156, 'c5': 17.326391643239848, 'c6': 1.3714486401599413, 'c7': 0.9293378192667985, 'c8': 12.910717042066086, 'c9': 5.429758742848249, 'c10': -9.06097848814504, 'c11': 9.783997301929475, 'c12': 4.147358379330854, 'c13': 1.3804834015197351, 'c14': 8.405048779743057, 'c15': 13.757561496570222, 'c16': 10.283992898835775, 'c17': 1.5631042529497399, 'c18': 0.41664165217702903, 'c19': 8.036074112960284, 'c20': 0.7926586083353471, 'c21': 7.376251800898084}. Best is trial 0 with value: 67.93678487250911.[0m
