[32m[I 2025-10-17 12:10:11,836][0m Trial 69 finished with value: 42.98132551611632 and parameters: {'c0': 38.59523739760528, 'c1': 80.65597291674574, 'c2': 13.896156527230476, 'c3': 6.595499010731807, 'c4': 59.66412941977701, 'c5': 30.221546261340478, 'c6': 2.046190127268859, 'c7': 0.7331939529166972, 'c8': 20.648573614632596, 'c9': 4.638260872285681, 'c10': -8.177021368734453, 'c11': 7.608633557503282, 'c12': 4.91448405125388, 'c13': 1.7128604004899444, 'c14': 5.456155828954223, 'c15': 13.05438121150034, 'c16': 11.270865642125848, 'c17': 1.3823419037278213, 'c18': 0.2356891148477565, 'c19': 4.12624897644347, 'c20': 1.1091143283535594, 'c21': 5.609058936768843}. Best is trial 67 with value: 34.45365954888508.[0m
[32m[I 2025-10-17 12:16:20,513][0m Trial 70 finished with value: 29.888813677975417 and parameters: {'c0': 34.3773769250665, 'c1': 93.21483160222101, 'c2': 13.67028763873104, 'c3': 5.208198884606339, 'c4': 55.64062539525653, 'c5': 25.771893787048736, 'c6': 2.41631971735187, 'c7': 0.8442574463398206, 'c8': 13.329369066609702, 'c9': 4.487194472840645, 'c10': -10.633015621391301, 'c11': 7.851527258995973, 'c12': 4.634174997662083, 'c13': 1.5973972033941828, 'c14': 5.9995838584171475, 'c15': 15.538203778592166, 'c16': 11.418356809520041, 'c17': 1.3534492999382803, 'c18': 0.32637776330662466, 'c19': 5.887078543182296, 'c20': 0.8521951522405011, 'c21': 6.024367181813007}. Best is trial 70 with value: 29.888813677975417.[0m
[32m[I 2025-10-17 12:22:14,718][0m Trial 71 finished with value: 35.7853471690038 and parameters: {'c0': 28.252361088758732, 'c1': 117.85353327222359, 'c2': 14.706392311325942, 'c3': 5.179425564088285, 'c4': 59.69058804355752, 'c5': 25.598071227440858, 'c6': 1.8545772136600382, 'c7': 0.7518704729488908, 'c8': 13.739916583381278, 'c9': 4.769741126964793, 'c10': -9.426496399931647, 'c11': 7.746709293518642, 'c12': 4.917402466542198, 'c13': 1.5673781247075627, 'c14': 6.133868930630244, 'c15': 14.926694197863455, 'c16': 12.368464862751319, 'c17': 1.2096845256284348, 'c18': 0.3311656914381755, 'c19': 5.402909140826565, 'c20': 0.888809600544352, 'c21': 5.847034239745064}. Best is trial 70 with value: 29.888813677975417.[0m
[32m[I 2025-10-17 12:22:14,765][0m A new study created in memory with name: no-name-a55dc57f-aae6-4130-8aaf-6fe9deb1f4e1[0m
[32m[I 2025-10-17 12:28:22,405][0m Trial 0 finished with value: 73.58381865599142 and parameters: {'c0': 32.67941515857326, 'c1': 105.43958289284667, 'c2': 9.602666143865704, 'c3': 4.595404322360661, 'c4': 43.94134462856212, 'c5': 19.518177672890147, 'c6': 1.9650707406604384, 'c7': 0.7666461601146394, 'c8': 12.510304046462105, 'c9': 4.590872354764581, 'c10': -11.144449542040606, 'c11': 8.71715882283285, 'c12': 3.8189221579195283, 'c13': 1.9569244900629048, 'c14': 4.311793587920676, 'c15': 17.114851485133958, 'c16': 10.856305282390606, 'c17': 1.4007314333956236, 'c18': 0.25651459907763036, 'c19': 4.829158041239387, 'c20': 1.0047510791336989, 'c21': 7.7035276020569725}. Best is trial 0 with value: 73.58381865599142.[0m
[32m[I 2025-10-17 12:34:49,569][0m Trial 1 finished with value: 77.71586200993016 and parameters: {'c0': 30.559513997646675, 'c1': 103.88589276019066, 'c2': 16.733005446937838, 'c3': 6.431530522199242, 'c4': 41.89748247864918, 'c5': 18.700779149139883, 'c6': 1.941439926170918, 'c7': 1.0342876472443996, 'c8': 10.142582187307971, 'c9': 4.276476220791986, 'c10': -7.734942106952974, 'c11': 8.006526691748956, 'c12': 5.1634578695080915, 'c13': 1.4219830113107368, 'c14': 6.665614725675712, 'c15': 18.633144260768823, 'c16': 8.144323768849, 'c17': 1.5549724121374573, 'c18': 0.4213503496916273, 'c19': 6.756706991665513, 'c20': 0.7408229986448658, 'c21': 7.061707044654057}. Best is trial 0 with value: 73.58381865599142.[0m
[32m[I 2025-10-17 12:40:52,349][0m Trial 2 finished with value: 41.17489735881598 and parameters: {'c0': 26.25827175320534, 'c1': 90.32369284057313, 'c2': 16.99507188408617, 'c3': 4.56837608079408, 'c4': 48.61184321616153, 'c5': 20.096359506313988, 'c6': 1.725029749389922, 'c7': 0.9341287301686395, 'c8': 11.041375808494683, 'c9': 3.8609793522131195, 'c10': -10.686350765114756, 'c11': 5.764147270872491, 'c12': 4.838624492870188, 'c13': 1.261494373485046, 'c14': 6.318511195316178, 'c15': 17.38576147366228, 'c16': 8.715557276270358, 'c17': 1.2842104495039022, 'c18': 0.36414449539478194, 'c19': 5.5863433392092885, 'c20': 0.6239041891886319, 'c21': 6.153089731703495}. Best is trial 2 with value: 41.17489735881598.[0m
[32m[I 2025-10-17 12:45:33,650][0m Trial 3 finished with value: 76.74240989571157 and parameters: {'c0': 37.729073289176576, 'c1': 94.04095714553861, 'c2': 17.288001561414546, 'c3': 5.4765306925363655, 'c4': 69.00110939509517, 'c5': 20.210586644948794, 'c6': 1.8974942923515496, 'c7': 0.9987326185831655, 'c8': 12.517519090534535, 'c9': 3.593369453078524, 'c10': -7.927229154437912, 'c11': 7.140054241222055, 'c12': 5.326026920533441, 'c13': 1.8122839942313989, 'c14': 7.36844401115142, 'c15': 16.68204345462852, 'c16': 13.123928382041141, 'c17': 1.231717665182639, 'c18': 0.28168092882752555, 'c19': 7.274353178611066, 'c20': 0.815718632550442, 'c21': 7.69125818758633}. Best is trial 2 with value: 41.17489735881598.[0m
[32m[I 2025-10-17 12:51:31,609][0m Trial 4 finished with value: 33.06138315540799 and parameters: {'c0': 37.72184690604616, 'c1': 99.96714447242238, 'c2': 10.535435419634549, 'c3': 6.601673657819793, 'c4': 53.981738528669034, 'c5': 26.974427037400105, 'c6': 2.284193747829161, 'c7': 0.712104050930173, 'c8': 16.529853145384507, 'c9': 4.683989317011844, 'c10': -13.779447770645383, 'c11': 8.399009217190573, 'c12': 4.155984126691953, 'c13': 1.6231249936276513, 'c14': 7.377857705689431, 'c15': 14.218097059659579, 'c16': 14.195033231286638, 'c17': 1.4528315883628011, 'c18': 0.23231482828678707, 'c19': 7.391923507465356, 'c20': 0.9490296730469863, 'c21': 7.807739745060548}. Best is trial 4 with value: 33.06138315540799.[0m
[32m[I 2025-10-17 12:56:19,614][0m Trial 5 finished with value: 103.47870261588125 and parameters: {'c0': 27.672547683723042, 'c1': 73.08123163907912, 'c2': 17.190362062531943, 'c3': 5.818360612909531, 'c4': 41.266752767156525, 'c5': 29.690816177374412, 'c6': 2.781467442963951, 'c7': 1.0568424817389692, 'c8': 15.007643713060496, 'c9': 3.483637840881985, 'c10': -13.671789334817817, 'c11': 5.637253257180629, 'c12': 3.333033389309956, 'c13': 1.3560858078602065, 'c14': 7.285313264053045, 'c15': 15.897350858717704, 'c16': 11.777370085213953, 'c17': 1.6289987559062629, 'c18': 0.2533647272815985, 'c19': 5.113288329942721, 'c20': 0.8956974678587738, 'c21': 7.708311872089629}. Best is trial 4 with value: 33.06138315540799.[0m
[32m[I 2025-10-17 13:01:10,169][0m Trial 6 finished with value: 79.22410232129553 and parameters: {'c0': 35.6262258340508, 'c1': 66.50687426823937, 'c2': 16.116567067165622, 'c3': 4.380384635447534, 'c4': 65.8118067824443, 'c5': 24.05162375842161, 'c6': 2.9391985354157257, 'c7': 0.9684449549941678, 'c8': 13.775588976886795, 'c9': 3.516181502384245, 'c10': -13.41838371613302, 'c11': 6.081859076854885, 'c12': 3.3778454399696543, 'c13': 1.2241888898317108, 'c14': 5.020038880497043, 'c15': 17.508130992801973, 'c16': 11.824233110923903, 'c17': 0.9607510452414922, 'c18': 0.24322385594999202, 'c19': 7.524520238676159, 'c20': 0.8867398462172033, 'c21': 4.960392936199413}. Best is trial 4 with value: 33.06138315540799.[0m
[32m[I 2025-10-17 13:06:56,683][0m Trial 7 finished with value: 35.4161683657597 and parameters: {'c0': 29.309269232697172, 'c1': 106.74356087659433, 'c2': 11.191965544773355, 'c3': 5.460422070221718, 'c4': 71.2074690463019, 'c5': 31.092409383815685, 'c6': 2.042145204823115, 'c7': 0.8411265038023674, 'c8': 14.28111883888985, 'c9': 5.365888771434754, 'c10': -12.805250851964436, 'c11': 5.601571751693734, 'c12': 3.448103819516146, 'c13': 1.5844136571673024, 'c14': 6.379306921677261, 'c15': 16.17500817762926, 'c16': 10.177030351755896, 'c17': 1.7470918583536235, 'c18': 0.3418701186923916, 'c19': 5.46706616738084, 'c20': 0.8780391860174633, 'c21': 6.904123043626742}. Best is trial 4 with value: 33.06138315540799.[0m
[32m[I 2025-10-17 13:18:43,964][0m Trial 8 finished with value: 259.759815879853 and parameters: {'c0': 37.84035505181627, 'c1': 80.1713433546609, 'c2': 10.141508933784971, 'c3': 4.805443113825032, 'c4': 59.93680895656602, 'c5': 21.325827906788145, 'c6': 2.7798556446199694, 'c7': 0.6264264466874389, 'c8': 11.427666893299445, 'c9': 5.301181236199737, 'c10': -12.573330757385126, 'c11': 8.503303881606296, 'c12': 4.702226740746508, 'c13': 2.001319483230582, 'c14': 5.1542708661700845, 'c15': 11.523793934706053, 'c16': 13.016021334479449, 'c17': 1.5727233761764785, 'c18': 0.4056054358704205, 'c19': 7.400806142847466, 'c20': 0.6056418441417399, 'c21': 5.071804139637671}. Best is trial 4 with value: 33.06138315540799.[0m
[32m[I 2025-10-17 13:23:44,579][0m Trial 9 finished with value: 100.47691397292738 and parameters: {'c0': 36.766988588158384, 'c1': 118.1285974758232, 'c2': 17.33341769664257, 'c3': 5.383831087251503, 'c4': 69.4053145944167, 'c5': 27.94358546731941, 'c6': 2.258118850781319, 'c7': 0.8372172529683545, 'c8': 14.156986788425016, 'c9': 4.619534910222548, 'c10': -7.9356289729620375, 'c11': 9.808496573468052, 'c12': 4.344194935176706, 'c13': 2.0378834223194975, 'c14': 4.835216512983325, 'c15': 12.082139302955166, 'c16': 8.93811222008501, 'c17': 1.3580108957084924, 'c18': 0.23342287735768594, 'c19': 7.456867242273038, 'c20': 1.0181280039136942, 'c21': 4.2852517507501675}. Best is trial 4 with value: 33.06138315540799.[0m
[32m[I 2025-10-17 13:30:18,509][0m Trial 10 finished with value: 64.91899140565117 and parameters: {'c0': 27.751447051608125, 'c1': 83.8968433752741, 'c2': 10.667670459707738, 'c3': 6.1676600144746665, 'c4': 50.49837547285375, 'c5': 32.52334785876542, 'c6': 2.5342799382655676, 'c7': 1.0346341362225573, 'c8': 16.064552802128055, 'c9': 5.5699804936406245, 'c10': -10.88694136414502, 'c11': 8.068131162713648, 'c12': 5.457857212880709, 'c13': 1.3936511911615534, 'c14': 5.964777303496152, 'c15': 16.45487135402041, 'c16': 8.125598945527646, 'c17': 1.428760483071475, 'c18': 0.31349285833483165, 'c19': 6.9641391885284705, 'c20': 0.758476085471488, 'c21': 7.433244619391905}. Best is trial 4 with value: 33.06138315540799.[0m
[32m[I 2025-10-17 13:35:02,925][0m Trial 11 finished with value: 162.33859287613245 and parameters: {'c0': 39.373133375540945, 'c1': 82.30489527547392, 'c2': 11.442669052775248, 'c3': 6.005961295078266, 'c4': 46.154074884745455, 'c5': 32.071421490112364, 'c6': 2.3319133860028023, 'c7': 0.719783633549019, 'c8': 15.699009848035807, 'c9': 4.643642345534829, 'c10': -13.247600108677293, 'c11': 8.847895461789596, 'c12': 4.332562960865564, 'c13': 1.4262686877551547, 'c14': 7.210588749887915, 'c15': 13.837849887496427, 'c16': 14.378479927210396, 'c17': 1.378307082208948, 'c18': 0.24200324760474778, 'c19': 7.383503339802588, 'c20': 1.0205849754783405, 'c21': 6.553580064474162}. Best is trial 4 with value: 33.06138315540799.[0m
[32m[I 2025-10-17 13:41:07,771][0m Trial 12 finished with value: 48.73789592361936 and parameters: {'c0': 29.522866624528582, 'c1': 114.32141292876088, 'c2': 10.132671135233702, 'c3': 5.944811330857281, 'c4': 66.08765699820513, 'c5': 28.481388257557196, 'c6': 1.994532710477731, 'c7': 0.8374743728339036, 'c8': 14.28232222992769, 'c9': 5.598637074222855, 'c10': -12.49474585806215, 'c11': 5.584387796321273, 'c12': 3.819663483760475, 'c13': 1.554321328810857, 'c14': 7.468843195738233, 'c15': 18.665296446022822, 'c16': 9.065846943264564, 'c17': 1.483812201794127, 'c18': 0.32460022231639035, 'c19': 5.106008391873787, 'c20': 0.8904238546873173, 'c21': 6.468093136538435}. Best is trial 4 with value: 33.06138315540799.[0m
[32m[I 2025-10-17 13:45:52,528][0m Trial 13 finished with value: 95.3956213610101 and parameters: {'c0': 39.48804960930059, 'c1': 102.62830432578797, 'c2': 9.8106488951902, 'c3': 6.698159165919872, 'c4': 65.87141069503326, 'c5': 22.543648645488194, 'c6': 2.9254140417887546, 'c7': 0.7145196579587811, 'c8': 16.143425287205027, 'c9': 4.6240761939412875, 'c10': -13.392093383031137, 'c11': 7.852836912915719, 'c12': 3.723845494260728, 'c13': 1.4702286921832872, 'c14': 5.941340723311745, 'c15': 14.99466930875891, 'c16': 14.75467689794319, 'c17': 1.1030280442857883, 'c18': 0.2301852405827902, 'c19': 7.572730260151668, 'c20': 0.9696857856429801, 'c21': 6.84076531483954}. Best is trial 4 with value: 33.06138315540799.[0m
[32m[I 2025-10-17 13:52:17,715][0m Trial 14 finished with value: 84.69824131579003 and parameters: {'c0': 32.64767863866104, 'c1': 98.70088744827912, 'c2': 10.094327843417004, 'c3': 6.699388465594717, 'c4': 48.55525465377428, 'c5': 23.55125540603899, 'c6': 2.1873590903720324, 'c7': 0.719009899158202, 'c8': 16.294338776332825, 'c9': 4.771436046632104, 'c10': -11.053380531079124, 'c11': 9.258812315583418, 'c12': 4.20788297518013, 'c13': 1.968847099848776, 'c14': 7.206275536097481, 'c15': 17.33504960441228, 'c16': 13.484789188368135, 'c17': 1.658230770777959, 'c18': 0.2608775721023356, 'c19': 7.1890666396381, 'c20': 0.9171272679909198, 'c21': 6.448187538669456}. Best is trial 4 with value: 33.06138315540799.[0m
[32m[I 2025-10-17 13:57:06,794][0m Trial 15 finished with value: 93.44314322157278 and parameters: {'c0': 33.295928508165424, 'c1': 107.8795527336122, 'c2': 11.947263721939137, 'c3': 4.988992860334092, 'c4': 70.65646396483396, 'c5': 31.834929592664484, 'c6': 2.142210193054904, 'c7': 0.7958224712190307, 'c8': 12.690725212832543, 'c9': 5.5201600823553445, 'c10': -13.51455953493786, 'c11': 5.946374189032928, 'c12': 3.5940661249036916, 'c13': 1.8756610747003017, 'c14': 4.731165692625143, 'c15': 14.669473078138086, 'c16': 8.77885080622449, 'c17': 1.691914235269044, 'c18': 0.2617587573648738, 'c19': 5.840576082614171, 'c20': 0.8018505100721671, 'c21': 6.210181312471139}. Best is trial 4 with value: 33.06138315540799.[0m
[32m[I 2025-10-17 14:01:45,382][0m Trial 16 finished with value: 117.20502629144389 and parameters: {'c0': 38.27728247593905, 'c1': 115.6707052335423, 'c2': 11.085321712615068, 'c3': 5.9621973229856335, 'c4': 61.227974854350435, 'c5': 25.447102627431104, 'c6': 2.2877045294340794, 'c7': 0.7817853322058275, 'c8': 13.120166995188024, 'c9': 4.2253699836799665, 'c10': -12.532919106617353, 'c11': 7.971783322764075, 'c12': 3.9490669825121087, 'c13': 1.731417931811343, 'c14': 7.425453713138032, 'c15': 14.779916582274796, 'c16': 13.262318995546291, 'c17': 1.543184034049123, 'c18': 0.29906099933112607, 'c19': 7.120349163731093, 'c20': 1.050701284046576, 'c21': 7.673696082454124}. Best is trial 4 with value: 33.06138315540799.[0m
[32m[I 2025-10-17 14:06:56,090][0m Trial 17 finished with value: 104.5706014787911 and parameters: {'c0': 29.718033277089685, 'c1': 96.22392093074404, 'c2': 13.937465672367729, 'c3': 4.33750563794367, 'c4': 67.77720310923776, 'c5': 27.322603685770186, 'c6': 2.236586215552567, 'c7': 0.8876339814185481, 'c8': 15.049713301972583, 'c9': 5.211826032693932, 'c10': -13.02055119570118, 'c11': 6.552052887528506, 'c12': 3.4844640643356954, 'c13': 1.3850399289164779, 'c14': 5.440945158273074, 'c15': 16.279215709985465, 'c16': 8.787377816252171, 'c17': 1.6690371056317201, 'c18': 0.2979982755160243, 'c19': 4.193920027844076, 'c20': 1.0964229983763938, 'c21': 7.060712817121009}. Best is trial 4 with value: 33.06138315540799.[0m
[32m[I 2025-10-17 14:12:33,030][0m Trial 18 finished with value: 28.333202476928218 and parameters: {'c0': 41.463151455836844, 'c1': 98.71079579607888, 'c2': 11.683304097648072, 'c3': 5.703862204787593, 'c4': 58.15931331004229, 'c5': 21.79352332789281, 'c6': 1.944986376455444, 'c7': 0.6265758936348788, 'c8': 16.58738308360949, 'c9': 5.511911922715715, 'c10': -11.943054962209967, 'c11': 9.997868451094472, 'c12': 3.519952615488968, 'c13': 1.6106872033280897, 'c14': 7.307323408961501, 'c15': 11.007861031384579, 'c16': 14.29172151957539, 'c17': 1.4560816655955244, 'c18': 0.2864553421682148, 'c19': 7.063457420165641, 'c20': 0.9466397325175628, 'c21': 7.3054529974058156}. Best is trial 18 with value: 28.333202476928218.[0m
[32m[I 2025-10-17 14:18:36,085][0m Trial 19 finished with value: 50.863703059658874 and parameters: {'c0': 31.545899899545233, 'c1': 84.03358415502517, 'c2': 11.125411898585124, 'c3': 5.995243829860851, 'c4': 51.53065162087723, 'c5': 19.795014809669333, 'c6': 1.7551993385458262, 'c7': 0.5992064279273821, 'c8': 16.967188464617756, 'c9': 5.643524039369381, 'c10': -11.556583649313646, 'c11': 9.198373008993059, 'c12': 3.3940309412802376, 'c13': 1.6194091002984947, 'c14': 7.395995567161777, 'c15': 11.770426561890698, 'c16': 12.965245590403589, 'c17': 1.669346953652343, 'c18': 0.37610614744508136, 'c19': 7.377064696237673, 'c20': 1.0194211152041568, 'c21': 7.007597305533468}. Best is trial 18 with value: 28.333202476928218.[0m
[32m[I 2025-10-17 14:25:05,844][0m Trial 20 finished with value: 70.91870650510334 and parameters: {'c0': 42.215722273246094, 'c1': 101.24255853587735, 'c2': 10.322135890145944, 'c3': 6.313880924544969, 'c4': 41.93302169677328, 'c5': 24.049636436492644, 'c6': 1.7145085923040113, 'c7': 0.7320406087430382, 'c8': 16.23243707364614, 'c9': 4.70325118589683, 'c10': -12.79799018100732, 'c11': 9.316422873620805, 'c12': 3.542444877356584, 'c13': 1.52998094236785, 'c14': 5.965418915078968, 'c15': 12.085397212396, 'c16': 13.871096111724562, 'c17': 1.176255321458772, 'c18': 0.2929233755623615, 'c19': 5.8626156497882045, 'c20': 0.8163054879309781, 'c21': 7.047904908624515}. Best is trial 18 with value: 28.333202476928218.[0m
[32m[I 2025-10-17 14:31:14,256][0m Trial 21 finished with value: 28.9984603256594 and parameters: {'c0': 40.39957128866228, 'c1': 106.92119522236587, 'c2': 13.004218665051422, 'c3': 6.163578089826776, 'c4': 65.1749736577534, 'c5': 22.101599500571012, 'c6': 2.4431848965011183, 'c7': 0.6351012679237575, 'c8': 14.82317915383808, 'c9': 5.613255638512772, 'c10': -12.509154945460812, 'c11': 9.572652707176335, 'c12': 3.433217201157293, 'c13': 1.5993029477341076, 'c14': 6.637357913222411, 'c15': 12.287182309182914, 'c16': 14.073276449519357, 'c17': 1.6024076079666145, 'c18': 0.3050149634886401, 'c19': 6.836317548459393, 'c20': 0.8679768336329499, 'c21': 7.052309421568407}. Best is trial 18 with value: 28.333202476928218.[0m
[32m[I 2025-10-17 14:36:23,463][0m Trial 22 finished with value: 66.2368822130987 and parameters: {'c0': 42.896341456750505, 'c1': 105.99426208996337, 'c2': 15.202680607988803, 'c3': 5.785462995362125, 'c4': 69.03305840389417, 'c5': 21.863738260197827, 'c6': 2.2123309770838624, 'c7': 0.6760812540666269, 'c8': 14.667478983552842, 'c9': 4.742980461193376, 'c10': -12.74466999307746, 'c11': 9.648510327637268, 'c12': 3.981415463041857, 'c13': 1.8880461602371075, 'c14': 6.322301244656864, 'c15': 11.760515052402319, 'c16': 13.530018492854968, 'c17': 1.5578579561465358, 'c18': 0.2923612897442798, 'c19': 5.756934240353626, 'c20': 0.8371674462759364, 'c21': 7.124142267701093}. Best is trial 18 with value: 28.333202476928218.[0m
[32m[I 2025-10-17 14:41:07,602][0m Trial 23 finished with value: 89.79292712455936 and parameters: {'c0': 38.60527392903696, 'c1': 97.56806547462988, 'c2': 11.824607839348602, 'c3': 5.685181926842278, 'c4': 62.24907791024353, 'c5': 23.512846674917586, 'c6': 2.0957864832735598, 'c7': 0.7936294284342407, 'c8': 16.840507788713104, 'c9': 4.67856802713578, 'c10': -11.096385232376424, 'c11': 9.640115971828727, 'c12': 4.123479654099547, 'c13': 1.734244513707593, 'c14': 6.914540892796442, 'c15': 11.378701438994419, 'c16': 12.46143663994149, 'c17': 1.2232563041193139, 'c18': 0.2627249947097074, 'c19': 7.592832989682867, 'c20': 0.8104862899383393, 'c21': 6.864158147615408}. Best is trial 18 with value: 28.333202476928218.[0m
[32m[I 2025-10-17 14:52:40,164][0m Trial 24 finished with value: 130.1009939738955 and parameters: {'c0': 41.132212021797095, 'c1': 95.93778028819675, 'c2': 12.739173277149016, 'c3': 5.2408166343836164, 'c4': 59.326787259298605, 'c5': 21.52957210263012, 'c6': 2.1539436590178047, 'c7': 0.7346127065069752, 'c8': 14.696624373844465, 'c9': 5.577168827333665, 'c10': -11.574147223508426, 'c11': 10.179029808132496, 'c12': 4.034234710753684, 'c13': 1.3733188297856112, 'c14': 6.7919143645093, 'c15': 12.0110016084005, 'c16': 14.770381675225766, 'c17': 1.6666266494193045, 'c18': 0.33161663143501385, 'c19': 6.669682523177445, 'c20': 0.6718087601125196, 'c21': 6.943161567578305}. Best is trial 18 with value: 28.333202476928218.[0m
[32m[I 2025-10-17 14:59:35,157][0m Trial 25 finished with value: 76.33083082757373 and parameters: {'c0': 44.22818083308113, 'c1': 111.65925824326449, 'c2': 10.324598079209341, 'c3': 6.19900573639766, 'c4': 64.19578095459788, 'c5': 20.551900271955784, 'c6': 2.4495401067313622, 'c7': 0.6334464525223974, 'c8': 15.225700518528464, 'c9': 5.696862032305285, 'c10': -12.79868063604851, 'c11': 9.089407126705238, 'c12': 3.3644938444314785, 'c13': 1.7311430472038376, 'c14': 6.16687979444671, 'c15': 15.805473349774626, 'c16': 13.425144958835448, 'c17': 1.7508969834454913, 'c18': 0.27507714241649245, 'c19': 6.964679642193862, 'c20': 0.8467435583425558, 'c21': 7.198943916074366}. Best is trial 18 with value: 28.333202476928218.[0m
[32m[I 2025-10-17 15:04:24,563][0m Trial 26 finished with value: 133.80672998443757 and parameters: {'c0': 39.70093773068649, 'c1': 104.66491723338696, 'c2': 9.8690043236232, 'c3': 6.579464402578429, 'c4': 49.09594906506055, 'c5': 26.472616431831387, 'c6': 1.925268923368253, 'c7': 0.6702288553372775, 'c8': 15.671565351131983, 'c9': 4.047199761459881, 'c10': -12.953860392829517, 'c11': 7.119036895933817, 'c12': 3.3574463889837127, 'c13': 1.6058018774136946, 'c14': 7.331131430544262, 'c15': 11.824156279105146, 'c16': 13.98524312552871, 'c17': 1.6336055825039026, 'c18': 0.2327531815285471, 'c19': 6.959053703536878, 'c20': 0.9531729737381844, 'c21': 6.9935526620802335}. Best is trial 18 with value: 28.333202476928218.[0m
