[32m[I 2025-10-17 23:43:17,718][0m Trial 22 finished with value: 122.48370830540573 and parameters: {'c0': 47.42803727787341, 'c1': 155.96207172826718, 'c2': 18.024018192372544, 'c3': 7.349184665049122, 'c4': 73.62630547946131, 'c5': 31.43109120127101, 'c6': 2.273421777286439, 'c7': 0.8378791514646848, 'c8': 18.41373197033449, 'c9': 7.623060872129187, 'c10': -13.388413711721023, 'c11': 7.199553141878699, 'c12': 5.1688446411881195, 'c13': 1.8384187299680772, 'c14': 9.666366551233157, 'c15': 13.365929828520635, 'c16': 11.024270208315649, 'c17': 2.007197984443014, 'c18': 0.2862258106610882, 'c19': 9.487795802153524, 'c20': 1.1963782200910391, 'c21': 7.125320407173815}. Best is trial 4 with value: 34.93750716348795.[0m
[32m[I 2025-10-17 23:49:08,246][0m Trial 23 finished with value: 41.2701349007494 and parameters: {'c0': 34.69992605146644, 'c1': 138.51761067292136, 'c2': 18.154038574158463, 'c3': 6.0998006938240295, 'c4': 78.42172930446193, 'c5': 26.862541644451206, 'c6': 2.494452606127098, 'c7': 0.9128908441970972, 'c8': 17.919807058983455, 'c9': 7.659786104227745, 'c10': -12.722746469333618, 'c11': 5.336553907213156, 'c12': 5.400734409399169, 'c13': 1.7491225612315753, 'c14': 11.933949491095637, 'c15': 15.863580326803385, 'c16': 16.14719154501413, 'c17': 2.0050889440636332, 'c18': 0.23962285225314112, 'c19': 10.119175063018517, 'c20': 1.1848317371829773, 'c21': 6.529970559359619}. Best is trial 4 with value: 34.93750716348795.[0m
[32m[I 2025-10-17 23:55:08,016][0m Trial 24 finished with value: 35.61868777870775 and parameters: {'c0': 35.545233284790065, 'c1': 140.37014162998597, 'c2': 16.167348339944482, 'c3': 5.820755266126324, 'c4': 74.40760121467392, 'c5': 27.334527619689855, 'c6': 2.3302799370826413, 'c7': 0.8346406408208559, 'c8': 15.93833316989264, 'c9': 7.829643212400188, 'c10': -11.977054716641318, 'c11': 5.41958407792225, 'c12': 4.649943323485248, 'c13': 1.7386498688327092, 'c14': 11.318653559749244, 'c15': 15.104624380031115, 'c16': 18.09778491674371, 'c17': 1.7417195446769944, 'c18': 0.20677484179313352, 'c19': 9.662701586844989, 'c20': 1.1529326477113597, 'c21': 6.063220871352968}. Best is trial 4 with value: 34.93750716348795.[0m
[32m[I 2025-10-18 00:00:29,519][0m Trial 25 finished with value: 83.80644876453457 and parameters: {'c0': 35.86365763432193, 'c1': 155.7314556504979, 'c2': 19.162014336711277, 'c3': 4.83706842396563, 'c4': 78.763023378127, 'c5': 29.795935701355088, 'c6': 2.454919366335358, 'c7': 0.8053744659601245, 'c8': 18.6682168154904, 'c9': 7.7910454744173565, 'c10': -12.139514105041002, 'c11': 6.000224613942797, 'c12': 5.057890022057852, 'c13': 1.8038590254285567, 'c14': 10.495313909114586, 'c15': 14.69103707852251, 'c16': 16.07982023843121, 'c17': 1.8091110155814976, 'c18': 0.22296496120184767, 'c19': 9.583945441784651, 'c20': 1.2040422783234326, 'c21': 5.977887402936074}. Best is trial 4 with value: 34.93750716348795.[0m
[32m[I 2025-10-18 00:05:12,192][0m Trial 26 finished with value: 155.02682398465467 and parameters: {'c0': 43.44962983576879, 'c1': 133.1056719437848, 'c2': 11.169862136842545, 'c3': 7.306737426405544, 'c4': 63.4688646392979, 'c5': 24.50676362419856, 'c6': 2.0364937229674487, 'c7': 0.7359793310193273, 'c8': 22.074203663010444, 'c9': 5.541071008339955, 'c10': -13.539226230016848, 'c11': 7.100781100982055, 'c12': 3.7616902646921435, 'c13': 1.3667465101512846, 'c14': 11.923986542588457, 'c15': 11.603799516796567, 'c16': 18.159095843903888, 'c17': 1.6631268305182916, 'c18': 0.21500500192253583, 'c19': 10.799725500326769, 'c20': 1.144170443439755, 'c21': 8.846877968968577}. Best is trial 4 with value: 34.93750716348795.[0m
[32m[I 2025-10-18 00:09:47,479][0m Trial 27 finished with value: 128.1881430938047 and parameters: {'c0': 32.135252931760796, 'c1': 148.98689153393022, 'c2': 16.220786183892102, 'c3': 6.6766666690991725, 'c4': 66.53101467154295, 'c5': 29.684777502483787, 'c6': 2.243539781239928, 'c7': 0.8473662024938104, 'c8': 15.982724989119019, 'c9': 5.777889806555855, 'c10': -10.98333166646905, 'c11': 5.212995834235682, 'c12': 5.245659795347055, 'c13': 1.715674118326795, 'c14': 11.957216389667447, 'c15': 15.92172244442807, 'c16': 20.100384341932575, 'c17': 1.466232326515069, 'c18': 0.24521032556386496, 'c19': 9.51768623045036, 'c20': 1.2116577263895756, 'c21': 6.0717604577553645}. Best is trial 4 with value: 34.93750716348795.[0m
[32m[I 2025-10-18 00:15:39,510][0m Trial 28 finished with value: 35.89060790741764 and parameters: {'c0': 29.233741882234607, 'c1': 116.83991744829413, 'c2': 19.31756410470221, 'c3': 6.688094556923667, 'c4': 64.40850276846645, 'c5': 25.57806953396441, 'c6': 2.720488687837399, 'c7': 0.7656341273821057, 'c8': 15.939455966141914, 'c9': 7.280845004525213, 'c10': -13.365481868506965, 'c11': 6.050887336556736, 'c12': 5.235177374076486, 'c13': 1.8163083339850117, 'c14': 11.593552924735997, 'c15': 14.061964824555394, 'c16': 16.823330912240127, 'c17': 2.0494681612159593, 'c18': 0.2400808704389747, 'c19': 10.941334497569866, 'c20': 1.2604495654712458, 'c21': 7.617661216463189}. Best is trial 4 with value: 34.93750716348795.[0m
[32m[I 2025-10-18 00:20:54,982][0m Trial 29 finished with value: 119.78767075626257 and parameters: {'c0': 36.60199179600342, 'c1': 131.0325613167859, 'c2': 17.79604917034542, 'c3': 5.7785410769544026, 'c4': 80.57719297041042, 'c5': 27.789389386483897, 'c6': 2.1926251806910955, 'c7': 0.7950464920575556, 'c8': 14.48127340099372, 'c9': 7.582740103903772, 'c10': -13.230526548053419, 'c11': 5.970226808221108, 'c12': 3.4647830808981777, 'c13': 1.8059387166139156, 'c14': 10.979499544694187, 'c15': 15.115766548752678, 'c16': 19.738867027797006, 'c17': 1.6489492342345815, 'c18': 0.26174796927487093, 'c19': 10.54102279674474, 'c20': 1.1675009302178738, 'c21': 6.353338009316712}. Best is trial 4 with value: 34.93750716348795.[0m
[32m[I 2025-10-18 00:27:12,600][0m Trial 30 finished with value: 54.055423564354065 and parameters: {'c0': 29.730837242913953, 'c1': 90.53004063998412, 'c2': 18.46781050890213, 'c3': 6.141529969523456, 'c4': 69.32495383324536, 'c5': 24.40132152428695, 'c6': 2.606770914207561, 'c7': 0.7988981963153329, 'c8': 18.81263835891881, 'c9': 7.538402678063981, 'c10': -12.562482868306727, 'c11': 5.647950023172972, 'c12': 4.709768228031623, 'c13': 1.9402549174854749, 'c14': 11.343267371728265, 'c15': 13.452649845603927, 'c16': 18.43852680671687, 'c17': 1.9684890568064015, 'c18': 0.2944136862429688, 'c19': 10.104646670140312, 'c20': 1.0643298472784215, 'c21': 7.733250184984748}. Best is trial 4 with value: 34.93750716348795.[0m
[32m[I 2025-10-18 00:27:12,652][0m A new study created in memory with name: no-name-ef286ca3-cfe4-487d-ba83-08c1b238dfb4[0m
[32m[I 2025-10-18 00:32:33,512][0m Trial 0 finished with value: 84.39229111435324 and parameters: {'c0': 39.63457766029674, 'c1': 150.10593087502724, 'c2': 8.083873890444005, 'c3': 6.756607602106843, 'c4': 50.8450755093244, 'c5': 20.388703486740333, 'c6': 1.6009977365970696, 'c7': 0.5930092972525294, 'c8': 22.53752671015734, 'c9': 6.483898613487087, 'c10': -16.281841136857874, 'c11': 8.608827184044745, 'c12': 3.2957597901930495, 'c13': 1.9417862494450657, 'c14': 8.067874700831107, 'c15': 13.111221204689183, 'c16': 18.3964997555535, 'c17': 1.9016872677111354, 'c18': 0.16025409555861336, 'c19': 8.705488221775965, 'c20': 1.2851639454045451, 'c21': 11.740473611148792}. Best is trial 0 with value: 84.39229111435324.[0m
[32m[I 2025-10-18 00:39:07,673][0m Trial 1 finished with value: 74.7883288804946 and parameters: {'c0': 36.92306374870486, 'c1': 147.793412638647, 'c2': 14.538875572884841, 'c3': 9.615797547415387, 'c4': 48.32285711153186, 'c5': 19.475481295598005, 'c6': 1.5805044007800515, 'c7': 0.811900768310694, 'c8': 18.035892912889558, 'c9': 6.017414556119528, 'c10': -11.055089093108611, 'c11': 7.87446116135906, 'c12': 4.52983302216673, 'c13': 1.3887575883660148, 'c14': 12.796058253976131, 'c15': 14.32876593107504, 'c16': 13.549958188880378, 'c17': 2.1215500547762347, 'c18': 0.270115032038957, 'c19': 12.402136762918573, 'c20': 0.9328656222871312, 'c21': 10.723145059840967}. Best is trial 1 with value: 74.7883288804946.[0m
[32m[I 2025-10-18 00:46:11,855][0m Trial 2 finished with value: 58.983472974840346 and parameters: {'c0': 31.421449617868852, 'c1': 127.60738327516287, 'c2': 14.776120845627316, 'c3': 6.714519603725613, 'c4': 56.608682152271946, 'c5': 21.034665603695814, 'c6': 1.3928271445026605, 'c7': 0.7299854683569298, 'c8': 19.744725276902216, 'c9': 5.400922671727972, 'c10': -15.579578782508534, 'c11': 5.557190122474848, 'c12': 4.23168685058841, 'c13': 1.2228425864069656, 'c14': 12.098822097345387, 'c15': 13.32846851900904, 'c16': 14.57080103908796, 'c17': 1.7355924433721286, 'c18': 0.23198805593213745, 'c19': 10.157616286537317, 'c20': 0.7767992407333943, 'c21': 9.282925789804532}. Best is trial 2 with value: 58.983472974840346.[0m
[32m[I 2025-10-18 00:51:00,858][0m Trial 3 finished with value: 70.41228430580627 and parameters: {'c0': 46.093472311747945, 'c1': 133.1401734461236, 'c2': 15.041306200716498, 'c3': 8.128685217672738, 'c4': 81.7699594312636, 'c5': 21.162283595166357, 'c6': 1.5423934574627396, 'c7': 0.7828219711083774, 'c8': 22.551244320661148, 'c9': 5.003857510771157, 'c10': -11.349863847985361, 'c11': 6.979050020450433, 'c12': 4.679045953060706, 'c13': 1.792255239185593, 'c14': 14.207850261003617, 'c15': 12.764145104785463, 'c16': 22.448935052449144, 'c17': 1.6607666094347182, 'c18': 0.17702713504669787, 'c19': 13.39487732153177, 'c20': 1.0328383352507546, 'c21': 11.721025767814947}. Best is trial 2 with value: 58.983472974840346.[0m
[32m[I 2025-10-18 00:56:22,103][0m Trial 4 finished with value: 64.17395224181469 and parameters: {'c0': 46.08422922119742, 'c1': 141.9607329499653, 'c2': 8.928297555082635, 'c3': 9.880742049962276, 'c4': 63.235376008314645, 'c5': 28.719049315015585, 'c6': 1.8777505736922768, 'c7': 0.5484018537577373, 'c8': 30.17969886966538, 'c9': 6.622060548909076, 'c10': -20.321275758674947, 'c11': 8.280051928473087, 'c12': 3.6051298943808696, 'c13': 1.5967004860208895, 'c14': 14.22675980131449, 'c15': 10.78826470316961, 'c16': 24.363090494959614, 'c17': 1.975953428176703, 'c18': 0.14412525535381163, 'c19': 13.620353403238948, 'c20': 1.210785509090627, 'c21': 11.90565683447761}. Best is trial 2 with value: 58.983472974840346.[0m
[32m[I 2025-10-18 01:01:20,001][0m Trial 5 finished with value: 106.67079439629585 and parameters: {'c0': 29.26843432223177, 'c1': 140.05590590497926, 'c2': 13.52625779351539, 'c3': 6.924578570435205, 'c4': 63.537769523460696, 'c5': 22.61074188425189, 'c6': 1.4632860453920824, 'c7': 0.7579849178348371, 'c8': 18.439177967828655, 'c9': 4.865939980447677, 'c10': -18.14991420510155, 'c11': 6.815785724654619, 'c12': 3.671610285005922, 'c13': 1.503249273369542, 'c14': 14.924467732278519, 'c15': 15.08924706572275, 'c16': 13.426056870609242, 'c17': 1.494195038654548, 'c18': 0.21881580163912973, 'c19': 11.776179893789328, 'c20': 0.9223878427100202, 'c21': 9.387135836430927}. Best is trial 2 with value: 58.983472974840346.[0m
[32m[I 2025-10-18 01:08:40,888][0m Trial 6 finished with value: 64.80849088233334 and parameters: {'c0': 38.565089155851226, 'c1': 100.10864410168367, 'c2': 13.853953257913314, 'c3': 7.064252201176725, 'c4': 65.64725293636909, 'c5': 23.84404031328391, 'c6': 1.7837437581962823, 'c7': 0.8105879283202474, 'c8': 19.078743130410476, 'c9': 5.9166220325690055, 'c10': -14.837597824205359, 'c11': 6.120679480850674, 'c12': 4.572366499642973, 'c13': 1.3862729442859583, 'c14': 12.427780833517158, 'c15': 14.663118406628099, 'c16': 19.093280515788535, 'c17': 1.5739215884063953, 'c18': 0.2421750579573532, 'c19': 9.17555443141832, 'c20': 0.8155682178691626, 'c21': 10.946130238785623}. Best is trial 2 with value: 58.983472974840346.[0m
[32m[I 2025-10-18 01:16:05,128][0m Trial 7 finished with value: 79.78306592116176 and parameters: {'c0': 29.835626505507538, 'c1': 109.60381503773836, 'c2': 13.54073310472797, 'c3': 5.883883083500419, 'c4': 58.78993665254856, 'c5': 19.075361470330527, 'c6': 1.4140973544396283, 'c7': 0.815555882020799, 'c8': 25.62481581168143, 'c9': 6.3287934566310815, 'c10': -16.774634604491677, 'c11': 5.469447156757365, 'c12': 4.955887377342154, 'c13': 1.1470057883923104, 'c14': 12.809564332900669, 'c15': 12.25661128757545, 'c16': 14.002449825315425, 'c17': 2.009125358459043, 'c18': 0.20892949084146212, 'c19': 10.863176785182562, 'c20': 0.7952531840271526, 'c21': 10.069708352002154}. Best is trial 2 with value: 58.983472974840346.[0m
[32m[I 2025-10-18 01:21:45,960][0m Trial 8 finished with value: 88.29294136479723 and parameters: {'c0': 30.503745994992467, 'c1': 143.1931161644861, 'c2': 14.250323763992569, 'c3': 6.825316580155335, 'c4': 46.08157182628881, 'c5': 23.58348937265095, 'c6': 1.5216646269799492, 'c7': 0.6754355649466558, 'c8': 17.22795882182788, 'c9': 5.678262810549884, 'c10': -17.368232733002124, 'c11': 6.849512396927432, 'c12': 3.9451077518361455, 'c13': 1.2200754392284312, 'c14': 9.421809151216323, 'c15': 10.925322403341443, 'c16': 17.849153201861334, 'c17': 2.402472277113311, 'c18': 0.2566421661454169, 'c19': 9.294855689005033, 'c20': 1.011756127416351, 'c21': 9.623779730233547}. Best is trial 2 with value: 58.983472974840346.[0m
[32m[I 2025-10-18 01:26:34,390][0m Trial 9 finished with value: 70.02110443937002 and parameters: {'c0': 36.866739331714605, 'c1': 160.63846910479467, 'c2': 14.335133978397046, 'c3': 7.154099551311274, 'c4': 62.97378926604374, 'c5': 21.336597165110497, 'c6': 2.167048366192495, 'c7': 0.6675321150336271, 'c8': 21.320059356034715, 'c9': 4.679942207556389, 'c10': -12.691313295438313, 'c11': 6.115482653317865, 'c12': 3.9552313946234605, 'c13': 1.1067767153828667, 'c14': 8.309316562249249, 'c15': 12.907633522337177, 'c16': 17.60587989223683, 'c17': 1.9047976520197905, 'c18': 0.20598521594979385, 'c19': 13.393155960826821, 'c20': 0.8794444047855643, 'c21': 8.442628246553046}. Best is trial 2 with value: 58.983472974840346.[0m
[32m[I 2025-10-18 01:33:24,382][0m Trial 10 finished with value: 54.746259998731695 and parameters: {'c0': 29.926389581062885, 'c1': 93.15167814521044, 'c2': 11.762618613295864, 'c3': 6.993885330091794, 'c4': 62.98132330275088, 'c5': 21.361009954901913, 'c6': 1.5425192319982788, 'c7': 0.6114724718908827, 'c8': 17.545554148844857, 'c9': 4.403606095821695, 'c10': -20.201256148380246, 'c11': 6.048328188782932, 'c12': 4.148638622871285, 'c13': 1.3205239684672434, 'c14': 8.32014322547069, 'c15': 13.501682039003045, 'c16': 16.85060419055213, 'c17': 1.4661170664618524, 'c18': 0.263678760499486, 'c19': 11.37298875100305, 'c20': 0.7801355321437545, 'c21': 10.988358636505088}. Best is trial 10 with value: 54.746259998731695.[0m
[32m[I 2025-10-18 01:39:17,792][0m Trial 11 finished with value: 36.16427281910159 and parameters: {'c0': 36.912880716020695, 'c1': 90.6408710607725, 'c2': 13.10885035862843, 'c3': 6.931131553698768, 'c4': 73.74294641199411, 'c5': 20.00071685332422, 'c6': 1.537207444864836, 'c7': 0.4937997163501665, 'c8': 20.436846109680342, 'c9': 5.094028377230635, 'c10': -14.528423202311423, 'c11': 5.9817402429089315, 'c12': 3.9370553651329674, 'c13': 1.5259259920688781, 'c14': 9.453501873648706, 'c15': 13.816805241522218, 'c16': 13.582611685610264, 'c17': 1.2872170920973685, 'c18': 0.25755072046641647, 'c19': 10.214084078108874, 'c20': 0.921504796063136, 'c21': 10.413477656983682}. Best is trial 11 with value: 36.16427281910159.[0m
[32m[I 2025-10-18 01:45:53,579][0m Trial 12 finished with value: 66.913554357386 and parameters: {'c0': 30.991233203831587, 'c1': 102.84414994923463, 'c2': 12.026444270019066, 'c3': 6.82996227209889, 'c4': 56.46306729662198, 'c5': 23.04741116309632, 'c6': 1.9778687831849437, 'c7': 0.5152158990910736, 'c8': 16.71661565823264, 'c9': 4.882632686385457, 'c10': -16.602141975944058, 'c11': 7.184563508576273, 'c12': 3.7714200189920777, 'c13': 1.3450002090109234, 'c14': 9.838949125236987, 'c15': 12.39315994778391, 'c16': 18.579998233555248, 'c17': 1.3986520962162836, 'c18': 0.2361715482966768, 'c19': 11.688817600062896, 'c20': 0.7541158288126285, 'c21': 10.686165233138757}. Best is trial 11 with value: 36.16427281910159.[0m
[32m[I 2025-10-18 01:51:25,762][0m Trial 13 finished with value: 32.73488530276865 and parameters: {'c0': 29.752352145316856, 'c1': 94.41669829706801, 'c2': 11.901341446982187, 'c3': 7.669176379871001, 'c4': 64.73812093364934, 'c5': 19.87175528182206, 'c6': 1.4123496140593295, 'c7': 0.4568008777276866, 'c8': 25.590688120860342, 'c9': 6.279709974305904, 'c10': -14.42724474104328, 'c11': 6.281364637482972, 'c12': 3.2717339972876744, 'c13': 1.542855459501927, 'c14': 11.027726887310871, 'c15': 12.468004149008845, 'c16': 14.779114050925074, 'c17': 1.7751109888298369, 'c18': 0.2695477410047693, 'c19': 12.00489858134206, 'c20': 1.081688169497882, 'c21': 10.208276654303846}. Best is trial 13 with value: 32.73488530276865.[0m
[32m[I 2025-10-18 01:57:11,991][0m Trial 14 finished with value: 46.32351378924039 and parameters: {'c0': 35.72184761974151, 'c1': 108.44321535525035, 'c2': 13.46260491687552, 'c3': 8.415052501794323, 'c4': 57.148708929467816, 'c5': 19.470687000340085, 'c6': 1.4712605682389892, 'c7': 0.47547380048286186, 'c8': 25.915700467457622, 'c9': 6.710581314217486, 'c10': -11.186602199352137, 'c11': 6.817226317789963, 'c12': 3.1715318057229225, 'c13': 1.5805173240322168, 'c14': 11.099021981340956, 'c15': 11.18630802928418, 'c16': 17.41686639879053, 'c17': 1.738086225686233, 'c18': 0.27148727585432925, 'c19': 11.38702244972767, 'c20': 1.0488370734966947, 'c21': 9.881885251893777}. Best is trial 13 with value: 32.73488530276865.[0m
[32m[I 2025-10-18 02:01:57,786][0m Trial 15 finished with value: 74.51611601120409 and parameters: {'c0': 52.58244478579145, 'c1': 96.14106536094705, 'c2': 12.312867752272327, 'c3': 7.539442610623573, 'c4': 82.54908789543136, 'c5': 23.39897057764056, 'c6': 1.6180177960475601, 'c7': 0.649360473647888, 'c8': 19.993527303879752, 'c9': 4.590608831977188, 'c10': -15.857843400369452, 'c11': 5.945591077569573, 'c12': 4.158259623120499, 'c13': 1.7743384729146592, 'c14': 10.058323721453046, 'c15': 12.79382601647303, 'c16': 13.551128576394298, 'c17': 1.5356908454510458, 'c18': 0.2629975974045979, 'c19': 11.393559042190237, 'c20': 1.0236473025612531, 'c21': 9.946611638333783}. Best is trial 13 with value: 32.73488530276865.[0m
[32m[I 2025-10-18 02:06:41,213][0m Trial 16 finished with value: 97.12138570294996 and parameters: {'c0': 30.810457380543447, 'c1': 90.74649381073462, 'c2': 12.534202644999295, 'c3': 6.451204916796026, 'c4': 70.29927393382843, 'c5': 23.52380529269444, 'c6': 1.6483747707841834, 'c7': 0.5066563390099101, 'c8': 22.961544877390594, 'c9': 6.539204376231791, 'c10': -16.690220563644537, 'c11': 5.431513511472394, 'c12': 3.337363474937404, 'c13': 1.7736574925579938, 'c14': 11.113766175216384, 'c15': 9.474457063704234, 'c16': 13.469774922887508, 'c17': 1.5403271072499363, 'c18': 0.20348790690565222, 'c19': 13.069553394219907, 'c20': 1.0000978171025063, 'c21': 11.03450687801417}. Best is trial 13 with value: 32.73488530276865.[0m
[32m[I 2025-10-18 02:11:24,774][0m Trial 17 finished with value: 64.45107773169208 and parameters: {'c0': 39.401226269613225, 'c1': 103.80419937298417, 'c2': 12.683396574406771, 'c3': 7.4697988305592675, 'c4': 81.71595777932683, 'c5': 20.42294908083941, 'c6': 1.5331402710276718, 'c7': 0.46360958277620495, 'c8': 17.16311877835644, 'c9': 4.644899123795921, 'c10': -14.752804823989107, 'c11': 6.096914288663825, 'c12': 3.4265074643505167, 'c13': 1.117192937523512, 'c14': 12.40770361627668, 'c15': 14.401847914313933, 'c16': 16.110384739826806, 'c17': 1.7016186966485183, 'c18': 0.26489079390044346, 'c19': 9.254025846190773, 'c20': 0.9465056530246324, 'c21': 9.799326014414131}. Best is trial 13 with value: 32.73488530276865.[0m
[32m[I 2025-10-18 02:17:13,989][0m Trial 18 finished with value: 44.204494386960455 and parameters: {'c0': 29.95377961505701, 'c1': 114.17619073894564, 'c2': 11.727675958392199, 'c3': 8.06132578607931, 'c4': 71.48942595167006, 'c5': 25.28576701033765, 'c6': 1.669956926162149, 'c7': 0.5175962732344702, 'c8': 26.246647400634817, 'c9': 7.488748324364959, 'c10': -14.90260337256959, 'c11': 6.1276456154077, 'c12': 3.4489334391051822, 'c13': 1.7255800266331933, 'c14': 14.008039505685606, 'c15': 15.196852137788943, 'c16': 16.197567025094276, 'c17': 1.7549344064766073, 'c18': 0.24479881560771385, 'c19': 11.717987532866726, 'c20': 1.1012279753001584, 'c21': 11.231376156775621}. Best is trial 13 with value: 32.73488530276865.[0m
[32m[I 2025-10-18 02:24:44,617][0m Trial 19 finished with value: 87.01052692276923 and parameters: {'c0': 39.75468788298927, 'c1': 103.10189872910789, 'c2': 12.479957134679049, 'c3': 9.369745755761688, 'c4': 63.37551335824372, 'c5': 22.744165696650164, 'c6': 1.6285032213081, 'c7': 0.5538930209640985, 'c8': 19.76761471008336, 'c9': 4.773470051277975, 'c10': -13.051255834304719, 'c11': 6.164287118198621, 'c12': 4.9441078275200905, 'c13': 1.5675041638281282, 'c14': 8.7035990444694, 'c15': 14.801160260951193, 'c16': 16.286821442822667, 'c17': 1.613423022610282, 'c18': 0.2614724978779257, 'c19': 7.880981515123636, 'c20': 0.7801124246090836, 'c21': 8.208898661669766}. Best is trial 13 with value: 32.73488530276865.[0m
