[32m[I 2025-10-18 16:43:53,756][0m Trial 16 finished with value: 48.6713041227877 and parameters: {'c0': 108.60207098330363, 'c1': 85.80377084521015, 'c2': 6.08359473704614, 'c3': 5.773737667179578, 'c4': 49.55119321064396, 'c5': 35.724639418204, 'c6': 1.8007859042920304, 'c7': 0.4340986904290377, 'c8': 24.00030357036799, 'c9': 7.573500959308078, 'c10': -19.35257298368005, 'c11': 9.505603723333156, 'c12': 5.413642102397118, 'c13': 2.3954456100887316, 'c14': 18.52170251337017, 'c15': 23.36054246769284, 'c16': 13.07979714445258, 'c17': 2.232477959930961, 'c18': 0.07958890060595793, 'c19': 22.10137834213312, 'c20': 1.305516464652024, 'c21': 22.86339679967317}. Best is trial 7 with value: 21.93789624320345.[0m
[32m[I 2025-10-18 16:49:41,091][0m Trial 17 finished with value: 23.570606935387108 and parameters: {'c0': 96.94731093344333, 'c1': 81.73208577045568, 'c2': 5.62922364639255, 'c3': 6.377534859028899, 'c4': 47.55959007754545, 'c5': 33.46055319649786, 'c6': 1.9470449767855458, 'c7': 0.40904491565676726, 'c8': 22.598839235025565, 'c9': 7.186379813144298, 'c10': -21.407833070284735, 'c11': 8.06274417271579, 'c12': 5.134747092151365, 'c13': 2.10835154888644, 'c14': 12.517462992888891, 'c15': 22.863670297783255, 'c16': 11.794259250667189, 'c17': 1.6541644527946207, 'c18': 0.06994447178633094, 'c19': 19.282377202999818, 'c20': 1.4353452416782262, 'c21': 22.89009698434538}. Best is trial 7 with value: 21.93789624320345.[0m
[32m[I 2025-10-18 16:55:45,467][0m Trial 18 finished with value: 34.21321928581438 and parameters: {'c0': 107.99844846755599, 'c1': 78.13032289193261, 'c2': 7.26188691287938, 'c3': 5.6162277615856775, 'c4': 48.116932279428944, 'c5': 32.66243462831302, 'c6': 1.5545970500128727, 'c7': 0.3763147762046737, 'c8': 25.045544303378193, 'c9': 6.299048514690166, 'c10': -23.83197880357827, 'c11': 10.498139302440904, 'c12': 6.688890487155367, 'c13': 1.8951032638352054, 'c14': 16.250210313584784, 'c15': 25.63883655027049, 'c16': 11.965079575888321, 'c17': 2.2002398345996648, 'c18': 0.06510425935894804, 'c19': 16.86086603492128, 'c20': 1.7600439186998018, 'c21': 20.463054245686934}. Best is trial 7 with value: 21.93789624320345.[0m
[32m[I 2025-10-18 17:02:09,298][0m Trial 19 finished with value: 46.3467386211578 and parameters: {'c0': 90.31848151381412, 'c1': 95.45534940609252, 'c2': 6.143134441000946, 'c3': 6.470165904411821, 'c4': 56.83646610179945, 'c5': 37.43331373786469, 'c6': 1.9457359528517306, 'c7': 0.5823204769892247, 'c8': 21.841602670720352, 'c9': 8.313286009254455, 'c10': -17.682534821818987, 'c11': 10.823887644034045, 'c12': 6.886244390226331, 'c13': 2.024144470923624, 'c14': 19.596065807629078, 'c15': 26.24329282392401, 'c16': 9.427328134366718, 'c17': 2.126508867671435, 'c18': 0.07092964601096041, 'c19': 18.688793321162677, 'c20': 1.4484154238702445, 'c21': 23.877250277333395}. Best is trial 7 with value: 21.93789624320345.[0m
[32m[I 2025-10-18 17:08:36,207][0m Trial 20 finished with value: 66.00623500939938 and parameters: {'c0': 92.77966479791517, 'c1': 104.69627380145833, 'c2': 6.306124002485443, 'c3': 6.15947207140506, 'c4': 49.27092929338195, 'c5': 35.33472232822893, 'c6': 2.0823406674883915, 'c7': 0.35871371069664454, 'c8': 29.989516451497195, 'c9': 7.623965152918937, 'c10': -24.662381810830098, 'c11': 9.265665193855366, 'c12': 7.199675554615868, 'c13': 2.2261522809985324, 'c14': 14.494213636570944, 'c15': 24.662936007411822, 'c16': 13.6373105811454, 'c17': 1.8140711835249297, 'c18': 0.06882986237568546, 'c19': 18.81217979988066, 'c20': 1.5116734846003204, 'c21': 21.67060255068825}. Best is trial 7 with value: 21.93789624320345.[0m
[32m[I 2025-10-18 17:15:23,485][0m Trial 21 finished with value: 87.72023334682756 and parameters: {'c0': 94.98274779951991, 'c1': 67.42902710196583, 'c2': 6.095710429419323, 'c3': 5.746959535541292, 'c4': 44.41646040044253, 'c5': 29.869856169548665, 'c6': 1.9712040573654963, 'c7': 0.39876280297136957, 'c8': 23.107872978817767, 'c9': 9.005983392402966, 'c10': -19.606639191028084, 'c11': 7.775021561400044, 'c12': 4.845662325154616, 'c13': 2.498323623876366, 'c14': 13.30199157321259, 'c15': 22.653054801841343, 'c16': 12.525553951801852, 'c17': 1.4929842142824847, 'c18': 0.077456414072948, 'c19': 17.86009630540465, 'c20': 1.38614319617866, 'c21': 19.192371346800112}. Best is trial 7 with value: 21.93789624320345.[0m
[32m[I 2025-10-18 17:20:51,391][0m Trial 22 finished with value: 27.93252203094815 and parameters: {'c0': 100.00914498836879, 'c1': 78.48927505769433, 'c2': 6.702527206010959, 'c3': 6.535529898891817, 'c4': 54.85551704977107, 'c5': 35.13225734982759, 'c6': 1.9747730977570486, 'c7': 0.37418044383846005, 'c8': 26.201349332812537, 'c9': 6.630330867191754, 'c10': -20.120677477332407, 'c11': 6.784079321503015, 'c12': 4.313693852260889, 'c13': 1.7979311331839591, 'c14': 11.802396879691887, 'c15': 21.238383727587816, 'c16': 12.052732417306924, 'c17': 1.6573282127496727, 'c18': 0.0701627073210017, 'c19': 18.120694485578046, 'c20': 1.4874302129213504, 'c21': 22.2184229258494}. Best is trial 7 with value: 21.93789624320345.[0m
[32m[I 2025-10-18 17:27:01,383][0m Trial 23 finished with value: 21.76479032131581 and parameters: {'c0': 103.63192245601128, 'c1': 68.97279107730733, 'c2': 5.314313647429643, 'c3': 6.89923452351879, 'c4': 60.89268914986583, 'c5': 35.222162238367765, 'c6': 2.080688486705717, 'c7': 0.4006470440667928, 'c8': 21.061028964835877, 'c9': 7.204122841869605, 'c10': -17.486183841034887, 'c11': 11.391578216088522, 'c12': 6.233271391426473, 'c13': 2.397408140331409, 'c14': 17.610829473118734, 'c15': 24.20954306995908, 'c16': 12.97433127907361, 'c17': 1.8987438105142003, 'c18': 0.07343927835891023, 'c19': 21.562062732887092, 'c20': 1.647020368847478, 'c21': 23.776179439012253}. Best is trial 23 with value: 21.76479032131581.[0m
[32m[I 2025-10-18 17:32:46,827][0m Trial 24 finished with value: 40.604433352956775 and parameters: {'c0': 104.46623011546926, 'c1': 70.39490869897926, 'c2': 6.230108237442139, 'c3': 8.683293457805183, 'c4': 55.73698909643038, 'c5': 33.18354542599055, 'c6': 2.029245601410776, 'c7': 0.3844323846445077, 'c8': 22.99724655072265, 'c9': 7.78387606115361, 'c10': -17.060258925915655, 'c11': 11.305874232967641, 'c12': 6.1734142779598224, 'c13': 2.6622724575985806, 'c14': 16.381541948470886, 'c15': 24.593401314834566, 'c16': 14.105574192398771, 'c17': 1.905158696367487, 'c18': 0.07448515480282862, 'c19': 20.312320320761767, 'c20': 1.7000208830737829, 'c21': 22.699977969919836}. Best is trial 23 with value: 21.76479032131581.[0m
[32m[I 2025-10-18 17:32:46,879][0m A new study created in memory with name: no-name-6a6fc4e7-1618-46a7-a3ce-ce59f63986dc[0m
[32m[I 2025-10-18 17:38:21,942][0m Trial 0 finished with value: 28.572190154931793 and parameters: {'c0': 98.91274247838305, 'c1': 77.31249492176934, 'c2': 3.8564131692917454, 'c3': 6.150813350112498, 'c4': 49.088120301135575, 'c5': 27.342172392533318, 'c6': 1.7224380642716912, 'c7': 0.36669001089635866, 'c8': 19.867848357540097, 'c9': 7.357588126312828, 'c10': -18.26161979201568, 'c11': 12.549503807339551, 'c12': 5.222265371762742, 'c13': 2.894891693914319, 'c14': 13.043156762721791, 'c15': 26.474386884752285, 'c16': 12.385521085833368, 'c17': 1.959899836809512, 'c18': 0.0589457573152296, 'c19': 17.989652508479377, 'c20': 1.9188562684083605, 'c21': 29.88617140845588}. Best is trial 0 with value: 28.572190154931793.[0m
[32m[I 2025-10-18 17:45:21,299][0m Trial 1 finished with value: 60.55394728191101 and parameters: {'c0': 93.02085768414705, 'c1': 76.25257024400922, 'c2': 6.412040602266175, 'c3': 8.393319745680499, 'c4': 47.025864343090205, 'c5': 26.312210055009018, 'c6': 1.7036773585180698, 'c7': 0.48379038763642174, 'c8': 16.418647456122123, 'c9': 6.892215076317922, 'c10': -13.092125682304127, 'c11': 11.598915629963015, 'c12': 6.889642204817568, 'c13': 2.15468476755176, 'c14': 19.413311137955013, 'c15': 28.65540423420459, 'c16': 9.544425061758936, 'c17': 2.1593994080431207, 'c18': 0.09314189553256164, 'c19': 24.49864403090689, 'c20': 1.4485688882970218, 'c21': 27.550767116955317}. Best is trial 0 with value: 28.572190154931793.[0m
[32m[I 2025-10-18 17:52:28,707][0m Trial 2 finished with value: 45.55156762018506 and parameters: {'c0': 81.06632685815681, 'c1': 67.0004612955246, 'c2': 6.505969396895846, 'c3': 6.117803089391124, 'c4': 53.8006512023657, 'c5': 28.070709936172484, 'c6': 1.5318674680685473, 'c7': 0.43996815719962157, 'c8': 17.72797344658852, 'c9': 6.277191467246652, 'c10': -17.56705056931405, 'c11': 8.599361749073323, 'c12': 6.4868119622730305, 'c13': 1.9326141186311048, 'c14': 18.473943640096817, 'c15': 26.863547259221654, 'c16': 10.142854379454953, 'c17': 1.8091883558805353, 'c18': 0.08127420728478311, 'c19': 20.546533195895012, 'c20': 1.240233949161072, 'c21': 24.2445645537608}. Best is trial 0 with value: 28.572190154931793.[0m
[32m[I 2025-10-18 17:57:18,527][0m Trial 3 finished with value: 81.41428423005945 and parameters: {'c0': 112.94736093332435, 'c1': 69.53637247097522, 'c2': 6.61096006949823, 'c3': 7.226954805202212, 'c4': 74.37341128771193, 'c5': 28.214641748255087, 'c6': 1.6687885439320473, 'c7': 0.46823410263784204, 'c8': 19.878358940285352, 'c9': 5.881071981311907, 'c10': -13.383671243729678, 'c11': 10.439865213487957, 'c12': 7.091246273132804, 'c13': 2.6947503679944482, 'c14': 21.315380490677878, 'c15': 25.852661063051045, 'c16': 14.761103271901847, 'c17': 1.741292728853436, 'c18': 0.06416665925758588, 'c19': 26.246643552112644, 'c20': 1.5820236968418127, 'c21': 29.841526463886197}. Best is trial 0 with value: 28.572190154931793.[0m
[32m[I 2025-10-18 18:02:59,245][0m Trial 4 finished with value: 25.325901251011338 and parameters: {'c0': 112.92727649841382, 'c1': 73.57920704961515, 'c2': 4.190732568196575, 'c3': 8.601119770441663, 'c4': 59.21887307352772, 'c5': 36.73741327136449, 'c6': 1.975792549338565, 'c7': 0.3428263655318337, 'c8': 25.723363996632067, 'c9': 7.495421006697567, 'c10': -22.256803284414392, 'c11': 12.12392601465056, 'c12': 5.640260456007086, 'c13': 2.433008087778444, 'c14': 21.34085680512105, 'c15': 22.313218656562185, 'c16': 15.883202266073894, 'c17': 2.0272876261113013, 'c18': 0.05392537366842403, 'c19': 26.643657736179104, 'c20': 1.8195675756853107, 'c21': 30.265370053918147}. Best is trial 4 with value: 25.325901251011338.[0m
[32m[I 2025-10-18 18:08:23,862][0m Trial 5 finished with value: 25.12067268208812 and parameters: {'c0': 117.0695359419734, 'c1': 58.57070701678536, 'c2': 4.674678160715523, 'c3': 7.604283426854574, 'c4': 50.32005511633086, 'c5': 43.56283645884758, 'c6': 2.0379995707278153, 'c7': 0.3536237652348378, 'c8': 23.92482360739688, 'c9': 7.37729718255109, 'c10': -21.177630860679486, 'c11': 12.728778333358672, 'c12': 5.99056565923848, 'c13': 2.1031524300223188, 'c14': 20.52991208030319, 'c15': 21.936103990576893, 'c16': 15.967635066756792, 'c17': 1.8906957014657688, 'c18': 0.056768497617597544, 'c19': 26.39118374676115, 'c20': 1.9454894911064176, 'c21': 24.208510822189687}. Best is trial 5 with value: 25.12067268208812.[0m
[32m[I 2025-10-18 18:14:22,388][0m Trial 6 finished with value: 28.596372117888944 and parameters: {'c0': 118.59937123337086, 'c1': 52.28836946501447, 'c2': 5.061051680460219, 'c3': 7.359793088921315, 'c4': 58.99645476965138, 'c5': 40.31198145284323, 'c6': 2.196798849053, 'c7': 0.4384736552079068, 'c8': 20.76138766358433, 'c9': 7.514100563209952, 'c10': -19.079237005231366, 'c11': 11.621961127547634, 'c12': 6.6344876989192185, 'c13': 2.2463933802836116, 'c14': 20.054751357274206, 'c15': 26.81514867584444, 'c16': 15.796386037958099, 'c17': 1.7111299216776183, 'c18': 0.06944123896508006, 'c19': 22.49710723863786, 'c20': 1.650969872222981, 'c21': 28.04596448143944}. Best is trial 5 with value: 25.12067268208812.[0m
[32m[I 2025-10-18 18:20:37,831][0m Trial 7 finished with value: 22.891526470450803 and parameters: {'c0': 119.80245905638952, 'c1': 52.49016521569338, 'c2': 5.735128137243051, 'c3': 7.341010628223777, 'c4': 44.533211435361956, 'c5': 43.08036578406425, 'c6': 2.1930639217750696, 'c7': 0.36669149516824945, 'c8': 26.52232984042837, 'c9': 7.590619678685405, 'c10': -21.296617362769577, 'c11': 14.46390434370185, 'c12': 5.124322066822192, 'c13': 2.3213634135974863, 'c14': 21.44870494455174, 'c15': 21.209175557660032, 'c16': 14.860092617836466, 'c17': 2.293235692912584, 'c18': 0.05382601802397239, 'c19': 21.659787199546123, 'c20': 1.6636437032877376, 'c21': 20.058777915912998}. Best is trial 7 with value: 22.891526470450803.[0m
[32m[I 2025-10-18 18:26:33,845][0m Trial 8 finished with value: 45.577632658245754 and parameters: {'c0': 117.53542067435924, 'c1': 51.572134366788205, 'c2': 6.652539564254928, 'c3': 8.199652239924974, 'c4': 45.65200026435012, 'c5': 36.99617770433761, 'c6': 2.277370517680467, 'c7': 0.2919902183918788, 'c8': 24.864673722347785, 'c9': 6.781833930891279, 'c10': -20.80682559291102, 'c11': 11.185570950276837, 'c12': 5.8676271007170415, 'c13': 2.5866871777582117, 'c14': 20.176885661836607, 'c15': 27.58268786468072, 'c16': 14.009625894746936, 'c17': 2.1782615777366736, 'c18': 0.07071462949518662, 'c19': 18.888744089485257, 'c20': 1.7297581066423473, 'c21': 23.076699364086384}. Best is trial 7 with value: 22.891526470450803.[0m
[32m[I 2025-10-18 18:33:26,179][0m Trial 9 finished with value: 31.365083178579894 and parameters: {'c0': 87.49197235005303, 'c1': 59.94919479517852, 'c2': 5.981786561145776, 'c3': 6.573146195178707, 'c4': 54.81201368983638, 'c5': 41.53866800664646, 'c6': 1.7923306890042194, 'c7': 0.37503506568181344, 'c8': 26.804012979260115, 'c9': 7.960224966674341, 'c10': -19.511121395897128, 'c11': 11.778776739338229, 'c12': 5.120213428333362, 'c13': 2.2965528082571884, 'c14': 19.600514473669246, 'c15': 23.092483612931662, 'c16': 15.273588069257668, 'c17': 2.340452404475458, 'c18': 0.05680514146128202, 'c19': 18.18853519021615, 'c20': 1.5857458476615247, 'c21': 17.407897086918933}. Best is trial 7 with value: 22.891526470450803.[0m
[32m[I 2025-10-18 18:49:08,026][0m Trial 10 finished with value: 149.70015288663612 and parameters: {'c0': 120.2736545721705, 'c1': 53.214360248501876, 'c2': 6.52372154490655, 'c3': 5.181965384313411, 'c4': 45.45156251200142, 'c5': 35.12424491153145, 'c6': 2.0685757128986424, 'c7': 0.38773446084440744, 'c8': 23.926428660391966, 'c9': 7.617026542566453, 'c10': -21.820297524230362, 'c11': 14.052399106602687, 'c12': 6.412885236461317, 'c13': 2.865433856311777, 'c14': 22.13780017401567, 'c15': 25.125536117644902, 'c16': 13.881360086376258, 'c17': 2.292705414680644, 'c18': 0.060593925491259935, 'c19': 24.586085705421578, 'c20': 1.4349863053262635, 'c21': 19.984037834285356}. Best is trial 7 with value: 22.891526470450803.[0m
[32m[I 2025-10-18 18:54:24,950][0m Trial 11 finished with value: 31.548379502231008 and parameters: {'c0': 116.99930046867435, 'c1': 54.14797084986042, 'c2': 6.368548223007425, 'c3': 6.4623467587153804, 'c4': 48.370808627962255, 'c5': 44.619042130367745, 'c6': 2.380337817047972, 'c7': 0.4392223812606918, 'c8': 24.89136689417811, 'c9': 8.719694175830028, 'c10': -21.95381947800377, 'c11': 12.853863134622213, 'c12': 4.861321523919916, 'c13': 2.041795670161877, 'c14': 20.012726873620146, 'c15': 20.57549844860131, 'c16': 13.182744307208385, 'c17': 1.8112273324732038, 'c18': 0.06901805502927316, 'c19': 21.59324433457167, 'c20': 1.7953077540747642, 'c21': 20.502443818660993}. Best is trial 7 with value: 22.891526470450803.[0m
[32m[I 2025-10-18 19:15:26,075][0m Trial 12 finished with value: 132.4419461703678 and parameters: {'c0': 114.57386008922539, 'c1': 53.37374667880553, 'c2': 4.853204433225838, 'c3': 7.346868438056299, 'c4': 49.42447932047056, 'c5': 44.38561829386267, 'c6': 2.4842059309545936, 'c7': 0.3060556571896718, 'c8': 26.26864519420047, 'c9': 9.160469089376845, 'c10': -21.996907470271147, 'c11': 14.338792629426058, 'c12': 5.186975937225362, 'c13': 2.4475825855446387, 'c14': 20.67510067683048, 'c15': 23.53458017842124, 'c16': 11.72887158581887, 'c17': 2.219502782307688, 'c18': 0.06183429745393997, 'c19': 18.78770954470648, 'c20': 1.3338289490740969, 'c21': 17.671609172400863}. Best is trial 7 with value: 22.891526470450803.[0m
[32m[I 2025-10-18 19:21:25,965][0m Trial 13 finished with value: 28.973576041272096 and parameters: {'c0': 92.48527652602608, 'c1': 52.71250370672474, 'c2': 5.4397133054761415, 'c3': 6.351113298833164, 'c4': 45.886743939342786, 'c5': 43.52904559686706, 'c6': 1.730401152889001, 'c7': 0.3616737971074442, 'c8': 21.506478146174096, 'c9': 7.886604103586959, 'c10': -21.309897747525365, 'c11': 10.038436128815007, 'c12': 5.503364208906817, 'c13': 2.079685229964757, 'c14': 18.735850063614798, 'c15': 24.180445350084984, 'c16': 15.917119598234905, 'c17': 1.7124753196663498, 'c18': 0.053805299125337366, 'c19': 26.148086900951135, 'c20': 1.9400177278496253, 'c21': 24.44605972035809}. Best is trial 7 with value: 22.891526470450803.[0m
[32m[I 2025-10-18 19:26:26,260][0m Trial 14 finished with value: 63.20212816987195 and parameters: {'c0': 127.61589409747238, 'c1': 56.49316336848749, 'c2': 4.6520576467143515, 'c3': 6.56974393051625, 'c4': 59.380771499238, 'c5': 40.01920173765982, 'c6': 2.036865195074807, 'c7': 0.3452068235628084, 'c8': 22.337317763241835, 'c9': 6.595992498823318, 'c10': -22.211327597465456, 'c11': 11.979254831735144, 'c12': 6.865468914714176, 'c13': 1.758932183246717, 'c14': 20.046623986679265, 'c15': 18.251634392010455, 'c16': 14.429814305817256, 'c17': 1.8312563153069086, 'c18': 0.0647447555065965, 'c19': 25.6594898231147, 'c20': 1.9085576019467887, 'c21': 26.624404385145876}. Best is trial 7 with value: 22.891526470450803.[0m
[32m[I 2025-10-18 19:32:17,078][0m Trial 15 finished with value: 24.022711720497146 and parameters: {'c0': 124.01356732634665, 'c1': 51.20366507021827, 'c2': 5.79484656842667, 'c3': 8.003484545293517, 'c4': 48.28315277291231, 'c5': 36.402054169403755, 'c6': 2.3148565085912223, 'c7': 0.3928978860035067, 'c8': 25.6513639693235, 'c9': 7.247763893538007, 'c10': -17.879215633527537, 'c11': 14.322365059330789, 'c12': 4.578549450918909, 'c13': 2.893944421666626, 'c14': 22.265228195380256, 'c15': 19.818453616570014, 'c16': 16.46675241858086, 'c17': 2.2143081023858757, 'c18': 0.05402331710228807, 'c19': 19.462629150861183, 'c20': 1.6522896181540585, 'c21': 18.984522356403545}. Best is trial 7 with value: 22.891526470450803.[0m
[32m[I 2025-10-18 19:37:57,818][0m Trial 16 finished with value: 28.753559475338704 and parameters: {'c0': 128.1418287743474, 'c1': 57.19709579065199, 'c2': 6.490527453787122, 'c3': 7.3961117381845805, 'c4': 58.559282816359826, 'c5': 35.223144620806174, 'c6': 2.060070221376846, 'c7': 0.3918690898484122, 'c8': 24.326184229755306, 'c9': 5.958186300281464, 'c10': -18.874825784085377, 'c11': 13.897217064685206, 'c12': 5.523979327739055, 'c13': 3.0185821494938336, 'c14': 20.093056026167908, 'c15': 19.00883375942358, 'c16': 15.271268497156056, 'c17': 2.127901928094904, 'c18': 0.058162539969276936, 'c19': 16.5435873961752, 'c20': 1.5868116858064338, 'c21': 21.08289505758614}. Best is trial 7 with value: 22.891526470450803.[0m
[32m[I 2025-10-18 19:48:35,928][0m Trial 17 finished with value: 80.57446598632345 and parameters: {'c0': 117.06294778455869, 'c1': 51.237917971069706, 'c2': 5.932089043227368, 'c3': 7.646377797140432, 'c4': 51.508982546504384, 'c5': 38.889653135547235, 'c6': 2.6503422767487974, 'c7': 0.3311989508489487, 'c8': 25.889464988313726, 'c9': 8.324701425368026, 'c10': -18.29481825482697, 'c11': 11.399438623686342, 'c12': 5.31640970723035, 'c13': 2.9755788659072575, 'c14': 20.76891566451107, 'c15': 18.642043638085404, 'c16': 15.553370566311372, 'c17': 2.3223268163010027, 'c18': 0.05802142636464195, 'c19': 17.410930428540084, 'c20': 1.3470800284640174, 'c21': 21.855880629026082}. Best is trial 7 with value: 22.891526470450803.[0m
[32m[I 2025-10-18 19:54:28,294][0m Trial 18 finished with value: 27.92173434676312 and parameters: {'c0': 130.4941650673414, 'c1': 53.18194092623789, 'c2': 6.385905305795459, 'c3': 6.287620307057484, 'c4': 46.570363596594106, 'c5': 38.45658966480664, 'c6': 2.0108926081629734, 'c7': 0.3313102702942844, 'c8': 25.168556784043886, 'c9': 7.0538020425357715, 'c10': -21.774932537324073, 'c11': 14.124701750046661, 'c12': 5.816915830024127, 'c13': 1.9688053284184277, 'c14': 22.155620632524226, 'c15': 26.1415331500811, 'c16': 14.338772415535438, 'c17': 2.3439290215263715, 'c18': 0.053362804481895065, 'c19': 19.284266725158584, 'c20': 1.896663768792568, 'c21': 18.802689019254856}. Best is trial 7 with value: 22.891526470450803.[0m
[32m[I 2025-10-18 20:00:16,048][0m Trial 19 finished with value: 27.145273180681105 and parameters: {'c0': 120.1953223571489, 'c1': 65.6360262884389, 'c2': 5.304870581332572, 'c3': 8.608257360396033, 'c4': 48.08395841143595, 'c5': 32.83452076510892, 'c6': 2.551961869910566, 'c7': 0.42239598674406387, 'c8': 21.003147934354832, 'c9': 7.529604556148684, 'c10': -18.178008532693045, 'c11': 13.26882035505441, 'c12': 5.905647217149145, 'c13': 2.8224480703553976, 'c14': 21.539279989531114, 'c15': 21.102288955591867, 'c16': 13.245809153409672, 'c17': 2.3487124184645185, 'c18': 0.06375327011402535, 'c19': 22.13926044122047, 'c20': 1.8054970338101488, 'c21': 17.900004613677552}. Best is trial 7 with value: 22.891526470450803.[0m
