[32m[I 2025-10-17 09:23:24,265][0m Trial 39 finished with value: 41.221935102647954 and parameters: {'c0': 34.07985920817388, 'c1': 72.33407350766623, 'c2': 17.397710518212847, 'c3': 6.764788094157863, 'c4': 74.68226105206331, 'c5': 24.077295826817167, 'c6': 1.7612979430781739, 'c7': 0.8636534741374337, 'c8': 22.7305958974679, 'c9': 4.793301275016776, 'c10': -10.783238171226188, 'c11': 7.815123434880466, 'c12': 5.152378948949575, 'c13': 2.0253045088076993, 'c14': 5.4561559028025055, 'c15': 13.973236435582702, 'c16': 11.066393725903009, 'c17': 1.274511200857689, 'c18': 0.30418745042126727, 'c19': 5.556938873960218, 'c20': 1.0025854362450883, 'c21': 7.257447654015125}. Best is trial 38 with value: 38.4888571221501.[0m
[32m[I 2025-10-17 09:28:11,641][0m Trial 40 finished with value: 80.06894965866341 and parameters: {'c0': 28.415661864972286, 'c1': 76.32147764269324, 'c2': 18.458779992318114, 'c3': 6.734577655975221, 'c4': 79.86351294932165, 'c5': 27.96321754870407, 'c6': 1.6676897371878816, 'c7': 0.7459737382631358, 'c8': 21.05108873182923, 'c9': 4.167511795584776, 'c10': -10.770515543401004, 'c11': 8.624623776248884, 'c12': 4.780359695279271, 'c13': 2.162481894318868, 'c14': 5.793925220201851, 'c15': 13.097209715596458, 'c16': 10.541128101370541, 'c17': 1.1329228654821495, 'c18': 0.2611475467669617, 'c19': 5.711719738271259, 'c20': 1.013548761902035, 'c21': 7.40013461159146}. Best is trial 38 with value: 38.4888571221501.[0m
[32m[I 2025-10-17 09:33:57,866][0m Trial 41 finished with value: 53.171089693855116 and parameters: {'c0': 35.58701459941315, 'c1': 99.79781869140216, 'c2': 20.31163780340612, 'c3': 5.71947875563981, 'c4': 64.90820802682661, 'c5': 29.817592920484206, 'c6': 1.9637199326368244, 'c7': 0.8247988067485124, 'c8': 21.55881373138845, 'c9': 5.953860480101991, 'c10': -11.031192409703161, 'c11': 7.499892804757425, 'c12': 3.7896890931993217, 'c13': 2.7167442144651455, 'c14': 5.354918630355242, 'c15': 14.708607552036318, 'c16': 13.7677172660715, 'c17': 1.1729902506396508, 'c18': 0.3358437673450653, 'c19': 4.49742465815683, 'c20': 1.1009370920382744, 'c21': 7.556516808139853}. Best is trial 38 with value: 38.4888571221501.[0m
[32m[I 2025-10-17 09:39:49,991][0m Trial 42 finished with value: 46.69612296635088 and parameters: {'c0': 41.183616246229974, 'c1': 78.01265941810557, 'c2': 15.93011411119553, 'c3': 6.52190174070691, 'c4': 68.32032558272346, 'c5': 20.610650648050846, 'c6': 1.6523961540355285, 'c7': 0.9733585883333569, 'c8': 22.156223736890762, 'c9': 5.230306543851659, 'c10': -9.896053961548748, 'c11': 7.762587800687693, 'c12': 4.6391078611736205, 'c13': 2.183291232707345, 'c14': 4.964405270675147, 'c15': 17.043613047823484, 'c16': 8.501860596326456, 'c17': 1.3686798217268237, 'c18': 0.3207095829475745, 'c19': 5.478181769082806, 'c20': 1.0227263667787732, 'c21': 8.229998295731805}. Best is trial 38 with value: 38.4888571221501.[0m
[32m[I 2025-10-17 09:44:42,232][0m Trial 43 finished with value: 115.66168896047114 and parameters: {'c0': 41.91749897816446, 'c1': 81.19223559554116, 'c2': 17.641593621440283, 'c3': 6.696129684485106, 'c4': 69.34046239899385, 'c5': 36.78164656882409, 'c6': 1.7987206698599483, 'c7': 0.6750551586963897, 'c8': 21.305845821816835, 'c9': 5.4913786364909525, 'c10': -13.37193141583525, 'c11': 8.193429899963384, 'c12': 4.361650939809506, 'c13': 2.9204317255478243, 'c14': 6.0412168004961035, 'c15': 10.628660654134954, 'c16': 10.20278070327484, 'c17': 1.1279879916767503, 'c18': 0.27409291939210684, 'c19': 5.289694347547507, 'c20': 0.9108022960226859, 'c21': 6.644121935710006}. Best is trial 38 with value: 38.4888571221501.[0m
[32m[I 2025-10-17 09:50:21,893][0m Trial 44 finished with value: 42.927400880373106 and parameters: {'c0': 36.88784043760075, 'c1': 100.02087228683669, 'c2': 23.572450473479428, 'c3': 6.323546310826073, 'c4': 69.43828940668631, 'c5': 32.83501309839812, 'c6': 1.9098720369080258, 'c7': 0.661570561270284, 'c8': 21.639741358772923, 'c9': 5.776111816507123, 'c10': -13.755468288879378, 'c11': 8.803302358147107, 'c12': 4.961085657644473, 'c13': 2.9000104736569923, 'c14': 5.661832905931336, 'c15': 14.395924707118708, 'c16': 10.068869350479961, 'c17': 1.3590632256566004, 'c18': 0.29807836513016545, 'c19': 4.729904454335909, 'c20': 1.0963072944325727, 'c21': 7.783923897457644}. Best is trial 38 with value: 38.4888571221501.[0m
[32m[I 2025-10-17 09:55:39,305][0m Trial 45 finished with value: 86.33238319995807 and parameters: {'c0': 31.66411944500546, 'c1': 94.39368340195556, 'c2': 22.925882507976322, 'c3': 6.255695994281503, 'c4': 78.35779597312305, 'c5': 34.187365843419116, 'c6': 1.9233979466017534, 'c7': 0.6770961096186869, 'c8': 22.48996809215476, 'c9': 6.146752987497728, 'c10': -12.915849404930517, 'c11': 8.336974116492671, 'c12': 4.711235831142362, 'c13': 2.626948762877852, 'c14': 6.24703987371699, 'c15': 13.941070780039471, 'c16': 8.052812369345084, 'c17': 1.3458951310229743, 'c18': 0.34523865802901443, 'c19': 4.092170802822177, 'c20': 1.06426331377408, 'c21': 7.908958741225965}. Best is trial 38 with value: 38.4888571221501.[0m
[32m[I 2025-10-17 10:01:00,282][0m Trial 46 finished with value: 59.994001998796854 and parameters: {'c0': 42.13158564959917, 'c1': 76.80136136607172, 'c2': 21.581655565857556, 'c3': 5.703914344967259, 'c4': 81.94131012690292, 'c5': 31.58865278261426, 'c6': 1.6575036944096875, 'c7': 0.8453344629785172, 'c8': 23.614189521452005, 'c9': 5.153528232033556, 'c10': -11.015229425938372, 'c11': 8.424979581834254, 'c12': 4.8067608374112565, 'c13': 2.482908742439855, 'c14': 5.617412430945741, 'c15': 13.574674708567251, 'c16': 12.074556774850684, 'c17': 1.3341937915430124, 'c18': 0.30928284609506834, 'c19': 4.779490718099889, 'c20': 0.9591328813010889, 'c21': 8.14047089673001}. Best is trial 38 with value: 38.4888571221501.[0m
[32m[I 2025-10-17 10:06:33,482][0m Trial 47 finished with value: 40.59892681190432 and parameters: {'c0': 38.16905869540706, 'c1': 98.60970134168453, 'c2': 22.985604473270413, 'c3': 6.637118559240421, 'c4': 65.63677666970025, 'c5': 34.655370069878735, 'c6': 2.248703965212858, 'c7': 0.8718782394265601, 'c8': 23.945487520791914, 'c9': 4.822657843679027, 'c10': -12.243946213057312, 'c11': 7.46207757622351, 'c12': 4.284793705554647, 'c13': 2.4561807705146546, 'c14': 5.339604463239972, 'c15': 18.306699685165377, 'c16': 12.401493438053249, 'c17': 1.4082903982777086, 'c18': 0.3160087751508476, 'c19': 5.526764522256423, 'c20': 0.9854474912751212, 'c21': 7.089889019176985}. Best is trial 38 with value: 38.4888571221501.[0m
[32m[I 2025-10-17 10:11:39,224][0m Trial 48 finished with value: 59.793641695292905 and parameters: {'c0': 38.76055239857421, 'c1': 98.34248689667416, 'c2': 24.23651979439401, 'c3': 5.896963209632242, 'c4': 76.11457160032005, 'c5': 34.98458377709672, 'c6': 2.5411447884703957, 'c7': 0.942890617222105, 'c8': 23.878732054281564, 'c9': 4.5850388387807355, 'c10': -10.059231194034698, 'c11': 7.568977603318171, 'c12': 4.957139154300335, 'c13': 2.46633567456371, 'c14': 5.685696050895734, 'c15': 16.848117076253107, 'c16': 13.747452008495191, 'c17': 1.336993416142139, 'c18': 0.3105590372512761, 'c19': 5.758599406327772, 'c20': 0.9964020328838752, 'c21': 6.9975413706454885}. Best is trial 38 with value: 38.4888571221501.[0m
[32m[I 2025-10-17 10:17:04,123][0m Trial 49 finished with value: 41.340298149687364 and parameters: {'c0': 32.783355437869446, 'c1': 86.74319373882207, 'c2': 20.063620821804502, 'c3': 6.44588666895283, 'c4': 61.253985597729354, 'c5': 33.92011989836898, 'c6': 2.112930438689888, 'c7': 0.7941993692960166, 'c8': 22.86957451568532, 'c9': 4.167240197353116, 'c10': -12.192137410579848, 'c11': 7.616661828915626, 'c12': 3.8947955588005336, 'c13': 2.3787375332100504, 'c14': 5.303702179254672, 'c15': 17.843863089037367, 'c16': 10.447256029462372, 'c17': 1.363633425535213, 'c18': 0.3358715155820632, 'c19': 5.9369771826944255, 'c20': 0.980983587940658, 'c21': 6.260621058848083}. Best is trial 38 with value: 38.4888571221501.[0m
[32m[I 2025-10-17 10:21:40,923][0m Trial 50 finished with value: 104.98698855807173 and parameters: {'c0': 34.82936323205233, 'c1': 86.5433423494328, 'c2': 21.584321243033273, 'c3': 6.753281932238207, 'c4': 73.60191931065376, 'c5': 31.548253526291468, 'c6': 2.1567070589410298, 'c7': 0.8829194679401298, 'c8': 21.89819254748633, 'c9': 4.135852791108943, 'c10': -11.262877196615568, 'c11': 6.250295848101528, 'c12': 3.842236606456219, 'c13': 2.337509903223872, 'c14': 5.329636123479393, 'c15': 16.220060202941905, 'c16': 10.594761972723507, 'c17': 1.2726650290014074, 'c18': 0.30184561349354516, 'c19': 5.997054349645088, 'c20': 0.9901307265096895, 'c21': 5.432750165832831}. Best is trial 38 with value: 38.4888571221501.[0m
[32m[I 2025-10-17 10:27:12,993][0m Trial 51 finished with value: 35.85882656178835 and parameters: {'c0': 29.157679334393222, 'c1': 80.54142541696899, 'c2': 20.459501751535207, 'c3': 6.055929219060843, 'c4': 51.36140920832181, 'c5': 36.78169599636756, 'c6': 2.053967967257651, 'c7': 0.8195580006825983, 'c8': 22.517772340576794, 'c9': 3.5982044208972654, 'c10': -11.481220030098116, 'c11': 8.286461310718709, 'c12': 3.8289751694152208, 'c13': 2.2628041849955842, 'c14': 5.751450196279761, 'c15': 18.551079661955022, 'c16': 9.91480520283219, 'c17': 1.385337270089333, 'c18': 0.36980736579113793, 'c19': 5.2744498491042116, 'c20': 0.9017345537141241, 'c21': 5.970990249274307}. Best is trial 51 with value: 35.85882656178835.[0m
[32m[I 2025-10-17 10:33:02,421][0m Trial 52 finished with value: 45.63579153836762 and parameters: {'c0': 33.92548118137972, 'c1': 73.45557978115401, 'c2': 21.584482816463886, 'c3': 5.809095935749737, 'c4': 55.75207589013783, 'c5': 32.967072644712474, 'c6': 1.6157039167343359, 'c7': 0.728928003640392, 'c8': 21.907566626989848, 'c9': 4.545793666473505, 'c10': -10.414896494666698, 'c11': 8.320156255596137, 'c12': 4.277732253042321, 'c13': 2.640353370789562, 'c14': 5.3592664158766805, 'c15': 18.28589441130666, 'c16': 10.74351990743821, 'c17': 1.324020200452461, 'c18': 0.3278328027630822, 'c19': 5.972522581723807, 'c20': 0.9987977811678899, 'c21': 6.360001873470261}. Best is trial 51 with value: 35.85882656178835.[0m
[32m[I 2025-10-17 10:39:16,866][0m Trial 53 finished with value: 50.399725266073354 and parameters: {'c0': 30.388111647137002, 'c1': 87.16458510663583, 'c2': 22.577632216638218, 'c3': 5.4562293267049675, 'c4': 57.11643568289022, 'c5': 37.26802580296178, 'c6': 1.7231417732812466, 'c7': 0.8965153599245969, 'c8': 22.19678662924537, 'c9': 3.409949252203214, 'c10': -13.154754155118205, 'c11': 7.86045288195048, 'c12': 4.654587213983203, 'c13': 2.5636593331043502, 'c14': 5.847025308875945, 'c15': 18.26716371764199, 'c16': 10.092375423222707, 'c17': 1.3073347717928212, 'c18': 0.3550658162182088, 'c19': 3.9583940536178917, 'c20': 0.796072966185323, 'c21': 5.826164355791947}. Best is trial 51 with value: 35.85882656178835.[0m
[32m[I 2025-10-17 10:44:56,358][0m Trial 54 finished with value: 38.215102312677985 and parameters: {'c0': 32.634301876603494, 'c1': 73.22104764168796, 'c2': 20.38581910879482, 'c3': 6.5914675645757885, 'c4': 72.57824214837757, 'c5': 21.459446739557894, 'c6': 2.0314917767508747, 'c7': 0.8021043747095292, 'c8': 20.907882975953655, 'c9': 4.207645677577276, 'c10': -9.473831188459373, 'c11': 6.5367447980474624, 'c12': 5.194081437037329, 'c13': 1.6779392865870584, 'c14': 5.22745983034325, 'c15': 16.53371156762625, 'c16': 11.400632064465572, 'c17': 1.052320369410148, 'c18': 0.33748591733722505, 'c19': 4.750001937460982, 'c20': 0.8691214047194239, 'c21': 7.116217021789036}. Best is trial 51 with value: 35.85882656178835.[0m
[32m[I 2025-10-17 10:51:03,548][0m Trial 55 finished with value: 47.13732245702463 and parameters: {'c0': 33.25182848678786, 'c1': 72.5602385371395, 'c2': 19.707743115270826, 'c3': 5.403147272579642, 'c4': 69.35585786486578, 'c5': 19.867919809269665, 'c6': 1.7794155237359681, 'c7': 0.9978634627770512, 'c8': 22.9655826362883, 'c9': 4.048203084515044, 'c10': -8.656586818303168, 'c11': 5.157388896638843, 'c12': 4.80384425350304, 'c13': 1.7942193900636276, 'c14': 5.308561866149304, 'c15': 14.682631220938537, 'c16': 12.612837533638384, 'c17': 0.9991644858971337, 'c18': 0.30439108067568094, 'c19': 4.591412820217949, 'c20': 0.7262375006886825, 'c21': 8.051839362780749}. Best is trial 51 with value: 35.85882656178835.[0m
[32m[I 2025-10-17 10:56:39,596][0m Trial 56 finished with value: 34.60218578923548 and parameters: {'c0': 38.59593367464365, 'c1': 83.65354613679446, 'c2': 15.172658416765108, 'c3': 5.901995388050521, 'c4': 65.2381492549999, 'c5': 26.898326849629573, 'c6': 2.035404696325947, 'c7': 0.8663425531962718, 'c8': 19.26584944695111, 'c9': 4.970460506261804, 'c10': -9.750787192353972, 'c11': 7.455341649592478, 'c12': 5.058921689034741, 'c13': 1.7090087519970796, 'c14': 5.581063930522187, 'c15': 14.130561572632512, 'c16': 12.44055819667203, 'c17': 1.3877135702241379, 'c18': 0.30571719603601144, 'c19': 4.773454941749181, 'c20': 1.0316198792947755, 'c21': 7.095659745586584}. Best is trial 56 with value: 34.60218578923548.[0m
[32m[I 2025-10-17 11:02:12,683][0m Trial 57 finished with value: 47.01541504937959 and parameters: {'c0': 42.281606981582144, 'c1': 78.86949582080791, 'c2': 17.616553062362613, 'c3': 5.15140131318456, 'c4': 65.17490001728969, 'c5': 26.219159846326583, 'c6': 2.011910758743056, 'c7': 0.8867153063907414, 'c8': 19.300432473322196, 'c9': 4.629441055121446, 'c10': -10.284689260620167, 'c11': 7.722655362099162, 'c12': 4.745643501806617, 'c13': 1.68064370752085, 'c14': 5.955452714785636, 'c15': 15.458616551446527, 'c16': 13.589975374741096, 'c17': 1.3182294016669431, 'c18': 0.28070369165764747, 'c19': 4.099247472009988, 'c20': 1.0551332501648718, 'c21': 8.245396890483597}. Best is trial 56 with value: 34.60218578923548.[0m
[32m[I 2025-10-17 11:07:36,851][0m Trial 58 finished with value: 37.3743393288562 and parameters: {'c0': 37.29376066152265, 'c1': 102.66241864661787, 'c2': 23.563117100352457, 'c3': 6.718814827844522, 'c4': 79.82772192722514, 'c5': 32.50444470083452, 'c6': 2.2482451445550296, 'c7': 0.9240675230752324, 'c8': 24.087379919405038, 'c9': 4.737465026960737, 'c10': -11.47435681998321, 'c11': 7.1923429058286, 'c12': 3.5868354756176726, 'c13': 2.7537479746330558, 'c14': 5.136784125884149, 'c15': 18.300981384687883, 'c16': 11.52542203115277, 'c17': 1.3616366525870869, 'c18': 0.37227948350775497, 'c19': 5.08025394786998, 'c20': 0.9116982923495237, 'c21': 7.802994719523641}. Best is trial 56 with value: 34.60218578923548.[0m
[32m[I 2025-10-17 11:13:26,351][0m Trial 59 finished with value: 50.15914819683133 and parameters: {'c0': 43.32597876856312, 'c1': 124.89279915377571, 'c2': 23.620357140034223, 'c3': 6.819775058382322, 'c4': 83.73272596229624, 'c5': 32.196964297791155, 'c6': 2.1975969068983834, 'c7': 0.9093081722453084, 'c8': 24.106469303065303, 'c9': 5.735636576388129, 'c10': -11.411465867454481, 'c11': 7.042233239628665, 'c12': 3.942996516203946, 'c13': 2.8760626817678148, 'c14': 6.269709204731819, 'c15': 18.66537108168463, 'c16': 9.013439978285056, 'c17': 1.2955882402745509, 'c18': 0.41102769417685375, 'c19': 4.860347125531811, 'c20': 0.9299317358692897, 'c21': 8.46002052778068}. Best is trial 56 with value: 34.60218578923548.[0m
[32m[I 2025-10-17 11:19:02,220][0m Trial 60 finished with value: 43.188200198578116 and parameters: {'c0': 36.346183191252805, 'c1': 99.32787657844335, 'c2': 22.04295975189169, 'c3': 6.819333751706566, 'c4': 70.44679697100712, 'c5': 34.37306774293266, 'c6': 2.1018045031072843, 'c7': 1.094694967773183, 'c8': 22.364090212566435, 'c9': 4.565453969295508, 'c10': -13.258530463387999, 'c11': 7.754471844069198, 'c12': 3.4628772547265765, 'c13': 2.5684333879178105, 'c14': 3.879955976641586, 'c15': 17.44103918544481, 'c16': 12.767014762120104, 'c17': 1.4045231819308674, 'c18': 0.349525598240833, 'c19': 4.865504651372318, 'c20': 0.9505510161824565, 'c21': 8.217182112657277}. Best is trial 56 with value: 34.60218578923548.[0m
[32m[I 2025-10-17 11:24:10,696][0m Trial 61 finished with value: 74.9917842048312 and parameters: {'c0': 33.529220061371866, 'c1': 72.8491392169399, 'c2': 20.787884808394956, 'c3': 6.713075217729617, 'c4': 72.39114449188163, 'c5': 29.632388058679567, 'c6': 1.8849050973928907, 'c7': 0.8259671482754604, 'c8': 23.480107401965473, 'c9': 4.26822501324583, 'c10': -9.306147201074179, 'c11': 6.714486655758201, 'c12': 5.060867520933525, 'c13': 1.7699028777870203, 'c14': 4.470412772952517, 'c15': 12.955877209855949, 'c16': 10.864988610546112, 'c17': 1.0612884693365123, 'c18': 0.34565027196191883, 'c19': 4.663294772175192, 'c20': 0.8729324827782148, 'c21': 6.792886927125971}. Best is trial 56 with value: 34.60218578923548.[0m
[32m[I 2025-10-17 11:29:48,587][0m Trial 62 finished with value: 35.80002081024373 and parameters: {'c0': 34.41754937468794, 'c1': 82.3175896155289, 'c2': 13.593966212835047, 'c3': 5.302104494694429, 'c4': 56.918429147308984, 'c5': 25.577874376690485, 'c6': 2.115608452991852, 'c7': 0.9547947185250965, 'c8': 16.68702665426768, 'c9': 4.771852854492687, 'c10': -11.617159732227757, 'c11': 7.367691608654192, 'c12': 4.966567897584053, 'c13': 1.9144990109899436, 'c14': 6.084041311447547, 'c15': 14.349416682203191, 'c16': 10.622447341140152, 'c17': 1.217230887831921, 'c18': 0.3472398768535447, 'c19': 5.585996979993905, 'c20': 0.9485653043975358, 'c21': 6.686649448085947}. Best is trial 56 with value: 34.60218578923548.[0m
[32m[I 2025-10-17 11:35:29,690][0m Trial 63 finished with value: 36.80536039160063 and parameters: {'c0': 28.646755008911317, 'c1': 88.93131542187758, 'c2': 13.032002114795223, 'c3': 5.657055121300638, 'c4': 51.539022668554274, 'c5': 28.73387005778879, 'c6': 1.7504243859196902, 'c7': 0.9575029161859614, 'c8': 16.284958874041276, 'c9': 4.565827772883559, 'c10': -10.74756238340599, 'c11': 7.490119522633279, 'c12': 4.83091272149815, 'c13': 1.8038840877633433, 'c14': 5.439553066561462, 'c15': 14.486130587732145, 'c16': 11.105096116236048, 'c17': 1.1643540912336063, 'c18': 0.3564349550993223, 'c19': 5.600479643067624, 'c20': 0.9551565130949988, 'c21': 7.044352219476774}. Best is trial 56 with value: 34.60218578923548.[0m
[32m[I 2025-10-17 11:41:09,334][0m Trial 64 finished with value: 34.46078994129125 and parameters: {'c0': 31.978192730048246, 'c1': 81.87509416048854, 'c2': 12.899719022052228, 'c3': 5.233787173731382, 'c4': 55.00843177318035, 'c5': 32.612269577699365, 'c6': 1.609842314069953, 'c7': 0.9273856122714111, 'c8': 19.933951823208726, 'c9': 4.872547568566659, 'c10': -9.494456487732457, 'c11': 6.909923939071473, 'c12': 4.951875419564903, 'c13': 2.004024989725164, 'c14': 4.913322608704563, 'c15': 13.127999123273472, 'c16': 12.85505965830536, 'c17': 0.9988285898787904, 'c18': 0.31734777661923463, 'c19': 5.88399318192851, 'c20': 0.8950871039330428, 'c21': 6.131853418290247}. Best is trial 64 with value: 34.46078994129125.[0m
[32m[I 2025-10-17 11:46:29,462][0m Trial 65 finished with value: 46.310962007290314 and parameters: {'c0': 30.95563521768546, 'c1': 93.44615739404779, 'c2': 13.522514009153232, 'c3': 5.891303682484421, 'c4': 57.45070852045414, 'c5': 27.07897655890959, 'c6': 1.7872701857678075, 'c7': 0.8638293531923124, 'c8': 18.526927114664787, 'c9': 4.581189513505878, 'c10': -12.415863445417438, 'c11': 7.276907657572948, 'c12': 4.070777179209116, 'c13': 2.0466028472120352, 'c14': 5.954493582509087, 'c15': 12.158889050420091, 'c16': 11.736005896683267, 'c17': 1.1524590991512558, 'c18': 0.3949565064798365, 'c19': 5.403232768713719, 'c20': 1.0187332738701393, 'c21': 6.324862759796171}. Best is trial 64 with value: 34.46078994129125.[0m
[32m[I 2025-10-17 11:52:16,183][0m Trial 66 finished with value: 38.12807082026828 and parameters: {'c0': 28.99526384423513, 'c1': 85.5203463254562, 'c2': 13.703241901498053, 'c3': 4.5601259627560395, 'c4': 46.5090541806378, 'c5': 31.177002525946364, 'c6': 1.6184522225990705, 'c7': 0.9245276221539463, 'c8': 20.256900437113647, 'c9': 4.293635532462607, 'c10': -10.250495509734813, 'c11': 6.162972989603134, 'c12': 5.0231804764353685, 'c13': 2.6172337027478223, 'c14': 5.055308853410819, 'c15': 12.856183598396864, 'c16': 11.169163371828159, 'c17': 0.8648001329429169, 'c18': 0.31654110612208947, 'c19': 5.858605833864506, 'c20': 0.8765114971387328, 'c21': 5.138989784440426}. Best is trial 64 with value: 34.46078994129125.[0m
[32m[I 2025-10-17 11:57:49,705][0m Trial 67 finished with value: 34.45365954888508 and parameters: {'c0': 29.551078063964688, 'c1': 89.97992537966253, 'c2': 13.140034675943921, 'c3': 4.8500875716950675, 'c4': 55.48370437826166, 'c5': 28.227050437731467, 'c6': 1.6952963004069526, 'c7': 0.769666662809231, 'c8': 20.434688760520732, 'c9': 4.8313088092183385, 'c10': -9.464009169090625, 'c11': 6.624740416961528, 'c12': 4.936323754359338, 'c13': 2.574407495898954, 'c14': 4.6602716973615195, 'c15': 11.245802591150522, 'c16': 11.6623211482019, 'c17': 0.9050046049880343, 'c18': 0.3579572060610252, 'c19': 5.441052849442277, 'c20': 0.9197894106635359, 'c21': 4.512106007714549}. Best is trial 67 with value: 34.45365954888508.[0m
[32m[I 2025-10-17 12:04:48,079][0m Trial 68 finished with value: 56.384996013219265 and parameters: {'c0': 31.49398211627683, 'c1': 78.87435982411489, 'c2': 13.104087439555569, 'c3': 6.502265104050272, 'c4': 56.94274403691776, 'c5': 29.277349790605037, 'c6': 1.8000502566057341, 'c7': 1.072876891848112, 'c8': 19.50395914460799, 'c9': 5.026152491671948, 'c10': -9.120791502554223, 'c11': 6.807617191191091, 'c12': 4.473317745331463, 'c13': 1.9704321766030715, 'c14': 4.5637951705896445, 'c15': 14.095980202694301, 'c16': 13.771021068279122, 'c17': 1.1299576987484112, 'c18': 0.32467161964984004, 'c19': 5.976405311195818, 'c20': 0.7792517971565811, 'c21': 5.496494689480935}. Best is trial 67 with value: 34.45365954888508.[0m
