[32m[I 2025-10-19 02:46:08,967][0m Trial 3 finished with value: 36.71309697909991 and parameters: {'c0': 132.98396661421856, 'c1': 56.389997550287724, 'c2': 4.205727174982187, 'c3': 8.000732944311732, 'c4': 48.70840610521987, 'c5': 30.481072302336607, 'c6': 1.5171480983020067, 'c7': 0.3336940770186298, 'c8': 27.010220821955173, 'c9': 5.723202946811902, 'c10': -15.732704679199909, 'c11': 18.46517639273805, 'c12': 4.738059284278573, 'c13': 3.2707457856398836, 'c14': 22.1617376516676, 'c15': 28.909500225971932, 'c16': 19.928910318957893, 'c17': 1.904354805388476, 'c18': 0.03299930787089584, 'c19': 26.380895258214192, 'c20': 1.6823336189382263, 'c21': 39.306645607114646}. Best is trial 0 with value: 22.358278155186987.[0m
[32m[I 2025-10-19 02:52:39,304][0m Trial 4 finished with value: 30.75580937595524 and parameters: {'c0': 132.96079090418283, 'c1': 59.597926148510965, 'c2': 2.6930112966440896, 'c3': 9.490482127410552, 'c4': 38.96046844050574, 'c5': 39.44038188379582, 'c6': 1.788743949233395, 'c7': 0.24598500604865925, 'c8': 34.76991254474165, 'c9': 7.252660575684795, 'c10': -25.86944200980882, 'c11': 21.373417265509392, 'c12': 3.7871149598878606, 'c13': 2.9592045621537637, 'c14': 22.18774886216955, 'c15': 25.03208917437741, 'c16': 21.41488164985696, 'c17': 2.2097451884567834, 'c18': 0.027862865031102243, 'c19': 26.772798947860288, 'c20': 1.9292376993458467, 'c21': 39.855228843697645}. Best is trial 0 with value: 22.358278155186987.[0m
[32m[I 2025-10-19 02:58:38,370][0m Trial 5 finished with value: 24.02066620383826 and parameters: {'c0': 97.54311751686696, 'c1': 60.042071823508806, 'c2': 2.6753891731681745, 'c3': 6.313106192385359, 'c4': 39.54938469116285, 'c5': 36.873910565391874, 'c6': 1.4719375453542547, 'c7': 0.24826991591597886, 'c8': 28.34277488317764, 'c9': 8.02387792651003, 'c10': -18.88377202386407, 'c11': 24.37264513910132, 'c12': 3.8394026304278737, 'c13': 2.6511996983108608, 'c14': 16.036904966655, 'c15': 29.90331078024165, 'c16': 14.326459003666606, 'c17': 1.6478197704152513, 'c18': 0.0321067184905189, 'c19': 18.43956560435338, 'c20': 2.112232973824851, 'c21': 39.8542034508497}. Best is trial 0 with value: 22.358278155186987.[0m
[32m[I 2025-10-19 03:04:51,953][0m Trial 6 finished with value: 33.61473344850161 and parameters: {'c0': 108.53061110500745, 'c1': 61.29082963066417, 'c2': 2.6369992112279252, 'c3': 8.083769006076022, 'c4': 33.562610193552956, 'c5': 30.635168074582765, 'c6': 1.4645036320322218, 'c7': 0.31457014139127787, 'c8': 31.901826854053652, 'c9': 5.9134034091607806, 'c10': -19.068084481491912, 'c11': 18.573445711647786, 'c12': 4.425583526593032, 'c13': 3.09012421402159, 'c14': 13.74273253728558, 'c15': 24.167350468576622, 'c16': 14.750526601744193, 'c17': 2.427697493121467, 'c18': 0.03015159613694774, 'c19': 17.04357846597952, 'c20': 1.8399151268673566, 'c21': 36.169572280189286}. Best is trial 0 with value: 22.358278155186987.[0m
[32m[I 2025-10-19 03:11:00,500][0m Trial 7 finished with value: 25.170781240779025 and parameters: {'c0': 124.2798602820191, 'c1': 53.04811918481583, 'c2': 2.8404184265427936, 'c3': 6.442744376225082, 'c4': 33.23103726448634, 'c5': 33.691333188489835, 'c6': 1.7695042464641302, 'c7': 0.23602644733369563, 'c8': 25.442671378271896, 'c9': 6.34674105216125, 'c10': -22.24356407901856, 'c11': 20.61235641956987, 'c12': 4.470509221759435, 'c13': 2.6364042264005607, 'c14': 14.998384458047582, 'c15': 30.634506163045018, 'c16': 18.297489568146307, 'c17': 2.503215061723256, 'c18': 0.02789128106202328, 'c19': 22.253093278803064, 'c20': 1.9352806875442556, 'c21': 39.43083443883501}. Best is trial 0 with value: 22.358278155186987.[0m
[32m[I 2025-10-19 03:17:01,024][0m Trial 8 finished with value: 29.365686828359117 and parameters: {'c0': 99.57407943668284, 'c1': 64.6795666037092, 'c2': 3.0874073630058425, 'c3': 6.912820282210998, 'c4': 29.715059017155905, 'c5': 33.00332070490514, 'c6': 1.5509423366500281, 'c7': 0.2600837670727453, 'c8': 22.117060725161945, 'c9': 7.01737114936515, 'c10': -23.000262479903025, 'c11': 22.3529665872515, 'c12': 3.594278900040389, 'c13': 2.9990576634978643, 'c14': 13.923184395962942, 'c15': 25.021007225011022, 'c16': 18.210807366014595, 'c17': 2.625796013018202, 'c18': 0.039390491821862446, 'c19': 18.034603913211576, 'c20': 2.060943374971177, 'c21': 36.776197406387745}. Best is trial 0 with value: 22.358278155186987.[0m
[32m[I 2025-10-19 03:26:04,728][0m Trial 9 finished with value: 84.78729510926237 and parameters: {'c0': 110.4099840379241, 'c1': 65.27627254812542, 'c2': 2.671983703987974, 'c3': 5.601182791481355, 'c4': 36.27999269618303, 'c5': 32.88065459951184, 'c6': 1.6951100134057202, 'c7': 0.3413188618229849, 'c8': 29.614141301374946, 'c9': 8.713129422288345, 'c10': -21.83253406890036, 'c11': 24.355923571322045, 'c12': 4.581194162810094, 'c13': 3.3363142053324304, 'c14': 15.146077662828304, 'c15': 33.47219221803686, 'c16': 18.052993274406596, 'c17': 2.013409352180881, 'c18': 0.03410549920742048, 'c19': 19.495657661905717, 'c20': 1.579230434838779, 'c21': 37.97385293313958}. Best is trial 0 with value: 22.358278155186987.[0m
[32m[I 2025-10-19 03:31:55,716][0m Trial 10 finished with value: 27.926074274108164 and parameters: {'c0': 92.52992740285711, 'c1': 70.1820982846325, 'c2': 2.6569865977529328, 'c3': 7.917466681615543, 'c4': 35.59232799136057, 'c5': 31.51518892485572, 'c6': 2.0160156749841533, 'c7': 0.2854599031272772, 'c8': 28.19999372502398, 'c9': 7.57875170062977, 'c10': -18.447031499611573, 'c11': 23.873896593603106, 'c12': 3.191616543605664, 'c13': 3.6576021798015876, 'c14': 15.939394800096977, 'c15': 31.30733277687578, 'c16': 17.022381584559703, 'c17': 2.254131564725159, 'c18': 0.0323738888801014, 'c19': 17.97986247660474, 'c20': 1.6941517249891513, 'c21': 38.44742498454709}. Best is trial 0 with value: 22.358278155186987.[0m
[32m[I 2025-10-19 03:38:58,218][0m Trial 11 finished with value: 38.291733870463176 and parameters: {'c0': 105.08392990112455, 'c1': 49.470199174651974, 'c2': 2.664447824311324, 'c3': 6.279211356137686, 'c4': 43.11373563830849, 'c5': 35.843260029834, 'c6': 1.4489741334940038, 'c7': 0.2417933635901145, 'c8': 27.134667367312638, 'c9': 8.8400361238702, 'c10': -20.51173838856667, 'c11': 22.409068023486586, 'c12': 4.429538630606766, 'c13': 2.8726434607417293, 'c14': 13.967903501079634, 'c15': 31.54434651242833, 'c16': 14.931460923843941, 'c17': 1.8232362757281564, 'c18': 0.02754456476718902, 'c19': 17.873014373471616, 'c20': 2.049299288024858, 'c21': 39.04638465405572}. Best is trial 0 with value: 22.358278155186987.[0m
[32m[I 2025-10-19 03:44:53,185][0m Trial 12 finished with value: 26.993932919655283 and parameters: {'c0': 95.17777958419, 'c1': 64.19831371076863, 'c2': 2.550989784037543, 'c3': 7.334898597859362, 'c4': 35.010395141293834, 'c5': 45.14560233643396, 'c6': 1.5458111962878125, 'c7': 0.26412671773924074, 'c8': 28.30474947007487, 'c9': 7.371077046750537, 'c10': -21.297211762096197, 'c11': 24.37214374772041, 'c12': 3.9798902902782936, 'c13': 2.9659310653283635, 'c14': 15.503429777567346, 'c15': 33.017681233556196, 'c16': 14.818420363683781, 'c17': 1.5656596523339212, 'c18': 0.03618337121617975, 'c19': 20.053247491476743, 'c20': 2.163644200651515, 'c21': 37.43559982574241}. Best is trial 0 with value: 22.358278155186987.[0m
[32m[I 2025-10-19 03:50:54,469][0m Trial 13 finished with value: 34.445900155787015 and parameters: {'c0': 90.54093164999884, 'c1': 51.92600292720047, 'c2': 2.703223068641768, 'c3': 7.095700702674895, 'c4': 35.59930794989505, 'c5': 32.371779111755664, 'c6': 1.4070142126227763, 'c7': 0.21358796222971035, 'c8': 32.95426245239635, 'c9': 8.489431589309572, 'c10': -18.854205986166683, 'c11': 22.877806919217445, 'c12': 3.346215028285918, 'c13': 2.71174194691822, 'c14': 18.109846077473087, 'c15': 27.484656007116605, 'c16': 14.458090952566248, 'c17': 2.088086388881194, 'c18': 0.04169345768939345, 'c19': 21.957952264414835, 'c20': 2.1365071846534627, 'c21': 37.14373902904024}. Best is trial 0 with value: 22.358278155186987.[0m
[32m[I 2025-10-19 03:56:56,902][0m Trial 14 finished with value: 34.25142213492746 and parameters: {'c0': 96.83895867452753, 'c1': 70.35610226747005, 'c2': 3.452189657318931, 'c3': 7.574859378797611, 'c4': 42.011842361651084, 'c5': 31.47584097667739, 'c6': 1.3945454307727156, 'c7': 0.2850350185324119, 'c8': 32.153280164795206, 'c9': 7.642377052248961, 'c10': -17.82911129864208, 'c11': 18.12235497695805, 'c12': 3.267846603251218, 'c13': 2.6990845904180403, 'c14': 14.942480662457907, 'c15': 31.691996362821737, 'c16': 16.485580715536415, 'c17': 1.6417749165262336, 'c18': 0.03080090127260413, 'c19': 18.58578272000201, 'c20': 1.8718459125862956, 'c21': 38.61802313847207}. Best is trial 0 with value: 22.358278155186987.[0m
[32m[I 2025-10-19 04:03:13,387][0m Trial 15 finished with value: 22.482358273838173 and parameters: {'c0': 103.06779680317645, 'c1': 61.52405026627523, 'c2': 2.957534415167259, 'c3': 6.387122255227612, 'c4': 33.85231989005066, 'c5': 35.99725350880304, 'c6': 1.9398031587951121, 'c7': 0.21400178302987924, 'c8': 31.727960122399153, 'c9': 6.704933140050137, 'c10': -18.910142573960574, 'c11': 25.303546729956867, 'c12': 3.9078956507605933, 'c13': 2.598626991194049, 'c14': 15.48441571095412, 'c15': 26.125149060640354, 'c16': 15.916094064782252, 'c17': 1.7007342216149817, 'c18': 0.0311675109118013, 'c19': 20.80874787705818, 'c20': 1.8061907569659144, 'c21': 36.72975141692235}. Best is trial 0 with value: 22.358278155186987.[0m
[32m[I 2025-10-19 04:10:00,259][0m Trial 16 finished with value: 45.448314280086066 and parameters: {'c0': 110.19258450926662, 'c1': 53.617427491457015, 'c2': 3.3783299264622935, 'c3': 6.271826449746814, 'c4': 34.952981133279444, 'c5': 31.03349905712578, 'c6': 2.2939283219757285, 'c7': 0.23384430470264927, 'c8': 36.20404305649235, 'c9': 5.728084438647929, 'c10': -18.172715404959426, 'c11': 24.738660090823473, 'c12': 4.403776437721912, 'c13': 2.917390615660466, 'c14': 15.54877039196495, 'c15': 28.720015923482343, 'c16': 16.053217971783308, 'c17': 1.688593395238517, 'c18': 0.03516141685012399, 'c19': 17.61328985710326, 'c20': 1.5804762502357863, 'c21': 36.19367064447134}. Best is trial 0 with value: 22.358278155186987.[0m
[32m[I 2025-10-19 04:16:06,367][0m Trial 17 finished with value: 20.189820087577182 and parameters: {'c0': 127.54710089848388, 'c1': 58.24544263365, 'c2': 2.5979342729117594, 'c3': 6.983200730454223, 'c4': 31.256405543019973, 'c5': 30.402754702390716, 'c6': 1.8784532084853733, 'c7': 0.2621161505204455, 'c8': 25.320459816043623, 'c9': 7.507770040062331, 'c10': -21.340869394514787, 'c11': 18.82540269133113, 'c12': 3.1605780261535945, 'c13': 3.234902079945631, 'c14': 14.386509725905368, 'c15': 29.175488740444738, 'c16': 16.452388635361654, 'c17': 1.6531312987412372, 'c18': 0.03035455588694072, 'c19': 19.37972438644895, 'c20': 1.8072546010582362, 'c21': 38.06086823392765}. Best is trial 17 with value: 20.189820087577182.[0m
[32m[I 2025-10-19 04:22:14,782][0m Trial 18 finished with value: 34.13422784228166 and parameters: {'c0': 132.78293601977987, 'c1': 66.8409316711068, 'c2': 2.768975283699523, 'c3': 6.247606915258101, 'c4': 30.39604166885892, 'c5': 29.93208568360381, 'c6': 1.471121117737947, 'c7': 0.2311147807539849, 'c8': 27.413638438324046, 'c9': 6.191436801363781, 'c10': -23.16510620690488, 'c11': 20.63422080458649, 'c12': 3.6863791144801668, 'c13': 3.1435308326928766, 'c14': 13.647353710273496, 'c15': 28.658283283124415, 'c16': 15.737592711403684, 'c17': 1.6909038106626528, 'c18': 0.036810217713474064, 'c19': 18.56737566668806, 'c20': 1.9187717606579455, 'c21': 37.70118329073677}. Best is trial 17 with value: 20.189820087577182.[0m
[32m[I 2025-10-19 04:28:29,067][0m Trial 19 finished with value: 31.24814399909953 and parameters: {'c0': 151.47962556726017, 'c1': 62.41901792044493, 'c2': 2.5064337752781114, 'c3': 7.403386786590702, 'c4': 33.89986759286983, 'c5': 29.897235913078983, 'c6': 1.8852757487325764, 'c7': 0.24193223657987042, 'c8': 27.134674410776718, 'c9': 8.28549460455798, 'c10': -22.528452569739155, 'c11': 18.42675361283956, 'c12': 3.154817140127257, 'c13': 3.407886277088488, 'c14': 14.54793032962228, 'c15': 33.636635925265686, 'c16': 16.33057808203362, 'c17': 2.3321590404241657, 'c18': 0.029480300954780436, 'c19': 20.862583825864128, 'c20': 1.7534729510330507, 'c21': 37.56513484049927}. Best is trial 17 with value: 20.189820087577182.[0m
[32m[I 2025-10-19 04:34:33,702][0m Trial 20 finished with value: 25.49266171035226 and parameters: {'c0': 125.95689569274407, 'c1': 59.58778771511111, 'c2': 3.2406218594615126, 'c3': 7.373012349759809, 'c4': 30.91225593943133, 'c5': 29.155425208523997, 'c6': 1.9756841806853656, 'c7': 0.2736699388655682, 'c8': 21.46104500452659, 'c9': 7.8221770479123025, 'c10': -24.067857940505135, 'c11': 18.235803794912673, 'c12': 3.4505027851119543, 'c13': 3.573090972824559, 'c14': 15.431785603483704, 'c15': 26.810956525729104, 'c16': 14.730666488510028, 'c17': 1.5640236809200216, 'c18': 0.027923213612573106, 'c19': 21.39120992958575, 'c20': 1.9199126509412672, 'c21': 30.520310508800264}. Best is trial 17 with value: 20.189820087577182.[0m
[32m[I 2025-10-19 04:40:47,954][0m Trial 21 finished with value: 22.13456736534337 and parameters: {'c0': 90.61822450312016, 'c1': 69.69861806559427, 'c2': 3.410309087107504, 'c3': 6.496274241957236, 'c4': 32.407575641446876, 'c5': 37.92552002388842, 'c6': 1.9437410084521942, 'c7': 0.22795497500156067, 'c8': 30.6461461539282, 'c9': 6.864036757859266, 'c10': -19.41875920085692, 'c11': 25.41573202722773, 'c12': 3.9372895122845195, 'c13': 2.7731690982617105, 'c14': 16.055155319845813, 'c15': 23.939442663694987, 'c16': 16.906456034168684, 'c17': 1.6172125265665527, 'c18': 0.03619714395800083, 'c19': 22.939694895193472, 'c20': 1.706213550497164, 'c21': 38.89293438139071}. Best is trial 17 with value: 20.189820087577182.[0m
[32m[I 2025-10-19 04:46:53,518][0m Trial 22 finished with value: 40.60881723940677 and parameters: {'c0': 96.89023606111665, 'c1': 66.48490720194363, 'c2': 2.602885578791224, 'c3': 7.374538079433999, 'c4': 30.407561217653857, 'c5': 34.30064172353675, 'c6': 1.492144684298095, 'c7': 0.25709627314558436, 'c8': 27.051164894482834, 'c9': 6.565470350486605, 'c10': -21.41817610091524, 'c11': 21.39033664014601, 'c12': 3.390623117866683, 'c13': 3.5396716084049866, 'c14': 15.61894141751695, 'c15': 26.950617851118764, 'c16': 14.034929379136734, 'c17': 2.0766579949575634, 'c18': 0.027614259387651184, 'c19': 22.54137317479867, 'c20': 2.009005777950722, 'c21': 38.9574277756342}. Best is trial 17 with value: 20.189820087577182.[0m
[32m[I 2025-10-19 04:53:13,305][0m Trial 23 finished with value: 21.51855976275069 and parameters: {'c0': 136.7622987198188, 'c1': 50.81165397349027, 'c2': 2.5435076735611295, 'c3': 6.874202938714484, 'c4': 34.70702124367417, 'c5': 32.01691008766303, 'c6': 2.1612857528913008, 'c7': 0.23399880244230956, 'c8': 24.91677718952613, 'c9': 7.037055090041523, 'c10': -18.5208753797188, 'c11': 22.255111418485697, 'c12': 3.365884594212693, 'c13': 3.4382073826279673, 'c14': 15.016706649550116, 'c15': 31.30025582428605, 'c16': 18.02366260489424, 'c17': 1.6037064115217357, 'c18': 0.030718304721601853, 'c19': 20.017962128918903, 'c20': 1.7796022849493864, 'c21': 39.325590496990735}. Best is trial 17 with value: 20.189820087577182.[0m
[32m[I 2025-10-19 04:59:23,681][0m Trial 24 finished with value: 39.05977444924212 and parameters: {'c0': 139.936168572069, 'c1': 47.93407403929921, 'c2': 2.9660155468754663, 'c3': 8.727011297354627, 'c4': 32.44967458883611, 'c5': 30.794401113544737, 'c6': 2.1148673514258904, 'c7': 0.22747887366919353, 'c8': 26.30752445513758, 'c9': 7.563396992050257, 'c10': -18.024532969335247, 'c11': 23.118107504472682, 'c12': 3.4824064957342564, 'c13': 3.5775195592827425, 'c14': 14.610531104350965, 'c15': 31.942144773371982, 'c16': 20.050340440724938, 'c17': 1.7152642164972391, 'c18': 0.031246701951182464, 'c19': 19.095448670615262, 'c20': 1.874406271485097, 'c21': 37.698659443876274}. Best is trial 17 with value: 20.189820087577182.[0m
[32m[I 2025-10-19 04:59:23,720][0m A new study created in memory with name: no-name-9670d1f9-c14e-432e-9820-0e48c41fdc22[0m
[32m[I 2025-10-19 05:04:47,318][0m Trial 0 finished with value: 77.80145629353349 and parameters: {'c0': 121.82963518786948, 'c1': 65.17802070346649, 'c2': 1.8963677678641269, 'c3': 6.237508403005298, 'c4': 25.29176879413365, 'c5': 23.70726153201474, 'c6': 1.5600774301190727, 'c7': 0.2402475209414786, 'c8': 23.90838346361855, 'c9': 7.665204570119271, 'c10': -22.272455475686357, 'c11': 20.709056213552095, 'c12': 2.6559583124455433, 'c13': 3.89568359079521, 'c14': 10.713427922208126, 'c15': 31.862254448404634, 'c16': 15.717402261009326, 'c17': 1.7055444446213703, 'c18': 0.024457579631276975, 'c19': 16.21905837715485, 'c20': 2.100875639760683, 'c21': 47.68889418019502}. Best is trial 0 with value: 77.80145629353349.[0m
[32m[I 2025-10-19 05:11:16,138][0m Trial 1 finished with value: 26.31079689721418 and parameters: {'c0': 114.69139306919001, 'c1': 64.29693299175156, 'c2': 3.1261791529634433, 'c3': 8.47183831355476, 'c4': 24.24974787574235, 'c5': 22.832120074785088, 'c6': 1.543404862766803, 'c7': 0.31566119885712113, 'c8': 19.826407107420362, 'c9': 7.187795052436339, 'c10': -16.061976385550665, 'c11': 19.162688483167653, 'c12': 3.488189974547236, 'c13': 2.91250525731959, 'c14': 15.835970539841991, 'c15': 34.44957750560586, 'c16': 12.170984604022069, 'c17': 1.8765235085585688, 'c18': 0.03837095613207741, 'c19': 21.97784501346029, 'c20': 1.5928990654376993, 'c21': 44.008802090705885}. Best is trial 1 with value: 26.31079689721418.[0m
[32m[I 2025-10-19 05:17:56,770][0m Trial 2 finished with value: 25.577757725237785 and parameters: {'c0': 100.20802510948077, 'c1': 56.60589638037236, 'c2': 3.1713792864155175, 'c3': 6.20461850220922, 'c4': 27.672926069247772, 'c5': 24.32628747535109, 'c6': 1.390718071133029, 'c7': 0.28743929501951154, 'c8': 21.37593637184866, 'c9': 6.556864394604853, 'c10': -21.438020317681897, 'c11': 14.283169215677407, 'c12': 3.287126798154497, 'c13': 2.617540372847924, 'c14': 15.08058067674742, 'c15': 32.32391222020847, 'c16': 12.917978116649781, 'c17': 1.5763787137153564, 'c18': 0.033542351985724486, 'c19': 18.48124143309854, 'c20': 1.367868003219929, 'c21': 38.79894187791888}. Best is trial 2 with value: 25.577757725237785.[0m
[32m[I 2025-10-19 05:24:20,849][0m Trial 3 finished with value: 39.8145299253635 and parameters: {'c0': 138.83310828236486, 'c1': 58.71393313201381, 'c2': 3.2219025836808655, 'c3': 7.309726099169391, 'c4': 38.067972462176975, 'c5': 24.448583884820238, 'c6': 1.512399306863661, 'c7': 0.3056428137835105, 'c8': 23.92082227234041, 'c9': 6.150499623961198, 'c10': -16.412230699537353, 'c11': 17.277205153391577, 'c12': 3.5888158711857647, 'c13': 3.6298462846726265, 'c14': 17.36551452686058, 'c15': 31.124706187200317, 'c16': 18.682739067266084, 'c17': 1.5181894620656418, 'c18': 0.0265818070494755, 'c19': 23.524375877466362, 'c20': 1.7370490455104433, 'c21': 47.618543402839464}. Best is trial 2 with value: 25.577757725237785.[0m
[32m[I 2025-10-19 05:30:02,335][0m Trial 4 finished with value: 31.96712061135889 and parameters: {'c0': 138.80877522694794, 'c1': 62.07463596541077, 'c2': 2.057247948491313, 'c3': 8.678880671005514, 'c4': 30.41065632441323, 'c5': 31.69023769936409, 'c6': 1.7852325906844837, 'c7': 0.22487912234607346, 'c8': 30.83812663465157, 'c9': 7.806602377633151, 'c10': -27.072152121860103, 'c11': 20.01674824986719, 'c12': 2.8645906604635205, 'c13': 3.2821876372083736, 'c14': 17.386001237038712, 'c15': 26.92589458662131, 'c16': 20.083406856069814, 'c17': 1.7632984591506813, 'c18': 0.022414937055307265, 'c19': 23.87563151664608, 'c20': 1.9936298744447571, 'c21': 48.28642923679716}. Best is trial 2 with value: 25.577757725237785.[0m
[32m[I 2025-10-19 05:36:00,947][0m Trial 5 finished with value: 31.24665968379659 and parameters: {'c0': 94.5400680321538, 'c1': 61.34888181745364, 'c2': 2.9332545132673555, 'c3': 6.368770251927166, 'c4': 30.535586175311092, 'c5': 25.836642464804, 'c6': 1.4480406457072605, 'c7': 0.2970858173556017, 'c8': 20.192096573335743, 'c9': 6.00935194572474, 'c10': -24.492118591913098, 'c11': 16.933416591906557, 'c12': 2.909423563854976, 'c13': 3.1160493988455444, 'c14': 18.14190222329528, 'c15': 36.06562522163615, 'c16': 12.080320814844587, 'c17': 1.388652983288496, 'c18': 0.0318741472606019, 'c19': 21.002704419831968, 'c20': 1.5777912257835256, 'c21': 39.17591209834775}. Best is trial 2 with value: 25.577757725237785.[0m
[32m[I 2025-10-19 05:42:51,774][0m Trial 6 finished with value: 47.83657091102272 and parameters: {'c0': 119.01413501461217, 'c1': 46.12865957754764, 'c2': 2.9956872797929233, 'c3': 6.477918988754842, 'c4': 31.40709113506154, 'c5': 27.01851320212373, 'c6': 1.7087523642867966, 'c7': 0.3152088920965347, 'c8': 20.772039320675958, 'c9': 7.084641880759165, 'c10': -20.556391116937327, 'c11': 15.469718883404017, 'c12': 3.51687360995711, 'c13': 2.9080880391936, 'c14': 15.436976558282518, 'c15': 35.1600876416882, 'c16': 16.22726595600757, 'c17': 1.4506533382802536, 'c18': 0.034832488399376874, 'c19': 16.951346279599164, 'c20': 1.4237687296871113, 'c21': 44.81543038404595}. Best is trial 2 with value: 25.577757725237785.[0m
