[32m[I 2025-10-19 08:57:04,364][0m Trial 11 finished with value: 28.402846457711938 and parameters: {'c0': 146.30454834752263, 'c1': 78.52644012542282, 'c2': 2.089567505864155, 'c3': 6.523901587359643, 'c4': 26.566604805135967, 'c5': 25.420744350845364, 'c6': 1.6748909152082687, 'c7': 0.23661169265281368, 'c8': 16.176746026532545, 'c9': 7.274052318212304, 'c10': -18.25814886218532, 'c11': 18.072222498332316, 'c12': 3.1508297931579, 'c13': 3.35263939913943, 'c14': 10.100945303332214, 'c15': 33.5246100329241, 'c16': 12.682956085120072, 'c17': 2.1121444062918404, 'c18': 0.018614670069833996, 'c19': 16.39326916412986, 'c20': 1.6463617153727694, 'c21': 36.643210083868155}. Best is trial 4 with value: 22.004797692623534.[0m
[32m[I 2025-10-19 09:03:31,647][0m Trial 12 finished with value: 42.449103550891394 and parameters: {'c0': 158.65282146220432, 'c1': 60.73938962308055, 'c2': 2.453391090694315, 'c3': 8.614411973015601, 'c4': 24.719399718839988, 'c5': 23.38131711578951, 'c6': 1.8135637837821204, 'c7': 0.22230326289207053, 'c8': 18.2938473453592, 'c9': 7.614793444886994, 'c10': -19.817080790457606, 'c11': 14.337862475582225, 'c12': 3.501620299524581, 'c13': 3.2726757202008026, 'c14': 10.78644119532451, 'c15': 42.04009483368678, 'c16': 16.08973435772927, 'c17': 2.1546237023869845, 'c18': 0.020696260561771478, 'c19': 17.939560521474757, 'c20': 1.7103174251796653, 'c21': 37.44997547684639}. Best is trial 4 with value: 22.004797692623534.[0m
[32m[I 2025-10-19 09:09:54,372][0m Trial 13 finished with value: 29.811527485099763 and parameters: {'c0': 126.51900536663462, 'c1': 73.97164866196786, 'c2': 2.072179000413341, 'c3': 8.325460555140689, 'c4': 21.06101441777871, 'c5': 22.898033078100223, 'c6': 1.846659790785678, 'c7': 0.2776932196691051, 'c8': 18.104719467516137, 'c9': 8.03274896526121, 'c10': -20.473290800334762, 'c11': 21.47638749366417, 'c12': 3.6409685909867475, 'c13': 2.6486150436238787, 'c14': 9.768377078141937, 'c15': 35.6585203379628, 'c16': 14.159630548111574, 'c17': 2.124002779183936, 'c18': 0.01804869745971857, 'c19': 15.18335910682819, 'c20': 1.6468837702700978, 'c21': 34.9700263606411}. Best is trial 4 with value: 22.004797692623534.[0m
[32m[I 2025-10-19 09:15:59,414][0m Trial 14 finished with value: 55.046331217424395 and parameters: {'c0': 126.00965482395932, 'c1': 69.27520670946855, 'c2': 2.107790193334432, 'c3': 10.106893238959355, 'c4': 27.165289438392577, 'c5': 26.928278475032904, 'c6': 1.9569164572989097, 'c7': 0.2733421295811479, 'c8': 23.65066813030902, 'c9': 7.9260815932561695, 'c10': -20.923262005648308, 'c11': 21.55858170399583, 'c12': 2.8365414286073998, 'c13': 3.148442954068368, 'c14': 13.683476816262157, 'c15': 30.16391993511755, 'c16': 14.979371068761328, 'c17': 2.2835456576968287, 'c18': 0.01774347760807743, 'c19': 24.19537120757041, 'c20': 1.7104108132722082, 'c21': 37.297421527899495}. Best is trial 4 with value: 22.004797692623534.[0m
[32m[I 2025-10-19 09:22:39,229][0m Trial 15 finished with value: 33.3555709679543 and parameters: {'c0': 146.11892936446202, 'c1': 73.52244747538114, 'c2': 2.162332078219203, 'c3': 6.7414524222239125, 'c4': 19.231929479140458, 'c5': 26.82090463190807, 'c6': 2.380241494908276, 'c7': 0.24137263710477116, 'c8': 19.112332491234874, 'c9': 8.142191103603366, 'c10': -17.05564864609635, 'c11': 21.477917514100092, 'c12': 3.289536360758201, 'c13': 3.4388242280977233, 'c14': 10.855522566917797, 'c15': 41.123410804279146, 'c16': 13.187939950371726, 'c17': 1.492167262453597, 'c18': 0.0181394436910363, 'c19': 15.167824232181788, 'c20': 1.4275928558882156, 'c21': 38.19409644047866}. Best is trial 4 with value: 22.004797692623534.[0m
[32m[I 2025-10-19 09:29:36,264][0m Trial 16 finished with value: 48.259644826434055 and parameters: {'c0': 145.19170216842494, 'c1': 68.86394029280191, 'c2': 2.2545833020310093, 'c3': 6.6976547018039705, 'c4': 20.144124845386656, 'c5': 26.105936813671097, 'c6': 1.8597029092560573, 'c7': 0.24405244848461274, 'c8': 16.243676452531478, 'c9': 7.652620568501725, 'c10': -22.62027036403522, 'c11': 15.543124712654354, 'c12': 3.4206184086988594, 'c13': 3.0055501622102465, 'c14': 9.320796583522636, 'c15': 39.29442184182685, 'c16': 16.95403992806454, 'c17': 1.7611679186495686, 'c18': 0.017673417172128055, 'c19': 17.548451512999698, 'c20': 1.3133427119599737, 'c21': 36.77913540517554}. Best is trial 4 with value: 22.004797692623534.[0m
[32m[I 2025-10-19 09:35:31,639][0m Trial 17 finished with value: 52.681417936036716 and parameters: {'c0': 134.46259068670759, 'c1': 77.29426486447777, 'c2': 2.1468647057087393, 'c3': 8.562209865450587, 'c4': 25.078164395870807, 'c5': 34.7880706155719, 'c6': 2.2886620488383542, 'c7': 0.23792556417359212, 'c8': 21.06311816618354, 'c9': 6.562489688690157, 'c10': -23.442049430035656, 'c11': 16.578850603829533, 'c12': 2.883722129508847, 'c13': 2.7397853159529175, 'c14': 14.077516317793135, 'c15': 32.798815856865296, 'c16': 15.846404907592884, 'c17': 2.2051689245286785, 'c18': 0.0203405588910095, 'c19': 22.075008838586253, 'c20': 1.6949413256662778, 'c21': 37.1595916423231}. Best is trial 4 with value: 22.004797692623534.[0m
[32m[I 2025-10-19 09:42:16,116][0m Trial 18 finished with value: 33.27315901738506 and parameters: {'c0': 172.8082410164239, 'c1': 55.78954826774832, 'c2': 2.061761799812514, 'c3': 7.316990433243347, 'c4': 19.398671745874537, 'c5': 27.949498009375244, 'c6': 1.6571649986416528, 'c7': 0.26489541550098217, 'c8': 17.49688701585058, 'c9': 6.097293813976618, 'c10': -17.59639415374406, 'c11': 17.16551350677143, 'c12': 3.4394276926152534, 'c13': 2.9595768008399923, 'c14': 9.555592669182005, 'c15': 39.38858399723367, 'c16': 12.312793920451432, 'c17': 1.83174429477723, 'c18': 0.020170317025385368, 'c19': 17.335471094223422, 'c20': 1.4934656169443123, 'c21': 34.562555658532894}. Best is trial 4 with value: 22.004797692623534.[0m
[32m[I 2025-10-19 09:49:30,817][0m Trial 19 finished with value: 21.280565477818357 and parameters: {'c0': 161.71778899893337, 'c1': 77.11785353343154, 'c2': 2.211319471630516, 'c3': 10.162311480483579, 'c4': 23.142795815101724, 'c5': 27.744426868827887, 'c6': 2.4198447833226058, 'c7': 0.25924386280318823, 'c8': 18.774743158217582, 'c9': 7.421581866216343, 'c10': -22.30818615191829, 'c11': 17.79658139173199, 'c12': 4.104164192185504, 'c13': 2.968161862274388, 'c14': 14.57350380075581, 'c15': 32.764027526947125, 'c16': 13.894364890932984, 'c17': 2.314070781815651, 'c18': 0.020564986231928685, 'c19': 23.663738053583874, 'c20': 1.6339378059505805, 'c21': 31.81342907995849}. Best is trial 19 with value: 21.280565477818357.[0m
[32m[I 2025-10-19 09:56:30,580][0m Trial 20 finished with value: 18.98181137860975 and parameters: {'c0': 183.2996534081299, 'c1': 75.55272059400436, 'c2': 2.271555577680199, 'c3': 8.606788222395826, 'c4': 26.67502094794694, 'c5': 29.99566030326467, 'c6': 2.676962295212832, 'c7': 0.21344466439518425, 'c8': 19.11290736640213, 'c9': 6.984472178253354, 'c10': -23.044367532682337, 'c11': 16.470862290061604, 'c12': 3.7800999260723422, 'c13': 3.3773223861999777, 'c14': 14.381589954656533, 'c15': 33.12762893075266, 'c16': 14.934900127299166, 'c17': 2.4523153757577014, 'c18': 0.019698843858282848, 'c19': 23.572850029684062, 'c20': 1.5270640664957882, 'c21': 27.64240476095356}. Best is trial 20 with value: 18.98181137860975.[0m
[32m[I 2025-10-19 10:03:24,986][0m Trial 21 finished with value: 25.61823455078314 and parameters: {'c0': 163.34488998886684, 'c1': 71.58286400572248, 'c2': 2.375291443297025, 'c3': 10.126983619347346, 'c4': 22.556064341390773, 'c5': 30.064635053418613, 'c6': 2.403318189945644, 'c7': 0.2436477715649622, 'c8': 19.158702247781232, 'c9': 6.803899983199951, 'c10': -20.23858009530189, 'c11': 16.30884573721471, 'c12': 3.8681929338776375, 'c13': 2.952835492021852, 'c14': 14.911577762021691, 'c15': 33.006737732568084, 'c16': 12.932601832854715, 'c17': 2.2367208108955623, 'c18': 0.022476486198642818, 'c19': 24.174927876303645, 'c20': 1.497987194284451, 'c21': 31.37043412331438}. Best is trial 20 with value: 18.98181137860975.[0m
[32m[I 2025-10-19 10:09:58,878][0m Trial 22 finished with value: 21.46659111438797 and parameters: {'c0': 166.91519215965218, 'c1': 69.29674718735397, 'c2': 2.705964942702985, 'c3': 6.8966208399133855, 'c4': 29.622812047800746, 'c5': 29.96629098526421, 'c6': 2.6761942005466492, 'c7': 0.25499869123595204, 'c8': 18.471769834790912, 'c9': 7.8622655370175885, 'c10': -21.044849945325975, 'c11': 14.236724312631605, 'c12': 3.845322188311182, 'c13': 3.3449230630387747, 'c14': 15.140319201005989, 'c15': 37.0411860389804, 'c16': 16.63353592954518, 'c17': 2.259575765261583, 'c18': 0.019148175032939353, 'c19': 22.804735463998856, 'c20': 1.6534683218034714, 'c21': 26.300357841259817}. Best is trial 20 with value: 18.98181137860975.[0m
[32m[I 2025-10-19 10:16:32,262][0m Trial 23 finished with value: 21.0989240500668 and parameters: {'c0': 167.14037068861, 'c1': 70.59899962656914, 'c2': 2.439209736570472, 'c3': 6.791169331820788, 'c4': 28.24584990402807, 'c5': 30.434464065442878, 'c6': 2.4705033341216986, 'c7': 0.23645696162186955, 'c8': 16.67052368816092, 'c9': 8.614613410073458, 'c10': -19.914926019514073, 'c11': 13.820147031579717, 'c12': 3.3496517780758124, 'c13': 3.2776072327445247, 'c14': 14.454683531158379, 'c15': 36.23516586116989, 'c16': 17.225965281948135, 'c17': 1.9958242196371219, 'c18': 0.017539640217010082, 'c19': 21.818724254402422, 'c20': 1.6231190007864933, 'c21': 25.108392096196717}. Best is trial 20 with value: 18.98181137860975.[0m
[32m[I 2025-10-19 10:23:15,134][0m Trial 24 finished with value: 44.640339369135326 and parameters: {'c0': 180.30232477549055, 'c1': 72.19656644897663, 'c2': 2.4497919177972554, 'c3': 8.408777021068815, 'c4': 28.594519711979544, 'c5': 26.471247720028792, 'c6': 2.604283276195368, 'c7': 0.20220188003835862, 'c8': 21.23880725343403, 'c9': 6.090116661376415, 'c10': -21.286489241307574, 'c11': 16.847177901865937, 'c12': 3.837544732892668, 'c13': 3.0713403453898143, 'c14': 14.614396417715284, 'c15': 28.690135734929232, 'c16': 16.27628210570991, 'c17': 2.450184199203499, 'c18': 0.021664150789121123, 'c19': 21.261521600615886, 'c20': 1.5914091454855919, 'c21': 25.861238097226764}. Best is trial 20 with value: 18.98181137860975.[0m
[32m[I 2025-10-19 10:23:15,169][0m A new study created in memory with name: no-name-8d1e9ec1-d98f-457e-a3c5-ee0742b636d3[0m
[32m[I 2025-10-19 10:29:41,464][0m Trial 0 finished with value: 27.025580803269598 and parameters: {'c0': 175.1816672661237, 'c1': 84.43729464323415, 'c2': 1.6654926228632865, 'c3': 7.698758738434501, 'c4': 21.64576867557972, 'c5': 23.46913918929769, 'c6': 2.2286965248237305, 'c7': 0.1958505757835167, 'c8': 18.059813625029545, 'c9': 7.129174769008775, 'c10': -24.03823702816326, 'c11': 18.099133590243973, 'c12': 3.1838138588009155, 'c13': 4.058911973359687, 'c14': 10.753853376917688, 'c15': 36.14171530999078, 'c16': 14.275716615609301, 'c17': 2.529133356092512, 'c18': 0.01591790270043284, 'c19': 19.77448422347096, 'c20': 1.772184081350582, 'c21': 34.550973254808866}. Best is trial 0 with value: 27.025580803269598.[0m
[32m[I 2025-10-19 10:38:01,331][0m Trial 1 finished with value: 34.90646218678725 and parameters: {'c0': 165.0463811917105, 'c1': 83.30812033899082, 'c2': 2.727891007846285, 'c3': 10.41950208122361, 'c4': 20.76715924933895, 'c5': 22.616083401922968, 'c6': 2.2052219336130556, 'c7': 0.25652355609023486, 'c8': 15.015570482114036, 'c9': 6.690373992361932, 'c10': -17.412541512998946, 'c11': 16.762419504978258, 'c12': 4.167224001870528, 'c13': 3.044773255167606, 'c14': 15.813156767958692, 'c15': 39.04424423623661, 'c16': 11.0950589508848, 'c17': 2.7797244272949473, 'c18': 0.024838687790251442, 'c19': 26.695170616876027, 'c20': 1.3481162897707022, 'c21': 31.91033140300878}. Best is trial 0 with value: 27.025580803269598.[0m
[32m[I 2025-10-19 10:45:32,402][0m Trial 2 finished with value: 54.657578309984764 and parameters: {'c0': 144.4820636535715, 'c1': 73.4515296737313, 'c2': 2.766938092108415, 'c3': 7.658708709021469, 'c4': 23.65350881817389, 'c5': 24.072542969493192, 'c6': 1.9902424441834083, 'c7': 0.23381803286044672, 'c8': 16.17117341225353, 'c9': 6.110467533834583, 'c10': -23.148013713046232, 'c11': 12.5444563348867, 'c12': 3.929636829852728, 'c13': 2.740519896784187, 'c14': 15.06709240477382, 'c15': 36.659615474393256, 'c16': 11.765011243942466, 'c17': 2.339824921919119, 'c18': 0.02174275059118669, 'c19': 22.49308806893397, 'c20': 1.1602563954069733, 'c21': 28.17200785420235}. Best is trial 0 with value: 27.025580803269598.[0m
[32m[I 2025-10-19 10:51:49,024][0m Trial 3 finished with value: 77.76834204914209 and parameters: {'c0': 199.32417479193722, 'c1': 76.15312328433916, 'c2': 2.81058370319079, 'c3': 9.004398136217855, 'c4': 32.41838636126369, 'c5': 24.191753022920505, 'c6': 2.161566824312393, 'c7': 0.24846340974707107, 'c8': 18.06909019962314, 'c9': 5.7369660212845615, 'c10': -17.786212916391086, 'c11': 15.13256647912729, 'c12': 4.286129027858005, 'c13': 3.784703423700392, 'c14': 17.323818105090513, 'c15': 35.31431373882264, 'c16': 16.935223237094668, 'c17': 2.254541340598742, 'c18': 0.017279885270124612, 'c19': 28.55373141856157, 'c20': 1.4684552321465463, 'c21': 34.50049321178974}. Best is trial 0 with value: 27.025580803269598.[0m
[32m[I 2025-10-19 11:15:41,559][0m Trial 4 finished with value: 13359.850340676734 and parameters: {'c0': 199.28962532252797, 'c1': 80.46009435340957, 'c2': 1.8044723445872748, 'c3': 10.67161754235127, 'c4': 25.96190355981347, 'c5': 31.250651496564384, 'c6': 2.545709810274779, 'c7': 0.1834861536906459, 'c8': 23.2278551053655, 'c9': 7.259137548247832, 'c10': -29.158828866756465, 'c11': 17.500687445633098, 'c12': 3.430345175207666, 'c13': 3.426096970422063, 'c14': 17.344051901080558, 'c15': 30.603973415214075, 'c16': 18.19143307166219, 'c17': 2.6137790433121877, 'c18': 0.014608229564333134, 'c19': 28.97585682035236, 'c20': 1.6826534274726304, 'c21': 34.979733198857005}. Best is trial 0 with value: 27.025580803269598.[0m
[32m[I 2025-10-19 11:21:35,242][0m Trial 5 finished with value: 19.102517204807924 and parameters: {'c0': 146.4903013167361, 'c1': 81.05640518580402, 'c2': 1.7927518233408724, 'c3': 7.1157284842775805, 'c4': 26.35196838938516, 'c5': 29.22856929174546, 'c6': 2.097621382042926, 'c7': 0.1851788768248986, 'c8': 18.954993064275907, 'c9': 8.02668093772461, 'c10': -21.321460755594043, 'c11': 19.942897263010945, 'c12': 3.477400447522913, 'c13': 3.0715611225518407, 'c14': 12.559387206635824, 'c15': 36.521610531841105, 'c16': 12.199025240800548, 'c17': 1.9527733029042418, 'c18': 0.01681561620583405, 'c19': 20.000004930514677, 'c20': 1.841408428531715, 'c21': 34.97883742001723}. Best is trial 5 with value: 19.102517204807924.[0m
[32m[I 2025-10-19 11:28:05,339][0m Trial 6 finished with value: 17.97912291336225 and parameters: {'c0': 146.247118483333, 'c1': 69.60402625941792, 'c2': 1.785646741654146, 'c3': 6.748607791008654, 'c4': 26.948223062385587, 'c5': 34.87236631676113, 'c6': 1.974177602726737, 'c7': 0.19056340672057553, 'c8': 21.679712975239184, 'c9': 8.220546472488426, 'c10': -18.148869662493045, 'c11': 19.754468066199554, 'c12': 3.877250194075083, 'c13': 3.3407050557831877, 'c14': 13.87794187924655, 'c15': 41.36019945124937, 'c16': 12.683432071831433, 'c17': 1.9594550457752025, 'c18': 0.015557607068960843, 'c19': 22.58015542023835, 'c20': 1.6505170289210738, 'c21': 29.58437442415029}. Best is trial 6 with value: 17.97912291336225.[0m
[32m[I 2025-10-19 11:35:00,891][0m Trial 7 finished with value: 31.702888066691415 and parameters: {'c0': 160.16492365929474, 'c1': 82.18721500407702, 'c2': 2.0946287291866748, 'c3': 7.8931450000350765, 'c4': 28.211556700686238, 'c5': 35.93731791927724, 'c6': 2.3835101797598646, 'c7': 0.17973713417756354, 'c8': 23.630183444804295, 'c9': 8.603847221780892, 'c10': -18.926929397923235, 'c11': 17.70972064494104, 'c12': 3.9670872337748166, 'c13': 3.8456013360925816, 'c14': 14.06043659495174, 'c15': 39.45687679380567, 'c16': 12.965360931838372, 'c17': 1.8370781403247665, 'c18': 0.01639844134282794, 'c19': 29.501825728102673, 'c20': 1.410371397105247, 'c21': 28.89186705667028}. Best is trial 6 with value: 17.97912291336225.[0m
[32m[I 2025-10-19 11:41:07,814][0m Trial 8 finished with value: 33.520802035851574 and parameters: {'c0': 143.64238646964517, 'c1': 71.4046013608891, 'c2': 1.75069200564099, 'c3': 9.528265562566853, 'c4': 23.898897240240725, 'c5': 29.12307898667818, 'c6': 2.1910164064925888, 'c7': 0.19270547437188326, 'c8': 22.029065341798432, 'c9': 7.9049144480224305, 'c10': -17.443278016241027, 'c11': 19.986759469083506, 'c12': 3.8195602359923675, 'c13': 4.114468011736801, 'c14': 14.758977812407185, 'c15': 41.240765737714014, 'c16': 13.654580905363071, 'c17': 2.620187605773828, 'c18': 0.017072978754354658, 'c19': 24.483037301588254, 'c20': 1.5783956064316929, 'c21': 24.18911509867122}. Best is trial 6 with value: 17.97912291336225.[0m
[32m[I 2025-10-19 11:47:53,352][0m Trial 9 finished with value: 63.723471391320075 and parameters: {'c0': 142.78515889987816, 'c1': 78.0670797315534, 'c2': 1.7023015630316916, 'c3': 6.516013946636542, 'c4': 32.09024066634732, 'c5': 32.90233071173116, 'c6': 2.204087765105405, 'c7': 0.2101497817140138, 'c8': 19.475083817203778, 'c9': 8.385555455571211, 'c10': -19.864593808706445, 'c11': 17.80947388213027, 'c12': 4.652492223410452, 'c13': 3.8725379221511425, 'c14': 17.09774399856201, 'c15': 40.711408251023215, 'c16': 13.036877605247678, 'c17': 1.984661725601811, 'c18': 0.01675621052891621, 'c19': 21.404063428129, 'c20': 1.4793027432199592, 'c21': 24.62815160328263}. Best is trial 6 with value: 17.97912291336225.[0m
[32m[I 2025-10-19 11:53:17,417][0m Trial 10 finished with value: 38.6610049636099 and parameters: {'c0': 141.5987871809419, 'c1': 74.37502501316541, 'c2': 1.6761133943978586, 'c3': 7.979527230233917, 'c4': 28.087441464388696, 'c5': 33.5397906799191, 'c6': 2.1091624813961634, 'c7': 0.24399622894041906, 'c8': 22.863954493906814, 'c9': 8.221718964794679, 'c10': -17.963384730103723, 'c11': 19.216959460928983, 'c12': 2.959917423305522, 'c13': 3.0611377579559558, 'c14': 14.440121476275813, 'c15': 40.98536588162942, 'c16': 15.681024064747648, 'c17': 2.339471426645896, 'c18': 0.01772514284705359, 'c19': 24.762149084623793, 'c20': 1.6742808522491777, 'c21': 31.187379142601714}. Best is trial 6 with value: 17.97912291336225.[0m
[32m[I 2025-10-19 11:59:16,042][0m Trial 11 finished with value: 23.1147955063582 and parameters: {'c0': 159.2429470989622, 'c1': 90.09009841121053, 'c2': 1.7235945682352278, 'c3': 6.637162694216364, 'c4': 31.312509010943867, 'c5': 29.986919135667545, 'c6': 2.031878386245986, 'c7': 0.17827181837631662, 'c8': 17.07556886328536, 'c9': 7.9978323718832085, 'c10': -20.09632491102228, 'c11': 18.625848793656242, 'c12': 3.262951946809575, 'c13': 3.2827716672105733, 'c14': 12.833544413878249, 'c15': 32.425454074693405, 'c16': 12.17411209278284, 'c17': 2.209992802862691, 'c18': 0.015813003633717772, 'c19': 19.943203200349398, 'c20': 1.8233119617880578, 'c21': 33.599891888551106}. Best is trial 6 with value: 17.97912291336225.[0m
[32m[I 2025-10-19 12:05:25,988][0m Trial 12 finished with value: 21.96305760456242 and parameters: {'c0': 158.14125286417914, 'c1': 62.19539010469074, 'c2': 2.028681236207635, 'c3': 7.596560654185103, 'c4': 24.935206921956333, 'c5': 37.375408770970395, 'c6': 2.0869909880404816, 'c7': 0.1645947559659034, 'c8': 21.420725589744634, 'c9': 8.036255199263554, 'c10': -17.40663200598952, 'c11': 18.589048141725772, 'c12': 4.33629285815835, 'c13': 2.652550648434351, 'c14': 11.381921803811766, 'c15': 38.771784854393495, 'c16': 11.937546506231214, 'c17': 2.0603111811273553, 'c18': 0.016253094601061415, 'c19': 21.149995987234178, 'c20': 1.8171493110471337, 'c21': 30.617407734040437}. Best is trial 6 with value: 17.97912291336225.[0m
[32m[I 2025-10-19 12:11:08,957][0m Trial 13 finished with value: 21.84967688569093 and parameters: {'c0': 136.5934465528953, 'c1': 68.16566774048101, 'c2': 2.1629162979449617, 'c3': 6.571178638339253, 'c4': 21.999106541399115, 'c5': 32.78092530728639, 'c6': 2.0313772594505464, 'c7': 0.1904958976623478, 'c8': 17.257405499472277, 'c9': 8.219097527584477, 'c10': -23.730847487639345, 'c11': 15.838702261516756, 'c12': 3.2332814593763124, 'c13': 3.0099884026603947, 'c14': 12.044950519405592, 'c15': 38.21154039219438, 'c16': 14.176734371906019, 'c17': 1.933821867308618, 'c18': 0.014679990260430058, 'c19': 22.413933136118427, 'c20': 1.8112627074575116, 'c21': 32.73401478726359}. Best is trial 6 with value: 17.97912291336225.[0m
[32m[I 2025-10-19 12:16:53,991][0m Trial 14 finished with value: 24.843317546494305 and parameters: {'c0': 142.4918806139022, 'c1': 82.62150059002359, 'c2': 2.311493136449866, 'c3': 6.314107477889671, 'c4': 26.054076958051336, 'c5': 29.470316161345234, 'c6': 2.1107437932051245, 'c7': 0.23259038286949738, 'c8': 19.473388717295837, 'c9': 8.057703686456339, 'c10': -22.734562841332874, 'c11': 20.75158337273375, 'c12': 3.9026859936319402, 'c13': 3.3539683822339312, 'c14': 13.857023252570084, 'c15': 37.7722393650004, 'c16': 12.134252126997815, 'c17': 2.7818046167739565, 'c18': 0.019789914242688573, 'c19': 21.32896445600775, 'c20': 1.9240733965885903, 'c21': 31.84444346037228}. Best is trial 6 with value: 17.97912291336225.[0m
