[32m[I 2025-10-19 22:48:30,187][0m Trial 2 finished with value: 43.2839395927596 and parameters: {'c0': 136.43204265402446, 'c1': 91.68357418027736, 'c2': 2.554398245580604, 'c3': 7.739262442392553, 'c4': 16.406954525727414, 'c5': 28.121899763746576, 'c6': 2.0744991842411826, 'c7': 0.18471581913481858, 'c8': 20.289353107212133, 'c9': 9.79448728185291, 'c10': -27.962227433324074, 'c11': 15.860507253889445, 'c12': 3.808337535990086, 'c13': 4.448951787315599, 'c14': 12.298771548983312, 'c15': 32.701777185161966, 'c16': 10.541732718543678, 'c17': 2.044054246345931, 'c18': 0.015626839480869306, 'c19': 20.90330349516198, 'c20': 1.7216372436964766, 'c21': 46.03234257589057}. Best is trial 1 with value: 14.755497465156967.[0m
[32m[I 2025-10-19 22:54:31,707][0m Trial 3 finished with value: 68.73164920759301 and parameters: {'c0': 187.82402305593365, 'c1': 95.03489471037733, 'c2': 2.594492084088177, 'c3': 9.089921069088932, 'c4': 22.44539345781616, 'c5': 28.26012052874497, 'c6': 2.2516348687680217, 'c7': 0.19622208164264116, 'c8': 22.653687428467737, 'c9': 9.199912972670036, 'c10': -21.524088012553932, 'c11': 19.106975266435175, 'c12': 4.151826219565977, 'c13': 6.131529001653582, 'c14': 14.130284065400128, 'c15': 31.50824298939468, 'c16': 15.139052885462565, 'c17': 1.970020642028418, 'c18': 0.01243680011342024, 'c19': 26.500095511775882, 'c20': 2.1753423004608874, 'c21': 56.311893374565415}. Best is trial 1 with value: 14.755497465156967.[0m
Terminated
