[32m[I 2025-10-17 06:27:26,701][0m Trial 9 finished with value: 181.86797642702277 and parameters: {'c0': 43.74737218577857, 'c1': 132.13600333764506, 'c2': 23.746222037543546, 'c3': 5.428053329583364, 'c4': 80.7372262834389, 'c5': 31.616468437986818, 'c6': 2.112984713468978, 'c7': 0.9465306311446002, 'c8': 19.603572750078868, 'c9': 5.0603139205622, 'c10': -7.688835765422609, 'c11': 8.528309671460828, 'c12': 3.7053219908835366, 'c13': 2.9085243101662988, 'c14': 3.936154077448001, 'c15': 10.863694565373592, 'c16': 8.083579291344524, 'c17': 1.0796081838767801, 'c18': 0.2361429089101224, 'c19': 5.865897107552149, 'c20': 1.027306517817721, 'c21': 4.533953007050256}. Best is trial 4 with value: 43.10179673921583.[0m
[32m[I 2025-10-17 06:34:03,160][0m Trial 10 finished with value: 78.94663964325383 and parameters: {'c0': 32.40355190816375, 'c1': 92.00403799404461, 'c2': 14.175538646161767, 'c3': 6.265414372180036, 'c4': 57.66813320528719, 'c5': 37.09177188492439, 'c6': 2.388538643628812, 'c7': 1.1836236088447238, 'c8': 22.397995209592057, 'c9': 6.163761186268019, 'c10': -10.78993578313095, 'c11': 6.9412343996583115, 'c12': 4.718010036038523, 'c13': 1.9451563721979768, 'c14': 4.927173319138566, 'c15': 15.113172990263802, 'c16': 7.289792290079263, 'c17': 1.1393129777019078, 'c18': 0.3243132128509394, 'c19': 5.459649570864187, 'c20': 0.7519125371799964, 'c21': 8.161096929945892}. Best is trial 4 with value: 43.10179673921583.[0m
[32m[I 2025-10-17 06:40:09,530][0m Trial 11 finished with value: 55.42113026050339 and parameters: {'c0': 42.74525604168423, 'c1': 82.37336067035487, 'c2': 21.850649700613403, 'c3': 5.611457174974645, 'c4': 45.915672096843885, 'c5': 27.55645436676784, 'c6': 2.5278245367327656, 'c7': 1.207626019903354, 'c8': 12.584408182404248, 'c9': 6.385064470515249, 'c10': -11.343915702993549, 'c11': 8.762927813313851, 'c12': 4.231673804722814, 'c13': 2.717403407898452, 'c14': 5.191795679967207, 'c15': 15.373526055562127, 'c16': 9.08288314009447, 'c17': 1.1347932222308321, 'c18': 0.391988008180146, 'c19': 5.606863157670658, 'c20': 0.9885515476675744, 'c21': 7.356100785250363}. Best is trial 4 with value: 43.10179673921583.[0m
[32m[I 2025-10-17 06:47:21,246][0m Trial 12 finished with value: 98.28788434704812 and parameters: {'c0': 50.125017682921, 'c1': 91.3937136563757, 'c2': 20.482067599444214, 'c3': 5.077727831269897, 'c4': 59.17811355323048, 'c5': 27.384380657699936, 'c6': 2.129448318829478, 'c7': 0.8447707911963873, 'c8': 19.808238970641565, 'c9': 4.690371389968403, 'c10': -7.372138285917406, 'c11': 7.501478784066666, 'c12': 3.2129199996583186, 'c13': 2.145612365132635, 'c14': 4.466885835962462, 'c15': 16.89759947892781, 'c16': 13.029856908378123, 'c17': 1.3503147123561523, 'c18': 0.3733117719739778, 'c19': 3.907716719471437, 'c20': 0.7180831897060761, 'c21': 8.004128337639758}. Best is trial 4 with value: 43.10179673921583.[0m
[32m[I 2025-10-17 06:52:06,802][0m Trial 13 finished with value: 128.44707872472523 and parameters: {'c0': 41.45421791535668, 'c1': 122.5832631898205, 'c2': 19.333600071965705, 'c3': 6.012560347003262, 'c4': 64.71066083453978, 'c5': 33.98817955532779, 'c6': 2.369657822941627, 'c7': 0.9342904916154753, 'c8': 16.562772667331203, 'c9': 3.5677184587927027, 'c10': -11.33497843491535, 'c11': 4.952116360460834, 'c12': 5.180080643306329, 'c13': 1.7971328773492858, 'c14': 5.934821365962411, 'c15': 17.59259756845686, 'c16': 11.757728515667932, 'c17': 1.1230051779895622, 'c18': 0.26597429514174475, 'c19': 4.475938032602362, 'c20': 0.7680138387132953, 'c21': 5.401708536781256}. Best is trial 4 with value: 43.10179673921583.[0m
[32m[I 2025-10-17 06:57:17,309][0m Trial 14 finished with value: 53.959200094395634 and parameters: {'c0': 47.02655824084309, 'c1': 90.13770050569, 'c2': 15.288282034017293, 'c3': 6.092672331719761, 'c4': 52.36748279423035, 'c5': 36.55147442131149, 'c6': 2.1866170068157293, 'c7': 0.8054956494790159, 'c8': 21.862505777774572, 'c9': 5.088302144236039, 'c10': -13.270404775956894, 'c11': 7.652317617728828, 'c12': 3.694744671742649, 'c13': 1.993931718905774, 'c14': 6.0201849793008, 'c15': 12.569917165393624, 'c16': 13.398560970101736, 'c17': 1.0967359110567136, 'c18': 0.2455913169573795, 'c19': 5.8054095740457115, 'c20': 1.0299124495726688, 'c21': 7.147540013619946}. Best is trial 4 with value: 43.10179673921583.[0m
[32m[I 2025-10-17 07:03:14,077][0m Trial 15 finished with value: 46.23885752001686 and parameters: {'c0': 46.629104412828895, 'c1': 105.03377915405535, 'c2': 17.703606589893475, 'c3': 6.221478548458597, 'c4': 63.57269455230802, 'c5': 34.97662156816285, 'c6': 2.371568716070193, 'c7': 0.8098614954294363, 'c8': 22.438283538135178, 'c9': 5.895157653514002, 'c10': -13.278520823755885, 'c11': 6.866103379049695, 'c12': 4.152681184488352, 'c13': 2.4334793520172187, 'c14': 6.37126214972101, 'c15': 14.790039360974609, 'c16': 12.55270695757112, 'c17': 1.176870153711782, 'c18': 0.243397019506765, 'c19': 5.224443204289703, 'c20': 0.9446275169942417, 'c21': 8.490431702912412}. Best is trial 4 with value: 43.10179673921583.[0m
[32m[I 2025-10-17 07:12:33,547][0m Trial 16 finished with value: 148.94978887436608 and parameters: {'c0': 48.27387209076364, 'c1': 103.25169094533041, 'c2': 16.987293112655944, 'c3': 6.51712148625519, 'c4': 64.87019758305334, 'c5': 33.140505409490885, 'c6': 1.8927466613785844, 'c7': 0.9766236522728777, 'c8': 23.571932398990135, 'c9': 5.5479899717183185, 'c10': -11.944463545856083, 'c11': 5.804135946649849, 'c12': 4.824821000296273, 'c13': 2.256168114600263, 'c14': 6.425589032997601, 'c15': 17.538722284364642, 'c16': 12.729034133813457, 'c17': 1.0665184298774328, 'c18': 0.2538622950307447, 'c19': 4.967929465023715, 'c20': 0.700123992006587, 'c21': 8.328075767473395}. Best is trial 4 with value: 43.10179673921583.[0m
[32m[I 2025-10-17 07:18:19,622][0m Trial 17 finished with value: 50.042019592880955 and parameters: {'c0': 38.086547539807945, 'c1': 107.2994983256001, 'c2': 13.802598975910266, 'c3': 6.4048209793772815, 'c4': 68.02488753219193, 'c5': 30.997435273491526, 'c6': 2.665601274206076, 'c7': 0.7665196793018023, 'c8': 20.705980332533823, 'c9': 6.039821545100099, 'c10': -13.068480079111202, 'c11': 6.318811580837397, 'c12': 4.001353640088737, 'c13': 2.261785009061324, 'c14': 5.991817574598681, 'c15': 15.062264838752377, 'c16': 11.927976972960497, 'c17': 1.1165497677250102, 'c18': 0.29358268548395716, 'c19': 4.327635147142547, 'c20': 1.0234036956323294, 'c21': 8.424753706504285}. Best is trial 4 with value: 43.10179673921583.[0m
[32m[I 2025-10-17 07:23:06,849][0m Trial 18 finished with value: 120.4886027384544 and parameters: {'c0': 41.245747164237045, 'c1': 114.4204372018464, 'c2': 13.317782054451756, 'c3': 5.935013068850419, 'c4': 64.891764507251, 'c5': 30.934417920171526, 'c6': 1.7308198559806636, 'c7': 0.9053764670387655, 'c8': 21.23879740260873, 'c9': 4.41800194067934, 'c10': -12.477881345955184, 'c11': 5.526719567117869, 'c12': 3.8747751860605737, 'c13': 1.9116530100893574, 'c14': 6.229104358599424, 'c15': 11.16105332981158, 'c16': 10.693315038089803, 'c17': 1.2330300544796573, 'c18': 0.2734376268851041, 'c19': 5.226736736276548, 'c20': 0.7946148053906562, 'c21': 8.358936832932967}. Best is trial 4 with value: 43.10179673921583.[0m
[32m[I 2025-10-17 07:28:24,875][0m Trial 19 finished with value: 68.13169351243576 and parameters: {'c0': 37.5537223432221, 'c1': 113.27051285436256, 'c2': 12.735939681588494, 'c3': 6.481938778594623, 'c4': 65.09279150495793, 'c5': 30.81531089811544, 'c6': 1.9251348509696944, 'c7': 1.0242487441286707, 'c8': 23.329551673280672, 'c9': 5.520697048507726, 'c10': -11.532721675005185, 'c11': 7.563414613315322, 'c12': 2.8382086488107845, 'c13': 2.0896941257631583, 'c14': 5.940449318045266, 'c15': 15.599546525892483, 'c16': 13.375559217650405, 'c17': 1.230739143717789, 'c18': 0.2755696502631444, 'c19': 5.6762694838769985, 'c20': 0.9711612556075864, 'c21': 8.22504131155256}. Best is trial 4 with value: 43.10179673921583.[0m
[32m[I 2025-10-17 07:33:01,083][0m Trial 20 finished with value: 169.10218844123133 and parameters: {'c0': 52.50034830322715, 'c1': 120.012125274711, 'c2': 18.42516909312606, 'c3': 5.8153740855402365, 'c4': 76.61554753694072, 'c5': 28.729377231551716, 'c6': 2.350228650914503, 'c7': 0.7742661534473883, 'c8': 22.85039867915356, 'c9': 5.252341653110923, 'c10': -11.82663595997381, 'c11': 6.211265641611056, 'c12': 3.018981360409844, 'c13': 2.4702350545408422, 'c14': 6.230071106176334, 'c15': 11.8640025857371, 'c16': 12.027564036286904, 'c17': 1.2677368777601754, 'c18': 0.26806243137072777, 'c19': 5.1865582829626184, 'c20': 1.0565346455437803, 'c21': 8.210451063696494}. Best is trial 4 with value: 43.10179673921583.[0m
[32m[I 2025-10-17 07:38:26,269][0m Trial 21 finished with value: 48.60875272439104 and parameters: {'c0': 33.948715011974265, 'c1': 116.21577771568444, 'c2': 13.01317057830003, 'c3': 6.588218368085852, 'c4': 60.51269453002026, 'c5': 36.598139471056854, 'c6': 2.5570091664508374, 'c7': 0.8188540877366112, 'c8': 20.471576052149594, 'c9': 5.568942343673022, 'c10': -13.32637474749459, 'c11': 6.917339098736523, 'c12': 4.082969203153709, 'c13': 2.468763724136053, 'c14': 5.573346302341948, 'c15': 17.202869933689307, 'c16': 11.589012945890998, 'c17': 0.9404192005038705, 'c18': 0.3241558413812511, 'c19': 4.544547696245212, 'c20': 1.0822973062135972, 'c21': 8.05907026827621}. Best is trial 4 with value: 43.10179673921583.[0m
[32m[I 2025-10-17 07:44:03,978][0m Trial 22 finished with value: 49.323217437340304 and parameters: {'c0': 33.88734840226845, 'c1': 110.65890101005623, 'c2': 14.003537456310292, 'c3': 5.540856600697539, 'c4': 48.37115957132589, 'c5': 35.45933142129549, 'c6': 2.4243413304930455, 'c7': 0.7218929598643733, 'c8': 20.221142298362345, 'c9': 5.183136491247044, 'c10': -11.842153107069851, 'c11': 6.789558843295566, 'c12': 4.293730375676784, 'c13': 2.376235331368949, 'c14': 5.025284928038987, 'c15': 16.43937389070541, 'c16': 10.200337745919738, 'c17': 0.7815717803769806, 'c18': 0.3532227091530006, 'c19': 4.66512092678959, 'c20': 1.0634922294534597, 'c21': 7.264350864150192}. Best is trial 4 with value: 43.10179673921583.[0m
[32m[I 2025-10-17 07:49:46,683][0m Trial 23 finished with value: 58.55639633856986 and parameters: {'c0': 40.98203411317887, 'c1': 110.67462744042048, 'c2': 19.599242947501654, 'c3': 5.7308751311767345, 'c4': 60.6390236623064, 'c5': 34.627911991311365, 'c6': 2.350696500052582, 'c7': 0.9430306845305682, 'c8': 21.96881704142354, 'c9': 5.960081328413102, 'c10': -11.385921913437677, 'c11': 6.0313606232610795, 'c12': 4.647357581241219, 'c13': 2.620424792543002, 'c14': 6.101373241639631, 'c15': 11.773726589768117, 'c16': 10.404772159920883, 'c17': 1.2953928427764756, 'c18': 0.3184513483576062, 'c19': 5.102312812591353, 'c20': 0.8874784351603885, 'c21': 8.070438579190952}. Best is trial 4 with value: 43.10179673921583.[0m
[32m[I 2025-10-17 07:55:08,407][0m Trial 24 finished with value: 58.44458620261422 and parameters: {'c0': 35.329332401321906, 'c1': 131.69595452980198, 'c2': 14.900349990794814, 'c3': 6.752079352593281, 'c4': 51.52946386820686, 'c5': 35.31827229894374, 'c6': 2.5190232568343074, 'c7': 0.935214749270672, 'c8': 21.11805086707147, 'c9': 5.851986880104545, 'c10': -10.978799722371859, 'c11': 8.539415519269099, 'c12': 3.9444630119050337, 'c13': 2.795009594627222, 'c14': 5.7676202980648394, 'c15': 16.443090130242403, 'c16': 13.389669101962605, 'c17': 0.9365946799028911, 'c18': 0.3377276630462551, 'c19': 5.7136984930080015, 'c20': 1.11974396621052, 'c21': 7.898221316801068}. Best is trial 4 with value: 43.10179673921583.[0m
[32m[I 2025-10-17 08:02:11,112][0m Trial 25 finished with value: 101.19529214277692 and parameters: {'c0': 51.59750515318022, 'c1': 113.16369403212545, 'c2': 18.11983664817992, 'c3': 5.175730074926773, 'c4': 54.51995074878118, 'c5': 34.36932237912761, 'c6': 2.3624337596380216, 'c7': 0.7846257535196598, 'c8': 23.005357702777946, 'c9': 5.711822243433031, 'c10': -12.37320509120775, 'c11': 6.562200939024172, 'c12': 3.5977009412257717, 'c13': 2.5871814103640594, 'c14': 6.254041377866676, 'c15': 15.506219644955483, 'c16': 13.0585182658872, 'c17': 1.3495366667803466, 'c18': 0.27274846614269654, 'c19': 5.470900538796612, 'c20': 0.7419951811328382, 'c21': 8.217375350925344}. Best is trial 4 with value: 43.10179673921583.[0m
[32m[I 2025-10-17 08:08:05,200][0m Trial 26 finished with value: 45.45868069357296 and parameters: {'c0': 49.817439396037294, 'c1': 89.21797234010795, 'c2': 20.323443334723095, 'c3': 6.459465684955497, 'c4': 52.396587930410945, 'c5': 33.87901862962988, 'c6': 2.424005506974754, 'c7': 0.7857318152454417, 'c8': 21.084786716711903, 'c9': 5.22581881207784, 'c10': -11.384348078853604, 'c11': 6.486849318979285, 'c12': 4.408937630572305, 'c13': 2.7593069615352666, 'c14': 6.265803610330034, 'c15': 15.591121223833314, 'c16': 11.82407086719651, 'c17': 1.0667447700083006, 'c18': 0.24163320722669498, 'c19': 5.120229117161132, 'c20': 1.003734280420196, 'c21': 7.372540633255056}. Best is trial 4 with value: 43.10179673921583.[0m
[32m[I 2025-10-17 08:14:26,180][0m Trial 27 finished with value: 55.72093939171859 and parameters: {'c0': 49.933524005379375, 'c1': 89.80675554690274, 'c2': 20.147457538561646, 'c3': 6.847553088640557, 'c4': 49.40131018800643, 'c5': 34.617632620893545, 'c6': 2.3755373812494094, 'c7': 0.8299419678401834, 'c8': 18.761590531605076, 'c9': 5.212049381578914, 'c10': -11.619801346093729, 'c11': 6.256992824538382, 'c12': 5.145656137245022, 'c13': 2.79712839740088, 'c14': 6.295921078337148, 'c15': 15.420008067323412, 'c16': 11.711269210042731, 'c17': 1.1864869652196017, 'c18': 0.24492427452699242, 'c19': 4.592468756746425, 'c20': 0.9923216118549059, 'c21': 7.39342945148612}. Best is trial 4 with value: 43.10179673921583.[0m
[32m[I 2025-10-17 08:21:28,055][0m Trial 28 finished with value: 63.74752649241231 and parameters: {'c0': 46.980549003804725, 'c1': 117.82796082005885, 'c2': 14.56436083010235, 'c3': 6.084611527249768, 'c4': 64.4352526807153, 'c5': 29.311224293501645, 'c6': 2.1402752932224667, 'c7': 0.92290820663894, 'c8': 20.740672271018077, 'c9': 5.724398492064978, 'c10': -13.237121733152199, 'c11': 7.570656231717972, 'c12': 3.2850112607903115, 'c13': 2.3554964014950044, 'c14': 6.296135569106076, 'c15': 11.453581853148862, 'c16': 13.337550482030492, 'c17': 1.2190004124728078, 'c18': 0.24102153945508453, 'c19': 5.274485088731551, 'c20': 0.6922152788561298, 'c21': 7.723618625012229}. Best is trial 4 with value: 43.10179673921583.[0m
[32m[I 2025-10-17 08:27:47,373][0m Trial 29 finished with value: 63.27571479818004 and parameters: {'c0': 45.99248502625134, 'c1': 127.82902412369077, 'c2': 15.012296835043102, 'c3': 6.2557105268014075, 'c4': 57.59660293695378, 'c5': 30.217174256281382, 'c6': 2.6221283907372164, 'c7': 0.6837358444315742, 'c8': 23.982315830789346, 'c9': 5.672217039684733, 'c10': -13.780821869091714, 'c11': 7.074144797810139, 'c12': 4.26931159648432, 'c13': 2.2918898006194857, 'c14': 6.196964920799255, 'c15': 14.43021112173509, 'c16': 13.483040436427459, 'c17': 0.9974065135981091, 'c18': 0.24477447809959715, 'c19': 5.52202524765808, 'c20': 0.9061113203995056, 'c21': 7.896280328000941}. Best is trial 4 with value: 43.10179673921583.[0m
[32m[I 2025-10-17 08:33:16,500][0m Trial 30 finished with value: 52.72131950997243 and parameters: {'c0': 50.57808463843664, 'c1': 86.9195684514785, 'c2': 20.77100620539102, 'c3': 6.6637079523093865, 'c4': 58.79119421846832, 'c5': 30.825694619361823, 'c6': 2.524737284209928, 'c7': 0.8350023613661977, 'c8': 22.59372927700406, 'c9': 6.27382878402947, 'c10': -9.720931332055086, 'c11': 7.608143378748227, 'c12': 3.5848766544313353, 'c13': 2.699515399227038, 'c14': 6.468522588326715, 'c15': 15.16747533795849, 'c16': 11.21776114487161, 'c17': 0.9660743810154314, 'c18': 0.3130587954355699, 'c19': 4.9305883517171205, 'c20': 1.0881322413566619, 'c21': 8.468064134398622}. Best is trial 4 with value: 43.10179673921583.[0m
[32m[I 2025-10-17 08:38:24,488][0m Trial 31 finished with value: 64.26278640490877 and parameters: {'c0': 49.99290863147627, 'c1': 85.35130781465169, 'c2': 22.584732018030138, 'c3': 6.3115850367823745, 'c4': 59.57344896677799, 'c5': 34.20756057032897, 'c6': 2.473256689255253, 'c7': 0.70918085859462, 'c8': 22.95059952395136, 'c9': 4.802841535288356, 'c10': -10.658393038264848, 'c11': 4.908297575227482, 'c12': 3.3779769887466133, 'c13': 2.2429561051608324, 'c14': 5.444404864753804, 'c15': 14.420394397310275, 'c16': 11.981133142252553, 'c17': 1.0642170162770495, 'c18': 0.24921164326803685, 'c19': 4.791475588547662, 'c20': 1.0159279482972132, 'c21': 7.370543755717478}. Best is trial 4 with value: 43.10179673921583.[0m
[32m[I 2025-10-17 08:43:54,925][0m Trial 32 finished with value: 50.85065055648293 and parameters: {'c0': 48.32222736491071, 'c1': 82.21901565826464, 'c2': 21.088582483562885, 'c3': 6.1212755855911505, 'c4': 55.69893908042896, 'c5': 34.468776033154036, 'c6': 2.738629568010593, 'c7': 0.8153461693631688, 'c8': 23.837332629845353, 'c9': 5.446176440752935, 'c10': -13.152670598265487, 'c11': 7.103337020416588, 'c12': 4.097413383107551, 'c13': 2.791073880294004, 'c14': 6.215555892877352, 'c15': 13.208564197924277, 'c16': 12.636444999285775, 'c17': 0.8350436094525376, 'c18': 0.23398920223760988, 'c19': 5.425628835407067, 'c20': 0.9464099721892616, 'c21': 6.823092327810256}. Best is trial 4 with value: 43.10179673921583.[0m
[32m[I 2025-10-17 08:49:26,383][0m Trial 33 finished with value: 60.996668852871586 and parameters: {'c0': 39.76020871071846, 'c1': 109.7410014353044, 'c2': 13.218116560918803, 'c3': 6.8858713011258965, 'c4': 56.95736274834494, 'c5': 37.94012114820507, 'c6': 2.493013451127664, 'c7': 0.9119330290338732, 'c8': 21.914797367638663, 'c9': 5.083569690844419, 'c10': -12.737238471871162, 'c11': 8.09166593095253, 'c12': 4.614973191971576, 'c13': 2.7385195777626077, 'c14': 6.40006129164896, 'c15': 16.28142456871443, 'c16': 9.991572482244283, 'c17': 0.8143184836760031, 'c18': 0.3031258257520867, 'c19': 4.350267848006, 'c20': 1.0286129972912106, 'c21': 7.215326814822847}. Best is trial 4 with value: 43.10179673921583.[0m
[32m[I 2025-10-17 08:55:06,744][0m Trial 34 finished with value: 50.24472654121125 and parameters: {'c0': 28.45015538336913, 'c1': 125.67906361475023, 'c2': 13.510918939715971, 'c3': 6.499297214663084, 'c4': 49.72286023737586, 'c5': 37.8460978147766, 'c6': 2.0410285186652817, 'c7': 0.9089076657562372, 'c8': 20.146709903131438, 'c9': 5.463718169904507, 'c10': -13.54253579980345, 'c11': 7.132862112284803, 'c12': 3.4917508898768403, 'c13': 2.4094414441208043, 'c14': 5.269542679862228, 'c15': 16.204655347023085, 'c16': 10.165113552082305, 'c17': 1.1606840507223715, 'c18': 0.3483846451021593, 'c19': 4.261688885836322, 'c20': 1.0906498762764807, 'c21': 7.704280890742686}. Best is trial 4 with value: 43.10179673921583.[0m
[32m[I 2025-10-17 09:01:17,773][0m Trial 35 finished with value: 51.5767440194418 and parameters: {'c0': 39.67929914132096, 'c1': 95.15929507992158, 'c2': 22.023781014253508, 'c3': 6.4898481739553295, 'c4': 50.60158491330995, 'c5': 31.579107868245146, 'c6': 2.385984326553081, 'c7': 0.6784044408857484, 'c8': 17.782405334020737, 'c9': 5.415453148034561, 'c10': -12.955672426279623, 'c11': 5.919978578545081, 'c12': 3.649190357217101, 'c13': 2.5672031136519236, 'c14': 6.523484078480028, 'c15': 17.1684318468792, 'c16': 9.739007674908073, 'c17': 1.0428118053955473, 'c18': 0.30100407121344097, 'c19': 5.8809529824285445, 'c20': 0.8842529514180981, 'c21': 6.798211143703314}. Best is trial 4 with value: 43.10179673921583.[0m
[32m[I 2025-10-17 09:06:59,564][0m Trial 36 finished with value: 43.45051395931692 and parameters: {'c0': 38.77251584632203, 'c1': 93.4624532440872, 'c2': 20.19004387001106, 'c3': 6.564151025764449, 'c4': 69.36280895213619, 'c5': 30.2792149000762, 'c6': 1.941969747253796, 'c7': 0.7857952621841845, 'c8': 23.04297492833745, 'c9': 5.4631924051516725, 'c10': -12.790072322891328, 'c11': 8.085399076428445, 'c12': 4.436287517967141, 'c13': 2.5673257260119344, 'c14': 5.798261377563367, 'c15': 14.756957673089351, 'c16': 12.188085882212313, 'c17': 1.2040930674635169, 'c18': 0.28907061211911633, 'c19': 4.792186241348227, 'c20': 1.0241328215684693, 'c21': 7.170742447505558}. Best is trial 4 with value: 43.10179673921583.[0m
[32m[I 2025-10-17 09:12:42,437][0m Trial 37 finished with value: 45.880368734000385 and parameters: {'c0': 45.88265865171509, 'c1': 85.97484354863678, 'c2': 19.072378093888823, 'c3': 6.149310703979084, 'c4': 75.99221986401842, 'c5': 26.625280289836414, 'c6': 1.6547165130027472, 'c7': 0.8865820292996093, 'c8': 21.94519417318787, 'c9': 5.461061071410034, 'c10': -13.697011278340595, 'c11': 7.128697310536752, 'c12': 4.726960576973325, 'c13': 2.566465855665541, 'c14': 5.948824648978138, 'c15': 15.754101804907206, 'c16': 11.547930374641558, 'c17': 1.1520107862680875, 'c18': 0.28926052397075674, 'c19': 4.471230506611069, 'c20': 1.1001105106503548, 'c21': 6.3328177510790695}. Best is trial 4 with value: 43.10179673921583.[0m
[32m[I 2025-10-17 09:18:14,788][0m Trial 38 finished with value: 38.4888571221501 and parameters: {'c0': 38.786421885623916, 'c1': 82.54816106021458, 'c2': 20.118350968582387, 'c3': 6.316109306546396, 'c4': 69.663230487191, 'c5': 28.80438262580317, 'c6': 1.8455568764297974, 'c7': 0.8095387109350284, 'c8': 22.741092000195895, 'c9': 5.155814715723496, 'c10': -12.06843376631584, 'c11': 8.17564649748317, 'c12': 4.9226764371478415, 'c13': 2.570151285970798, 'c14': 5.783128162709417, 'c15': 12.98875668214151, 'c16': 11.951840963830138, 'c17': 1.3214198475518164, 'c18': 0.2776183426849998, 'c19': 5.275311365013423, 'c20': 1.0127399246507307, 'c21': 6.892782642162522}. Best is trial 38 with value: 38.4888571221501.[0m
