[32m[I 2025-10-18 20:07:34,997][0m Trial 20 finished with value: 39.06444177601413 and parameters: {'c0': 117.09520338800303, 'c1': 53.681503103113776, 'c2': 4.760532419091209, 'c3': 8.30054884048753, 'c4': 44.48640489395389, 'c5': 40.70964884815118, 'c6': 2.239839674943749, 'c7': 0.40267437415295837, 'c8': 24.470938069336537, 'c9': 5.586141196514576, 'c10': -16.586465538220146, 'c11': 13.516080048554663, 'c12': 5.994993126250094, 'c13': 3.0105438886641576, 'c14': 21.957921601927488, 'c15': 24.21591036610377, 'c16': 16.212452794044637, 'c17': 2.1028030824489874, 'c18': 0.05480324137791701, 'c19': 21.78938695048337, 'c20': 1.281603373390172, 'c21': 21.68791454639945}. Best is trial 7 with value: 22.891526470450803.[0m
[32m[I 2025-10-18 20:13:42,728][0m Trial 21 finished with value: 36.20296570328637 and parameters: {'c0': 119.48391800987407, 'c1': 53.312490704182174, 'c2': 5.861970722080088, 'c3': 8.11995124176575, 'c4': 47.54584518321983, 'c5': 43.31628799126361, 'c6': 2.1962293908797803, 'c7': 0.34447501017531135, 'c8': 25.448265150817203, 'c9': 6.921417809409499, 'c10': -19.152064883332358, 'c11': 12.898464298299666, 'c12': 4.9889768162422286, 'c13': 2.316927645040162, 'c14': 21.83183517259049, 'c15': 21.595114514590282, 'c16': 13.760690038330177, 'c17': 2.206589356027981, 'c18': 0.06303062077068104, 'c19': 24.92583969899991, 'c20': 1.5207728688573185, 'c21': 20.253628689082387}. Best is trial 7 with value: 22.891526470450803.[0m
[32m[I 2025-10-18 20:19:19,497][0m Trial 22 finished with value: 29.912239349013326 and parameters: {'c0': 113.64821865697155, 'c1': 52.33658641434816, 'c2': 6.466098968305072, 'c3': 6.4167650164349865, 'c4': 57.29370408101972, 'c5': 36.3427004236273, 'c6': 2.5053369294969436, 'c7': 0.4472197412917526, 'c8': 24.160737743603555, 'c9': 8.21169564530503, 'c10': -16.527403277745282, 'c11': 12.271214611764645, 'c12': 5.078810928006718, 'c13': 2.8547266233015995, 'c14': 22.272110309237235, 'c15': 23.05876527463827, 'c16': 16.359003593918402, 'c17': 2.0954798843681925, 'c18': 0.05643109235396076, 'c19': 19.772831459582964, 'c20': 1.8323251945053762, 'c21': 18.834392557696557}. Best is trial 7 with value: 22.891526470450803.[0m
[32m[I 2025-10-18 20:24:31,329][0m Trial 23 finished with value: 81.62552641304283 and parameters: {'c0': 113.28277232588717, 'c1': 67.57161871343546, 'c2': 4.886196769543942, 'c3': 8.017322652212298, 'c4': 53.468540775832516, 'c5': 44.566313856368566, 'c6': 2.1629486784902574, 'c7': 0.438736478192777, 'c8': 25.259644491530082, 'c9': 7.153834150916576, 'c10': -20.647594664951022, 'c11': 12.264506010605357, 'c12': 6.4191747276078335, 'c13': 2.499866997498193, 'c14': 19.89446331195065, 'c15': 21.217760419965074, 'c16': 16.041412212630142, 'c17': 2.058569277241119, 'c18': 0.06179916282684663, 'c19': 27.016076467050265, 'c20': 1.973232961357236, 'c21': 21.474074244957063}. Best is trial 7 with value: 22.891526470450803.[0m
[32m[I 2025-10-18 20:30:41,088][0m Trial 24 finished with value: 38.015853453085064 and parameters: {'c0': 123.82110246711181, 'c1': 53.05032229211005, 'c2': 6.179736290401694, 'c3': 8.758523807889082, 'c4': 47.0958523865354, 'c5': 34.10518094408578, 'c6': 2.2795391703463994, 'c7': 0.3651946427719458, 'c8': 25.337742502433727, 'c9': 7.804565364734921, 'c10': -17.27704558288279, 'c11': 13.987000230394784, 'c12': 4.977512303799173, 'c13': 2.970464847757324, 'c14': 20.178110953604797, 'c15': 21.599232817429307, 'c16': 16.290963408131095, 'c17': 2.184221902084671, 'c18': 0.058099657196212885, 'c19': 18.588557005539485, 'c20': 1.7448053667624046, 'c21': 20.116546112391337}. Best is trial 7 with value: 22.891526470450803.[0m
[32m[I 2025-10-18 20:30:41,132][0m A new study created in memory with name: no-name-dce26636-538e-44f1-b047-160fe9b3df68[0m
[32m[I 2025-10-18 20:36:15,759][0m Trial 0 finished with value: 20.543176526371937 and parameters: {'c0': 114.2850895385692, 'c1': 58.908821505771755, 'c2': 4.143955967191395, 'c3': 6.535642640041987, 'c4': 35.80224450608258, 'c5': 33.333109620385656, 'c6': 1.811186228640823, 'c7': 0.33526022105180325, 'c8': 25.002721650641192, 'c9': 7.754150502277193, 'c10': -22.25173061924162, 'c11': 15.9507834193087, 'c12': 4.283764473364714, 'c13': 2.808525229377385, 'c14': 15.82257713675732, 'c15': 23.215812509139152, 'c16': 14.17805990408477, 'c17': 2.3679347178952552, 'c18': 0.043082881120013954, 'c19': 18.030523232634035, 'c20': 1.9413345175297416, 'c21': 25.27188195917469}. Best is trial 0 with value: 20.543176526371937.[0m
[32m[I 2025-10-18 20:43:19,166][0m Trial 1 finished with value: 51.77784249028531 and parameters: {'c0': 107.39666703289384, 'c1': 58.093050067505146, 'c2': 6.933202084706446, 'c3': 8.94877969235646, 'c4': 34.276946225379994, 'c5': 32.059084280353325, 'c6': 1.7911882200241473, 'c7': 0.4436505513254355, 'c8': 20.609896368393905, 'c9': 7.258254388578302, 'c10': -15.884406087544816, 'c11': 14.73014395755074, 'c12': 5.670033428168242, 'c13': 2.083676040489486, 'c14': 23.66887106864641, 'c15': 25.14817975523451, 'c16': 10.887151469457832, 'c17': 2.611613458296902, 'c18': 0.06843033073893615, 'c19': 24.64310323027385, 'c20': 1.4609178921987387, 'c21': 23.279292506429314}. Best is trial 0 with value: 20.543176526371937.[0m
[32m[I 2025-10-18 20:51:51,756][0m Trial 2 finished with value: 44.307811458900744 and parameters: {'c0': 93.42017868283286, 'c1': 50.97216083615473, 'c2': 7.0357172331836075, 'c3': 6.500120652942757, 'c4': 39.28775524172229, 'c5': 34.23428363223569, 'c6': 1.6080471530109075, 'c7': 0.40308786346222114, 'c8': 22.277424725834543, 'c9': 6.602892378305367, 'c10': -21.396221829249704, 'c11': 10.878450951239671, 'c12': 5.335117500211897, 'c13': 1.8662128906417057, 'c14': 22.511826346635452, 'c15': 23.56060608049321, 'c16': 11.58032624160424, 'c17': 2.1838481877350695, 'c18': 0.05963355877475058, 'c19': 20.628095841493497, 'c20': 1.2480957484819808, 'c21': 20.458408610635757}. Best is trial 0 with value: 20.543176526371937.[0m
[32m[I 2025-10-18 20:57:42,274][0m Trial 3 finished with value: 48.82472350106639 and parameters: {'c0': 130.6934860024923, 'c1': 52.92392585334955, 'c2': 7.150305463906525, 'c3': 7.693666904294236, 'c4': 54.50390504362525, 'c5': 34.41232196349232, 'c6': 1.7539984242947304, 'c7': 0.42925135880558835, 'c8': 25.016107694230456, 'c9': 6.180792057632322, 'c10': -16.24350606250848, 'c11': 13.241820506673182, 'c12': 5.837648484061436, 'c13': 2.6125364151834067, 'c14': 26.011702080454537, 'c15': 22.664967457764895, 'c16': 16.929752696949507, 'c17': 2.1009170778061654, 'c18': 0.046952807838292775, 'c19': 26.418921593223317, 'c20': 1.597247105923557, 'c21': 25.233790462129953}. Best is trial 0 with value: 20.543176526371937.[0m
[32m[I 2025-10-18 21:03:42,575][0m Trial 4 finished with value: 29.430605467510073 and parameters: {'c0': 130.6700045397205, 'c1': 56.03549505075762, 'c2': 4.508836651039724, 'c3': 9.172391067652457, 'c4': 43.29521341989219, 'c5': 44.954675302204706, 'c6': 2.081249905454407, 'c7': 0.31317157817463004, 'c8': 32.46017567410011, 'c9': 7.90102361777768, 'c10': -27.172643443572092, 'c11': 15.404303818397084, 'c12': 4.631288558539146, 'c13': 2.356224736982072, 'c14': 26.043081955987773, 'c15': 19.529044409075016, 'c16': 18.229506388171615, 'c17': 2.450245529462279, 'c18': 0.03936158602095018, 'c19': 26.822254128423495, 'c20': 1.839907303641413, 'c21': 25.59541789862351}. Best is trial 0 with value: 20.543176526371937.[0m
[32m[I 2025-10-18 21:09:15,128][0m Trial 5 finished with value: 35.53342773772131 and parameters: {'c0': 94.7850725214598, 'c1': 56.46629952759377, 'c2': 4.478065314369908, 'c3': 6.018529582444976, 'c4': 43.972380311276304, 'c5': 41.934727478515526, 'c6': 1.6995232901368913, 'c7': 0.316195573677339, 'c8': 26.294460414025018, 'c9': 8.768437269242437, 'c10': -19.64089585210355, 'c11': 17.634442417102367, 'c12': 4.697620255064911, 'c13': 2.1028224980669212, 'c14': 18.622715423981667, 'c15': 23.468728880450286, 'c16': 12.029384415593588, 'c17': 1.807473041807497, 'c18': 0.04563363731706139, 'c19': 18.246003841301977, 'c20': 2.0197571846688875, 'c21': 25.594741957103118}. Best is trial 0 with value: 20.543176526371937.[0m
[32m[I 2025-10-18 21:14:54,928][0m Trial 6 finished with value: 43.176110572471806 and parameters: {'c0': 105.917522023428, 'c1': 57.677547287260104, 'c2': 4.4110296676602845, 'c3': 7.7760884503866805, 'c4': 37.088471994192645, 'c5': 34.59364531929896, 'c6': 1.6905660135912253, 'c7': 0.40394152223026286, 'c8': 29.708748733919283, 'c9': 6.394716805798048, 'c10': -19.839616219886345, 'c11': 13.3223264226398, 'c12': 5.441244381212855, 'c13': 2.4639351558611065, 'c14': 15.855030110758497, 'c15': 18.82967206950844, 'c16': 12.400309085853245, 'c17': 2.6995557413898297, 'c18': 0.04274413422534588, 'c19': 16.809306391130928, 'c20': 1.7521200420355532, 'c21': 23.165823908185324}. Best is trial 0 with value: 20.543176526371937.[0m
[32m[I 2025-10-18 21:20:58,956][0m Trial 7 finished with value: 22.906195922451793 and parameters: {'c0': 121.87454805038644, 'c1': 49.68243045683539, 'c2': 4.766235506963286, 'c3': 6.147208367513293, 'c4': 36.707211994332496, 'c5': 38.18981221132491, 'c6': 2.058067588026795, 'c7': 0.2999917861844803, 'c8': 23.512317977131374, 'c9': 6.882105979329942, 'c10': -23.263326595347813, 'c11': 14.838401112758268, 'c12': 5.498236738057409, 'c13': 2.090649944487415, 'c14': 17.369846231431985, 'c15': 24.06009575476859, 'c16': 15.502776887449356, 'c17': 2.785938406906172, 'c18': 0.03940358247659431, 'c19': 22.170743070934694, 'c20': 1.8458464226248321, 'c21': 25.31565604944884}. Best is trial 0 with value: 20.543176526371937.[0m
[32m[I 2025-10-18 21:27:01,862][0m Trial 8 finished with value: 28.533953470425555 and parameters: {'c0': 96.84282853573174, 'c1': 60.964493757728576, 'c2': 5.197521766420706, 'c3': 6.6138054354492395, 'c4': 32.66435520907258, 'c5': 37.38023300910545, 'c6': 1.7947178039028047, 'c7': 0.33183077805835176, 'c8': 20.321975801084292, 'c9': 7.636385821160966, 'c10': -24.079176953265755, 'c11': 16.132668198772233, 'c12': 4.386658364290226, 'c13': 2.389012742282723, 'c14': 16.072726894405413, 'c15': 19.52008169143171, 'c16': 15.426957448782405, 'c17': 2.9261557034960886, 'c18': 0.05639842936285298, 'c19': 17.829232502163343, 'c20': 1.9693491712486366, 'c21': 23.56571270293988}. Best is trial 0 with value: 20.543176526371937.[0m
[32m[I 2025-10-18 21:44:37,696][0m Trial 9 finished with value: 78.25336334007105 and parameters: {'c0': 107.82168916611857, 'c1': 61.5432759156557, 'c2': 4.472118764352491, 'c3': 5.311874833229327, 'c4': 40.2130613733351, 'c5': 37.23589270989132, 'c6': 1.9684284316309446, 'c7': 0.4393424855004639, 'c8': 27.514114284628214, 'c9': 9.543661213686727, 'c10': -22.820165911410875, 'c11': 17.622008745735222, 'c12': 5.638650717948257, 'c13': 2.6664809670483214, 'c14': 17.54802303649751, 'c15': 26.355123283803795, 'c16': 15.288920163789658, 'c17': 2.225661857239934, 'c18': 0.04858766372395053, 'c19': 19.332894060074896, 'c20': 1.4959160991714286, 'c21': 24.35521021044544}. Best is trial 0 with value: 20.543176526371937.[0m
[32m[I 2025-10-18 21:50:43,551][0m Trial 10 finished with value: 25.435365070420143 and parameters: {'c0': 89.70574434344663, 'c1': 66.30174100681198, 'c2': 4.445931170918467, 'c3': 7.611016860892117, 'c4': 39.42234831360952, 'c5': 35.629159346876584, 'c6': 2.3550943276817575, 'c7': 0.3654151755886817, 'c8': 26.157486847869134, 'c9': 8.267789086806747, 'c10': -19.170014834498396, 'c11': 17.263587507358015, 'c12': 3.875844305191175, 'c13': 2.930811507323568, 'c14': 18.50507934204742, 'c15': 24.60425588068977, 'c16': 14.387461757263955, 'c17': 2.501017999573066, 'c18': 0.04602849223000501, 'c19': 17.772894674808175, 'c20': 1.6088620778034604, 'c21': 24.667390086761404}. Best is trial 0 with value: 20.543176526371937.[0m
[32m[I 2025-10-18 22:10:37,624][0m Trial 11 finished with value: 117.96846214914245 and parameters: {'c0': 122.86353100178917, 'c1': 41.43297862383544, 'c2': 4.560415936698709, 'c3': 6.048251252148254, 'c4': 42.13177018192554, 'c5': 37.800421697259225, 'c6': 1.8230440821721876, 'c7': 0.2990861919858409, 'c8': 22.967316976116454, 'c9': 9.47926410542934, 'c10': -24.340443525496383, 'c11': 14.060128067457926, 'c12': 6.063715700617919, 'c13': 2.2750094628345154, 'c14': 15.90416370050526, 'c15': 25.12864705976298, 'c16': 15.20340173291195, 'c17': 2.7162252989777147, 'c18': 0.038889899284559125, 'c19': 20.471417466317842, 'c20': 1.856408433643003, 'c21': 25.01998542647757}. Best is trial 0 with value: 20.543176526371937.[0m
[32m[I 2025-10-18 22:17:00,981][0m Trial 12 finished with value: 43.41991748037953 and parameters: {'c0': 118.28957807329365, 'c1': 55.15010731843527, 'c2': 5.151681533074195, 'c3': 7.075896527349133, 'c4': 32.28250620057253, 'c5': 31.321326997490367, 'c6': 2.1089408467081525, 'c7': 0.3093209059631348, 'c8': 25.221546853466393, 'c9': 6.136323164430894, 'c10': -26.649260384825283, 'c11': 12.810725451929821, 'c12': 6.195994684903578, 'c13': 2.2933567437455165, 'c14': 19.519793716422846, 'c15': 25.75492568189509, 'c16': 14.186280505228574, 'c17': 2.7222301055392264, 'c18': 0.04195035122897854, 'c19': 26.83556454797328, 'c20': 1.82204564577758, 'c21': 22.654815359202992}. Best is trial 0 with value: 20.543176526371937.[0m
[32m[I 2025-10-18 22:22:58,773][0m Trial 13 finished with value: 24.2586177714282 and parameters: {'c0': 92.21868152546949, 'c1': 49.20367745790844, 'c2': 5.242748890432225, 'c3': 5.686305611742745, 'c4': 33.27081690416719, 'c5': 40.43290033789258, 'c6': 1.6654742220676684, 'c7': 0.33979698668879005, 'c8': 22.84063342056868, 'c9': 8.30071174984438, 'c10': -24.120366338010562, 'c11': 12.537567671999804, 'c12': 4.120163897997766, 'c13': 2.6094762750786815, 'c14': 16.687949037652377, 'c15': 24.431035405763435, 'c16': 15.802368011487603, 'c17': 2.136824732073448, 'c18': 0.03935964214589445, 'c19': 20.39500229374232, 'c20': 1.9493052235162651, 'c21': 23.782064224646497}. Best is trial 0 with value: 20.543176526371937.[0m
[32m[I 2025-10-18 22:29:26,852][0m Trial 14 finished with value: 22.65329621701415 and parameters: {'c0': 132.8240530810264, 'c1': 51.86709562071242, 'c2': 4.367668233921945, 'c3': 7.3781258511896315, 'c4': 32.40915123857306, 'c5': 41.403852567008386, 'c6': 1.6282056725288045, 'c7': 0.33426443697789754, 'c8': 25.527908261283738, 'c9': 6.146018931099689, 'c10': -25.069725395052156, 'c11': 14.765378115284735, 'c12': 4.989473210616928, 'c13': 2.030608792222223, 'c14': 16.09054794836424, 'c15': 22.705171714176178, 'c16': 16.140402572722337, 'c17': 2.279536762003877, 'c18': 0.044046581927057155, 'c19': 18.690771191872685, 'c20': 1.6069195611507208, 'c21': 23.808394328624814}. Best is trial 0 with value: 20.543176526371937.[0m
[32m[I 2025-10-18 22:35:45,810][0m Trial 15 finished with value: 27.387905214272074 and parameters: {'c0': 128.3992864943401, 'c1': 56.72084976399335, 'c2': 4.355877279089472, 'c3': 7.511273276571676, 'c4': 32.989609511844904, 'c5': 47.5062137571208, 'c6': 1.9206224035646209, 'c7': 0.3443741432482908, 'c8': 26.173087248905148, 'c9': 6.4648371531559965, 'c10': -23.07356242421994, 'c11': 12.923211874982819, 'c12': 5.077016417836418, 'c13': 1.9094088035230778, 'c14': 16.53080228179959, 'c15': 20.008548585759396, 'c16': 16.310779914068142, 'c17': 2.416940221550499, 'c18': 0.04500155128711032, 'c19': 15.904865329343858, 'c20': 1.8533897899718776, 'c21': 19.084425399330648}. Best is trial 0 with value: 20.543176526371937.[0m
[32m[I 2025-10-18 22:42:25,387][0m Trial 16 finished with value: 24.57029694219635 and parameters: {'c0': 144.77126314896805, 'c1': 52.304277558989874, 'c2': 5.6463113277821515, 'c3': 6.935508165633933, 'c4': 41.0196640280787, 'c5': 40.397037208690115, 'c6': 1.6736198413771688, 'c7': 0.3376707806447903, 'c8': 25.579564109108468, 'c9': 5.662308928070429, 'c10': -25.21335343930483, 'c11': 15.795454507286594, 'c12': 5.452930692536722, 'c13': 2.5526557362144264, 'c14': 17.019149244764126, 'c15': 20.19734992999583, 'c16': 15.872940930619883, 'c17': 2.259357811705132, 'c18': 0.044304433624507464, 'c19': 16.321609597170934, 'c20': 1.5494473304768794, 'c21': 23.58680507433628}. Best is trial 0 with value: 20.543176526371937.[0m
[32m[I 2025-10-18 22:48:57,484][0m Trial 17 finished with value: 38.889468046737434 and parameters: {'c0': 119.97377508826841, 'c1': 53.988420659380616, 'c2': 4.446382681970344, 'c3': 6.304953814106117, 'c4': 43.14759229487489, 'c5': 35.77796060110453, 'c6': 1.9320883941291136, 'c7': 0.35190561356162575, 'c8': 19.358215029158465, 'c9': 7.12159642455147, 'c10': -25.635075373308947, 'c11': 14.7296167531328, 'c12': 4.836775872793658, 'c13': 2.952238524362809, 'c14': 16.2299189369888, 'c15': 23.137177786719352, 'c16': 12.773704129619869, 'c17': 2.3321040591722326, 'c18': 0.038977553091430625, 'c19': 17.153742209911275, 'c20': 1.8709630556124945, 'c21': 22.340467381975472}. Best is trial 0 with value: 20.543176526371937.[0m
[32m[I 2025-10-18 22:55:41,885][0m Trial 18 finished with value: 33.87744795034877 and parameters: {'c0': 105.54835501479396, 'c1': 64.00005481337907, 'c2': 4.210628654216874, 'c3': 7.982737633669979, 'c4': 34.997107891668485, 'c5': 35.42973110568929, 'c6': 1.7572501966650769, 'c7': 0.28847572826790074, 'c8': 29.565724266116476, 'c9': 8.798284904589636, 'c10': -25.19815641262936, 'c11': 15.544891129835698, 'c12': 4.275868098360574, 'c13': 2.319336805858743, 'c14': 16.194423202254214, 'c15': 20.389080817246114, 'c16': 13.57716272871102, 'c17': 2.0102177364740554, 'c18': 0.04073877147376435, 'c19': 17.182692060110817, 'c20': 1.714478386130777, 'c21': 21.860665639251454}. Best is trial 0 with value: 20.543176526371937.[0m
[32m[I 2025-10-18 23:02:11,913][0m Trial 19 finished with value: 38.63120028266083 and parameters: {'c0': 107.3636648145411, 'c1': 60.895314602912514, 'c2': 4.3132128765034, 'c3': 6.216383235471904, 'c4': 38.90678656100605, 'c5': 36.03830864389493, 'c6': 1.7827632088941225, 'c7': 0.35478729209471516, 'c8': 28.930195451132846, 'c9': 7.6183359744750945, 'c10': -24.90599184810394, 'c11': 17.41976096259385, 'c12': 4.481878849619278, 'c13': 2.4716961150444714, 'c14': 17.390068586211285, 'c15': 23.21245103689612, 'c16': 13.979787282482329, 'c17': 2.3903739693664527, 'c18': 0.04476200278668397, 'c19': 25.317201289170903, 'c20': 2.1143843709989194, 'c21': 22.946916056157225}. Best is trial 0 with value: 20.543176526371937.[0m
[32m[I 2025-10-18 23:13:36,462][0m Trial 20 finished with value: 82.26608859374225 and parameters: {'c0': 128.21220474048263, 'c1': 47.877096874557054, 'c2': 4.245661227813432, 'c3': 8.118068634649967, 'c4': 32.32482102858745, 'c5': 47.40332085930932, 'c6': 1.7813981573225182, 'c7': 0.3473142909897734, 'c8': 25.820736228351496, 'c9': 5.547150700422115, 'c10': -22.840731924120302, 'c11': 14.969454301870398, 'c12': 5.890773427401897, 'c13': 2.5209690053792055, 'c14': 20.1262143489796, 'c15': 25.37905113954096, 'c16': 17.793806125741547, 'c17': 2.2243972144331794, 'c18': 0.04076977305537015, 'c19': 21.21225582778826, 'c20': 1.263536796000391, 'c21': 24.00341125292295}. Best is trial 0 with value: 20.543176526371937.[0m
[32m[I 2025-10-18 23:20:51,538][0m Trial 21 finished with value: 31.95249865503989 and parameters: {'c0': 105.09428340192237, 'c1': 48.89997821700548, 'c2': 4.871692739834215, 'c3': 6.274836462632054, 'c4': 43.86903392884979, 'c5': 36.14803209066621, 'c6': 2.1280529606427, 'c7': 0.2846122944592915, 'c8': 27.102058474933212, 'c9': 7.064632651390177, 'c10': -23.73587583391635, 'c11': 17.688742061378274, 'c12': 4.833557164140519, 'c13': 1.8590698409665787, 'c14': 16.883288780098887, 'c15': 22.77848030704922, 'c16': 17.58768833893875, 'c17': 2.5358794948619368, 'c18': 0.04577280884695097, 'c19': 20.521349385209877, 'c20': 1.7184775169745274, 'c21': 22.366892595830176}. Best is trial 0 with value: 20.543176526371937.[0m
[32m[I 2025-10-18 23:27:36,382][0m Trial 22 finished with value: 27.218118450265155 and parameters: {'c0': 135.4355213898964, 'c1': 41.45705382273364, 'c2': 4.683054942433591, 'c3': 7.134397610577346, 'c4': 33.729070083523794, 'c5': 47.741190465535325, 'c6': 1.6984017514847727, 'c7': 0.3315947172967947, 'c8': 26.83814383740974, 'c9': 6.732872370245393, 'c10': -25.137163601763234, 'c11': 15.600627419442654, 'c12': 4.61822956069828, 'c13': 2.1691849072556133, 'c14': 16.105329855713304, 'c15': 22.541880612277897, 'c16': 15.534224215039128, 'c17': 1.9219329795237934, 'c18': 0.04015607059784146, 'c19': 18.10816715950737, 'c20': 1.6799960767666813, 'c21': 24.543445023930808}. Best is trial 0 with value: 20.543176526371937.[0m
[32m[I 2025-10-18 23:34:38,450][0m Trial 23 finished with value: 56.99501276659491 and parameters: {'c0': 124.08217678501241, 'c1': 64.77948012006931, 'c2': 5.095806105839197, 'c3': 6.664400975925726, 'c4': 38.411642885605545, 'c5': 31.383519838701606, 'c6': 2.109477054176606, 'c7': 0.265095072072226, 'c8': 22.947119324426026, 'c9': 7.804234030068734, 'c10': -21.552134356861682, 'c11': 15.571080317699565, 'c12': 6.3468935546680765, 'c13': 1.885123900734805, 'c14': 16.11653592547734, 'c15': 25.417693768864712, 'c16': 15.896913278435001, 'c17': 2.8200283546954035, 'c18': 0.04625030976543004, 'c19': 18.496465992061637, 'c20': 2.0241588442739507, 'c21': 23.59330116590677}. Best is trial 0 with value: 20.543176526371937.[0m
