[32m[I 2025-10-16 23:49:48,012][0m Trial 29 finished with value: 55.41984186371844 and parameters: {'c0': 41.270507789724796, 'c1': 111.01352709321951, 'c2': 26.588428781552448, 'c3': 6.099228366953705, 'c4': 151.98808272331758, 'c5': 23.948081171478158, 'c6': 0.9476630442544216, 'c7': 1.220989352604288, 'c8': 19.63215469735723, 'c9': 2.0163899193790424, 'c10': -3.2910497898044864, 'c11': 18.41189941827094, 'c12': 6.4946018717122875, 'c13': 2.5149946450462086, 'c14': 4.761557665445321, 'c15': 33.46631245484047, 'c16': 14.295344128270724, 'c17': 0.7506037152994036, 'c18': 0.5139348807951534, 'c19': 4.811476702459617, 'c20': 0.42725563424594265, 'c21': 5.295188622874511}. Best is trial 29 with value: 55.41984186371844.[0m
[32m[I 2025-10-17 00:13:43,595][0m Trial 30 finished with value: 208.61377501995048 and parameters: {'c0': 27.226091502238138, 'c1': 74.32653534692761, 'c2': 27.575774455667684, 'c3': 6.133416386417072, 'c4': 138.84059861615893, 'c5': 25.289729567418714, 'c6': 1.00967920928727, 'c7': 1.1519951788690383, 'c8': 13.775501521718699, 'c9': 3.132799587026369, 'c10': -3.7341557011716406, 'c11': 18.095891983056074, 'c12': 6.226845519489618, 'c13': 2.6268735396225664, 'c14': 4.708004132416013, 'c15': 30.636916263475673, 'c16': 10.964350036389574, 'c17': 0.4376034913411463, 'c18': 0.3939181065848897, 'c19': 4.0366165937057925, 'c20': 0.39238774681559785, 'c21': 4.592807059581724}. Best is trial 29 with value: 55.41984186371844.[0m
[32m[I 2025-10-17 00:18:50,376][0m Trial 31 finished with value: 88.08880311767786 and parameters: {'c0': 54.91584934460629, 'c1': 133.5699908233812, 'c2': 27.369063650578507, 'c3': 5.831147805711183, 'c4': 150.51896908655192, 'c5': 32.46274390289237, 'c6': 1.1970711332007684, 'c7': 1.2901941454765005, 'c8': 18.777393510529176, 'c9': 3.104295985540621, 'c10': -4.049463762813731, 'c11': 19.96196186634294, 'c12': 5.867594848874874, 'c13': 2.799366280293298, 'c14': 3.6161738648248405, 'c15': 28.08580275996931, 'c16': 8.828843735821188, 'c17': 0.6847175377021533, 'c18': 0.639341218373625, 'c19': 4.123382578371277, 'c20': 0.6727237353581363, 'c21': 5.463143795399315}. Best is trial 29 with value: 55.41984186371844.[0m
[32m[I 2025-10-17 00:26:20,998][0m Trial 32 finished with value: 119.11467406389069 and parameters: {'c0': 44.96083444359809, 'c1': 130.53407873508868, 'c2': 27.04564015870004, 'c3': 6.595549257569502, 'c4': 147.51170252069244, 'c5': 20.683776922560064, 'c6': 0.8791614055184425, 'c7': 1.2534912845725668, 'c8': 21.907523193228197, 'c9': 2.340770814170946, 'c10': -5.318656295071861, 'c11': 16.363615645810587, 'c12': 6.121649159240472, 'c13': 1.3605982628424074, 'c14': 4.502709253574578, 'c15': 32.72127884764089, 'c16': 14.977908745014359, 'c17': 0.6374018397691281, 'c18': 0.5268986486381338, 'c19': 3.102805917098154, 'c20': 0.4126071424472966, 'c21': 4.359521198569663}. Best is trial 29 with value: 55.41984186371844.[0m
[32m[I 2025-10-17 00:31:23,810][0m Trial 33 finished with value: 78.95598403010756 and parameters: {'c0': 36.24651563688111, 'c1': 99.14886345118762, 'c2': 17.327852079226183, 'c3': 5.106455131951896, 'c4': 127.38676697190702, 'c5': 30.25853118158198, 'c6': 0.9749698284333062, 'c7': 1.13029112448693, 'c8': 20.448491501496342, 'c9': 1.8933890513780764, 'c10': -4.391501391006185, 'c11': 15.138511287078959, 'c12': 6.582676205613674, 'c13': 2.430678954599071, 'c14': 4.651670748196746, 'c15': 31.960401828028054, 'c16': 11.469943937075096, 'c17': 0.6793977625540324, 'c18': 0.5381925525339496, 'c19': 4.5404040615768135, 'c20': 0.7528121713984666, 'c21': 6.344653418706204}. Best is trial 29 with value: 55.41984186371844.[0m
[32m[I 2025-10-17 00:36:51,020][0m Trial 34 finished with value: 77.4750141141127 and parameters: {'c0': 42.18380910339088, 'c1': 117.39479500746032, 'c2': 11.904773469543354, 'c3': 6.760959184755558, 'c4': 41.575122020776874, 'c5': 27.31846247002917, 'c6': 1.4414015275893586, 'c7': 0.5134362373998617, 'c8': 19.544628857677953, 'c9': 3.3229205427659942, 'c10': -11.131634671384749, 'c11': 17.33520338994267, 'c12': 3.9315808819177027, 'c13': 1.9207080156084422, 'c14': 4.5510373482387285, 'c15': 15.071469868519134, 'c16': 14.153827058093313, 'c17': 1.0861492368759582, 'c18': 0.34495478765133053, 'c19': 5.11891650710662, 'c20': 1.0668479140721683, 'c21': 6.774740957229297}. Best is trial 29 with value: 55.41984186371844.[0m
[32m[I 2025-10-17 00:44:31,810][0m Trial 35 finished with value: 74.763878482925 and parameters: {'c0': 37.22728434797637, 'c1': 127.92400532495438, 'c2': 27.798820297834556, 'c3': 6.439247286535368, 'c4': 160.46414685576087, 'c5': 25.88871028827174, 'c6': 1.1134084831483355, 'c7': 1.1732009416195, 'c8': 21.599482262347195, 'c9': 2.3668607203688823, 'c10': -5.3422408554118235, 'c11': 19.42992562759869, 'c12': 5.853672650566917, 'c13': 2.3407064237046527, 'c14': 5.087174272506286, 'c15': 30.635221430034427, 'c16': 14.468963354148036, 'c17': 0.8430756013812413, 'c18': 0.6735417022334281, 'c19': 5.06636865273031, 'c20': 0.37762833152747144, 'c21': 5.871085763093404}. Best is trial 29 with value: 55.41984186371844.[0m
[32m[I 2025-10-17 00:49:58,062][0m Trial 36 finished with value: 46.53977618250254 and parameters: {'c0': 44.096077286835346, 'c1': 86.85362882067757, 'c2': 12.809180743322347, 'c3': 6.408956460024814, 'c4': 100.15250107046218, 'c5': 29.25979356238668, 'c6': 2.14821351214149, 'c7': 0.7781620447355838, 'c8': 20.589771572281663, 'c9': 4.586877191732383, 'c10': -10.683911890433285, 'c11': 10.66682700403825, 'c12': 4.1069342817922685, 'c13': 2.1259471202972544, 'c14': 4.953071856470939, 'c15': 22.89936450366226, 'c16': 12.724104452894197, 'c17': 1.0263008160369618, 'c18': 0.24891628906387417, 'c19': 4.400580430346312, 'c20': 1.0412516062656212, 'c21': 7.317429577513385}. Best is trial 36 with value: 46.53977618250254.[0m
[32m[I 2025-10-17 00:55:28,185][0m Trial 37 finished with value: 35.878393572354454 and parameters: {'c0': 40.74063929796372, 'c1': 102.92808177799759, 'c2': 18.48669797226462, 'c3': 5.240426209413771, 'c4': 63.94239268897784, 'c5': 29.02011737731152, 'c6': 2.2708377655963643, 'c7': 0.9549857358069319, 'c8': 18.391182964814078, 'c9': 4.906669465457044, 'c10': -10.523122575656656, 'c11': 6.743708812651153, 'c12': 3.9690099584940266, 'c13': 2.2498328012568245, 'c14': 4.957710821815164, 'c15': 14.222343403843158, 'c16': 10.506660829457932, 'c17': 1.0757587036872096, 'c18': 0.3385016262081975, 'c19': 4.571627809752408, 'c20': 0.8513135622678043, 'c21': 6.53777646860572}. Best is trial 37 with value: 35.878393572354454.[0m
[32m[I 2025-10-17 01:00:27,687][0m Trial 38 finished with value: 140.56096515441715 and parameters: {'c0': 36.577297695367626, 'c1': 98.8797797201447, 'c2': 17.64495717379286, 'c3': 4.533477431271169, 'c4': 74.7246714102113, 'c5': 36.46156203538625, 'c6': 2.2494109887352187, 'c7': 1.1949288840491354, 'c8': 21.82777823760635, 'c9': 4.486482575081306, 'c10': -10.035508759066317, 'c11': 5.622534481040863, 'c12': 3.5428176119222017, 'c13': 2.629813233296772, 'c14': 5.112794723904723, 'c15': 10.06313449398229, 'c16': 12.741599586448833, 'c17': 1.219813505270342, 'c18': 0.608793575462011, 'c19': 3.9965813331209046, 'c20': 0.6628026663115965, 'c21': 6.266600255173942}. Best is trial 37 with value: 35.878393572354454.[0m
[32m[I 2025-10-17 01:05:35,154][0m Trial 39 finished with value: 105.27946943593815 and parameters: {'c0': 47.20861077325377, 'c1': 135.00861156093765, 'c2': 16.047725965926233, 'c3': 6.454412993307365, 'c4': 44.137976019829715, 'c5': 26.916843969614956, 'c6': 2.7477558581607813, 'c7': 0.5754863284486701, 'c8': 17.550248313386533, 'c9': 5.0677119424720765, 'c10': -8.812757675089188, 'c11': 8.15015577257697, 'c12': 3.14111056459949, 'c13': 1.5721461423158303, 'c14': 5.07735614136356, 'c15': 14.811731463813922, 'c16': 11.209735869627945, 'c17': 1.1243233624493238, 'c18': 0.5745637070916226, 'c19': 4.170286538889948, 'c20': 1.1295697154148996, 'c21': 5.86945593843854}. Best is trial 37 with value: 35.878393572354454.[0m
[32m[I 2025-10-17 01:11:28,749][0m Trial 40 finished with value: 104.53356881734855 and parameters: {'c0': 44.091761382928794, 'c1': 57.037348746073064, 'c2': 12.60902785824219, 'c3': 5.204337519409652, 'c4': 127.50791772944072, 'c5': 32.890722098995795, 'c6': 2.577526577115886, 'c7': 1.0328655862260678, 'c8': 16.929970844310922, 'c9': 2.8952205417918417, 'c10': -8.530249107937658, 'c11': 17.27617258849333, 'c12': 5.041577471118669, 'c13': 1.921362302227584, 'c14': 4.102453919386458, 'c15': 18.327703652165987, 'c16': 14.03369853745955, 'c17': 0.8796038908213543, 'c18': 0.4702776198564339, 'c19': 4.291556334183751, 'c20': 0.364650030767591, 'c21': 6.9839148093593915}. Best is trial 37 with value: 35.878393572354454.[0m
[32m[I 2025-10-17 01:18:18,873][0m Trial 41 finished with value: 69.33409664962487 and parameters: {'c0': 43.63726455917475, 'c1': 106.20359193218249, 'c2': 14.467106699267578, 'c3': 4.428145764410324, 'c4': 70.08521560062749, 'c5': 27.511785670957206, 'c6': 1.9426520657122097, 'c7': 0.6635890099167425, 'c8': 16.199693328745944, 'c9': 4.703022517524369, 'c10': -11.626301843563033, 'c11': 5.41635330678713, 'c12': 3.7494136061165597, 'c13': 2.105463598873307, 'c14': 3.699966174481592, 'c15': 22.526348735767606, 'c16': 9.94074229535575, 'c17': 0.8740425343825396, 'c18': 0.24733523895798715, 'c19': 4.172125253814468, 'c20': 0.7587103266808294, 'c21': 6.096695684042408}. Best is trial 37 with value: 35.878393572354454.[0m
[32m[I 2025-10-17 01:24:22,581][0m Trial 42 finished with value: 53.11174112125181 and parameters: {'c0': 43.241611338601906, 'c1': 115.10880928063936, 'c2': 17.315995466549104, 'c3': 5.180038411576111, 'c4': 55.03707240768579, 'c5': 22.556337996066883, 'c6': 2.424542999033111, 'c7': 1.029096802105801, 'c8': 19.17658648408017, 'c9': 5.053104809659638, 'c10': -9.507918905271975, 'c11': 8.91253225266879, 'c12': 4.695856826740159, 'c13': 2.300741337785708, 'c14': 4.773131725046263, 'c15': 10.288799463929301, 'c16': 13.46254560268672, 'c17': 1.1633484691805391, 'c18': 0.2799512905236736, 'c19': 3.929264862200424, 'c20': 0.9606247813539563, 'c21': 7.159842131590252}. Best is trial 37 with value: 35.878393572354454.[0m
[32m[I 2025-10-17 01:30:36,137][0m Trial 43 finished with value: 142.76921312739321 and parameters: {'c0': 52.28955650308761, 'c1': 110.5704139517478, 'c2': 14.568731347429416, 'c3': 5.3487621260639004, 'c4': 50.96020059290817, 'c5': 14.067263029230903, 'c6': 1.9655985253740111, 'c7': 1.2349818920398037, 'c8': 18.977855256220042, 'c9': 5.343716781047699, 'c10': -8.214161589317442, 'c11': 9.433277113412185, 'c12': 3.9972987163285376, 'c13': 2.530618045283894, 'c14': 4.0136027144170505, 'c15': 20.17145961283773, 'c16': 8.852309171175452, 'c17': 1.417687851102937, 'c18': 0.3924764827339099, 'c19': 3.981725776828946, 'c20': 1.0231922277442356, 'c21': 7.262843963798383}. Best is trial 37 with value: 35.878393572354454.[0m
[32m[I 2025-10-17 01:36:00,750][0m Trial 44 finished with value: 47.12171115548113 and parameters: {'c0': 46.83754496370232, 'c1': 135.73930900549152, 'c2': 22.055243731786167, 'c3': 3.8619805726219765, 'c4': 66.21930519790973, 'c5': 20.820501919828654, 'c6': 2.055937390603209, 'c7': 0.98980240355043, 'c8': 16.61095379797264, 'c9': 5.757638036153725, 'c10': -10.266747662612673, 'c11': 13.141818060600425, 'c12': 4.879893749482873, 'c13': 2.2698605297303756, 'c14': 4.745434030966543, 'c15': 11.514873803610099, 'c16': 13.381348795969423, 'c17': 1.0761502525921156, 'c18': 0.32292105471652055, 'c19': 4.686378029292403, 'c20': 1.0163638373792927, 'c21': 7.269631304895795}. Best is trial 37 with value: 35.878393572354454.[0m
[32m[I 2025-10-17 01:41:45,768][0m Trial 45 finished with value: 62.00434086820049 and parameters: {'c0': 43.771996429342536, 'c1': 160.93929023684356, 'c2': 19.283350655823156, 'c3': 3.4363075241484164, 'c4': 51.60444535531113, 'c5': 17.368556719093082, 'c6': 2.107181583202299, 'c7': 1.1152773784601226, 'c8': 11.33838788070355, 'c9': 5.751452997763106, 'c10': -11.206770406826383, 'c11': 15.471232402990612, 'c12': 4.278224756968199, 'c13': 2.215828742381335, 'c14': 5.140882973738502, 'c15': 12.581865226576815, 'c16': 13.814188651698943, 'c17': 1.0776817887348513, 'c18': 0.2952044416907853, 'c19': 4.215218379981131, 'c20': 1.065754510041462, 'c21': 5.902987925221358}. Best is trial 37 with value: 35.878393572354454.[0m
[32m[I 2025-10-17 01:46:49,660][0m Trial 46 finished with value: 101.95672492286394 and parameters: {'c0': 50.05869325984773, 'c1': 108.12762069008934, 'c2': 15.338832153766337, 'c3': 5.5559476779619, 'c4': 81.36388429283258, 'c5': 25.474847548236472, 'c6': 2.3567954610333706, 'c7': 0.9399336058237355, 'c8': 13.230221011646305, 'c9': 3.961422682227452, 'c10': -9.599361473367676, 'c11': 8.955296743329018, 'c12': 4.1578260347108555, 'c13': 2.8148725799871688, 'c14': 4.985871542365251, 'c15': 10.851068150210928, 'c16': 14.800824071045124, 'c17': 1.3781045394685947, 'c18': 0.2798461281949448, 'c19': 4.936715710564517, 'c20': 0.7412228806667405, 'c21': 7.038199651285315}. Best is trial 37 with value: 35.878393572354454.[0m
[32m[I 2025-10-17 01:52:09,564][0m Trial 47 finished with value: 47.880773770451356 and parameters: {'c0': 35.66563188101122, 'c1': 130.622285767884, 'c2': 16.85870317682906, 'c3': 4.62053557268922, 'c4': 57.31498290969614, 'c5': 21.88642285574577, 'c6': 2.169261581142958, 'c7': 0.8856440240722037, 'c8': 20.015409803644047, 'c9': 4.82601850699346, 'c10': -10.68686184337983, 'c11': 8.035678597917492, 'c12': 4.91239115354092, 'c13': 2.4474942102013584, 'c14': 4.936471942844768, 'c15': 9.734573257170474, 'c16': 14.235980477972292, 'c17': 1.3274035412920207, 'c18': 0.40322458648754433, 'c19': 3.9997191007587496, 'c20': 1.1971589821923645, 'c21': 6.846581999635168}. Best is trial 37 with value: 35.878393572354454.[0m
[32m[I 2025-10-17 02:00:12,294][0m Trial 48 finished with value: 198.38590699789614 and parameters: {'c0': 36.440170023894396, 'c1': 141.89896109634944, 'c2': 20.721692452345465, 'c3': 2.42135329387609, 'c4': 43.27270994259554, 'c5': 17.245334824565905, 'c6': 2.834211694905429, 'c7': 0.7064684713907927, 'c8': 22.281815297635312, 'c9': 4.922055415613238, 'c10': -9.439201465019652, 'c11': 7.076714362290427, 'c12': 6.193451122317098, 'c13': 2.1842633213536877, 'c14': 4.9072265862209585, 'c15': 19.010479718595327, 'c16': 13.373593126512048, 'c17': 0.9944322296687882, 'c18': 0.3625034397206784, 'c19': 4.022169667653244, 'c20': 0.8999858216933952, 'c21': 7.01180289416758}. Best is trial 37 with value: 35.878393572354454.[0m
[32m[I 2025-10-17 02:05:52,041][0m Trial 49 finished with value: 52.433880731419066 and parameters: {'c0': 41.278844020937264, 'c1': 138.6129370488689, 'c2': 12.148654132595237, 'c3': 3.5076268383133784, 'c4': 68.46566724566125, 'c5': 26.277046152153346, 'c6': 1.980805172672258, 'c7': 0.6509337832036852, 'c8': 21.307546107013696, 'c9': 5.058186726569411, 'c10': -10.45696787844593, 'c11': 6.893880965135859, 'c12': 4.42662044397391, 'c13': 2.767256511018846, 'c14': 4.668530358010311, 'c15': 14.270728307244376, 'c16': 14.701643226754788, 'c17': 1.1998032840438495, 'c18': 0.5261828501576644, 'c19': 4.332262554475145, 'c20': 1.2055461417129538, 'c21': 5.66409089766993}. Best is trial 37 with value: 35.878393572354454.[0m
[32m[I 2025-10-17 02:11:12,036][0m Trial 50 finished with value: 49.147740974021566 and parameters: {'c0': 31.777978357391767, 'c1': 113.1952534830464, 'c2': 8.960356027006501, 'c3': 3.7164969230679485, 'c4': 60.418738925126924, 'c5': 26.095500243971767, 'c6': 1.756820352185042, 'c7': 0.548314001974646, 'c8': 20.64335595985783, 'c9': 4.022191738075984, 'c10': -10.206691774834027, 'c11': 8.524889118484337, 'c12': 3.6100450351455384, 'c13': 2.566552348289481, 'c14': 4.42731053074692, 'c15': 16.798660174639245, 'c16': 10.936851786130841, 'c17': 1.3005870644481945, 'c18': 0.5955922839411135, 'c19': 5.041807908895721, 'c20': 1.137945964612638, 'c21': 4.5374813328218195}. Best is trial 37 with value: 35.878393572354454.[0m
[32m[I 2025-10-17 02:16:16,226][0m Trial 51 finished with value: 81.65475632432695 and parameters: {'c0': 27.492031530359576, 'c1': 128.58745436048008, 'c2': 9.623947921598592, 'c3': 2.5540013428989656, 'c4': 51.76368864355295, 'c5': 32.34169134449826, 'c6': 2.186694229435629, 'c7': 0.5813011376863443, 'c8': 20.3936900097879, 'c9': 3.9871843883034526, 'c10': -9.849902276740947, 'c11': 8.071426868272596, 'c12': 4.254702824623929, 'c13': 2.5787091740042527, 'c14': 4.429066404148609, 'c15': 12.225663349459612, 'c16': 8.874539097796532, 'c17': 1.3268650551610708, 'c18': 0.7134082219153287, 'c19': 4.617541688349589, 'c20': 1.142042421603661, 'c21': 4.918995281347505}. Best is trial 37 with value: 35.878393572354454.[0m
[32m[I 2025-10-17 02:21:09,331][0m Trial 52 finished with value: 190.39521962070435 and parameters: {'c0': 30.75582535844515, 'c1': 107.48313988832346, 'c2': 7.273083652077522, 'c3': 3.8967076915549153, 'c4': 67.6377599195765, 'c5': 25.279764232185848, 'c6': 1.7968196755343657, 'c7': 0.667250773384909, 'c8': 22.82069204524086, 'c9': 2.403076484565026, 'c10': -11.053755151600994, 'c11': 6.5872327798062, 'c12': 3.2247555171891995, 'c13': 2.0570388070318106, 'c14': 4.9795083331060335, 'c15': 23.571571545437106, 'c16': 13.159278136083692, 'c17': 0.9768094842863703, 'c18': 0.5111285851439731, 'c19': 4.673430960083657, 'c20': 1.0216956117625398, 'c21': 4.5163676205506045}. Best is trial 37 with value: 35.878393572354454.[0m
[32m[I 2025-10-17 02:28:10,713][0m Trial 53 finished with value: 123.44190378002081 and parameters: {'c0': 41.38336189706983, 'c1': 99.7545604270093, 'c2': 15.416823250453447, 'c3': 2.7743685587296154, 'c4': 57.22066015955555, 'c5': 25.35640004688749, 'c6': 1.048564555574295, 'c7': 0.5319891504328105, 'c8': 19.892287815906652, 'c9': 5.254465160286761, 'c10': -7.9602980485424615, 'c11': 10.60434906236978, 'c12': 5.25489863226818, 'c13': 3.002680099269977, 'c14': 4.519219651916837, 'c15': 19.93609380718797, 'c16': 13.814379609963868, 'c17': 1.2303293672299025, 'c18': 0.5022653059210226, 'c19': 5.023703854897051, 'c20': 1.1673543170950826, 'c21': 5.7163131743980085}. Best is trial 37 with value: 35.878393572354454.[0m
[32m[I 2025-10-17 02:33:07,047][0m Trial 54 finished with value: 95.7610061356112 and parameters: {'c0': 45.93228530343838, 'c1': 99.8401123173897, 'c2': 21.678469607688935, 'c3': 6.623443085307026, 'c4': 133.3424419433559, 'c5': 25.277403613920924, 'c6': 2.34953082030661, 'c7': 0.6449169094174796, 'c8': 21.483677469398117, 'c9': 4.605213759828149, 'c10': -10.44647167245517, 'c11': 7.979425522901827, 'c12': 3.456962302387037, 'c13': 2.173038617078374, 'c14': 4.312859345577523, 'c15': 29.899341615580546, 'c16': 10.329415637553476, 'c17': 1.158068196863252, 'c18': 0.2546149385084085, 'c19': 4.321039412249225, 'c20': 1.2810667243107605, 'c21': 6.6980973068927}. Best is trial 37 with value: 35.878393572354454.[0m
[32m[I 2025-10-17 02:38:17,116][0m Trial 55 finished with value: 90.8687180270108 and parameters: {'c0': 31.220810095703754, 'c1': 137.96440060454447, 'c2': 14.42732430366205, 'c3': 4.098172140426804, 'c4': 66.22971172913616, 'c5': 14.737371803768676, 'c6': 1.5935174072271439, 'c7': 0.927738579384638, 'c8': 15.221979267022997, 'c9': 3.654281296326518, 'c10': -11.08260505337271, 'c11': 6.206826942705195, 'c12': 5.073583910080939, 'c13': 1.9262299591664163, 'c14': 4.988770035870693, 'c15': 15.505456728644667, 'c16': 11.854630987958508, 'c17': 1.3238642896372257, 'c18': 0.3775713514070101, 'c19': 4.42984443422973, 'c20': 1.1749470941607811, 'c21': 5.398010712656771}. Best is trial 37 with value: 35.878393572354454.[0m
[32m[I 2025-10-17 02:43:34,259][0m Trial 56 finished with value: 58.913115670540655 and parameters: {'c0': 33.32440564261545, 'c1': 154.6133390264374, 'c2': 9.725381905684253, 'c3': 4.218698651687803, 'c4': 60.75241981745149, 'c5': 25.182791241148742, 'c6': 1.6572108439320776, 'c7': 0.511633531660936, 'c8': 22.87308051297577, 'c9': 4.895416611946381, 'c10': -11.418070219844545, 'c11': 8.56435670824834, 'c12': 3.691264609607193, 'c13': 2.5675743127658275, 'c14': 4.998537125109148, 'c15': 13.258948084452198, 'c16': 13.866775222504906, 'c17': 1.2891660105284428, 'c18': 0.6291367971673991, 'c19': 4.894881954700628, 'c20': 1.2694078695937199, 'c21': 4.923611802233834}. Best is trial 37 with value: 35.878393572354454.[0m
[32m[I 2025-10-17 02:49:24,298][0m Trial 57 finished with value: 72.26250376354591 and parameters: {'c0': 46.30094411180799, 'c1': 142.52621919915384, 'c2': 9.272919928642796, 'c3': 3.1539006829509146, 'c4': 73.7968265276162, 'c5': 25.44328722387524, 'c6': 2.3850852633661868, 'c7': 0.9775123694381542, 'c8': 17.2332146830135, 'c9': 4.8862511650830065, 'c10': -11.18560360200091, 'c11': 7.234067074911355, 'c12': 4.336932202338081, 'c13': 2.64400638363049, 'c14': 4.21388621782351, 'c15': 20.120516168631706, 'c16': 12.07101923925333, 'c17': 1.3735974188825484, 'c18': 0.37539375110282225, 'c19': 3.209788440375071, 'c20': 1.1958228802214508, 'c21': 3.9868820773621483}. Best is trial 37 with value: 35.878393572354454.[0m
[32m[I 2025-10-17 02:54:12,253][0m Trial 58 finished with value: 111.7908794747084 and parameters: {'c0': 51.79684007040767, 'c1': 135.6463166235095, 'c2': 26.886660170082905, 'c3': 3.286376565270938, 'c4': 61.860225032896146, 'c5': 24.86958836452427, 'c6': 2.6229374182308245, 'c7': 0.9725606696709498, 'c8': 13.754361512001884, 'c9': 5.36356248612313, 'c10': -7.157241611172872, 'c11': 9.941369928280615, 'c12': 4.538872028713926, 'c13': 2.2288423751843442, 'c14': 4.300699523246364, 'c15': 9.5099828487714, 'c16': 10.06695140016698, 'c17': 1.0060770866553086, 'c18': 0.45666267457117904, 'c19': 4.865706154094617, 'c20': 1.0173462393140225, 'c21': 6.863909821582911}. Best is trial 37 with value: 35.878393572354454.[0m
