[32m[I 2025-10-17 20:56:09,193][0m Trial 32 finished with value: 124.70883433274611 and parameters: {'c0': 35.432439001781674, 'c1': 130.01335362075247, 'c2': 15.13183011663854, 'c3': 6.245086894786736, 'c4': 79.57877168389122, 'c5': 29.60470240582408, 'c6': 2.0907904308176146, 'c7': 0.5504894257653428, 'c8': 20.696377051780342, 'c9': 6.735181299300015, 'c10': -12.6211455266657, 'c11': 8.04905261762761, 'c12': 3.6866032184690947, 'c13': 1.595949394420126, 'c14': 8.964081260706903, 'c15': 10.101311980199236, 'c16': 16.244357292488203, 'c17': 1.5111890223496616, 'c18': 0.2869975852069963, 'c19': 8.779926306695227, 'c20': 0.9865044219183858, 'c21': 6.468517313179671}. Best is trial 22 with value: 35.95138095399135.[0m
[32m[I 2025-10-17 21:01:50,775][0m Trial 33 finished with value: 30.415265074454712 and parameters: {'c0': 38.08196529595401, 'c1': 122.95678571043992, 'c2': 15.291335700226734, 'c3': 6.076475454832269, 'c4': 67.29959967993942, 'c5': 26.14897462949925, 'c6': 2.108221535928398, 'c7': 0.7790784352295872, 'c8': 19.40974602015567, 'c9': 6.062768669741232, 'c10': -11.944611190011615, 'c11': 7.208955827253742, 'c12': 4.512084409718292, 'c13': 1.5450861806467067, 'c14': 9.308476787765313, 'c15': 12.953175346238714, 'c16': 15.58983963559742, 'c17': 1.708195938723874, 'c18': 0.29117832676248523, 'c19': 8.539890733513978, 'c20': 0.9706513573574845, 'c21': 6.996738832491284}. Best is trial 33 with value: 30.415265074454712.[0m
[32m[I 2025-10-17 21:07:02,698][0m Trial 34 finished with value: 76.57910317168727 and parameters: {'c0': 43.73392399545912, 'c1': 126.71386282132849, 'c2': 14.888078442895612, 'c3': 5.022196543217506, 'c4': 66.53103163604924, 'c5': 27.01788187594014, 'c6': 1.9792249762246836, 'c7': 0.6994956928983181, 'c8': 18.739341443516956, 'c9': 5.5277798056383745, 'c10': -11.583535814817756, 'c11': 7.60566664099177, 'c12': 4.54049817218198, 'c13': 1.7584018267833528, 'c14': 8.864005206250216, 'c15': 13.641531857965125, 'c16': 17.892135851896757, 'c17': 1.7124816955684208, 'c18': 0.2563638570850158, 'c19': 8.885709782097532, 'c20': 1.1099097148059545, 'c21': 7.189176246605664}. Best is trial 33 with value: 30.415265074454712.[0m
[32m[I 2025-10-17 21:12:41,130][0m Trial 35 finished with value: 44.61785492607636 and parameters: {'c0': 36.693423878563294, 'c1': 121.87073730246334, 'c2': 16.64506361088617, 'c3': 6.516769333266487, 'c4': 72.14918400928991, 'c5': 25.470095088314213, 'c6': 1.9234707521150756, 'c7': 0.6433785347429861, 'c8': 18.688918459397886, 'c9': 6.296626453598628, 'c10': -13.755468972488394, 'c11': 7.839435162012925, 'c12': 4.453290352469473, 'c13': 1.4943215040223585, 'c14': 8.41366896440172, 'c15': 13.559306053472302, 'c16': 17.587690551314616, 'c17': 1.7149376750220784, 'c18': 0.3548473091034958, 'c19': 7.749583235244026, 'c20': 1.086714730565883, 'c21': 6.721648209283648}. Best is trial 33 with value: 30.415265074454712.[0m
[32m[I 2025-10-17 21:17:26,382][0m Trial 36 finished with value: 87.19176530596512 and parameters: {'c0': 39.955883529602275, 'c1': 124.90516160760839, 'c2': 15.770304223998915, 'c3': 5.770483245415461, 'c4': 71.97672873655861, 'c5': 28.69783157288226, 'c6': 2.1557718229892924, 'c7': 0.8388063096813104, 'c8': 16.16686492888558, 'c9': 5.943265695893763, 'c10': -12.169245751736348, 'c11': 7.516015072105985, 'c12': 4.795500664391642, 'c13': 1.4531643255554958, 'c14': 9.777056878290873, 'c15': 12.520543781006257, 'c16': 11.884950919035877, 'c17': 1.643623856126499, 'c18': 0.29519474797038064, 'c19': 8.90472816371556, 'c20': 1.0959367679353, 'c21': 6.220373416464954}. Best is trial 33 with value: 30.415265074454712.[0m
[32m[I 2025-10-17 21:23:18,652][0m Trial 37 finished with value: 32.54760967695826 and parameters: {'c0': 34.39259886856527, 'c1': 108.4348327535015, 'c2': 13.829385470345088, 'c3': 5.125137752794471, 'c4': 62.526131285267816, 'c5': 24.833018128155143, 'c6': 2.040838863026632, 'c7': 0.7402084177654659, 'c8': 20.68198604064243, 'c9': 5.487011045145836, 'c10': -14.809096978396932, 'c11': 8.255085667541787, 'c12': 4.069866492420074, 'c13': 1.4759175414031687, 'c14': 8.658647031671482, 'c15': 12.376506008332154, 'c16': 14.035636308552414, 'c17': 1.753042779480511, 'c18': 0.26797867406535864, 'c19': 6.326863057645539, 'c20': 0.9499175043655597, 'c21': 8.075781616904461}. Best is trial 33 with value: 30.415265074454712.[0m
[32m[I 2025-10-17 21:29:18,697][0m Trial 38 finished with value: 33.42620761095265 and parameters: {'c0': 37.410785491910666, 'c1': 99.12625625770869, 'c2': 13.523842853901144, 'c3': 4.952194719916504, 'c4': 64.66543404510475, 'c5': 28.06018525231141, 'c6': 2.1467713564625597, 'c7': 0.8209886210730315, 'c8': 20.549770744482835, 'c9': 5.240740760910651, 'c10': -13.620906724974743, 'c11': 9.619462668272687, 'c12': 3.6208418531665525, 'c13': 1.561040294063584, 'c14': 7.914474639984595, 'c15': 12.805589729681294, 'c16': 13.888061825848437, 'c17': 1.6792779928176491, 'c18': 0.24325768523415794, 'c19': 5.825393719943631, 'c20': 0.8746878620653749, 'c21': 7.276481594708977}. Best is trial 33 with value: 30.415265074454712.[0m
[32m[I 2025-10-17 21:34:37,455][0m Trial 39 finished with value: 57.26549804311051 and parameters: {'c0': 40.82266320401801, 'c1': 88.7844601838488, 'c2': 13.958766398233463, 'c3': 4.768499310371563, 'c4': 69.60248881843404, 'c5': 27.352989715702744, 'c6': 2.1307725774212307, 'c7': 0.9364152341272652, 'c8': 21.193011248662003, 'c9': 4.755531459616458, 'c10': -13.716751383781245, 'c11': 9.963394293425704, 'c12': 3.534713481039281, 'c13': 1.5433947571791886, 'c14': 7.862798852786433, 'c15': 14.230619469816956, 'c16': 13.179610717997225, 'c17': 1.6160505083660484, 'c18': 0.30215537754068245, 'c19': 5.930911036806641, 'c20': 0.9326015923164919, 'c21': 7.7935381062418525}. Best is trial 33 with value: 30.415265074454712.[0m
[32m[I 2025-10-17 21:34:37,509][0m A new study created in memory with name: no-name-075874cd-494f-4539-b95d-7fd98b518a8d[0m
[32m[I 2025-10-17 21:40:22,889][0m Trial 0 finished with value: 67.49068166423577 and parameters: {'c0': 36.19109877148222, 'c1': 139.167190651101, 'c2': 10.71735157441903, 'c3': 5.357746005673991, 'c4': 53.0741504152893, 'c5': 19.770264850518167, 'c6': 1.7124318914387664, 'c7': 0.7070809191009458, 'c8': 18.210757602222515, 'c9': 6.20359004172687, 'c10': -12.522163658062894, 'c11': 8.00793904053568, 'c12': 3.7141201216840116, 'c13': 1.894675370677374, 'c14': 6.676013516856232, 'c15': 14.274460163420848, 'c16': 14.818402538830831, 'c17': 1.7681859725817035, 'c18': 0.22852082351110314, 'c19': 6.997153834941496, 'c20': 1.145329932661853, 'c21': 8.957220418558869}. Best is trial 0 with value: 67.49068166423577.[0m
[32m[I 2025-10-17 21:47:00,606][0m Trial 1 finished with value: 74.29853016667255 and parameters: {'c0': 33.83035648653458, 'c1': 137.10694863849034, 'c2': 18.735319525725288, 'c3': 7.511286610471311, 'c4': 50.58896710382491, 'c5': 18.93652889871089, 'c6': 1.6917053476704396, 'c7': 0.9553633948018371, 'c8': 14.744767703763179, 'c9': 5.776558797343591, 'c10': -8.671872634201915, 'c11': 7.35202124909318, 'c12': 5.030143114223646, 'c13': 1.3745208088260128, 'c14': 10.347291755477002, 'c15': 15.54684154840623, 'c16': 11.096104770196893, 'c17': 1.9638819122612254, 'c18': 0.3763554756346059, 'c19': 9.80804641540074, 'c20': 0.8431287529274084, 'c21': 8.207871297904134}. Best is trial 0 with value: 67.49068166423577.[0m
[32m[I 2025-10-17 21:54:01,039][0m Trial 2 finished with value: 56.9727339387345 and parameters: {'c0': 29.040451828990328, 'c1': 119.12304472448693, 'c2': 19.030009610566413, 'c3': 5.32604534387034, 'c4': 58.75312692875645, 'c5': 20.36000286349576, 'c6': 1.5018923810902203, 'c7': 0.8624491603093594, 'c8': 16.060466842911953, 'c9': 5.21220661341357, 'c10': -12.004841539715919, 'c11': 5.282291366384345, 'c12': 4.7121982736997055, 'c13': 1.2184684172913884, 'c14': 9.805910927037003, 'c15': 14.501492019161523, 'c16': 11.880144484120567, 'c17': 1.6203479361462654, 'c18': 0.32504981203978256, 'c19': 8.101336706990425, 'c20': 0.709255153402194, 'c21': 7.147027146656825}. Best is trial 2 with value: 56.9727339387345.[0m
[32m[I 2025-10-17 21:58:47,861][0m Trial 3 finished with value: 83.2268440680211 and parameters: {'c0': 41.81444654503329, 'c1': 124.05225418015604, 'c2': 19.359404982227545, 'c3': 6.391194260101095, 'c4': 83.54494767021377, 'c5': 20.476513071655873, 'c6': 1.6531607133672952, 'c7': 0.9223801281405387, 'c8': 18.221319345264796, 'c9': 4.848723173611822, 'c10': -8.889018690349744, 'c11': 6.552261892267421, 'c12': 5.189264666132397, 'c13': 1.7540330448837214, 'c14': 11.443501582062762, 'c15': 13.911752199499308, 'c16': 17.93080148468835, 'c17': 1.5537467978629156, 'c18': 0.2510915072974953, 'c19': 10.562915870657172, 'c20': 0.9288852547793658, 'c21': 8.942895425632923}. Best is trial 2 with value: 56.9727339387345.[0m
[32m[I 2025-10-17 22:04:19,536][0m Trial 4 finished with value: 34.93750716348795 and parameters: {'c0': 41.80639917540227, 'c1': 131.91056508065398, 'c2': 11.766237727123633, 'c3': 7.7108426928465885, 'c4': 65.28251748257777, 'c5': 27.37554303515484, 'c6': 1.9923340919530954, 'c7': 0.656483943110814, 'c8': 24.094774983471616, 'c9': 6.330066954019644, 'c10': -15.497816364690822, 'c11': 7.714285013996104, 'c12': 4.044034230317912, 'c13': 1.5701028001982698, 'c14': 11.458184215058143, 'c15': 11.846880669534084, 'c16': 19.400933626228234, 'c17': 1.8342889555043942, 'c18': 0.20681700814940676, 'c19': 10.7343655062089, 'c20': 1.0815281779388306, 'c21': 9.078891930666968}. Best is trial 4 with value: 34.93750716348795.[0m
[32m[I 2025-10-17 22:09:10,624][0m Trial 5 finished with value: 86.23770694549488 and parameters: {'c0': 30.615403082990056, 'c1': 96.25899852796506, 'c2': 19.2496107158474, 'c3': 6.792116927357281, 'c4': 49.822047009378686, 'c5': 30.146224923231472, 'c6': 2.4284919320317635, 'c7': 0.9762867957565649, 'c8': 21.86648854206529, 'c9': 4.699679270582926, 'c10': -15.376239768363753, 'c11': 5.165167417765401, 'c12': 3.238535289094128, 'c13': 1.3104451438243077, 'c14': 11.313841729031775, 'c15': 13.254152909036184, 'c16': 16.082599010376583, 'c17': 2.057804130747165, 'c18': 0.22569582832974558, 'c19': 7.4114933619472225, 'c20': 1.0204620901778536, 'c21': 8.962806229889772}. Best is trial 4 with value: 34.93750716348795.[0m
[32m[I 2025-10-17 22:14:24,776][0m Trial 6 finished with value: 113.55324598062595 and parameters: {'c0': 43.466106954006726, 'c1': 102.73760311202776, 'c2': 13.284557729846686, 'c3': 6.753553319449395, 'c4': 54.55873036356939, 'c5': 32.90060010800089, 'c6': 2.061059467664116, 'c7': 0.679377166890484, 'c8': 22.287480192815156, 'c9': 6.221675280679012, 'c10': -14.694037927551514, 'c11': 8.131640716999708, 'c12': 4.3205222399384855, 'c13': 1.3383082586672024, 'c14': 10.990816621499768, 'c15': 11.626876146816665, 'c16': 19.511554324338515, 'c17': 1.7003012738224055, 'c18': 0.2191082276227517, 'c19': 10.625335211551334, 'c20': 1.162444130617957, 'c21': 7.13545877190156}. Best is trial 4 with value: 34.93750716348795.[0m
[32m[I 2025-10-17 22:21:06,754][0m Trial 7 finished with value: 51.66723752971157 and parameters: {'c0': 41.48518893822406, 'c1': 145.0165173624004, 'c2': 14.78775765910785, 'c3': 7.333491507651087, 'c4': 76.96265303664153, 'c5': 27.773526776174347, 'c6': 2.214490084856618, 'c7': 0.677954710556959, 'c8': 23.614212362069768, 'c9': 7.347533031502894, 'c10': -14.879642996487748, 'c11': 6.755399632529977, 'c12': 4.744327197239562, 'c13': 1.8531826350760208, 'c14': 11.817659591431834, 'c15': 14.268966289300737, 'c16': 17.8585448006985, 'c17': 1.9352728614621182, 'c18': 0.21497885833171207, 'c19': 9.31089045534768, 'c20': 0.980576070026922, 'c21': 9.05661175231687}. Best is trial 4 with value: 34.93750716348795.[0m
[32m[I 2025-10-17 22:25:41,908][0m Trial 8 finished with value: 104.2246798953868 and parameters: {'c0': 43.61594102016305, 'c1': 134.79928756089336, 'c2': 10.997180275728052, 'c3': 7.804680744750824, 'c4': 82.08462802044251, 'c5': 21.842495460371197, 'c6': 2.633837121856071, 'c7': 0.673427443843827, 'c8': 23.116369948806966, 'c9': 6.189465604982976, 'c10': -14.910615395368355, 'c11': 7.024798579856439, 'c12': 3.6158368471862405, 'c13': 1.3877588814660524, 'c14': 8.472592159375257, 'c15': 12.802017716446775, 'c16': 20.150225463355397, 'c17': 1.3110981781858473, 'c18': 0.2051716516612187, 'c19': 10.973789622034442, 'c20': 1.0947555567550815, 'c21': 7.577830405375187}. Best is trial 4 with value: 34.93750716348795.[0m
[32m[I 2025-10-17 22:32:35,066][0m Trial 9 finished with value: 79.12954265108519 and parameters: {'c0': 34.40664161943521, 'c1': 128.5230026393806, 'c2': 11.384458599083258, 'c3': 7.806521528892615, 'c4': 57.786527574844634, 'c5': 22.997907818589994, 'c6': 1.9083653311306557, 'c7': 0.6785014457469026, 'c8': 23.39608284971965, 'c9': 6.431341958711669, 'c10': -11.422996899934116, 'c11': 8.56274611984626, 'c12': 4.17168445001529, 'c13': 1.9359444725542532, 'c14': 10.982333865997632, 'c15': 15.118412520163687, 'c16': 17.957128044297857, 'c17': 2.1103707549385358, 'c18': 0.24142659812659392, 'c19': 10.26320767135997, 'c20': 1.021827709211094, 'c21': 6.973899639455419}. Best is trial 4 with value: 34.93750716348795.[0m
[32m[I 2025-10-17 22:37:15,105][0m Trial 10 finished with value: 106.46649452338178 and parameters: {'c0': 37.2720760149009, 'c1': 135.41463563053085, 'c2': 11.351373287037502, 'c3': 6.527773967433024, 'c4': 69.19145582652402, 'c5': 27.67408427141089, 'c6': 1.6067556100887344, 'c7': 0.7749116534160287, 'c8': 21.488250208790227, 'c9': 5.284730353644916, 'c10': -13.56402929434428, 'c11': 5.6389268801555845, 'c12': 4.558001211013801, 'c13': 1.278856435314007, 'c14': 11.455365975140285, 'c15': 10.23742160950248, 'c16': 14.652137354043914, 'c17': 1.946480689321877, 'c18': 0.2490171751369765, 'c19': 9.307486792625205, 'c20': 0.8571315722536308, 'c21': 8.760987358686592}. Best is trial 4 with value: 34.93750716348795.[0m
[32m[I 2025-10-17 22:43:21,627][0m Trial 11 finished with value: 42.25000188838882 and parameters: {'c0': 37.04363728198514, 'c1': 145.66179823180778, 'c2': 17.373135619468815, 'c3': 7.202555039077238, 'c4': 77.19593295323104, 'c5': 30.33264669470994, 'c6': 1.8112157214652533, 'c7': 0.7353063123761302, 'c8': 23.055521274272568, 'c9': 7.2831356298497045, 'c10': -14.158535561303948, 'c11': 5.846707278052636, 'c12': 4.902011362642291, 'c13': 1.6857902735552277, 'c14': 11.35959198604053, 'c15': 14.762212394450586, 'c16': 17.13945745782083, 'c17': 2.1971792738271256, 'c18': 0.21595894792383244, 'c19': 9.789791863604155, 'c20': 1.0017390552460836, 'c21': 8.473073137085274}. Best is trial 4 with value: 34.93750716348795.[0m
[32m[I 2025-10-17 22:49:06,013][0m Trial 12 finished with value: 58.94791735757462 and parameters: {'c0': 33.40354002117909, 'c1': 152.57229512214087, 'c2': 18.080443906559747, 'c3': 7.414541610279326, 'c4': 82.00778164797775, 'c5': 30.791317297588204, 'c6': 1.659793793389947, 'c7': 0.874008232631621, 'c8': 23.620517136310596, 'c9': 7.815114827857667, 'c10': -13.027739499568577, 'c11': 7.269890391166965, 'c12': 4.431915224037461, 'c13': 1.3711922210640841, 'c14': 11.534875277860676, 'c15': 15.143627141370569, 'c16': 18.17519611699338, 'c17': 1.9935317570867268, 'c18': 0.22771194364428532, 'c19': 8.923325917677515, 'c20': 1.0467897083188615, 'c21': 7.46116519261098}. Best is trial 4 with value: 34.93750716348795.[0m
[32m[I 2025-10-17 22:54:25,164][0m Trial 13 finished with value: 101.36311107056491 and parameters: {'c0': 45.97275184049414, 'c1': 130.24460719684748, 'c2': 13.057000183358404, 'c3': 6.657824975585704, 'c4': 70.36213556225381, 'c5': 22.091088072293136, 'c6': 1.694815932668558, 'c7': 0.5771421980654523, 'c8': 24.178990189736602, 'c9': 7.454599931252719, 'c10': -13.424013364927013, 'c11': 9.19004183902191, 'c12': 3.4214906373820964, 'c13': 1.5580088167988915, 'c14': 11.348171170948664, 'c15': 9.156592848017883, 'c16': 19.533641979125616, 'c17': 1.8384125478420268, 'c18': 0.25537348940808396, 'c19': 10.255372281409532, 'c20': 1.0787916640894926, 'c21': 8.492453667930993}. Best is trial 4 with value: 34.93750716348795.[0m
[32m[I 2025-10-17 22:59:22,005][0m Trial 14 finished with value: 134.99498775917837 and parameters: {'c0': 34.230117389064375, 'c1': 129.7130010178244, 'c2': 11.533579085421934, 'c3': 7.227884874942655, 'c4': 76.14691313017906, 'c5': 30.49378127593587, 'c6': 1.781517766946084, 'c7': 0.549012729835821, 'c8': 23.13781707766841, 'c9': 6.081054893421211, 'c10': -13.847849802117892, 'c11': 7.299554219508493, 'c12': 3.6489458639332373, 'c13': 1.3634402482974164, 'c14': 10.45856379328202, 'c15': 14.874185971692441, 'c16': 19.26686329810625, 'c17': 1.7870349903116105, 'c18': 0.23871039772653102, 'c19': 10.68269432154965, 'c20': 1.2242400993846658, 'c21': 8.445627562509287}. Best is trial 4 with value: 34.93750716348795.[0m
[32m[I 2025-10-17 23:06:08,847][0m Trial 15 finished with value: 65.29685496553664 and parameters: {'c0': 39.707789399879275, 'c1': 142.93140813029473, 'c2': 18.623424401343083, 'c3': 7.37584578430354, 'c4': 68.01892389421405, 'c5': 24.9618749514389, 'c6': 1.6859261079568348, 'c7': 0.6462111546915273, 'c8': 22.568236674516825, 'c9': 7.285051535187662, 'c10': -10.703385119843734, 'c11': 6.3536890246833115, 'c12': 4.472937169744458, 'c13': 1.6938002896332802, 'c14': 10.832236349075128, 'c15': 13.232337708016093, 'c16': 18.066025316337953, 'c17': 2.0100453463244374, 'c18': 0.34939503546005557, 'c19': 9.252706200652652, 'c20': 0.9693291180055769, 'c21': 8.020110222939488}. Best is trial 4 with value: 34.93750716348795.[0m
[32m[I 2025-10-17 23:11:05,282][0m Trial 16 finished with value: 79.40625292369593 and parameters: {'c0': 49.28879856953088, 'c1': 116.56974713432172, 'c2': 12.183364787656041, 'c3': 7.448633107725163, 'c4': 78.54737779660063, 'c5': 28.60400988337366, 'c6': 1.9617814949376935, 'c7': 0.818491471223121, 'c8': 21.966500669395725, 'c9': 5.209686689012883, 'c10': -14.81829679955797, 'c11': 7.053975568644769, 'c12': 4.334781337137547, 'c13': 1.7897353275370549, 'c14': 10.995309394922131, 'c15': 11.350345806082537, 'c16': 15.188405746006605, 'c17': 1.8992831055019403, 'c18': 0.26825434479445703, 'c19': 10.61150938778966, 'c20': 1.121614806143122, 'c21': 8.264528074786561}. Best is trial 4 with value: 34.93750716348795.[0m
[32m[I 2025-10-17 23:17:02,827][0m Trial 17 finished with value: 51.732720277823006 and parameters: {'c0': 35.62255397154381, 'c1': 119.47672273631417, 'c2': 19.668682766866816, 'c3': 6.718857832557283, 'c4': 58.98702767017993, 'c5': 30.970332589803625, 'c6': 1.7009809799052746, 'c7': 0.5779423826660759, 'c8': 23.96608787774689, 'c9': 6.721464345417117, 'c10': -15.176354081535049, 'c11': 6.622864929893581, 'c12': 5.30726108332636, 'c13': 1.7257533175185473, 'c14': 9.116324931808673, 'c15': 14.454204826696495, 'c16': 14.843242982943051, 'c17': 2.183828992132985, 'c18': 0.24794993582206334, 'c19': 9.039122404207081, 'c20': 1.1031482379173663, 'c21': 8.755450185104223}. Best is trial 4 with value: 34.93750716348795.[0m
[32m[I 2025-10-17 23:21:43,297][0m Trial 18 finished with value: 115.13674747909614 and parameters: {'c0': 33.37116540778711, 'c1': 103.99509750196196, 'c2': 12.150381310878952, 'c3': 7.0462633998406865, 'c4': 66.9345716035411, 'c5': 28.75041293506529, 'c6': 2.20651323705897, 'c7': 0.7176782056725548, 'c8': 24.617085374151017, 'c9': 5.622180545507444, 'c10': -15.41172243209492, 'c11': 6.741875539101083, 'c12': 3.9888027540924575, 'c13': 1.7765742367600743, 'c14': 10.417846357819355, 'c15': 10.389213744767089, 'c16': 19.135103306757923, 'c17': 1.4115405174252547, 'c18': 0.27435042275018984, 'c19': 9.327795361408356, 'c20': 1.1120071370247273, 'c21': 8.226163786393565}. Best is trial 4 with value: 34.93750716348795.[0m
[32m[I 2025-10-17 23:27:50,369][0m Trial 19 finished with value: 49.329390849558216 and parameters: {'c0': 37.89923039788328, 'c1': 148.49220700128004, 'c2': 10.998262287061854, 'c3': 7.781111605810344, 'c4': 58.78674872505651, 'c5': 26.61047966614476, 'c6': 1.8240655388305955, 'c7': 0.5808299813205233, 'c8': 24.690130746353283, 'c9': 7.19058228108263, 'c10': -15.247799173939752, 'c11': 7.554365665448305, 'c12': 3.9145991878226853, 'c13': 1.2823678684098254, 'c14': 9.795375751660933, 'c15': 10.503749971207924, 'c16': 17.681337272011636, 'c17': 1.5359269940717535, 'c18': 0.21128123614523578, 'c19': 9.332021072322254, 'c20': 0.9519812429264858, 'c21': 7.742876325100756}. Best is trial 4 with value: 34.93750716348795.[0m
[32m[I 2025-10-17 23:33:50,211][0m Trial 20 finished with value: 43.82647606057496 and parameters: {'c0': 37.8883600602944, 'c1': 154.676911873047, 'c2': 15.729380644541735, 'c3': 7.730049091558506, 'c4': 69.44257784492959, 'c5': 26.89985014065814, 'c6': 2.2475118779289778, 'c7': 0.8016859842819477, 'c8': 18.620731405974944, 'c9': 7.19493288198951, 'c10': -13.872283066627544, 'c11': 6.065653373398485, 'c12': 5.512970702394623, 'c13': 1.717134158113934, 'c14': 11.379644948999578, 'c15': 14.563467474346718, 'c16': 13.619923735752531, 'c17': 2.180912914492126, 'c18': 0.2538889732622883, 'c19': 10.379108163033715, 'c20': 1.094821816014894, 'c21': 6.96231001810555}. Best is trial 4 with value: 34.93750716348795.[0m
[32m[I 2025-10-17 23:38:36,343][0m Trial 21 finished with value: 75.52014025884523 and parameters: {'c0': 36.23869648678633, 'c1': 147.7820386463577, 'c2': 13.466044607861749, 'c3': 7.350293787694451, 'c4': 78.1428754535131, 'c5': 26.800086637543277, 'c6': 2.284605988366868, 'c7': 0.7551861858323783, 'c8': 16.30103605656245, 'c9': 7.132031820618753, 'c10': -14.805365059168203, 'c11': 6.211259667521426, 'c12': 5.42809265572436, 'c13': 1.5807837987365216, 'c14': 10.871719736664343, 'c15': 12.10392439486624, 'c16': 11.521873944738626, 'c17': 2.1658042481630684, 'c18': 0.24725956254122408, 'c19': 11.059338750192603, 'c20': 1.0487855665039023, 'c21': 5.364716550809826}. Best is trial 4 with value: 34.93750716348795.[0m
