[32m[I 2025-10-18 23:42:18,409][0m Trial 24 finished with value: 27.844133872131287 and parameters: {'c0': 138.02316737557186, 'c1': 46.87207954513719, 'c2': 4.52059376437031, 'c3': 5.826617877588648, 'c4': 36.72235646303858, 'c5': 40.65342883492621, 'c6': 2.03906303323004, 'c7': 0.3579014237039534, 'c8': 23.479801463291953, 'c9': 6.804105500394813, 'c10': -24.012060805381683, 'c11': 15.235249981618397, 'c12': 6.209868680832267, 'c13': 1.8522002838940668, 'c14': 18.54416687510476, 'c15': 27.060874822832975, 'c16': 16.156320339516768, 'c17': 2.5795989500104772, 'c18': 0.04487714601087989, 'c19': 23.197857564489397, 'c20': 1.808065808767858, 'c21': 24.203812262861774}. Best is trial 0 with value: 20.543176526371937.[0m
[32m[I 2025-10-18 23:42:18,440][0m A new study created in memory with name: no-name-cf5e5fc4-1935-4538-a5df-c817afbe6220[0m
[32m[I 2025-10-18 23:48:16,735][0m Trial 0 finished with value: 26.390129382004943 and parameters: {'c0': 109.1439764465803, 'c1': 65.9451768072937, 'c2': 3.020928375682934, 'c3': 5.835271803530151, 'c4': 28.945944245850725, 'c5': 25.966289358257463, 'c6': 1.5031247801063015, 'c7': 0.3071900911989651, 'c8': 23.603429217980626, 'c9': 7.917327096280338, 'c10': -23.226516621998904, 'c11': 17.55245464261486, 'c12': 3.5973951122201053, 'c13': 3.3842430603486813, 'c14': 11.768546875697805, 'c15': 25.361320576726378, 'c16': 13.542433773669018, 'c17': 2.4432767294615, 'c18': 0.03468354730078879, 'c19': 15.079491041933965, 'c20': 2.2578557263089714, 'c21': 31.687385556044557}. Best is trial 0 with value: 26.390129382004943.[0m
[32m[I 2025-10-18 23:55:22,556][0m Trial 1 finished with value: 37.33034198192132 and parameters: {'c0': 102.72530917901813, 'c1': 65.0508996525331, 'c2': 4.989540200621754, 'c3': 7.9338042020710535, 'c4': 27.748149879703075, 'c5': 25.003401389396195, 'c6': 1.4869923491918482, 'c7': 0.4039895602341988, 'c8': 19.558408128492072, 'c9': 7.4225051597457705, 'c10': -16.728042450006512, 'c11': 16.23757764151663, 'c12': 4.729372913966342, 'c13': 2.5276311722848064, 'c14': 17.42236671835722, 'c15': 27.427419037129436, 'c16': 10.475443947993233, 'c17': 2.6890529826595526, 'c18': 0.0545010077612315, 'c19': 20.456321334390665, 'c20': 1.7102609080126516, 'c21': 29.23520645217717}. Best is trial 0 with value: 26.390129382004943.[0m
[32m[I 2025-10-19 00:02:23,446][0m Trial 2 finished with value: 36.037165599002705 and parameters: {'c0': 89.70194596137458, 'c1': 57.24473206384124, 'c2': 5.061893992659042, 'c3': 5.804380876420648, 'c4': 31.683064699676553, 'c5': 26.647382258528047, 'c6': 1.3392521082597264, 'c7': 0.36776449626503543, 'c8': 21.093909073732686, 'c9': 6.768562751051379, 'c10': -22.353386667965697, 'c11': 12.088520767674906, 'c12': 4.455892508461946, 'c13': 2.2706376869761904, 'c14': 16.58863266952649, 'c15': 25.72997589748435, 'c16': 11.121454013548025, 'c17': 2.2576056382024645, 'c18': 0.04762340535149481, 'c19': 17.191632913209077, 'c20': 1.4676791633910624, 'c21': 25.763687251786756}. Best is trial 0 with value: 26.390129382004943.[0m
[32m[I 2025-10-19 00:08:49,575][0m Trial 3 finished with value: 40.98895742567888 and parameters: {'c0': 124.43340406362805, 'c1': 59.38432507294068, 'c2': 5.142768801297629, 'c3': 6.842322536309313, 'c4': 43.63208394251143, 'c5': 26.781940780856022, 'c6': 1.4569912714931843, 'c7': 0.39113016413365576, 'c8': 23.615755414709234, 'c9': 6.347376756006213, 'c10': -17.09453891187958, 'c11': 14.634350532231107, 'c12': 4.8662413923753105, 'c13': 3.152627503982144, 'c14': 19.110545185483485, 'c15': 24.772353797836548, 'c16': 16.106897041714404, 'c17': 2.173960682395954, 'c18': 0.03770918186668412, 'c19': 21.900277244370667, 'c20': 1.8656534716373732, 'c21': 31.64050827635233}. Best is trial 0 with value: 26.390129382004943.[0m
[32m[I 2025-10-19 00:15:18,109][0m Trial 4 finished with value: 25.501851308762916 and parameters: {'c0': 124.41152391670565, 'c1': 62.795335949481526, 'c2': 3.278456180205085, 'c3': 8.128262993912514, 'c4': 34.83006282398652, 'c5': 34.749682767112716, 'c6': 1.7209856527666603, 'c7': 0.28746352613710546, 'c8': 30.470435497672774, 'c9': 8.063882065011038, 'c10': -28.248786922868256, 'c11': 16.963784948311215, 'c12': 3.8811708893710692, 'c13': 2.84972362554403, 'c14': 19.133156645682412, 'c15': 21.41940637237553, 'c16': 17.318213438402495, 'c17': 2.5262960475656957, 'c18': 0.03177411776858518, 'c19': 22.228235559275248, 'c20': 2.1422456207652383, 'c21': 32.08554488032152}. Best is trial 4 with value: 25.501851308762916.[0m
[32m[I 2025-10-19 00:21:43,377][0m Trial 5 finished with value: 32.5871870637232 and parameters: {'c0': 128.9241350814957, 'c1': 50.13239962182986, 'c2': 3.651241745020767, 'c3': 7.19542580459841, 'c4': 29.661473555074135, 'c5': 41.13061304987572, 'c6': 1.7744778021631333, 'c7': 0.2963890529996881, 'c8': 28.361212517427568, 'c9': 7.938283344982733, 'c10': -26.892179492057387, 'c11': 17.80043158652751, 'c12': 4.118992182094465, 'c13': 2.467994857930977, 'c14': 18.413404013893594, 'c15': 21.062162065729698, 'c16': 17.409359439260424, 'c17': 2.358019738755092, 'c18': 0.03342177447440369, 'c19': 22.019676400812312, 'c20': 2.288867008688131, 'c21': 25.72583076265685}. Best is trial 4 with value: 25.501851308762916.[0m
[32m[I 2025-10-19 00:28:03,369][0m Trial 6 finished with value: 27.74114304167168 and parameters: {'c0': 123.53817927060533, 'c1': 68.48415971154846, 'c2': 4.020314953340167, 'c3': 7.760550545864619, 'c4': 40.45958741396723, 'c5': 35.20931720556939, 'c6': 1.8938999720958938, 'c7': 0.29583447089548476, 'c8': 29.909589680074042, 'c9': 9.242869648333185, 'c10': -27.205441460879545, 'c11': 15.04156793997803, 'c12': 4.483528217296283, 'c13': 3.3159111198233435, 'c14': 19.686753753771004, 'c15': 25.352399599891008, 'c16': 16.047361096873736, 'c17': 2.6531226239384047, 'c18': 0.03286822622657219, 'c19': 19.505334005784906, 'c20': 1.9593183031510932, 'c21': 32.01263495586226}. Best is trial 4 with value: 25.501851308762916.[0m
[32m[I 2025-10-19 00:33:58,940][0m Trial 7 finished with value: 27.944155327126246 and parameters: {'c0': 129.33152178445584, 'c1': 64.04922675682795, 'c2': 3.089633326076814, 'c3': 8.219704126574852, 'c4': 42.92824747250067, 'c5': 28.3595241931093, 'c6': 2.220297232497423, 'c7': 0.29406939660751924, 'c8': 29.328577294035338, 'c9': 7.9009604223331715, 'c10': -27.257716297488763, 'c11': 15.581615007737266, 'c12': 3.51285670700599, 'c13': 2.5494321738143317, 'c14': 14.535303116376577, 'c15': 22.970362088473898, 'c16': 17.935592966793717, 'c17': 1.8692161451021647, 'c18': 0.031553555223338615, 'c19': 22.68621920748179, 'c20': 2.1662139060836028, 'c21': 27.173453033568308}. Best is trial 4 with value: 25.501851308762916.[0m
[32m[I 2025-10-19 00:40:21,280][0m Trial 8 finished with value: 31.96845957411951 and parameters: {'c0': 104.2921818287424, 'c1': 61.324916608931815, 'c2': 3.1847198481893564, 'c3': 8.22149789129499, 'c4': 31.217188699666192, 'c5': 29.69391868142527, 'c6': 1.6556288693066845, 'c7': 0.29604763002377205, 'c8': 29.655019267711243, 'c9': 8.181234353873714, 'c10': -21.37135639017577, 'c11': 18.66464138026629, 'c12': 3.990969286439052, 'c13': 3.452206711674988, 'c14': 18.400340451760414, 'c15': 26.73173410642443, 'c16': 16.12858882874654, 'c17': 2.8730296096018835, 'c18': 0.0364135860601739, 'c19': 21.326978877837018, 'c20': 2.0340671306815876, 'c21': 25.19714270831281}. Best is trial 4 with value: 25.501851308762916.[0m
[32m[I 2025-10-19 00:46:40,114][0m Trial 9 finished with value: 46.699764578103114 and parameters: {'c0': 112.08306611068777, 'c1': 64.3163272807152, 'c2': 3.176596575943743, 'c3': 6.975413567971686, 'c4': 36.71407045609895, 'c5': 35.094470303234665, 'c6': 1.42087202599392, 'c7': 0.3336356913059987, 'c8': 27.42846249926696, 'c9': 6.852599547089176, 'c10': -24.9849647201044, 'c11': 12.803445474628464, 'c12': 4.323259831795653, 'c13': 2.370087154362718, 'c14': 19.12881651678634, 'c15': 18.80595970830691, 'c16': 13.405439459457362, 'c17': 2.667198633601003, 'c18': 0.03743111447867712, 'c19': 19.498823292085376, 'c20': 1.7356343076509888, 'c21': 31.045230123225316}. Best is trial 4 with value: 25.501851308762916.[0m
[32m[I 2025-10-19 00:52:42,635][0m Trial 10 finished with value: 32.370783461050145 and parameters: {'c0': 140.85625115708598, 'c1': 70.90451604608023, 'c2': 3.3778072118996025, 'c3': 7.533120723376911, 'c4': 31.280134758139983, 'c5': 31.8559970625902, 'c6': 1.8043451741943957, 'c7': 0.3501913015821109, 'c8': 30.93239879716752, 'c9': 8.887148785677429, 'c10': -25.08975711456352, 'c11': 17.313120080657217, 'c12': 3.7237166151677754, 'c13': 2.4974376122025355, 'c14': 17.172146140128305, 'c15': 20.326026267649837, 'c16': 17.891434896936776, 'c17': 2.006118772836731, 'c18': 0.03298234105588087, 'c19': 19.005555066475125, 'c20': 1.8952299441253608, 'c21': 32.050524463383866}. Best is trial 4 with value: 25.501851308762916.[0m
[32m[I 2025-10-19 00:58:36,548][0m Trial 11 finished with value: 29.00405820546113 and parameters: {'c0': 112.22924111411449, 'c1': 71.66023679729523, 'c2': 3.0980847056323935, 'c3': 5.170232452398181, 'c4': 37.00909546684888, 'c5': 28.621713950172282, 'c6': 1.3860309541676303, 'c7': 0.2898620169443445, 'c8': 21.38782989928047, 'c9': 8.149691062056048, 'c10': -21.53210637329667, 'c11': 16.85060536500089, 'c12': 3.491070608520207, 'c13': 3.33330994767241, 'c14': 13.006312143243276, 'c15': 22.489599886595528, 'c16': 12.762448929364938, 'c17': 2.57666784532086, 'c18': 0.03371476248691109, 'c19': 15.113956436267937, 'c20': 2.284960922455639, 'c21': 30.700898812300284}. Best is trial 4 with value: 25.501851308762916.[0m
[32m[I 2025-10-19 01:04:27,418][0m Trial 12 finished with value: 49.59331111339976 and parameters: {'c0': 122.11669585331896, 'c1': 54.85411949554375, 'c2': 3.668561510209263, 'c3': 6.917117167080536, 'c4': 34.32866445384964, 'c5': 26.21037871005944, 'c6': 1.507242126076755, 'c7': 0.27146078696865195, 'c8': 24.32776433331641, 'c9': 8.54708433004042, 'c10': -23.452354653043923, 'c11': 13.226807450577208, 'c12': 3.9002689200554417, 'c13': 3.2509240631226524, 'c14': 13.93519783280826, 'c15': 28.455934536312707, 'c16': 16.354501164859442, 'c17': 2.630539437447716, 'c18': 0.03769229203639597, 'c19': 16.61277999685541, 'c20': 2.376970109307827, 'c21': 31.400782619533537}. Best is trial 4 with value: 25.501851308762916.[0m
[32m[I 2025-10-19 01:10:31,157][0m Trial 13 finished with value: 31.50983122018078 and parameters: {'c0': 96.38664847810297, 'c1': 67.35663628692618, 'c2': 3.070819461048048, 'c3': 6.675661865717327, 'c4': 29.020077177204396, 'c5': 25.638963456289776, 'c6': 1.5361706817175969, 'c7': 0.3426945526606986, 'c8': 24.06512996831817, 'c9': 9.034529775016567, 'c10': -24.260655592787998, 'c11': 20.15398423990462, 'c12': 4.062819173117405, 'c13': 2.6079597631437763, 'c14': 12.555663395684121, 'c15': 23.984714174298865, 'c16': 14.319430740753502, 'c17': 2.5917064520411857, 'c18': 0.03263329483529924, 'c19': 13.941187998119709, 'c20': 2.285711971060062, 'c21': 29.249381178295298}. Best is trial 4 with value: 25.501851308762916.[0m
[32m[I 2025-10-19 01:16:16,473][0m Trial 14 finished with value: 53.06279534633129 and parameters: {'c0': 95.97880356000641, 'c1': 62.91919713172861, 'c2': 3.126657950887232, 'c3': 8.164273233999014, 'c4': 37.877831087973064, 'c5': 30.40416055912252, 'c6': 1.6325438215848598, 'c7': 0.3370988716046874, 'c8': 31.766568391764427, 'c9': 8.91012772246112, 'c10': -24.81491740324225, 'c11': 20.233744950217233, 'c12': 3.124452168810202, 'c13': 3.1229281221687692, 'c14': 17.86084488902611, 'c15': 20.13494806739331, 'c16': 15.183751965706659, 'c17': 2.7940362848788265, 'c18': 0.03205007686630187, 'c19': 22.67655083949594, 'c20': 2.377104461072235, 'c21': 31.26843926479038}. Best is trial 4 with value: 25.501851308762916.[0m
[32m[I 2025-10-19 01:22:27,799][0m Trial 15 finished with value: 35.39279684929544 and parameters: {'c0': 112.0806131013791, 'c1': 66.93220797415626, 'c2': 3.212179839797178, 'c3': 5.352023574173225, 'c4': 26.36593983679312, 'c5': 30.277206124395573, 'c6': 2.0025637428196976, 'c7': 0.2959847875926184, 'c8': 25.46436211572223, 'c9': 9.16216793080781, 'c10': -20.050900600636897, 'c11': 20.15546896147162, 'c12': 3.6528722885279366, 'c13': 3.4221054291052764, 'c14': 14.028806996974113, 'c15': 27.813664152950942, 'c16': 13.294895797612869, 'c17': 1.7904223353665372, 'c18': 0.03280669388663459, 'c19': 13.926130010490017, 'c20': 1.9702314803068464, 'c21': 32.04632123286754}. Best is trial 4 with value: 25.501851308762916.[0m
[32m[I 2025-10-19 01:28:57,649][0m Trial 16 finished with value: 44.80012036031636 and parameters: {'c0': 111.33816783404242, 'c1': 62.53061153459094, 'c2': 3.356830119693223, 'c3': 5.3154250626975115, 'c4': 27.68960268708517, 'c5': 29.431857456874127, 'c6': 1.547571409858605, 'c7': 0.29943113539712984, 'c8': 21.48077352098111, 'c9': 8.591200649131125, 'c10': -26.9052443263175, 'c11': 14.396385840027499, 'c12': 3.805779940577761, 'c13': 2.9757069186264573, 'c14': 11.949166520594229, 'c15': 26.532191579639314, 'c16': 17.265811061671528, 'c17': 2.1315648439426775, 'c18': 0.031916204495478794, 'c19': 16.2336771881409, 'c20': 1.805866752398697, 'c21': 30.818816526922156}. Best is trial 4 with value: 25.501851308762916.[0m
[32m[I 2025-10-19 01:34:38,841][0m Trial 17 finished with value: 62.65142722210203 and parameters: {'c0': 102.74720105009355, 'c1': 70.4960144340073, 'c2': 3.1879269391802803, 'c3': 6.873495731662068, 'c4': 34.84925849823393, 'c5': 39.697256896499105, 'c6': 1.9225159865780932, 'c7': 0.29155170983284645, 'c8': 28.173340627144714, 'c9': 7.319822940526584, 'c10': -27.917488548917078, 'c11': 15.401447296740288, 'c12': 3.179488615907606, 'c13': 2.7018917036218406, 'c14': 18.394790691431535, 'c15': 21.981075587333695, 'c16': 16.09793850495536, 'c17': 2.694640113341212, 'c18': 0.03701261276627209, 'c19': 20.62127900439141, 'c20': 2.354849450848141, 'c21': 31.14886930565812}. Best is trial 4 with value: 25.501851308762916.[0m
[32m[I 2025-10-19 01:41:02,557][0m Trial 18 finished with value: 24.391760255515536 and parameters: {'c0': 133.45116091227425, 'c1': 50.17725559212034, 'c2': 3.054485249745693, 'c3': 5.832958068001661, 'c4': 26.607895181247063, 'c5': 31.61160871354705, 'c6': 1.370537086172402, 'c7': 0.32623604941336, 'c8': 23.221057207659534, 'c9': 6.777282887585587, 'c10': -20.7169756306046, 'c11': 15.970741042174343, 'c12': 3.827721033851619, 'c13': 2.928340963326664, 'c14': 12.267328491340677, 'c15': 26.59816585399248, 'c16': 12.372155894510305, 'c17': 2.221068722256132, 'c18': 0.036687312447260166, 'c19': 16.027234807091965, 'c20': 2.064998612104459, 'c21': 28.895892854664154}. Best is trial 18 with value: 24.391760255515536.[0m
[32m[I 2025-10-19 01:47:23,633][0m Trial 19 finished with value: 21.359265189802212 and parameters: {'c0': 113.05972576726613, 'c1': 63.995452044812126, 'c2': 3.9178561867568975, 'c3': 8.106760828122395, 'c4': 38.379370486396105, 'c5': 38.076322319162486, 'c6': 1.591050271978572, 'c7': 0.3232553834374404, 'c8': 30.00541752519706, 'c9': 7.452866981033832, 'c10': -23.537248440542992, 'c11': 19.64966316873292, 'c12': 4.225345365444988, 'c13': 2.660520756459037, 'c14': 19.191906305629573, 'c15': 25.35523327255357, 'c16': 17.744582200996852, 'c17': 2.281776865644277, 'c18': 0.0385275177087821, 'c19': 22.69514543986967, 'c20': 1.764062715636893, 'c21': 29.617400783416368}. Best is trial 19 with value: 21.359265189802212.[0m
[32m[I 2025-10-19 01:53:24,168][0m Trial 20 finished with value: 30.526535719375268 and parameters: {'c0': 135.74036835721856, 'c1': 55.331075138215084, 'c2': 3.0803890115323163, 'c3': 6.676214822191516, 'c4': 27.564432253277275, 'c5': 31.241258429859542, 'c6': 1.3518035290466437, 'c7': 0.2988534403651927, 'c8': 22.939645756775175, 'c9': 6.042179665792716, 'c10': -21.010578085746566, 'c11': 13.263437471046228, 'c12': 3.1830938354291085, 'c13': 2.8802843919416214, 'c14': 13.96517603048886, 'c15': 21.510258752429827, 'c16': 13.370829544364986, 'c17': 2.6248606618894352, 'c18': 0.03252795098920993, 'c19': 15.957783527456549, 'c20': 2.076981505816217, 'c21': 26.139704470205032}. Best is trial 19 with value: 21.359265189802212.[0m
[32m[I 2025-10-19 01:59:49,170][0m Trial 21 finished with value: 23.8692304185241 and parameters: {'c0': 132.68194869635477, 'c1': 52.86415786121076, 'c2': 3.2548940736918905, 'c3': 5.855408769416621, 'c4': 28.42115575993016, 'c5': 33.24293586445539, 'c6': 1.5406716430687308, 'c7': 0.31295066983468656, 'c8': 24.35959886190039, 'c9': 6.452226285281284, 'c10': -19.907245404622767, 'c11': 17.786568405787616, 'c12': 4.427455133882435, 'c13': 2.9789284176622584, 'c14': 12.367615226598685, 'c15': 27.25925802408952, 'c16': 13.236767635422693, 'c17': 2.2253428998504012, 'c18': 0.03699747867927717, 'c19': 21.750055762141617, 'c20': 1.9544069589165765, 'c21': 29.15236140080617}. Best is trial 19 with value: 21.359265189802212.[0m
[32m[I 2025-10-19 02:06:07,057][0m Trial 22 finished with value: 39.08188494022447 and parameters: {'c0': 133.35615133631123, 'c1': 44.19699323426052, 'c2': 3.440223389543175, 'c3': 5.7120473688257025, 'c4': 27.916377012827073, 'c5': 37.944357955183655, 'c6': 1.4969403699043107, 'c7': 0.30981323241292114, 'c8': 25.553316179040596, 'c9': 7.000545424224951, 'c10': -20.833100143188034, 'c11': 18.461853622464236, 'c12': 4.110068590594076, 'c13': 3.1044577281614103, 'c14': 12.061886411984922, 'c15': 26.599407727868517, 'c16': 12.80842223221341, 'c17': 1.8928573969264795, 'c18': 0.032813913675645665, 'c19': 20.391385730522625, 'c20': 2.0341135055792017, 'c21': 30.459792161602397}. Best is trial 19 with value: 21.359265189802212.[0m
[32m[I 2025-10-19 02:12:36,811][0m Trial 23 finished with value: 19.570954119913065 and parameters: {'c0': 122.2347520125792, 'c1': 55.94280416777195, 'c2': 3.3952836814682446, 'c3': 7.645447345950027, 'c4': 40.03712643850853, 'c5': 37.84751939048206, 'c6': 1.8815417657659617, 'c7': 0.28642428128147585, 'c8': 28.58030582818241, 'c9': 6.976680478774608, 'c10': -20.419448030219396, 'c11': 20.108710077151418, 'c12': 4.175761338565615, 'c13': 2.9168313881501673, 'c14': 18.379406555547163, 'c15': 27.109486796227024, 'c16': 17.562726969729216, 'c17': 2.072483840570336, 'c18': 0.037649923027994366, 'c19': 21.756615871781754, 'c20': 1.749891425981057, 'c21': 31.456231491724665}. Best is trial 23 with value: 19.570954119913065.[0m
[32m[I 2025-10-19 02:18:53,046][0m Trial 24 finished with value: 25.908957896015327 and parameters: {'c0': 114.36456523447929, 'c1': 69.80015515636661, 'c2': 3.9262634869703508, 'c3': 7.779255386135083, 'c4': 38.16603272354445, 'c5': 37.419419628090495, 'c6': 1.4918450721904466, 'c7': 0.37698506273954013, 'c8': 31.769834111344878, 'c9': 7.498987572196601, 'c10': -23.850407532700626, 'c11': 19.75552409941597, 'c12': 4.075299987307506, 'c13': 2.8315426206575505, 'c14': 18.07667277409866, 'c15': 28.73907190942659, 'c16': 17.057022323710395, 'c17': 2.3440873717001947, 'c18': 0.03893919594502537, 'c19': 21.500968122313186, 'c20': 1.8710392316999982, 'c21': 28.672912820024948}. Best is trial 23 with value: 19.570954119913065.[0m
[32m[I 2025-10-19 02:18:53,102][0m A new study created in memory with name: no-name-b4496353-ebc1-43ef-9c8d-2c82fb9bd0f9[0m
[32m[I 2025-10-19 02:25:01,737][0m Trial 0 finished with value: 22.358278155186987 and parameters: {'c0': 116.78922430641401, 'c1': 62.56023407813997, 'c2': 2.4840514931182684, 'c3': 6.834074723375853, 'c4': 32.44400814813751, 'c5': 29.563914892091283, 'c6': 1.5646099778609144, 'c7': 0.2626750302304212, 'c8': 26.99626721864024, 'c9': 7.122075710145198, 'c10': -21.30531229052366, 'c11': 22.108356722794714, 'c12': 3.513170136793193, 'c13': 3.5089658909119654, 'c14': 13.715831820701641, 'c15': 29.590592413743252, 'c16': 16.78297841720357, 'c17': 2.137787321423777, 'c18': 0.03038080219935592, 'c19': 18.23019086213914, 'c20': 2.0324387731475024, 'c21': 39.36442981988819}. Best is trial 0 with value: 22.358278155186987.[0m
[32m[I 2025-10-19 02:32:15,075][0m Trial 1 finished with value: 43.96514973767678 and parameters: {'c0': 109.99049612892448, 'c1': 61.719199744528154, 'c2': 4.0813964513495335, 'c3': 9.26520355826735, 'c4': 31.11749181068184, 'c5': 28.48119767808377, 'c6': 1.5480130287869724, 'c7': 0.344574006251514, 'c8': 22.417188941214523, 'c9': 6.681174547884753, 'c10': -15.399640687531003, 'c11': 20.46676552328984, 'c12': 4.605932393529068, 'c13': 2.627927599041105, 'c14': 20.21973279718418, 'c15': 31.979867277767625, 'c16': 13.020576648702736, 'c17': 2.3508164735700188, 'c18': 0.04753162840821495, 'c19': 24.655396549721026, 'c20': 1.5436201444418556, 'c21': 36.34170239144077}. Best is trial 0 with value: 22.358278155186987.[0m
[32m[I 2025-10-19 02:39:39,126][0m Trial 2 finished with value: 44.72766513904448 and parameters: {'c0': 96.19599599632878, 'c1': 54.37779006960998, 'c2': 4.140104807895786, 'c3': 6.7982878926913894, 'c4': 35.4752755360962, 'c5': 30.329768274113874, 'c6': 1.3960187467147296, 'c7': 0.31392512279231666, 'c8': 24.15541943934203, 'c9': 6.098492280271481, 'c10': -20.511830830294162, 'c11': 15.2867713149685, 'c12': 4.34192627553717, 'c13': 2.3636059097519193, 'c14': 19.26064251040095, 'c15': 30.016912314879054, 'c16': 13.813063598859845, 'c17': 1.9768549504794337, 'c18': 0.041579475058471926, 'c19': 20.75415855800184, 'c20': 1.3270759555763165, 'c21': 32.0624650841607}. Best is trial 0 with value: 22.358278155186987.[0m
