[32m[I 2025-10-18 10:51:36,034][0m Trial 6 finished with value: 26.400363892095974 and parameters: {'c0': 70.82970020378201, 'c1': 119.89817696349327, 'c2': 8.344010745478068, 'c3': 8.096356673941994, 'c4': 54.1248600107792, 'c5': 43.8914991051739, 'c6': 1.5268872312495083, 'c7': 0.50252106023687, 'c8': 35.49543185607899, 'c9': 7.630624243872002, 'c10': -23.942248531248364, 'c11': 7.0372675783328225, 'c12': 6.530881656724972, 'c13': 2.2828917160234776, 'c14': 13.009478125543385, 'c15': 17.340407401752284, 'c16': 13.574736160080068, 'c17': 1.8324428937199444, 'c18': 0.09530878809836225, 'c19': 17.182091104349343, 'c20': 1.3760599110841454, 'c21': 15.233739146193818}. Best is trial 4 with value: 24.490728916091637.[0m
[32m[I 2025-10-18 10:56:21,511][0m Trial 7 finished with value: 102.02349961220226 and parameters: {'c0': 74.22667584469795, 'c1': 111.97011170667213, 'c2': 6.363430617253557, 'c3': 8.585257858838771, 'c4': 57.49895508148685, 'c5': 35.15415006014305, 'c6': 1.7962132920060252, 'c7': 0.49943899544705744, 'c8': 34.79179711274366, 'c9': 6.5000266661931985, 'c10': -23.989174153255064, 'c11': 7.2965281395012305, 'c12': 5.08378766899854, 'c13': 1.7442500227734492, 'c14': 9.538334246090926, 'c15': 15.674549551652705, 'c16': 15.206619614337876, 'c17': 1.2791702442301642, 'c18': 0.09137280961938762, 'c19': 20.047668051598045, 'c20': 1.5249046975846148, 'c21': 12.886471499164273}. Best is trial 4 with value: 24.490728916091637.[0m
[32m[I 2025-10-18 11:02:35,375][0m Trial 8 finished with value: 56.60421487642252 and parameters: {'c0': 59.54464596456952, 'c1': 107.10002486367907, 'c2': 6.565783893219529, 'c3': 8.587167837839141, 'c4': 41.49260963850086, 'c5': 36.85625556712313, 'c6': 1.3302782970097278, 'c7': 0.5028932656723017, 'c8': 35.18713449260121, 'c9': 6.736165610576794, 'c10': -18.705157637414963, 'c11': 8.776597554108665, 'c12': 5.796566226748777, 'c13': 2.3786731967278696, 'c14': 12.142668759787952, 'c15': 18.30503335940773, 'c16': 13.644936326585965, 'c17': 1.987650847581952, 'c18': 0.10592320035127942, 'c19': 18.82316370534784, 'c20': 1.4298356951860733, 'c21': 11.92785300507723}. Best is trial 4 with value: 24.490728916091637.[0m
[32m[I 2025-10-18 11:07:32,016][0m Trial 9 finished with value: 60.515098211336095 and parameters: {'c0': 64.11289720531536, 'c1': 112.44759139015986, 'c2': 6.548496787603048, 'c3': 7.2603523065049105, 'c4': 49.00559287591783, 'c5': 43.7450045365623, 'c6': 1.1365691471005597, 'c7': 0.5685272398257653, 'c8': 32.49066409380757, 'c9': 5.61675211742422, 'c10': -21.948990226278266, 'c11': 5.962811441133983, 'c12': 6.291950757216832, 'c13': 1.6182156346713645, 'c14': 12.633529570155986, 'c15': 12.762209858123933, 'c16': 11.291484682215664, 'c17': 1.8423775879347841, 'c18': 0.108969567044637, 'c19': 17.176225771303827, 'c20': 1.2151372231107047, 'c21': 14.764494943001658}. Best is trial 4 with value: 24.490728916091637.[0m
[32m[I 2025-10-18 11:13:32,990][0m Trial 10 finished with value: 30.664117160340716 and parameters: {'c0': 80.98429890140078, 'c1': 124.22490369439096, 'c2': 6.976692397667269, 'c3': 7.854192146937519, 'c4': 41.578642539176165, 'c5': 39.61412481143313, 'c6': 1.4529912649935874, 'c7': 0.5974356341374177, 'c8': 36.73410429728777, 'c9': 7.330919064224918, 'c10': -22.04305935419015, 'c11': 8.127772310002504, 'c12': 5.3981412913297575, 'c13': 1.7077109386248264, 'c14': 11.315088439663514, 'c15': 13.825255590367174, 'c16': 15.168456492149627, 'c17': 1.3757946268749714, 'c18': 0.0956504351805494, 'c19': 16.731853225144363, 'c20': 1.3299534787523652, 'c21': 15.252117627638713}. Best is trial 4 with value: 24.490728916091637.[0m
[32m[I 2025-10-18 11:20:03,519][0m Trial 11 finished with value: 48.853804941244604 and parameters: {'c0': 70.63517868156796, 'c1': 98.17935501617742, 'c2': 7.564452983162384, 'c3': 7.421053715243443, 'c4': 56.525303234193025, 'c5': 42.22430719360886, 'c6': 1.3347696379256901, 'c7': 0.48528523491188813, 'c8': 32.862007194572676, 'c9': 8.140812485815824, 'c10': -23.61015356975564, 'c11': 6.737427753478546, 'c12': 7.276243987664482, 'c13': 2.2924249820771547, 'c14': 10.424049886602992, 'c15': 18.407057447608324, 'c16': 13.105318139803316, 'c17': 1.8506308564473202, 'c18': 0.09092944234950809, 'c19': 15.798801463124393, 'c20': 1.4121069483415294, 'c21': 14.945750573089919}. Best is trial 4 with value: 24.490728916091637.[0m
[32m[I 2025-10-18 11:25:13,576][0m Trial 12 finished with value: 85.37074202320846 and parameters: {'c0': 78.3351942982202, 'c1': 123.21842975024502, 'c2': 7.942713730696699, 'c3': 7.711276260207943, 'c4': 57.19373191168596, 'c5': 52.40516061333878, 'c6': 1.6058556806806714, 'c7': 0.5744086604824223, 'c8': 32.96990136227344, 'c9': 7.4159738885841335, 'c10': -23.582920440440542, 'c11': 7.133612649917136, 'c12': 6.236252498178592, 'c13': 2.3955283177243265, 'c14': 11.988520866539629, 'c15': 14.688143572871734, 'c16': 11.279453757649359, 'c17': 1.8183451811106177, 'c18': 0.09423250033819094, 'c19': 16.5506145551306, 'c20': 1.1477633600875075, 'c21': 14.048799660718561}. Best is trial 4 with value: 24.490728916091637.[0m
[32m[I 2025-10-18 11:30:03,555][0m Trial 13 finished with value: 134.3577018353206 and parameters: {'c0': 82.7248130400789, 'c1': 110.75031788080817, 'c2': 7.674670952176108, 'c3': 8.541542658174071, 'c4': 50.05750369122718, 'c5': 46.36008963120126, 'c6': 1.3320250278182741, 'c7': 0.4444382400995327, 'c8': 37.334172144774605, 'c9': 6.008130896458658, 'c10': -24.699561098477773, 'c11': 9.028592188511725, 'c12': 5.263738413847556, 'c13': 2.193936913806474, 'c14': 13.08898883130803, 'c15': 14.969180790353077, 'c16': 13.893222574674207, 'c17': 1.6956891311984394, 'c18': 0.10461924799896877, 'c19': 15.054622513944903, 'c20': 1.6123443765345449, 'c21': 13.278220993919811}. Best is trial 4 with value: 24.490728916091637.[0m
[32m[I 2025-10-18 11:36:12,580][0m Trial 14 finished with value: 31.70957289196845 and parameters: {'c0': 64.23004610168374, 'c1': 130.83505441047265, 'c2': 10.054658919215122, 'c3': 8.400302942415586, 'c4': 55.448908076206, 'c5': 36.97000964057539, 'c6': 1.1916351294797123, 'c7': 0.576485821732543, 'c8': 36.58784303678804, 'c9': 7.174644203152414, 'c10': -21.58024929315064, 'c11': 5.516302184967806, 'c12': 5.3422879821877896, 'c13': 2.199268455661235, 'c14': 11.337451747381934, 'c15': 18.499377088170252, 'c16': 14.17438921001401, 'c17': 1.6589329746843522, 'c18': 0.09789174034046538, 'c19': 16.479751629212743, 'c20': 1.239289137326177, 'c21': 14.775076786611253}. Best is trial 4 with value: 24.490728916091637.[0m
[32m[I 2025-10-18 11:41:42,026][0m Trial 15 finished with value: 30.178676269959816 and parameters: {'c0': 58.53135126745974, 'c1': 119.83702313210212, 'c2': 8.072130888735748, 'c3': 8.435929379937388, 'c4': 43.20501568315097, 'c5': 49.62706090799182, 'c6': 1.6319733937864611, 'c7': 0.44227078648005236, 'c8': 35.19337448725501, 'c9': 6.26611726092725, 'c10': -22.59277792753422, 'c11': 7.349211066571244, 'c12': 6.19732577262643, 'c13': 1.5713414264056536, 'c14': 10.859435827488241, 'c15': 17.755093010860314, 'c16': 12.681693271993597, 'c17': 1.879720719277545, 'c18': 0.09758226181518687, 'c19': 18.703110763912832, 'c20': 1.4755771058818075, 'c21': 14.625220896673612}. Best is trial 4 with value: 24.490728916091637.[0m
[32m[I 2025-10-18 11:48:16,191][0m Trial 16 finished with value: 66.14277152674013 and parameters: {'c0': 71.72065321560851, 'c1': 103.61770295521843, 'c2': 9.306353513489828, 'c3': 7.372358392199596, 'c4': 52.57743613727121, 'c5': 37.13886683970563, 'c6': 1.7986362100284825, 'c7': 0.5057088303085792, 'c8': 37.73626781028915, 'c9': 6.387159260690905, 'c10': -21.874897666322756, 'c11': 7.885203281888052, 'c12': 7.162469648641934, 'c13': 2.332320094776499, 'c14': 11.907388046217946, 'c15': 18.43681914921485, 'c16': 13.165630649197528, 'c17': 1.6919344101791607, 'c18': 0.1121137789450537, 'c19': 14.25529179746122, 'c20': 1.1998581099893804, 'c21': 14.351767843834432}. Best is trial 4 with value: 24.490728916091637.[0m
[32m[I 2025-10-18 11:53:52,967][0m Trial 17 finished with value: 60.68680866309211 and parameters: {'c0': 66.21727625648009, 'c1': 107.6356320514013, 'c2': 7.224988128262314, 'c3': 7.982774706637444, 'c4': 50.7496390875941, 'c5': 45.48961809325206, 'c6': 1.4573511077729566, 'c7': 0.608410686518494, 'c8': 36.63748490679525, 'c9': 5.443810510503393, 'c10': -21.914540039398155, 'c11': 8.14062390188837, 'c12': 6.412720271965633, 'c13': 2.1184050814068742, 'c14': 11.72074466421601, 'c15': 13.123344063497148, 'c16': 12.427488772439336, 'c17': 1.419485042872857, 'c18': 0.09591800535591395, 'c19': 20.171473528760323, 'c20': 1.250767580332389, 'c21': 13.736115826613439}. Best is trial 4 with value: 24.490728916091637.[0m
[32m[I 2025-10-18 11:59:12,950][0m Trial 18 finished with value: 30.919303964040477 and parameters: {'c0': 70.3080967336589, 'c1': 128.63689699596722, 'c2': 7.275711665316087, 'c3': 8.344787245516898, 'c4': 48.77167725637824, 'c5': 40.70539348088616, 'c6': 1.6184477259637022, 'c7': 0.4524515880597882, 'c8': 35.560993021910036, 'c9': 7.560405342706239, 'c10': -21.433522060656248, 'c11': 6.929937451157479, 'c12': 6.433309000212474, 'c13': 2.445662171636603, 'c14': 12.531863162280546, 'c15': 14.037778407601385, 'c16': 13.109811428449913, 'c17': 1.675315466399262, 'c18': 0.11389340558531562, 'c19': 19.468527220329584, 'c20': 1.6429448748867297, 'c21': 14.027742040357232}. Best is trial 4 with value: 24.490728916091637.[0m
[32m[I 2025-10-18 12:04:55,710][0m Trial 19 finished with value: 23.09227042791583 and parameters: {'c0': 72.74624677088285, 'c1': 122.83674014817672, 'c2': 9.586853997150978, 'c3': 6.733504199119957, 'c4': 56.05367692287589, 'c5': 37.33397674246429, 'c6': 1.4610723924062405, 'c7': 0.4864810339931435, 'c8': 33.95657215666056, 'c9': 6.90277427377109, 'c10': -22.28984171050725, 'c11': 7.540194517189929, 'c12': 5.585904433355028, 'c13': 2.3953466978074824, 'c14': 13.187149146942517, 'c15': 17.750990420656795, 'c16': 9.782198811745968, 'c17': 1.957936259186416, 'c18': 0.10154563200022601, 'c19': 15.853282678871548, 'c20': 1.330293256274218, 'c21': 14.866129998249042}. Best is trial 19 with value: 23.09227042791583.[0m
[32m[I 2025-10-18 12:10:49,086][0m Trial 20 finished with value: 28.894967656632602 and parameters: {'c0': 81.88775919841768, 'c1': 120.3775521070278, 'c2': 9.042201178196203, 'c3': 5.760481059269614, 'c4': 58.589648847054974, 'c5': 40.993161202706, 'c6': 1.7636427858810255, 'c7': 0.42449857783970835, 'c8': 33.5382167505333, 'c9': 6.465413215972994, 'c10': -23.828832866609513, 'c11': 6.956596396502542, 'c12': 5.250785205573762, 'c13': 2.4242452630580558, 'c14': 12.624364909602008, 'c15': 17.44771685903667, 'c16': 11.122151909769348, 'c17': 2.082951918824026, 'c18': 0.10049070358442423, 'c19': 17.468431237145108, 'c20': 1.2702766992051273, 'c21': 12.608014827093278}. Best is trial 19 with value: 23.09227042791583.[0m
[32m[I 2025-10-18 12:16:22,591][0m Trial 21 finished with value: 33.087965033258975 and parameters: {'c0': 76.07547854623735, 'c1': 116.73404997944296, 'c2': 9.730509958711679, 'c3': 7.455111005562981, 'c4': 57.664479975948, 'c5': 34.5440391425604, 'c6': 1.5238097011127791, 'c7': 0.5114566362974055, 'c8': 35.81824296908704, 'c9': 7.997555169666794, 'c10': -19.465175598668218, 'c11': 8.60544978931347, 'c12': 4.730201927445776, 'c13': 2.307232225902453, 'c14': 13.21727151506852, 'c15': 17.263502550467354, 'c16': 9.694618390065244, 'c17': 1.7852163629043085, 'c18': 0.12303754899142584, 'c19': 15.39076237283156, 'c20': 1.531839236556717, 'c21': 15.230167545645529}. Best is trial 19 with value: 23.09227042791583.[0m
[32m[I 2025-10-18 12:22:30,428][0m Trial 22 finished with value: 44.22508711864621 and parameters: {'c0': 70.35784469186791, 'c1': 123.27224388092097, 'c2': 6.460390442639164, 'c3': 7.785325571408253, 'c4': 40.84373002148283, 'c5': 40.85858121304347, 'c6': 1.7065120206673707, 'c7': 0.43705613521324804, 'c8': 37.55701571405201, 'c9': 5.843226540603869, 'c10': -24.783594375677083, 'c11': 7.724833545673291, 'c12': 4.863323613068325, 'c13': 1.9178230062943065, 'c14': 12.495766136207656, 'c15': 13.017080042773399, 'c16': 14.7914307427028, 'c17': 1.7765222669377072, 'c18': 0.09732912258098579, 'c19': 20.217282666896157, 'c20': 1.2638883472596978, 'c21': 15.090802269222493}. Best is trial 19 with value: 23.09227042791583.[0m
[32m[I 2025-10-18 12:27:11,706][0m Trial 23 finished with value: 107.91768041524152 and parameters: {'c0': 67.94642456064764, 'c1': 114.68871017666795, 'c2': 7.5065761430534454, 'c3': 6.108982562077612, 'c4': 51.114584196107764, 'c5': 42.693338947610805, 'c6': 1.359782091952772, 'c7': 0.4770957311611499, 'c8': 34.78840196619307, 'c9': 6.41590198964286, 'c10': -22.181382592271554, 'c11': 6.757450786497543, 'c12': 5.9750792214889135, 'c13': 2.2734509265848795, 'c14': 12.675396095249384, 'c15': 18.248767064515576, 'c16': 9.132457554696142, 'c17': 1.8376591546712235, 'c18': 0.10713918237422967, 'c19': 15.912934786408606, 'c20': 1.5731492782361982, 'c21': 14.99439234663017}. Best is trial 19 with value: 23.09227042791583.[0m
[32m[I 2025-10-18 12:34:00,095][0m Trial 24 finished with value: 31.234368278228935 and parameters: {'c0': 65.22212971193224, 'c1': 128.21878209761067, 'c2': 9.132571342756894, 'c3': 6.854156129425714, 'c4': 57.19881933615294, 'c5': 34.20449296313032, 'c6': 1.5488646101141972, 'c7': 0.617829831534349, 'c8': 32.29451335092548, 'c9': 7.213493619121287, 'c10': -23.49883709120117, 'c11': 6.102329694449189, 'c12': 5.227396904782443, 'c13': 2.192871484819148, 'c14': 12.383746250337047, 'c15': 13.610696769758185, 'c16': 10.3587432740197, 'c17': 1.7960348104963484, 'c18': 0.11633806671008745, 'c19': 15.948310970438966, 'c20': 1.0719606298513311, 'c21': 14.721773562966975}. Best is trial 19 with value: 23.09227042791583.[0m
[32m[I 2025-10-18 12:34:00,121][0m A new study created in memory with name: no-name-5822b4b9-149c-4525-9d2b-63baf2aab568[0m
[32m[I 2025-10-18 12:39:28,558][0m Trial 0 finished with value: 39.00858785065009 and parameters: {'c0': 69.3892667994102, 'c1': 137.88777229119617, 'c2': 6.921702003018276, 'c3': 5.993300134394645, 'c4': 45.0419798774304, 'c5': 28.86991017840354, 'c6': 1.2061449701080549, 'c7': 0.44469810486148253, 'c8': 32.00710637612541, 'c9': 7.051785120916325, 'c10': -23.29150797955977, 'c11': 8.316878731511972, 'c12': 4.667790920400934, 'c13': 2.8990447904809575, 'c14': 9.721127611428399, 'c15': 19.43381725226757, 'c16': 9.332323671638825, 'c17': 2.0218415196978907, 'c18': 0.08123740896048226, 'c19': 13.19160541510103, 'c20': 1.5527883315714899, 'c21': 18.73747315316392}. Best is trial 0 with value: 39.00858785065009.[0m
[32m[I 2025-10-18 12:47:06,357][0m Trial 1 finished with value: 54.45140167695793 and parameters: {'c0': 65.19808541996744, 'c1': 135.97487937657058, 'c2': 11.593581634988464, 'c3': 8.211185475100837, 'c4': 43.11823847432077, 'c5': 27.76360548082964, 'c6': 1.1927950392809779, 'c7': 0.5887859796196618, 'c8': 26.371665197823962, 'c9': 6.599919849432349, 'c10': -16.613834767201823, 'c11': 7.679267094574362, 'c12': 6.181967069543358, 'c13': 2.1495912370774497, 'c14': 14.55490044257967, 'c15': 21.054359248097015, 'c16': 7.161609770008343, 'c17': 2.2303094801577177, 'c18': 0.12915280508282617, 'c19': 18.041226163287277, 'c20': 1.1678626237519683, 'c21': 17.257741025351837}. Best is trial 0 with value: 39.00858785065009.[0m
[32m[I 2025-10-18 12:54:16,027][0m Trial 2 finished with value: 50.26174513045944 and parameters: {'c0': 56.69425196978169, 'c1': 119.27718941401496, 'c2': 11.765290553441861, 'c3': 5.96065230182145, 'c4': 49.437986480181344, 'c5': 29.652448022286542, 'c6': 1.0705368373225521, 'c7': 0.534864273929355, 'c8': 28.510893910034174, 'c9': 6.002747731096133, 'c10': -22.39430098132571, 'c11': 5.667301760274757, 'c12': 5.8161493771524375, 'c13': 1.924746492975868, 'c14': 13.842093684352989, 'c15': 19.722971637077343, 'c16': 7.618834315767642, 'c17': 1.8643548902637161, 'c18': 0.1125238810846017, 'c19': 15.09664732360594, 'c20': 0.9973424752175619, 'c21': 15.16290281184914}. Best is trial 0 with value: 39.00858785065009.[0m
[32m[I 2025-10-18 12:59:24,947][0m Trial 3 finished with value: 91.6306396791853 and parameters: {'c0': 79.37276674725008, 'c1': 123.85386039962734, 'c2': 11.957221418852491, 'c3': 7.057626355486723, 'c4': 68.62894587492735, 'c5': 29.807048277107555, 'c6': 1.167968507300846, 'c7': 0.5696445207535348, 'c8': 32.02427898291274, 'c9': 5.618125890501893, 'c10': -16.990437572891423, 'c11': 6.901828398270078, 'c12': 6.36504750208945, 'c13': 2.696403309360761, 'c14': 15.998220434306035, 'c15': 18.971861823893082, 'c16': 11.147365906068242, 'c17': 1.7934070541207174, 'c18': 0.08855290122729978, 'c19': 19.343599152505362, 'c20': 1.2770941039351291, 'c21': 18.70918573455097}. Best is trial 0 with value: 39.00858785065009.[0m
[32m[I 2025-10-18 13:05:14,079][0m Trial 4 finished with value: 26.2717238575655 and parameters: {'c0': 79.35847972152683, 'c1': 131.15014265699153, 'c2': 7.532863070614945, 'c3': 8.416704009909491, 'c4': 54.49228524660012, 'c5': 38.961540464684795, 'c6': 1.3864294911058677, 'c7': 0.4153347326821607, 'c8': 41.57407997257821, 'c9': 7.185617305472671, 'c10': -28.452270177842685, 'c11': 8.031420360054405, 'c12': 5.047380089732251, 'c13': 2.43139135797605, 'c14': 16.017552260403065, 'c15': 16.34198129452673, 'c16': 12.004695565120635, 'c17': 2.092258688560828, 'c18': 0.07420288156461088, 'c19': 19.63940046331347, 'c20': 1.4715214893359045, 'c21': 18.977736657241323}. Best is trial 4 with value: 26.2717238575655.[0m
[32m[I 2025-10-18 13:10:39,174][0m Trial 5 finished with value: 24.896125122125266 and parameters: {'c0': 82.30506833535242, 'c1': 104.06363927202607, 'c2': 8.417552101378545, 'c3': 7.430812189090412, 'c4': 46.191169918888505, 'c5': 46.292874301019566, 'c6': 1.430695386185252, 'c7': 0.42862055139112976, 'c8': 38.635553380471755, 'c9': 7.070922108002045, 'c10': -27.058253542452398, 'c11': 8.437127990567282, 'c12': 5.365498809590958, 'c13': 2.0974151602249727, 'c14': 15.402194712141688, 'c15': 16.061777125758507, 'c16': 12.069205688200924, 'c17': 1.949526351994585, 'c18': 0.07818664749115416, 'c19': 19.451290969970326, 'c20': 1.5745873687817535, 'c21': 15.140058859250678}. Best is trial 5 with value: 24.896125122125266.[0m
[32m[I 2025-10-18 13:16:42,566][0m Trial 6 finished with value: 24.472829108363506 and parameters: {'c0': 83.39331384775484, 'c1': 92.72562701301864, 'c2': 9.123872026551275, 'c3': 7.189006173500818, 'c4': 54.28480600605916, 'c5': 42.80106102470218, 'c6': 1.5436953665096482, 'c7': 0.5330253420505442, 'c8': 33.46700631922308, 'c9': 7.203754674782649, 'c10': -24.347661724351987, 'c11': 7.694724974010148, 'c12': 5.950256481079881, 'c13': 2.242445469105977, 'c14': 15.041635319368162, 'c15': 19.687010466515762, 'c16': 11.938364405715534, 'c17': 1.761888295184025, 'c18': 0.09594360641328377, 'c19': 16.549951466953686, 'c20': 1.3335258868882718, 'c21': 17.57150230964074}. Best is trial 6 with value: 24.472829108363506.[0m
[32m[I 2025-10-18 13:21:33,005][0m Trial 7 finished with value: 71.05417677523103 and parameters: {'c0': 87.3666494763479, 'c1': 92.43168487506372, 'c2': 9.188678787733739, 'c3': 6.995106252801946, 'c4': 63.931366129851966, 'c5': 45.58940205361825, 'c6': 1.8197940077623127, 'c7': 0.536646443331839, 'c8': 35.111433909036776, 'c9': 6.192118397787819, 'c10': -19.664944019236874, 'c11': 7.701353854752013, 'c12': 4.8102375580850865, 'c13': 2.5135098599467467, 'c14': 15.177685657964359, 'c15': 20.96739473133971, 'c16': 9.929260412056077, 'c17': 1.6636345896154097, 'c18': 0.1056262538249476, 'c19': 17.673629155457157, 'c20': 1.3025920686986505, 'c21': 16.978455286832}. Best is trial 6 with value: 24.472829108363506.[0m
[32m[I 2025-10-18 13:26:18,665][0m Trial 8 finished with value: 78.3467454139394 and parameters: {'c0': 74.06622007661214, 'c1': 106.15354490204051, 'c2': 11.535826887840999, 'c3': 7.690562729394116, 'c4': 49.59537034656688, 'c5': 43.68168718466446, 'c6': 1.7711496785648402, 'c7': 0.5353124041810703, 'c8': 34.00795185493633, 'c9': 6.503335118525062, 'c10': -21.43218079897454, 'c11': 6.6382909273872, 'c12': 6.606900771036503, 'c13': 2.37472605403959, 'c14': 15.070930301524445, 'c15': 16.625247537709203, 'c16': 10.76860178341958, 'c17': 1.562279066456803, 'c18': 0.1143529573556516, 'c19': 16.17798102443654, 'c20': 1.6476395307416498, 'c21': 15.28663865367012}. Best is trial 6 with value: 24.472829108363506.[0m
[32m[I 2025-10-18 13:32:39,453][0m Trial 9 finished with value: 30.195715626940153 and parameters: {'c0': 79.36198107063785, 'c1': 89.09213071913534, 'c2': 10.152923630071962, 'c3': 7.822124071941986, 'c4': 50.35597746658826, 'c5': 45.84789252843533, 'c6': 1.1301888282799226, 'c7': 0.5756894709772707, 'c8': 38.42748290875135, 'c9': 6.411189473541281, 'c10': -28.061649997556984, 'c11': 6.9116123634517646, 'c12': 6.102940206386032, 'c13': 2.4446356131218607, 'c14': 14.909588254261205, 'c15': 19.58721321417696, 'c16': 12.177602479336205, 'c17': 1.9159476403490945, 'c18': 0.09169749943698444, 'c19': 13.510867412531551, 'c20': 1.249621818256651, 'c21': 17.77285786540385}. Best is trial 6 with value: 24.472829108363506.[0m
[32m[I 2025-10-18 13:38:19,045][0m Trial 10 finished with value: 24.5624563499724 and parameters: {'c0': 85.47396346008262, 'c1': 94.05177702246927, 'c2': 7.634821025979719, 'c3': 7.5003414744621395, 'c4': 58.04783605979749, 'c5': 38.89402571803381, 'c6': 1.5924216688484563, 'c7': 0.5423658783773813, 'c8': 25.345468646064507, 'c9': 7.851899083357282, 'c10': -22.897660424337612, 'c11': 8.159407573746769, 'c12': 5.981325140444848, 'c13': 2.1909698896149066, 'c14': 16.636102986318356, 'c15': 19.21064928851473, 'c16': 11.021327846822174, 'c17': 1.9618842277637771, 'c18': 0.09231019822955897, 'c19': 18.662562447284614, 'c20': 1.4838635635682045, 'c21': 18.855675510239333}. Best is trial 6 with value: 24.472829108363506.[0m
