/share/home/symei/.local/lib/python3.6/site-packages/optuna/samplers/_tpe/sampler.py:284: ExperimentalWarning: ``multivariate`` option is an experimental feature. The interface can change in the future.
  ExperimentalWarning,
/share/home/symei/.local/lib/python3.6/site-packages/optuna/samplers/_tpe/sampler.py:295: ExperimentalWarning: ``group`` option is an experimental feature. The interface can change in the future.
  ExperimentalWarning,
[32m[I 2025-10-16 19:54:18,779][0m A new study created in memory with name: no-name-faa28255-a82d-4aef-b415-4991d8822487[0m
[32m[I 2025-10-16 20:00:18,488][0m Trial 0 finished with value: 170.20462985989286 and parameters: {'c0': 31.592143007410876, 'c1': 129.67267850304108, 'c2': 7.000946390159236, 'c3': 3.2449333206466973, 'c4': 58.423086580751445, 'c5': 12.62770871356446, 'c6': 1.2185889730522788, 'c7': 0.8032943204757792, 'c8': 12.822073769162774, 'c9': 3.807923545556962, 'c10': -8.240838712533249, 'c11': 15.839186056865373, 'c12': 2.9242056156916534, 'c13': 2.893282149303915, 'c14': 1.4046989536864711, 'c15': 25.857645492482145, 'c16': 8.475693860453239, 'c17': 1.0801826944431627, 'c18': 0.3509354557771692, 'c19': 2.0670213893094753, 'c20': 1.0921767605729222, 'c21': 7.18873266860518}. Best is trial 0 with value: 170.20462985989286.[0m
[32m[I 2025-10-16 20:07:12,282][0m Trial 1 finished with value: 89.08486802058043 and parameters: {'c0': 27.23037307587313, 'c1': 126.22651372198342, 'c2': 25.39889182574423, 'c3': 6.268361059008999, 'c4': 50.913260052619634, 'c5': 11.04702554701426, 'c6': 1.1800566176433476, 'c7': 1.4334661560091229, 'c8': 7.581192748655692, 'c9': 3.2939898723647554, 'c10': -3.3845754753869404, 'c11': 13.474640076459654, 'c12': 5.574575149686644, 'c13': 1.5496322038284513, 'c14': 3.9713806824487796, 'c15': 30.08631652604765, 'c16': 3.9702714065295406, 'c17': 1.3120217676321297, 'c18': 0.9794913363233333, 'c19': 4.206501805710547, 'c20': 0.5910998969105841, 'c21': 6.20021041864372}. Best is trial 1 with value: 89.08486802058043.[0m
[32m[I 2025-10-16 20:17:36,490][0m Trial 2 finished with value: 94.37634422253201 and parameters: {'c0': 18.380418447864013, 'c1': 96.14485539494528, 'c2': 26.075084613523032, 'c3': 3.20042770045635, 'c4': 75.58404540287657, 'c5': 13.745795258552416, 'c6': 0.8271786476718503, 'c7': 1.1976382606572242, 'c8': 9.570645357887877, 'c9': 2.614789943375774, 'c10': -7.588354947144564, 'c11': 6.0133826772329755, 'c12': 4.934258587139832, 'c13': 1.146521661780122, 'c14': 3.5928879095389346, 'c15': 26.612170074023588, 'c16': 4.919263225949731, 'c17': 0.905040412976322, 'c18': 0.7613525164010007, 'c19': 2.907458212579402, 'c20': 0.3691253717408647, 'c21': 4.800771868114448}. Best is trial 1 with value: 89.08486802058043.[0m
[32m[I 2025-10-16 20:22:24,078][0m Trial 3 finished with value: 73.46797175560589 and parameters: {'c0': 41.98198919674148, 'c1': 104.38993918636751, 'c2': 26.830911789605526, 'c3': 4.69582591660547, 'c4': 150.50096288981106, 'c5': 13.966687405965201, 'c6': 1.1083989614186924, 'c7': 1.349750518668386, 'c8': 12.838044051903172, 'c9': 2.1773362867197195, 'c10': -3.6584556582164893, 'c11': 10.5915535111214, 'c12': 5.8950337706770775, 'c13': 2.5299784944987405, 'c14': 4.737768177460435, 'c15': 24.652210802240937, 'c16': 12.242902441775612, 'c17': 0.8261386933073889, 'c18': 0.44690034505111836, 'c19': 4.78106250848796, 'c20': 0.7332919261554471, 'c21': 7.169835503255247}. Best is trial 3 with value: 73.46797175560589.[0m
[32m[I 2025-10-16 20:27:34,646][0m Trial 4 finished with value: 64.11645728865577 and parameters: {'c0': 41.96712066360749, 'c1': 117.53452807356396, 'c2': 9.407709590360867, 'c3': 6.548524522594638, 'c4': 95.31481945379639, 'c5': 27.046584590666484, 'c6': 1.7389502638933263, 'c7': 0.6748728958781374, 'c8': 21.719224632594234, 'c9': 3.9601389746703712, 'c10': -11.993945362435637, 'c11': 14.780580150541242, 'c12': 3.5886273676786873, 'c13': 2.054854596011203, 'c14': 4.748033170574528, 'c15': 17.789753892830593, 'c16': 14.022331915833929, 'c17': 1.1584942543095547, 'c18': 0.2586562737320443, 'c19': 4.911559540004581, 'c20': 0.9863876859542902, 'c21': 7.349238624494234}. Best is trial 4 with value: 64.11645728865577.[0m
[32m[I 2025-10-16 20:32:40,345][0m Trial 5 finished with value: 136.6194329629082 and parameters: {'c0': 21.290340071725662, 'c1': 57.90018788858525, 'c2': 26.578979013836207, 'c3': 5.2586946688455205, 'c4': 48.5957501757181, 'c5': 32.29953093519524, 'c6': 2.549803684326368, 'c7': 1.486572352682969, 'c8': 18.349859902416934, 'c9': 1.9979614012563194, 'c10': -11.840604237938383, 'c11': 5.591157566816153, 'c12': 1.9664141802290445, 'c13': 1.3841135866708694, 'c14': 4.6471197563661875, 'c15': 22.46672529916075, 'c16': 10.005861386831345, 'c17': 1.4232905048440063, 'c18': 0.33892428445670325, 'c19': 2.3823914286813825, 'c20': 0.8851345943605122, 'c21': 7.1961013284627615}. Best is trial 4 with value: 64.11645728865577.[0m
[32m[I 2025-10-16 20:41:02,076][0m Trial 6 finished with value: 182.0983211567006 and parameters: {'c0': 37.655307854499455, 'c1': 43.31792444153354, 'c2': 23.808336426709673, 'c3': 2.890874604113881, 'c4': 138.78240869683583, 'c5': 21.39447511410159, 'c6': 2.8069996652810705, 'c7': 1.2784370882933656, 'c8': 15.62274385283779, 'c9': 2.051159521995419, 'c10': -11.479671049337295, 'c11': 7.070531855975108, 'c12': 2.054748385710265, 'c13': 1.0528188679835653, 'c14': 2.1769922357798785, 'c15': 26.952987371768398, 'c16': 10.083715062174686, 'c17': 0.4188497189716468, 'c18': 0.30025485573386645, 'c19': 5.058735107007221, 'c20': 0.8681282305445865, 'c21': 2.963798424034855}. Best is trial 4 with value: 64.11645728865577.[0m
[32m[I 2025-10-16 20:46:13,419][0m Trial 7 finished with value: 131.28390458873022 and parameters: {'c0': 24.657951246340453, 'c1': 132.56496886932138, 'c2': 11.101711082536328, 'c3': 4.669300912203709, 'c4': 158.60785906181448, 'c5': 35.00992827920821, 'c6': 1.344266428959956, 'c7': 0.9786610597514964, 'c8': 16.741718976046677, 'c9': 5.074819002478459, 'c10': -10.606367604650252, 'c11': 5.472431496486098, 'c12': 2.193242787199886, 'c13': 1.9576206233427125, 'c14': 3.6591815108389265, 'c15': 23.240042198628842, 'c16': 7.347212523251035, 'c17': 1.6007958321878615, 'c18': 0.6764152961096699, 'c19': 2.775066672953777, 'c20': 0.8516097171806327, 'c21': 5.957501939682272}. Best is trial 4 with value: 64.11645728865577.[0m
[32m[I 2025-10-16 20:53:03,122][0m Trial 8 finished with value: 116.79597858752723 and parameters: {'c0': 42.210955270800405, 'c1': 73.62642105081375, 'c2': 8.391286993308618, 'c3': 3.5907903256288725, 'c4': 117.19572070646592, 'c5': 16.123338094718164, 'c6': 2.5471754894046326, 'c7': 0.4731417901786442, 'c8': 10.425689039187343, 'c9': 4.96904358836524, 'c10': -10.276036889523933, 'c11': 15.127608547844105, 'c12': 4.665389234233702, 'c13': 3.0047921602461938, 'c14': 2.323363079135919, 'c15': 10.285719254075282, 'c16': 12.063636162638565, 'c17': 1.3387031793074637, 'c18': 0.9194524301142832, 'c19': 4.9214188094368065, 'c20': 0.33445365904448404, 'c21': 3.135392263190373}. Best is trial 4 with value: 64.11645728865577.[0m
[32m[I 2025-10-16 21:03:11,492][0m Trial 9 finished with value: 266.4079816832934 and parameters: {'c0': 40.00246666152128, 'c1': 157.81756675526123, 'c2': 26.94809605564183, 'c3': 4.543183599330039, 'c4': 151.98614667718286, 'c5': 28.920740674121443, 'c6': 1.6964325927083435, 'c7': 0.9694565832704796, 'c8': 16.466956421144985, 'c9': 3.8547773418281075, 'c10': -3.670419770533014, 'c11': 19.470485823164328, 'c12': 3.959631416494311, 'c13': 3.0966323646696585, 'c14': 1.9754560246570172, 'c15': 11.840794087684516, 'c16': 5.288994374959232, 'c17': 1.015969604353165, 'c18': 0.26288151465734677, 'c19': 4.983643752837808, 'c20': 1.1175733288417942, 'c21': 1.9239562501062215}. Best is trial 4 with value: 64.11645728865577.[0m
[32m[I 2025-10-16 21:13:58,900][0m Trial 10 finished with value: 156.2268752177624 and parameters: {'c0': 21.452678248996182, 'c1': 81.88977208395647, 'c2': 9.748906965202579, 'c3': 5.833862922410132, 'c4': 82.51578979086626, 'c5': 37.7770734281186, 'c6': 2.1467402694826294, 'c7': 1.4342819771947668, 'c8': 20.68929633743572, 'c9': 5.408441452398691, 'c10': -7.874062126358502, 'c11': 13.67962180726376, 'c12': 6.1548996764193955, 'c13': 1.4784691886001866, 'c14': 3.207165178777677, 'c15': 24.01950273901904, 'c16': 3.9391638053100846, 'c17': 1.1223130605250167, 'c18': 0.568206404500332, 'c19': 4.436740899156781, 'c20': 0.6246149111699972, 'c21': 6.772446934113447}. Best is trial 4 with value: 64.11645728865577.[0m
[32m[I 2025-10-16 21:20:22,685][0m Trial 11 finished with value: 97.57493402949834 and parameters: {'c0': 38.36377334808718, 'c1': 63.66898264297014, 'c2': 23.541619660567985, 'c3': 4.825875937495002, 'c4': 47.124382563446744, 'c5': 22.35364609222441, 'c6': 2.374359984050633, 'c7': 1.481339170890194, 'c8': 5.8610801935865835, 'c9': 5.720038554473515, 'c10': -8.625000000697723, 'c11': 20.326552185783072, 'c12': 5.100637707625676, 'c13': 2.77560776540884, 'c14': 3.5360566578791777, 'c15': 24.765656457597366, 'c16': 6.9883052496153475, 'c17': 1.114262678184637, 'c18': 0.8025574105137192, 'c19': 4.6349243303265295, 'c20': 1.0482014830305901, 'c21': 5.696389189731986}. Best is trial 4 with value: 64.11645728865577.[0m
[32m[I 2025-10-16 21:36:26,172][0m Trial 12 finished with value: 200.0035585190183 and parameters: {'c0': 50.43140256202553, 'c1': 80.73506708516894, 'c2': 21.08218166839749, 'c3': 4.003204003887227, 'c4': 87.06295050098072, 'c5': 22.07531594294798, 'c6': 1.7233372638807527, 'c7': 0.7699544379584137, 'c8': 16.776204705940394, 'c9': 3.3338947852977836, 'c10': -3.2411259937347285, 'c11': 15.723821665595624, 'c12': 2.8922203142972895, 'c13': 1.8151738820046424, 'c14': 2.63508717796305, 'c15': 29.133544544214057, 'c16': 13.700113129487882, 'c17': 1.4981397284322882, 'c18': 0.7378834839481776, 'c19': 2.3474814489512856, 'c20': 0.5640599870463989, 'c21': 6.562623234349571}. Best is trial 4 with value: 64.11645728865577.[0m
[32m[I 2025-10-16 21:41:06,191][0m Trial 13 finished with value: 95.43096974317768 and parameters: {'c0': 36.252625296567246, 'c1': 139.74423079271003, 'c2': 19.018304998198673, 'c3': 5.444122481367872, 'c4': 103.72368496596002, 'c5': 32.75699615385642, 'c6': 2.115885407444166, 'c7': 0.9454595516691902, 'c8': 11.872342774544688, 'c9': 1.7531889174202995, 'c10': -8.612885241926849, 'c11': 6.421798387530791, 'c12': 7.156559509210332, 'c13': 1.2298350384307248, 'c14': 4.459541793874987, 'c15': 31.125360574160627, 'c16': 11.536865570304146, 'c17': 1.0932663513269474, 'c18': 0.36618460320229973, 'c19': 3.1124383523389336, 'c20': 0.6534364275587409, 'c21': 3.0839059767599455}. Best is trial 4 with value: 64.11645728865577.[0m
[32m[I 2025-10-16 21:45:46,014][0m Trial 14 finished with value: 146.6390968685106 and parameters: {'c0': 38.980776899652376, 'c1': 79.45377551495748, 'c2': 26.236962017455276, 'c3': 6.34508006002103, 'c4': 71.85332391860993, 'c5': 13.178081316118178, 'c6': 1.234308217119984, 'c7': 0.9855409546917215, 'c8': 18.649484606209402, 'c9': 2.364382495419528, 'c10': -9.783831749569718, 'c11': 18.4276331581166, 'c12': 4.073672540608904, 'c13': 2.2689087731310966, 'c14': 2.2079771570848097, 'c15': 11.213228682748511, 'c16': 9.588478250832924, 'c17': 0.9814322908638085, 'c18': 0.36003605581155884, 'c19': 3.71502548854339, 'c20': 0.8449279611027789, 'c21': 5.453818764517095}. Best is trial 4 with value: 64.11645728865577.[0m
[32m[I 2025-10-16 21:52:02,210][0m Trial 15 finished with value: 63.241070346903705 and parameters: {'c0': 48.104289371438604, 'c1': 105.23721228717073, 'c2': 26.0609598594296, 'c3': 5.283159909811572, 'c4': 149.81431276326663, 'c5': 18.562056809716605, 'c6': 0.8188886623673798, 'c7': 1.0768524958784054, 'c8': 18.461066001132313, 'c9': 2.157272759247937, 'c10': -3.185751266840698, 'c11': 13.491024856515306, 'c12': 6.340161216284232, 'c13': 2.8710967736006867, 'c14': 4.57768950345389, 'c15': 32.89802915163238, 'c16': 12.271526545626733, 'c17': 0.9168484701353925, 'c18': 0.38642330202928465, 'c19': 3.7690219800979077, 'c20': 0.6533272328054963, 'c21': 5.438313051565137}. Best is trial 15 with value: 63.241070346903705.[0m
[32m[I 2025-10-16 21:58:25,281][0m Trial 16 finished with value: 60.60742964600366 and parameters: {'c0': 44.9943898214488, 'c1': 74.5537750662418, 'c2': 12.391885228960671, 'c3': 5.842396658459574, 'c4': 111.33045658264469, 'c5': 27.169231341085634, 'c6': 2.0152248336050285, 'c7': 1.0317947242492298, 'c8': 17.441605047062932, 'c9': 4.090060623972061, 'c10': -10.108180532287353, 'c11': 13.166307651100961, 'c12': 4.469374824462919, 'c13': 2.1077096388130774, 'c14': 4.524791621475451, 'c15': 24.966834313245194, 'c16': 14.085905310809856, 'c17': 0.959565332665977, 'c18': 0.45156925852525887, 'c19': 3.9450332452540504, 'c20': 0.7893933221887048, 'c21': 7.144962689940548}. Best is trial 16 with value: 60.60742964600366.[0m
[32m[I 2025-10-16 22:24:14,483][0m Trial 17 finished with value: 219.62291540934677 and parameters: {'c0': 47.569532272584766, 'c1': 77.25741235846357, 'c2': 12.066607952937586, 'c3': 6.250142341753543, 'c4': 113.62024001074685, 'c5': 26.006220835483386, 'c6': 1.2572667746190807, 'c7': 1.3007261105356878, 'c8': 21.424440248129358, 'c9': 3.834097816588092, 'c10': -8.709714587486967, 'c11': 9.338648784330012, 'c12': 6.071120953262318, 'c13': 1.8372964158406107, 'c14': 5.003498817384667, 'c15': 31.893428277558066, 'c16': 13.671924953129707, 'c17': 0.7978115476473135, 'c18': 0.39377771586748006, 'c19': 3.640019324308683, 'c20': 0.41244843332684394, 'c21': 6.98246635832663}. Best is trial 16 with value: 60.60742964600366.[0m
[32m[I 2025-10-16 22:32:01,304][0m Trial 18 finished with value: 144.29542309708853 and parameters: {'c0': 36.482320260751706, 'c1': 104.31583730227808, 'c2': 18.91618657597068, 'c3': 6.543173962638673, 'c4': 118.63993074630643, 'c5': 14.33337264850941, 'c6': 1.070683511003656, 'c7': 1.0098646393063204, 'c8': 19.646949545737428, 'c9': 2.678816271819561, 'c10': -3.2578315044921777, 'c11': 16.717661603960863, 'c12': 5.856671103490281, 'c13': 3.1305398279759866, 'c14': 4.483789304160587, 'c15': 33.46805946791332, 'c16': 11.853484233644846, 'c17': 1.3046181806299788, 'c18': 0.42835785055715014, 'c19': 4.07027060626387, 'c20': 0.648386901497638, 'c21': 3.8281251964827767}. Best is trial 16 with value: 60.60742964600366.[0m
[32m[I 2025-10-16 22:38:07,121][0m Trial 19 finished with value: 68.75966422608703 and parameters: {'c0': 52.18974730681042, 'c1': 103.11034406852042, 'c2': 20.50427784520008, 'c3': 5.4715575530101965, 'c4': 98.88762446478914, 'c5': 29.285079546232055, 'c6': 1.500173655438663, 'c7': 0.988633760669722, 'c8': 10.309353769068569, 'c9': 5.085854476847479, 'c10': -11.803905372434397, 'c11': 14.30304203971932, 'c12': 3.6853899254934093, 'c13': 2.073666577469886, 'c14': 3.475225070854215, 'c15': 19.19067982513535, 'c16': 14.887135097066738, 'c17': 0.8856773049914606, 'c18': 0.34923962100395756, 'c19': 3.1527782640990214, 'c20': 0.9749961657693356, 'c21': 5.9752038627550625}. Best is trial 16 with value: 60.60742964600366.[0m
[32m[I 2025-10-16 22:44:43,973][0m Trial 20 finished with value: 149.1252930049335 and parameters: {'c0': 38.772588179978804, 'c1': 85.81858621360533, 'c2': 23.562972986785514, 'c3': 5.5139907668370745, 'c4': 139.6552805840707, 'c5': 12.582247733987419, 'c6': 0.8906880611120058, 'c7': 0.9402388774421697, 'c8': 20.898292940582888, 'c9': 3.243154819205305, 'c10': -6.062575803239657, 'c11': 17.418229710773378, 'c12': 5.502461612397791, 'c13': 2.8508424987405596, 'c14': 3.5896823889709335, 'c15': 27.204983815194552, 'c16': 10.327464460236968, 'c17': 0.6888991908686057, 'c18': 0.6341888564725885, 'c19': 2.537650093060655, 'c20': 1.0627852244219036, 'c21': 7.022471541562477}. Best is trial 16 with value: 60.60742964600366.[0m
[32m[I 2025-10-16 22:49:26,258][0m Trial 21 finished with value: 152.71539399049888 and parameters: {'c0': 42.76738298049507, 'c1': 143.3339697174255, 'c2': 7.920986525334171, 'c3': 5.0912214452414055, 'c4': 131.51051147804105, 'c5': 27.92492076735625, 'c6': 1.2170030300435446, 'c7': 0.6008007841023846, 'c8': 18.029783224430485, 'c9': 4.162714884075678, 'c10': -10.114037342724817, 'c11': 14.017305164927945, 'c12': 3.065407219288958, 'c13': 2.233459019425918, 'c14': 4.43658580756548, 'c15': 13.911313496382812, 'c16': 12.21344914200633, 'c17': 1.2607249012299828, 'c18': 0.2878352945510847, 'c19': 4.3541976090109165, 'c20': 1.0580338110651932, 'c21': 6.938268272759825}. Best is trial 16 with value: 60.60742964600366.[0m
[32m[I 2025-10-16 22:54:42,465][0m Trial 22 finished with value: 72.12659537788831 and parameters: {'c0': 37.100884659673255, 'c1': 93.9638540985341, 'c2': 8.461711246972673, 'c3': 6.245974861294197, 'c4': 88.82736943392746, 'c5': 36.54052425717932, 'c6': 1.9016662014744818, 'c7': 1.0873855313289902, 'c8': 17.183350299854695, 'c9': 3.613147348808056, 'c10': -10.973276857487688, 'c11': 15.261992647719737, 'c12': 4.652203484165855, 'c13': 2.448369683062378, 'c14': 4.006210920930101, 'c15': 30.795837660934566, 'c16': 12.822203136330948, 'c17': 0.6574424469288278, 'c18': 0.5587016344672304, 'c19': 4.152850126591192, 'c20': 1.000951434661019, 'c21': 6.643938264442897}. Best is trial 16 with value: 60.60742964600366.[0m
[32m[I 2025-10-16 23:03:57,424][0m Trial 23 finished with value: 161.37012642146897 and parameters: {'c0': 47.06691797569261, 'c1': 74.69703886944274, 'c2': 12.348020770723116, 'c3': 5.461777352826505, 'c4': 100.49999261264391, 'c5': 24.756371699813617, 'c6': 2.5448932569494405, 'c7': 1.170442426631951, 'c8': 21.3663270235646, 'c9': 3.783928408507708, 'c10': -9.629003423214131, 'c11': 13.35554687200009, 'c12': 5.2395988844700545, 'c13': 2.2764333329237907, 'c14': 4.829252489334891, 'c15': 25.195892213349104, 'c16': 14.573268808961236, 'c17': 1.4774170198908492, 'c18': 0.653176800240069, 'c19': 3.0539676448094903, 'c20': 0.9491145138576044, 'c21': 7.35633479847004}. Best is trial 16 with value: 60.60742964600366.[0m
[32m[I 2025-10-16 23:08:45,639][0m Trial 24 finished with value: 92.67145167874364 and parameters: {'c0': 29.075594445992667, 'c1': 79.40685090558853, 'c2': 8.753404383959474, 'c3': 6.487866884011045, 'c4': 125.72159118885351, 'c5': 21.402001926307065, 'c6': 1.8059477144018214, 'c7': 1.2549457181561208, 'c8': 23.33632828355059, 'c9': 4.839936303668187, 'c10': -8.691721405113505, 'c11': 20.403087199177758, 'c12': 1.8437736676611114, 'c13': 2.466668332624187, 'c14': 4.179755516957128, 'c15': 21.952133323264903, 'c16': 11.626485919261452, 'c17': 1.2126237935662778, 'c18': 0.3045407522743995, 'c19': 4.880456526496163, 'c20': 1.0457399807611822, 'c21': 7.049374239294788}. Best is trial 16 with value: 60.60742964600366.[0m
[32m[I 2025-10-16 23:13:52,152][0m Trial 25 finished with value: 101.2094410029847 and parameters: {'c0': 30.10862489680402, 'c1': 137.27069504408342, 'c2': 13.849867078070751, 'c3': 6.533681921146538, 'c4': 82.53416500730722, 'c5': 34.27672859411634, 'c6': 2.3209841548043895, 'c7': 0.5049560503364539, 'c8': 21.075649522118887, 'c9': 3.6030471172004583, 'c10': -10.474259978449748, 'c11': 13.006552053292364, 'c12': 4.2635884734876965, 'c13': 1.3291578366129482, 'c14': 3.8158494683555886, 'c15': 25.239343938171984, 'c16': 11.38168119237925, 'c17': 1.3248342920008518, 'c18': 0.3039362116037124, 'c19': 4.613273150914533, 'c20': 0.9641847172802936, 'c21': 6.923319025294105}. Best is trial 16 with value: 60.60742964600366.[0m
[32m[I 2025-10-16 23:33:31,706][0m Trial 26 finished with value: 226.99642969761769 and parameters: {'c0': 47.78228617795597, 'c1': 81.0447963837303, 'c2': 26.447663320880302, 'c3': 4.6939741337855585, 'c4': 139.2814418323004, 'c5': 13.215005090241927, 'c6': 1.7502982174437185, 'c7': 1.040529012350714, 'c8': 23.353671124045825, 'c9': 1.69491800384681, 'c10': -3.8700078222881507, 'c11': 15.892223344881169, 'c12': 6.737585936232795, 'c13': 2.9558916719540203, 'c14': 4.174374865980541, 'c15': 32.44144671068625, 'c16': 11.830047681661988, 'c17': 0.8024187116555777, 'c18': 0.49486668247699933, 'c19': 2.73945379108423, 'c20': 0.4908291886264371, 'c21': 5.597526728632838}. Best is trial 16 with value: 60.60742964600366.[0m
[32m[I 2025-10-16 23:38:47,369][0m Trial 27 finished with value: 96.5593103584382 and parameters: {'c0': 43.56552473372778, 'c1': 147.1361143053307, 'c2': 9.263068191257748, 'c3': 5.610331409063782, 'c4': 89.282058524624, 'c5': 35.49078294871083, 'c6': 2.017048064728068, 'c7': 1.4392380068107045, 'c8': 16.741054027844203, 'c9': 3.3933149745814424, 'c10': -12.002148158274023, 'c11': 17.945373981716518, 'c12': 5.1290615021829, 'c13': 1.6584002711553663, 'c14': 4.77929994559645, 'c15': 16.119816625457982, 'c16': 11.246596314475934, 'c17': 1.103706837062978, 'c18': 0.26085613104224603, 'c19': 4.8147338631249985, 'c20': 1.1135910826326771, 'c21': 6.2297858932752845}. Best is trial 16 with value: 60.60742964600366.[0m
[32m[I 2025-10-16 23:43:21,099][0m Trial 28 finished with value: 116.01901403007123 and parameters: {'c0': 54.77227927810648, 'c1': 84.50176764228117, 'c2': 10.813614545223937, 'c3': 6.548087963144374, 'c4': 92.39741365873398, 'c5': 25.750918672417054, 'c6': 2.609667519199911, 'c7': 0.8165253268934191, 'c8': 22.383591155100955, 'c9': 3.4852957172901466, 'c10': -12.00925079305392, 'c11': 15.220289036090847, 'c12': 2.281834026282482, 'c13': 1.5144822361061365, 'c14': 5.146754257621806, 'c15': 14.889802659175587, 'c16': 12.781120095024248, 'c17': 0.7134344728559512, 'c18': 0.5459800149455674, 'c19': 4.667913298034067, 'c20': 1.0382775872297547, 'c21': 6.534777795086598}. Best is trial 16 with value: 60.60742964600366.[0m
