[32m[I 2025-10-20 18:30:34,693][0m Trial 31 finished with value: 27.23444345163016 and parameters: {'c0': 153.46567270870702, 'c1': 103.3705331655142, 'c2': 2.1290440372815445, 'c3': 15.59015654044503, 'c4': 19.276766951880372, 'c5': 49.99490935302183, 'c6': 2.843801577144679, 'c7': 0.06541493498495328, 'c8': 56.171654148747905, 'c9': 12.090787542984293, 'c10': -53.64450897143031, 'c11': 27.865145964957485, 'c12': 3.3242996527497564, 'c13': 4.057136981761648, 'c14': 16.989834796162476, 'c15': 11.985415550341028, 'c16': 16.722596817497003, 'c17': 1.3075921638672712, 'c18': 0.006148155373138444, 'c19': 51.023681929411964, 'c20': 1.7425888405167966, 'c21': 69.27340655883573}. Best is trial 4 with value: 12.648567061495891.[0m
[32m[I 2025-10-20 18:30:34,749][0m A new study created in memory with name: no-name-3940a7fd-3ce1-4cf3-9d1e-7fcc63d801e7[0m
[32m[I 2025-10-20 18:36:06,534][0m Trial 0 finished with value: 53.28861342727766 and parameters: {'c0': 139.53167221382722, 'c1': 114.48275314588031, 'c2': 1.7285852339424619, 'c3': 15.35559546045006, 'c4': 17.000311146415847, 'c5': 38.95268440288205, 'c6': 2.9034541105539717, 'c7': 0.0632411110708143, 'c8': 63.20927347163409, 'c9': 12.07123451961792, 'c10': -57.37687312743203, 'c11': 38.08653640056233, 'c12': 3.1065991619349393, 'c13': 4.677946313961671, 'c14': 18.92126621498014, 'c15': 11.891788682633365, 'c16': 16.692532777622638, 'c17': 1.7030744573000907, 'c18': 0.005302692101902651, 'c19': 49.67961050655155, 'c20': 2.31914898493915, 'c21': 89.64805322093768}. Best is trial 0 with value: 53.28861342727766.[0m
[32m[I 2025-10-20 18:42:21,329][0m Trial 1 finished with value: 26.379328400952602 and parameters: {'c0': 133.55109862070935, 'c1': 113.30431576886238, 'c2': 2.4858997457009266, 'c3': 19.305815966925387, 'c4': 16.511612009052236, 'c5': 37.96070944255279, 'c6': 2.8816345913919608, 'c7': 0.07760060425571344, 'c8': 55.33910998214996, 'c9': 11.511566607876512, 'c10': -45.4005208818225, 'c11': 35.929834347065544, 'c12': 3.7934970862938275, 'c13': 3.7635218334135114, 'c14': 25.07265971736259, 'c15': 12.622797078073885, 'c16': 13.937151488413232, 'c17': 1.8305073497387891, 'c18': 0.007404740612101919, 'c19': 62.11169047245062, 'c20': 1.8883154960138882, 'c21': 84.24239417797153}. Best is trial 1 with value: 26.379328400952602.[0m
[32m[I 2025-10-20 18:48:50,726][0m Trial 2 finished with value: 33.52036659651683 and parameters: {'c0': 121.41661977856128, 'c1': 103.01770651264894, 'c2': 2.513733865153245, 'c3': 15.297447216555023, 'c4': 18.117054088651464, 'c5': 39.65435180820384, 'c6': 2.681812194190155, 'c7': 0.07222688098664881, 'c8': 58.32664532744256, 'c9': 10.771925627453708, 'c10': -55.76773972027585, 'c11': 29.124422531043592, 'c12': 3.6275458436069066, 'c13': 3.489183900935426, 'c14': 24.16555154033939, 'c15': 12.022222996226205, 'c16': 14.517526432069397, 'c17': 1.6068055790276152, 'c18': 0.006675229687733614, 'c19': 54.56321575625683, 'c20': 1.6974584318253412, 'c21': 76.5896704724212}. Best is trial 1 with value: 26.379328400952602.[0m
[32m[I 2025-10-20 18:54:49,924][0m Trial 3 finished with value: 18.549250985747285 and parameters: {'c0': 153.77754962867755, 'c1': 105.83716394830722, 'c2': 2.5448459744283145, 'c3': 17.251240463811065, 'c4': 22.992244322761103, 'c5': 39.79297508439464, 'c6': 2.841057378125204, 'c7': 0.0756930069051489, 'c8': 63.23325583941699, 'c9': 10.295543581919256, 'c10': -46.07595493110729, 'c11': 33.30017149956739, 'c12': 3.876550546868981, 'c13': 4.430699062588538, 'c14': 26.909409090801734, 'c15': 11.683405748201462, 'c16': 18.99644459581073, 'c17': 1.563436382379714, 'c18': 0.005623622760214942, 'c19': 65.45034435655933, 'c20': 2.0105743598719674, 'c21': 89.54471550368928}. Best is trial 3 with value: 18.549250985747285.[0m
[32m[I 2025-10-20 19:00:48,202][0m Trial 4 finished with value: 27.042454513808824 and parameters: {'c0': 153.75716286870963, 'c1': 110.3320374770921, 'c2': 1.8276548123505785, 'c3': 19.67185992589912, 'c4': 19.401026790561467, 'c5': 48.0014072139164, 'c6': 3.1981164283951307, 'c7': 0.06031481943522548, 'c8': 76.57001026604343, 'c9': 12.236995386808392, 'c10': -66.6326578861231, 'c11': 37.120982103486945, 'c12': 3.278797761596194, 'c13': 4.107352252257858, 'c14': 26.934010509527106, 'c15': 10.49709601298946, 'c16': 20.084690310486845, 'c17': 1.74611926613189, 'c18': 0.004994087372961426, 'c19': 66.20863572426258, 'c20': 2.228189933716954, 'c21': 90.52576788232788}. Best is trial 3 with value: 18.549250985747285.[0m
[32m[I 2025-10-20 19:06:51,826][0m Trial 5 finished with value: 22.265486897278066 and parameters: {'c0': 162.2739772581995, 'c1': 106.08705833527286, 'c2': 2.4910561876626987, 'c3': 18.07545411956966, 'c4': 22.755837891733215, 'c5': 43.93659236969935, 'c6': 2.6804453667606287, 'c7': 0.06710546782878539, 'c8': 73.6119721929393, 'c9': 10.409865428212179, 'c10': -45.0207529179169, 'c11': 36.83591598770594, 'c12': 3.9717817678681135, 'c13': 4.655806055045881, 'c14': 26.191116420093746, 'c15': 13.157663311298322, 'c16': 18.80981690769708, 'c17': 1.6387846697222102, 'c18': 0.005454585565911705, 'c19': 57.40900673303328, 'c20': 1.937477733375014, 'c21': 76.85685519437101}. Best is trial 3 with value: 18.549250985747285.[0m
[32m[I 2025-10-20 19:13:19,518][0m Trial 6 finished with value: 17.264472366905245 and parameters: {'c0': 157.37613612230598, 'c1': 90.09902014191117, 'c2': 2.4172311537117968, 'c3': 17.060674149274952, 'c4': 22.53062054909805, 'c5': 42.77356382945952, 'c6': 3.1806444850147106, 'c7': 0.07847500437723784, 'c8': 59.39979661543531, 'c9': 11.118411197691731, 'c10': -48.86586718026266, 'c11': 32.62811459956219, 'c12': 3.944331553658333, 'c13': 4.346491838727749, 'c14': 26.01769087174508, 'c15': 12.703272232190137, 'c16': 19.66476540166335, 'c17': 1.4896856696923308, 'c18': 0.0062222952006564455, 'c19': 58.13300809844412, 'c20': 1.8626758749700778, 'c21': 88.89918177952144}. Best is trial 6 with value: 17.264472366905245.[0m
[32m[I 2025-10-20 19:19:12,030][0m Trial 7 finished with value: 29.249366492598092 and parameters: {'c0': 164.4399534661286, 'c1': 86.97975172603198, 'c2': 2.3077816204923525, 'c3': 16.858848974003482, 'c4': 23.049215711029724, 'c5': 49.80216498520838, 'c6': 3.8253047691550317, 'c7': 0.07545126854726812, 'c8': 63.70962151437093, 'c9': 10.38291229330834, 'c10': -46.37977032535374, 'c11': 33.800622913927356, 'c12': 3.332811579440282, 'c13': 4.491999305048488, 'c14': 26.010698092982068, 'c15': 12.820221643479583, 'c16': 17.24764942683767, 'c17': 1.4594474239412714, 'c18': 0.006553668053740565, 'c19': 61.07753705462177, 'c20': 1.9079360380438506, 'c21': 84.63635540746228}. Best is trial 6 with value: 17.264472366905245.[0m
[32m[I 2025-10-20 19:25:23,474][0m Trial 8 finished with value: 19.78095798711919 and parameters: {'c0': 164.6199203671155, 'c1': 120.90696331582988, 'c2': 2.2585256227625026, 'c3': 17.12372263755085, 'c4': 22.254583986495128, 'c5': 46.547830313252206, 'c6': 3.4349391955909785, 'c7': 0.07387823011913038, 'c8': 53.15652071314743, 'c9': 12.222097435096755, 'c10': -48.390860147986444, 'c11': 28.95706000661747, 'c12': 4.102356612621612, 'c13': 4.30554261416814, 'c14': 25.15748276308947, 'c15': 10.87520327973707, 'c16': 20.489416023145463, 'c17': 1.579553895535114, 'c18': 0.007162866492696285, 'c19': 63.52839330779474, 'c20': 1.9433695512684335, 'c21': 85.40793035239497}. Best is trial 6 with value: 17.264472366905245.[0m
[32m[I 2025-10-20 19:31:44,114][0m Trial 9 finished with value: 20.1422668307948 and parameters: {'c0': 152.53627713820737, 'c1': 84.48418316316527, 'c2': 2.4348487915407095, 'c3': 18.393418663674524, 'c4': 20.398997704011236, 'c5': 50.24775768347397, 'c6': 2.7139085459677292, 'c7': 0.07826916451374971, 'c8': 68.44299087368383, 'c9': 10.602552122478459, 'c10': -62.70146937076128, 'c11': 31.430037497717834, 'c12': 3.8940577057683567, 'c13': 4.420163487461998, 'c14': 25.682539118427144, 'c15': 12.309927874861486, 'c16': 20.251668215476656, 'c17': 1.6041247057225951, 'c18': 0.005936131801497031, 'c19': 50.40929747603074, 'c20': 1.8571584291386454, 'c21': 87.1086550079747}. Best is trial 6 with value: 17.264472366905245.[0m
[32m[I 2025-10-20 19:37:54,526][0m Trial 10 finished with value: 33.50701842277344 and parameters: {'c0': 169.7883500519356, 'c1': 109.8716813117118, 'c2': 2.197200605069062, 'c3': 17.15741153173285, 'c4': 19.950995187771273, 'c5': 41.85476199202526, 'c6': 3.299181860121925, 'c7': 0.0783392568965026, 'c8': 70.46545497729805, 'c9': 12.4854988256458, 'c10': -50.40510248514026, 'c11': 34.744925858731186, 'c12': 3.6032947166169804, 'c13': 3.88558213436569, 'c14': 24.29227648607832, 'c15': 11.504466665346783, 'c16': 20.578985215548762, 'c17': 1.379841068838414, 'c18': 0.005519428420228049, 'c19': 53.677005583901845, 'c20': 1.818729314064568, 'c21': 90.4263516094147}. Best is trial 6 with value: 17.264472366905245.[0m
[32m[I 2025-10-20 19:43:55,071][0m Trial 11 finished with value: 10.698086661231526 and parameters: {'c0': 135.3269895697057, 'c1': 99.67541064341532, 'c2': 2.5426472185424984, 'c3': 19.553285982286727, 'c4': 22.559965084250152, 'c5': 43.4498413666422, 'c6': 2.890881553382052, 'c7': 0.0774311608558951, 'c8': 62.7449841150514, 'c9': 10.971491685570811, 'c10': -45.474406952209904, 'c11': 29.884641041845732, 'c12': 3.4500807356107726, 'c13': 4.2597611640282205, 'c14': 25.932638525756673, 'c15': 11.507928795406013, 'c16': 20.600849403603995, 'c17': 1.4940573725600896, 'c18': 0.005209301943862573, 'c19': 65.9704365825358, 'c20': 1.8378862775592704, 'c21': 85.17288756125694}. Best is trial 11 with value: 10.698086661231526.[0m
[32m[I 2025-10-20 19:49:47,872][0m Trial 12 finished with value: 15.776174578098491 and parameters: {'c0': 149.68272916011148, 'c1': 104.07430533006514, 'c2': 2.409908473321534, 'c3': 19.99979186511785, 'c4': 23.049815175480955, 'c5': 45.21971794610871, 'c6': 2.898622598167687, 'c7': 0.08005279518083175, 'c8': 70.79357429250298, 'c9': 10.28374091371335, 'c10': -52.50666605042664, 'c11': 28.435412990997772, 'c12': 3.0467560634049797, 'c13': 4.266824384925721, 'c14': 22.021759459945855, 'c15': 10.862172145203486, 'c16': 20.122759856702114, 'c17': 1.446248738986251, 'c18': 0.005335155541085868, 'c19': 62.371558686102894, 'c20': 1.7032224455398968, 'c21': 81.87478675035717}. Best is trial 11 with value: 10.698086661231526.[0m
[32m[I 2025-10-20 19:55:43,477][0m Trial 13 finished with value: 15.915367732033616 and parameters: {'c0': 118.8887691105205, 'c1': 89.45023637301466, 'c2': 2.5387071244904313, 'c3': 16.977530018152947, 'c4': 19.535291425771703, 'c5': 47.912724130276544, 'c6': 2.7414381200913938, 'c7': 0.07474301066125436, 'c8': 59.003420479378, 'c9': 11.758159991839651, 'c10': -51.69432718360658, 'c11': 28.6633009875306, 'c12': 3.24362141019223, 'c13': 4.123869081841494, 'c14': 24.259807577907246, 'c15': 12.075683102117926, 'c16': 20.216142445303, 'c17': 1.433736051705237, 'c18': 0.004988668201769641, 'c19': 65.33835648393114, 'c20': 1.957156473290953, 'c21': 83.48153950389113}. Best is trial 11 with value: 10.698086661231526.[0m
[32m[I 2025-10-20 20:01:27,965][0m Trial 14 finished with value: 48.016011576269264 and parameters: {'c0': 139.67483095313597, 'c1': 123.90263488956431, 'c2': 2.5543911082270117, 'c3': 19.70562945632216, 'c4': 22.725687709885214, 'c5': 40.42069455580226, 'c6': 2.6895886590341345, 'c7': 0.07902754906088655, 'c8': 75.5547408632066, 'c9': 10.49260052170798, 'c10': -50.35658064753708, 'c11': 28.436404862952433, 'c12': 2.879789497317691, 'c13': 4.240010308348857, 'c14': 20.60300247985281, 'c15': 11.689594232852835, 'c16': 20.033823904130458, 'c17': 1.419693841592231, 'c18': 0.005275831169089807, 'c19': 60.00419131638492, 'c20': 1.7257523029319168, 'c21': 85.1778296164796}. Best is trial 11 with value: 10.698086661231526.[0m
[32m[I 2025-10-20 20:07:27,651][0m Trial 15 finished with value: 20.88159553760315 and parameters: {'c0': 158.40823793144233, 'c1': 90.88357856803954, 'c2': 2.388801889511298, 'c3': 19.600383070737777, 'c4': 21.62065207130589, 'c5': 40.689407882746416, 'c6': 3.143746908816593, 'c7': 0.07765734435849081, 'c8': 72.98190975799442, 'c9': 10.400370278047006, 'c10': -47.4491537623958, 'c11': 34.29623010906879, 'c12': 2.8401244891483386, 'c13': 4.801097700259616, 'c14': 26.01749562473824, 'c15': 10.149230122566717, 'c16': 20.681404009462387, 'c17': 1.5164821936064103, 'c18': 0.005028737686706174, 'c19': 57.2433538898283, 'c20': 1.8088187755345528, 'c21': 75.34748704288324}. Best is trial 11 with value: 10.698086661231526.[0m
[32m[I 2025-10-20 20:13:23,655][0m Trial 16 finished with value: 18.86576418258036 and parameters: {'c0': 134.5032362256823, 'c1': 89.99124777848277, 'c2': 2.222889161810924, 'c3': 19.21912022672033, 'c4': 22.850276675133646, 'c5': 50.662363010452424, 'c6': 2.8286597009845433, 'c7': 0.07684588007789514, 'c8': 64.82248049351678, 'c9': 11.477327956143492, 'c10': -49.956154737123875, 'c11': 35.08566981510518, 'c12': 3.2993681416989795, 'c13': 4.148681570574773, 'c14': 21.812663410297557, 'c15': 10.041957450612937, 'c16': 17.701382927084943, 'c17': 1.4514700613207734, 'c18': 0.005608093772969067, 'c19': 61.73088719034211, 'c20': 1.7243951829244077, 'c21': 71.53693629660854}. Best is trial 11 with value: 10.698086661231526.[0m
[32m[I 2025-10-20 20:19:44,572][0m Trial 17 finished with value: 12.372380824785633 and parameters: {'c0': 127.08588730225627, 'c1': 106.14851715754106, 'c2': 2.5416213699395165, 'c3': 19.26226860965372, 'c4': 22.947274410144914, 'c5': 39.02040277508541, 'c6': 2.8357276663424087, 'c7': 0.07359294302385042, 'c8': 60.386827974528465, 'c9': 10.204748388423292, 'c10': -48.77787311761468, 'c11': 29.337007080895116, 'c12': 3.530928581597383, 'c13': 4.56669134769349, 'c14': 24.923782786077474, 'c15': 9.524451088142014, 'c16': 18.425195739457337, 'c17': 1.4697350096254949, 'c18': 0.005381949653354582, 'c19': 65.45546528871519, 'c20': 1.6886708473529088, 'c21': 75.53131398877267}. Best is trial 11 with value: 10.698086661231526.[0m
[32m[I 2025-10-20 20:25:59,446][0m Trial 18 finished with value: 18.410843033924515 and parameters: {'c0': 120.98767163415897, 'c1': 106.04796888761604, 'c2': 2.2491973702869354, 'c3': 18.03296880163846, 'c4': 21.778881871841197, 'c5': 40.62745614006563, 'c6': 3.1324241330126013, 'c7': 0.06732362833845494, 'c8': 66.66405187217173, 'c9': 9.546085401943635, 'c10': -48.49192008895082, 'c11': 30.970753201643202, 'c12': 3.6499972478160583, 'c13': 4.836265526685102, 'c14': 25.742764196296353, 'c15': 9.610947852586502, 'c16': 18.683545296791426, 'c17': 1.714442004521747, 'c18': 0.005645565073200632, 'c19': 64.02142828983052, 'c20': 1.7573831564279754, 'c21': 82.1528145590049}. Best is trial 11 with value: 10.698086661231526.[0m
[32m[I 2025-10-20 20:32:23,338][0m Trial 19 finished with value: 16.041699523234733 and parameters: {'c0': 127.25744662488022, 'c1': 95.61235310686519, 'c2': 2.5866342505902655, 'c3': 19.832265951643524, 'c4': 20.571566518408385, 'c5': 40.48191159033093, 'c6': 2.7024127126203634, 'c7': 0.07970100925660314, 'c8': 53.52794124993881, 'c9': 11.392851835919174, 'c10': -45.64794186289723, 'c11': 28.86875399518151, 'c12': 3.4112175816104258, 'c13': 4.135837468464569, 'c14': 25.052245936219336, 'c15': 9.105517849373575, 'c16': 16.912637596808896, 'c17': 1.5239604463224736, 'c18': 0.0058049691562201, 'c19': 63.24386089402185, 'c20': 1.7131897002471175, 'c21': 64.95342351291488}. Best is trial 11 with value: 10.698086661231526.[0m
[32m[I 2025-10-20 20:38:50,688][0m Trial 20 finished with value: 21.395636000366384 and parameters: {'c0': 138.45781386791978, 'c1': 93.27317913043281, 'c2': 2.586349083489543, 'c3': 19.954926317388853, 'c4': 23.700564469406455, 'c5': 42.17875546210216, 'c6': 3.579190585921355, 'c7': 0.0670047224377345, 'c8': 60.356449728983755, 'c9': 11.920457455988624, 'c10': -48.68361146679714, 'c11': 29.64695586580964, 'c12': 3.6130006555647203, 'c13': 4.819883034640943, 'c14': 24.17900308711786, 'c15': 11.656788381084835, 'c16': 19.83155466195725, 'c17': 1.3801623539524421, 'c18': 0.005467383085381324, 'c19': 58.946229836308305, 'c20': 1.8217408642257529, 'c21': 82.04045221680421}. Best is trial 11 with value: 10.698086661231526.[0m
[32m[I 2025-10-20 20:44:54,373][0m Trial 21 finished with value: 17.50152276115441 and parameters: {'c0': 151.35109599229588, 'c1': 99.0795298629964, 'c2': 2.418766838004165, 'c3': 19.79304187199964, 'c4': 21.988740830639713, 'c5': 48.010368707498095, 'c6': 2.9684698855504785, 'c7': 0.07458295833236936, 'c8': 71.40153469494102, 'c9': 9.96260549882804, 'c10': -49.04011131250119, 'c11': 29.11162614762723, 'c12': 3.000900245339012, 'c13': 4.245003997152055, 'c14': 23.848724129716928, 'c15': 10.911546795999337, 'c16': 18.786027503754937, 'c17': 1.4693519662214936, 'c18': 0.005774921961669645, 'c19': 66.44760708974862, 'c20': 1.7107431401290236, 'c21': 80.64129773733745}. Best is trial 11 with value: 10.698086661231526.[0m
[32m[I 2025-10-20 20:51:09,852][0m Trial 22 finished with value: 15.694535235620489 and parameters: {'c0': 128.5150811547731, 'c1': 91.48209187872959, 'c2': 2.5560249816360243, 'c3': 19.880420266090784, 'c4': 23.094517088538367, 'c5': 42.20733594361737, 'c6': 3.1079725104400024, 'c7': 0.07887428590751525, 'c8': 63.02615018205512, 'c9': 12.115253753507474, 'c10': -47.00947525155415, 'c11': 32.82842152530711, 'c12': 3.496997124281992, 'c13': 4.4907429004681205, 'c14': 25.894022214185508, 'c15': 12.247862156301043, 'c16': 19.631787788091536, 'c17': 1.7490221192608661, 'c18': 0.005029707011869404, 'c19': 67.06167924224492, 'c20': 1.894985825998347, 'c21': 86.70724261335589}. Best is trial 11 with value: 10.698086661231526.[0m
[32m[I 2025-10-20 20:57:16,254][0m Trial 23 finished with value: 21.58308925047444 and parameters: {'c0': 118.91758254243584, 'c1': 90.03316419086867, 'c2': 2.2333128102901854, 'c3': 18.42425608225876, 'c4': 22.402228722868287, 'c5': 41.58810696602284, 'c6': 3.0079675967961186, 'c7': 0.07360251959222891, 'c8': 70.43124728697002, 'c9': 11.652106185016638, 'c10': -49.10567395885083, 'c11': 30.676900592691275, 'c12': 3.8301823425248593, 'c13': 4.513314120770309, 'c14': 26.967401087491815, 'c15': 12.288514641161312, 'c16': 20.691522419710186, 'c17': 1.7159763837151922, 'c18': 0.005312596316617505, 'c19': 67.41639619378209, 'c20': 2.1214704719654565, 'c21': 86.75360843777308}. Best is trial 11 with value: 10.698086661231526.[0m
[32m[I 2025-10-20 21:03:06,671][0m Trial 24 finished with value: 28.180437128563703 and parameters: {'c0': 135.6752958804664, 'c1': 98.69044784463702, 'c2': 2.4107992599470895, 'c3': 19.06817783369627, 'c4': 22.870302798373373, 'c5': 49.52391123540962, 'c6': 3.249083864416842, 'c7': 0.07788142816321457, 'c8': 57.52469301972061, 'c9': 10.296249111412745, 'c10': -45.76235330669186, 'c11': 32.20990645956606, 'c12': 3.515673219786292, 'c13': 3.7549300956359617, 'c14': 26.132160102459498, 'c15': 10.120036761180053, 'c16': 20.139246586745337, 'c17': 1.5925700552024857, 'c18': 0.0054418705366901035, 'c19': 62.16830881390914, 'c20': 1.9829665138505708, 'c21': 84.50934361124995}. Best is trial 11 with value: 10.698086661231526.[0m
[32m[I 2025-10-20 21:09:11,924][0m Trial 25 finished with value: 28.458207103285886 and parameters: {'c0': 123.30815565889266, 'c1': 115.01890324789045, 'c2': 2.4962157585622196, 'c3': 19.843867823931685, 'c4': 20.191275094638865, 'c5': 39.424231604236674, 'c6': 2.7894921232991456, 'c7': 0.06381784942362825, 'c8': 58.61469243725616, 'c9': 10.023672049498249, 'c10': -54.66499099833871, 'c11': 30.508822576589722, 'c12': 3.4296257257641654, 'c13': 4.087382663315814, 'c14': 26.408192169605826, 'c15': 9.167755812107055, 'c16': 18.998819260357045, 'c17': 1.4268754047089103, 'c18': 0.005150407448395291, 'c19': 56.49088511790585, 'c20': 1.65619084312284, 'c21': 73.65484081437691}. Best is trial 11 with value: 10.698086661231526.[0m
[32m[I 2025-10-20 21:15:37,238][0m Trial 26 finished with value: 37.08978948593982 and parameters: {'c0': 116.5544421663575, 'c1': 96.59875359844203, 'c2': 2.5436216367216407, 'c3': 19.435745094898294, 'c4': 21.825752653605935, 'c5': 40.76973454073031, 'c6': 3.092508688252874, 'c7': 0.06926313021724972, 'c8': 56.155703146195215, 'c9': 12.434022452601763, 'c10': -53.93809207422055, 'c11': 31.16111947910373, 'c12': 3.0696056300815826, 'c13': 4.2933618043446495, 'c14': 27.99275023586659, 'c15': 12.879046905968815, 'c16': 17.221617924031097, 'c17': 1.7194233522833156, 'c18': 0.005771956376367514, 'c19': 67.58868647445725, 'c20': 1.7570687904721323, 'c21': 81.22809754594074}. Best is trial 11 with value: 10.698086661231526.[0m
[32m[I 2025-10-20 21:21:40,245][0m Trial 27 finished with value: 13.859141815299488 and parameters: {'c0': 148.26967135390916, 'c1': 108.76619878470441, 'c2': 2.3270044732679565, 'c3': 19.749882597831853, 'c4': 23.466590237407765, 'c5': 41.694187562694694, 'c6': 2.9385678204810786, 'c7': 0.06535451584886343, 'c8': 59.39695565575802, 'c9': 9.933349336026616, 'c10': -48.921133314846834, 'c11': 28.903976960119437, 'c12': 3.362105777988811, 'c13': 4.828850319393869, 'c14': 23.44498673554629, 'c15': 9.790941218252415, 'c16': 16.981202169106137, 'c17': 1.5008070343148339, 'c18': 0.005093201682199011, 'c19': 63.33287057058459, 'c20': 1.8701882949281656, 'c21': 75.16237165364379}. Best is trial 11 with value: 10.698086661231526.[0m
