[32m[I 2025-10-20 21:27:44,216][0m Trial 28 finished with value: 15.320735284174267 and parameters: {'c0': 163.99124884907212, 'c1': 102.96875320547014, 'c2': 2.2348796419149712, 'c3': 18.670602074245384, 'c4': 23.36597543488885, 'c5': 39.131946202195664, 'c6': 2.722288834810528, 'c7': 0.06963361854052923, 'c8': 59.38621285195041, 'c9': 10.375053934262823, 'c10': -56.851854180470504, 'c11': 28.949188115614213, 'c12': 3.5726338219398492, 'c13': 4.658187912253186, 'c14': 24.274144249669646, 'c15': 10.452711132733738, 'c16': 16.427448651108246, 'c17': 1.475934960942051, 'c18': 0.005311816881531309, 'c19': 60.086073832815195, 'c20': 2.1270650940681226, 'c21': 68.96778287042669}. Best is trial 11 with value: 10.698086661231526.[0m
[32m[I 2025-10-20 21:34:06,287][0m Trial 29 finished with value: 20.95968199364279 and parameters: {'c0': 130.607622022621, 'c1': 114.62219056738002, 'c2': 2.4644341074194167, 'c3': 19.962179540058777, 'c4': 23.53097372285306, 'c5': 41.70441057379541, 'c6': 2.7106022136482433, 'c7': 0.07254776784501973, 'c8': 56.803226333386334, 'c9': 11.8836609165588, 'c10': -46.58970610673864, 'c11': 28.550700277610712, 'c12': 3.368959255253557, 'c13': 4.825910615071971, 'c14': 23.88053841932113, 'c15': 9.45531182991917, 'c16': 19.831062021435727, 'c17': 1.3921623836521924, 'c18': 0.005457789986360746, 'c19': 66.30594029112262, 'c20': 1.695827766294443, 'c21': 83.8965680450595}. Best is trial 11 with value: 10.698086661231526.[0m
[32m[I 2025-10-20 21:39:41,880][0m Trial 30 finished with value: 17.012761972539266 and parameters: {'c0': 162.12365802280303, 'c1': 111.40621924105875, 'c2': 2.1281859558652068, 'c3': 19.790181688701285, 'c4': 21.214730306673182, 'c5': 40.870493599677, 'c6': 2.8078052316057827, 'c7': 0.05876033884239088, 'c8': 60.13580824533531, 'c9': 9.958849173117303, 'c10': -44.83952179361575, 'c11': 32.13941591482622, 'c12': 3.2416116882676325, 'c13': 4.545814234803975, 'c14': 19.4200401618606, 'c15': 9.768879570856106, 'c16': 14.858671023488105, 'c17': 1.5932213266826474, 'c18': 0.005076626143568053, 'c19': 64.19279039216742, 'c20': 2.0106087435838873, 'c21': 70.77551356045761}. Best is trial 11 with value: 10.698086661231526.[0m
[32m[I 2025-10-20 21:45:39,668][0m Trial 31 finished with value: 20.776220302934817 and parameters: {'c0': 164.7464701329521, 'c1': 104.17416291615528, 'c2': 2.0668325700641326, 'c3': 17.50806009992071, 'c4': 22.672663282836826, 'c5': 39.85239331688577, 'c6': 2.74610703419131, 'c7': 0.06276996131815643, 'c8': 57.29417987738253, 'c9': 10.497060530832254, 'c10': -62.40716150317672, 'c11': 28.528169814073927, 'c12': 3.507270372909727, 'c13': 4.487062966351145, 'c14': 21.636697863279508, 'c15': 11.85973615796154, 'c16': 16.14415543275955, 'c17': 1.4061940671472037, 'c18': 0.004956401191163901, 'c19': 58.4663562633439, 'c20': 2.0462284956221546, 'c21': 68.46428574047493}. Best is trial 11 with value: 10.698086661231526.[0m
[32m[I 2025-10-20 21:45:39,723][0m A new study created in memory with name: no-name-57e98543-bd74-4294-bb4e-8caa1e1117be[0m
[32m[I 2025-10-20 21:51:23,606][0m Trial 0 finished with value: 43.02149345969044 and parameters: {'c0': 130.83532464805376, 'c1': 108.45978438687516, 'c2': 2.0342341007584763, 'c3': 18.007266887601716, 'c4': 19.37229517649696, 'c5': 36.364712011202926, 'c6': 2.528087726385942, 'c7': 0.0726477959811762, 'c8': 60.1540548392301, 'c9': 11.141842675322348, 'c10': -46.944239566608104, 'c11': 32.098728355168596, 'c12': 3.0422152957490143, 'c13': 4.904037152420244, 'c14': 21.030203842402255, 'c15': 12.292619983031294, 'c16': 19.91941287846956, 'c17': 1.5291317609135544, 'c18': 0.004459968735936885, 'c19': 58.003885955060596, 'c20': 2.0589800038869708, 'c21': 101.12616377645904}. Best is trial 0 with value: 43.02149345969044.[0m
[32m[I 2025-10-20 21:58:02,930][0m Trial 1 finished with value: 26.21652704858085 and parameters: {'c0': 125.22749185122433, 'c1': 107.34334492055717, 'c2': 2.9254571510125347, 'c3': 22.639628759089412, 'c4': 18.815409843048034, 'c5': 35.438642747744694, 'c6': 2.5090890935545804, 'c7': 0.08914316605969261, 'c8': 52.66429550268926, 'c9': 10.62526487104601, 'c10': -37.14550501892187, 'c11': 30.281094096433385, 'c12': 3.7148773493888205, 'c13': 3.9454174238639705, 'c14': 27.86722298267059, 'c15': 13.048268157529957, 'c16': 16.631381141850813, 'c17': 1.6435493557390983, 'c18': 0.006227951952150323, 'c19': 72.51907520822726, 'c20': 1.6764786879030609, 'c21': 95.02838984765476}. Best is trial 1 with value: 26.21652704858085.[0m
[32m[I 2025-10-20 22:04:26,042][0m Trial 2 finished with value: 31.31039732967678 and parameters: {'c0': 113.84929754194653, 'c1': 97.59791697317651, 'c2': 2.9582129063219513, 'c3': 17.93907735046783, 'c4': 20.644852703646638, 'c5': 37.01976142598182, 'c6': 2.3351002752065892, 'c7': 0.08297013802302247, 'c8': 55.50742840272991, 'c9': 9.942570534630043, 'c10': -45.62768918589285, 'c11': 24.545601035837887, 'c12': 3.5523654247618097, 'c13': 3.657820405237367, 'c14': 26.85900980850127, 'c15': 12.427450788769194, 'c16': 17.323949985717544, 'c17': 1.4426952585498625, 'c18': 0.005614377591677906, 'c19': 63.70578415967885, 'c20': 1.50703253273287, 'c21': 86.39584777921499}. Best is trial 1 with value: 26.21652704858085.[0m
[32m[I 2025-10-20 22:10:42,184][0m Trial 3 finished with value: 23.537428973381555 and parameters: {'c0': 144.19332406779847, 'c1': 100.26904198682641, 'c2': 2.9948262664219474, 'c3': 20.230260166344276, 'c4': 26.200258333775867, 'c5': 37.149174728145795, 'c6': 2.473757811941502, 'c7': 0.08695182658460232, 'c8': 60.1768780198736, 'c9': 9.502866227993715, 'c10': -37.698127288013595, 'c11': 28.06485598751792, 'c12': 3.7962095377260012, 'c13': 4.644840140486009, 'c14': 29.908693848941066, 'c15': 12.077213176512675, 'c16': 22.668700320552396, 'c17': 1.4037555540904665, 'c18': 0.004729895911599769, 'c19': 76.41715124309721, 'c20': 1.7850221914108055, 'c21': 101.00959518915246}. Best is trial 3 with value: 23.537428973381555.[0m
[32m[I 2025-10-20 22:16:22,446][0m Trial 4 finished with value: 20.324952253494132 and parameters: {'c0': 144.17420791791938, 'c1': 104.52743899757148, 'c2': 2.1508211864215396, 'c3': 23.068882790872898, 'c4': 22.1079728763153, 'c5': 44.81224789060745, 'c6': 2.7846553044492084, 'c7': 0.06928623837847006, 'c8': 72.86900075905767, 'c9': 11.294841235739655, 'c10': -54.51707777485154, 'c11': 31.284974519219077, 'c12': 3.2108451016843707, 'c13': 4.305865585295928, 'c14': 29.93603730707587, 'c15': 10.850917019869035, 'c16': 23.96731785167496, 'c17': 1.5677802087515333, 'c18': 0.004200408607536013, 'c19': 77.30250130048475, 'c20': 1.978225007612358, 'c21': 102.11625685051604}. Best is trial 4 with value: 20.324952253494132.[0m
[32m[I 2025-10-20 22:22:22,780][0m Trial 5 finished with value: 15.74481236861256 and parameters: {'c0': 148.11676605878708, 'c1': 88.7186913398648, 'c2': 2.319587361630327, 'c3': 21.009710661298467, 'c4': 19.704963111178362, 'c5': 50.94918551807102, 'c6': 2.8476512479082596, 'c7': 0.07080721643972834, 'c8': 68.96356438192979, 'c9': 11.163720308752199, 'c10': -52.4715151168932, 'c11': 32.44152193073165, 'c12': 3.352167094850502, 'c13': 3.878679443368302, 'c14': 29.065658933384366, 'c15': 10.720259641558854, 'c16': 24.065032862327374, 'c17': 1.4894415968242265, 'c18': 0.00434740168002294, 'c19': 76.73947894513579, 'c20': 2.0806417434141666, 'c21': 86.30171097163502}. Best is trial 5 with value: 15.74481236861256.[0m
[32m[I 2025-10-20 22:28:51,283][0m Trial 6 finished with value: 14.784675155905926 and parameters: {'c0': 149.57284689207808, 'c1': 82.10138189260255, 'c2': 2.4543272624317085, 'c3': 20.504665181103835, 'c4': 22.047911713278726, 'c5': 48.02624669658336, 'c6': 3.008464450908526, 'c7': 0.08275961467439877, 'c8': 62.09432870302846, 'c9': 11.315576094125047, 'c10': -48.494026424642946, 'c11': 30.32515974643443, 'c12': 3.6119415579525302, 'c13': 4.064186490069951, 'c14': 28.555673968077464, 'c15': 12.410682329230578, 'c16': 23.86684447418985, 'c17': 1.3864564900929683, 'c18': 0.005002598295014023, 'c19': 68.05560567737037, 'c20': 1.8410985479762547, 'c21': 96.32135723225424}. Best is trial 6 with value: 14.784675155905926.[0m
[32m[I 2025-10-20 22:34:44,116][0m Trial 7 finished with value: 32.07336016500764 and parameters: {'c0': 154.88920040522464, 'c1': 81.92982571132463, 'c2': 2.4666900123156914, 'c3': 20.099678240145046, 'c4': 24.84040130802876, 'c5': 50.3603205991722, 'c6': 3.4013875887391682, 'c7': 0.08317416312843762, 'c8': 64.2798482576456, 'c9': 10.159061354720444, 'c10': -41.622664754943756, 'c11': 30.344056642343283, 'c12': 3.105496207876032, 'c13': 4.41090266959702, 'c14': 28.748107249804658, 'c15': 13.00771716995732, 'c16': 20.82360709115295, 'c17': 1.332529965129318, 'c18': 0.0053598688071605635, 'c19': 71.41883656801038, 'c20': 1.8103595613989154, 'c21': 93.87749147691302}. Best is trial 6 with value: 14.784675155905926.[0m
[32m[I 2025-10-20 22:40:43,566][0m Trial 8 finished with value: 20.140820744902157 and parameters: {'c0': 137.09312396587256, 'c1': 89.93844238206309, 'c2': 2.914439666408012, 'c3': 21.552235776063, 'c4': 20.690412240271428, 'c5': 48.76340420945186, 'c6': 3.3321605821185654, 'c7': 0.08302144056570922, 'c8': 62.81327008640557, 'c9': 10.514848046900944, 'c10': -44.21588600684784, 'c11': 27.313591882869808, 'c12': 3.903651143289241, 'c13': 4.233385472243636, 'c14': 28.597109583840282, 'c15': 10.983002223528551, 'c16': 22.094977337055628, 'c17': 1.2769010082550207, 'c18': 0.005681866883431512, 'c19': 66.94227709972029, 'c20': 2.153233798237981, 'c21': 86.90574627782381}. Best is trial 6 with value: 14.784675155905926.[0m
[32m[I 2025-10-20 22:47:29,883][0m Trial 9 finished with value: 18.194779961375296 and parameters: {'c0': 144.17889274985583, 'c1': 79.98073068824309, 'c2': 2.650632514536797, 'c3': 21.827019930047463, 'c4': 20.910593055100307, 'c5': 50.57669867670344, 'c6': 2.419992570795128, 'c7': 0.08764386046471946, 'c8': 68.68702919880575, 'c9': 10.409506039087368, 'c10': -53.94388658476673, 'c11': 28.09274705673667, 'c12': 3.679770223910569, 'c13': 4.322806200515043, 'c14': 28.368903024740124, 'c15': 12.364147520664138, 'c16': 24.229224048062505, 'c17': 1.471011928229863, 'c18': 0.004845925357380866, 'c19': 58.95945517473229, 'c20': 1.7577229354462476, 'c21': 97.15111596714611}. Best is trial 6 with value: 14.784675155905926.[0m
[32m[I 2025-10-20 22:53:27,459][0m Trial 10 finished with value: 13.548116875918852 and parameters: {'c0': 152.35677201446765, 'c1': 82.87537514517227, 'c2': 2.1702710197083492, 'c3': 21.154932239978105, 'c4': 23.13723496788405, 'c5': 44.75573241901924, 'c6': 3.077808115632788, 'c7': 0.08382893160131984, 'c8': 51.300433302466104, 'c9': 12.056542564807549, 'c10': -46.36631256671612, 'c11': 31.649826618538693, 'c12': 3.6257435903145576, 'c13': 3.9983445098499453, 'c14': 30.81093219767885, 'c15': 12.188558215517455, 'c16': 22.47778748836773, 'c17': 1.4962242142563968, 'c18': 0.004868532729322447, 'c19': 74.37876985660851, 'c20': 1.9904893473016134, 'c21': 101.61325954044938}. Best is trial 10 with value: 13.548116875918852.[0m
[32m[I 2025-10-20 22:59:50,299][0m Trial 11 finished with value: 30.391858728436322 and parameters: {'c0': 149.28980522318696, 'c1': 81.033447482952, 'c2': 2.1440357862922355, 'c3': 20.054874715284825, 'c4': 24.490266420265506, 'c5': 43.57241415471431, 'c6': 2.7902316935850973, 'c7': 0.07955115259311196, 'c8': 53.53657463587375, 'c9': 13.152744700312805, 'c10': -48.548546119563255, 'c11': 30.312063949324646, 'c12': 3.902420508900185, 'c13': 4.234582364739661, 'c14': 26.105080076150134, 'c15': 12.781273765220682, 'c16': 21.93092451906465, 'c17': 1.5367761086677998, 'c18': 0.004167725421610806, 'c19': 69.25016828848439, 'c20': 1.9966723539013396, 'c21': 100.410404746028}. Best is trial 10 with value: 13.548116875918852.[0m
[32m[I 2025-10-20 23:05:48,406][0m Trial 12 finished with value: 18.78510160316363 and parameters: {'c0': 138.24139277416154, 'c1': 93.34050742978248, 'c2': 2.0756393880799062, 'c3': 22.161342536717004, 'c4': 21.088991942823856, 'c5': 50.805278335697295, 'c6': 2.9835314448345107, 'c7': 0.08434962764393686, 'c8': 54.78501325113051, 'c9': 11.327032280601335, 'c10': -49.789703014071684, 'c11': 33.17833259342051, 'c12': 3.6523064735991637, 'c13': 4.336423886067386, 'c14': 28.357254613770337, 'c15': 13.289955051362487, 'c16': 21.813330583799317, 'c17': 1.3162782149344778, 'c18': 0.005242796824774107, 'c19': 74.22773634307718, 'c20': 2.1219072217657575, 'c21': 97.06202310025668}. Best is trial 10 with value: 13.548116875918852.[0m
[32m[I 2025-10-20 23:12:00,020][0m Trial 13 finished with value: 16.121285757582076 and parameters: {'c0': 151.7442388285031, 'c1': 82.51645408215138, 'c2': 2.4474233896569597, 'c3': 19.1286487097915, 'c4': 22.909518281905967, 'c5': 49.23675304194428, 'c6': 3.105161186760778, 'c7': 0.09036765192745418, 'c8': 61.75699665339701, 'c9': 11.595135305543156, 'c10': -48.31022233650567, 'c11': 24.822818534038724, 'c12': 3.9253713049394934, 'c13': 3.7871692816830187, 'c14': 30.38077758178931, 'c15': 13.076299531433538, 'c16': 23.19874663308551, 'c17': 1.5440249212156045, 'c18': 0.005276772730721661, 'c19': 70.98020603387023, 'c20': 2.0851475848368692, 'c21': 99.51763218515647}. Best is trial 10 with value: 13.548116875918852.[0m
[32m[I 2025-10-20 23:18:06,619][0m Trial 14 finished with value: 28.387992770154483 and parameters: {'c0': 153.1504790372128, 'c1': 88.97306543505883, 'c2': 2.4608119007953677, 'c3': 21.92654367916658, 'c4': 21.34613857455984, 'c5': 39.35462814051294, 'c6': 2.852138615844335, 'c7': 0.07617092948943963, 'c8': 55.5313693601133, 'c9': 12.2466412626491, 'c10': -38.697221471701376, 'c11': 31.95846223595452, 'c12': 3.410050164840112, 'c13': 4.0971608515154925, 'c14': 29.26184307025676, 'c15': 11.350006159185247, 'c16': 23.106526060247123, 'c17': 1.472244520316099, 'c18': 0.0061942892598298716, 'c19': 71.00477154334897, 'c20': 1.9295066890160493, 'c21': 95.67811945843027}. Best is trial 10 with value: 13.548116875918852.[0m
[32m[I 2025-10-20 23:24:20,029][0m Trial 15 finished with value: 14.275287452591803 and parameters: {'c0': 148.70391002625706, 'c1': 93.98940775448095, 'c2': 2.419727085984854, 'c3': 22.243953255974823, 'c4': 25.344424075309146, 'c5': 44.3708908228756, 'c6': 3.396839590416268, 'c7': 0.07814301068372473, 'c8': 51.97683048858861, 'c9': 12.554163586544776, 'c10': -48.78246232922164, 'c11': 31.77485205900967, 'c12': 3.298106497495334, 'c13': 4.017835544884976, 'c14': 27.857706207421234, 'c15': 12.159775212301055, 'c16': 22.88664381174077, 'c17': 1.6375334902520051, 'c18': 0.005123074388599995, 'c19': 72.01170327125648, 'c20': 1.8397342150552807, 'c21': 95.88723124838336}. Best is trial 10 with value: 13.548116875918852.[0m
[32m[I 2025-10-20 23:30:34,178][0m Trial 16 finished with value: 16.03614958554784 and parameters: {'c0': 133.12516041799194, 'c1': 83.00870883623415, 'c2': 2.277618122907019, 'c3': 22.083977801165336, 'c4': 25.68260555944033, 'c5': 48.92520990850509, 'c6': 3.089291474268253, 'c7': 0.07948521796575772, 'c8': 52.15169590414528, 'c9': 12.72185760432066, 'c10': -45.65052380208999, 'c11': 35.00184944637641, 'c12': 3.4742107989029356, 'c13': 3.9666490795452187, 'c14': 27.07087841622402, 'c15': 11.151402824661156, 'c16': 20.289419409433528, 'c17': 1.560411742575541, 'c18': 0.005195804221972288, 'c19': 71.53173580585988, 'c20': 1.7062273544555981, 'c21': 83.56207816145857}. Best is trial 10 with value: 13.548116875918852.[0m
[32m[I 2025-10-20 23:35:59,735][0m Trial 17 finished with value: 60.803927140203186 and parameters: {'c0': 129.02326409780147, 'c1': 106.41521211947149, 'c2': 2.2230299677787366, 'c3': 19.730089770247233, 'c4': 24.664805105073125, 'c5': 49.29972768828246, 'c6': 3.377436241434077, 'c7': 0.0769372764765381, 'c8': 53.93086950804127, 'c9': 11.517226724817444, 'c10': -52.81976808910454, 'c11': 29.541168075413005, 'c12': 2.8082198925625215, 'c13': 3.9049089762189304, 'c14': 27.762888520991382, 'c15': 12.159181872685432, 'c16': 21.996777856873155, 'c17': 1.6897205596129912, 'c18': 0.005323853376515686, 'c19': 69.65977578534364, 'c20': 2.044892038936401, 'c21': 98.04089354794677}. Best is trial 10 with value: 13.548116875918852.[0m
[32m[I 2025-10-20 23:42:29,509][0m Trial 18 finished with value: 22.226636997090417 and parameters: {'c0': 142.79238998348148, 'c1': 89.19048665144018, 'c2': 2.25860995468252, 'c3': 21.50141359938107, 'c4': 20.22099786015268, 'c5': 39.19421070096573, 'c6': 3.194283988297408, 'c7': 0.08461692760528854, 'c8': 54.55839696896877, 'c9': 11.201839093655579, 'c10': -43.9284609343355, 'c11': 31.761751414731357, 'c12': 3.6536605230573627, 'c13': 4.382192519647645, 'c14': 29.317003463570096, 'c15': 11.403756434242249, 'c16': 23.059498816081852, 'c17': 1.6593122219979295, 'c18': 0.004713954278878911, 'c19': 78.84526343780672, 'c20': 1.8143881087341334, 'c21': 95.8372519993843}. Best is trial 10 with value: 13.548116875918852.[0m
[32m[I 2025-10-20 23:48:34,771][0m Trial 19 finished with value: 41.63086504289109 and parameters: {'c0': 161.16120044916443, 'c1': 100.95313145969502, 'c2': 2.0858783296010213, 'c3': 22.055134006520543, 'c4': 24.78197062203037, 'c5': 41.22832876402482, 'c6': 3.249964893169116, 'c7': 0.07273725417893115, 'c8': 56.79010514123197, 'c9': 12.869166370673634, 'c10': -50.27064471346553, 'c11': 30.81366200892793, 'c12': 2.9747252934476043, 'c13': 4.33785723733942, 'c14': 26.055042432022805, 'c15': 13.571834896787625, 'c16': 22.17308192954612, 'c17': 1.787347799160332, 'c18': 0.004727571843653584, 'c19': 73.08536053319689, 'c20': 1.8035456088748802, 'c21': 96.37595525786242}. Best is trial 10 with value: 13.548116875918852.[0m
[32m[I 2025-10-20 23:54:16,716][0m Trial 20 finished with value: 16.41820529401535 and parameters: {'c0': 145.43957277121052, 'c1': 97.07448968323956, 'c2': 2.707003819447914, 'c3': 22.01165171313994, 'c4': 22.932477359056595, 'c5': 40.00186521069523, 'c6': 3.318302918493315, 'c7': 0.07962913209689056, 'c8': 50.56218996358596, 'c9': 12.51286016010934, 'c10': -52.48423268946453, 'c11': 30.596676866358127, 'c12': 3.299541156053553, 'c13': 4.602857993085225, 'c14': 27.423521683145925, 'c15': 11.412194151860689, 'c16': 20.742138301838953, 'c17': 1.427040610158379, 'c18': 0.004348055830302103, 'c19': 74.08865965277366, 'c20': 1.9353984142913627, 'c21': 81.27003083001576}. Best is trial 10 with value: 13.548116875918852.[0m
[32m[I 2025-10-21 00:00:46,368][0m Trial 21 finished with value: 20.24989976367448 and parameters: {'c0': 148.91663568713233, 'c1': 88.53307852020797, 'c2': 2.287923999778564, 'c3': 17.823368731459528, 'c4': 22.89369715189475, 'c5': 43.32488475290353, 'c6': 3.0679938179448274, 'c7': 0.08234642006995821, 'c8': 60.79379955275025, 'c9': 9.862880918703697, 'c10': -50.970032367355515, 'c11': 30.74517759401822, 'c12': 3.670823111915341, 'c13': 3.969701377365275, 'c14': 29.37194203866722, 'c15': 13.44521636168427, 'c16': 24.2145933812828, 'c17': 1.428646534516322, 'c18': 0.005335113974335592, 'c19': 65.08060050374753, 'c20': 1.717458738114821, 'c21': 92.75836391301823}. Best is trial 10 with value: 13.548116875918852.[0m
[32m[I 2025-10-21 00:06:56,249][0m Trial 22 finished with value: 36.45939663612234 and parameters: {'c0': 152.23246483101326, 'c1': 101.11253783541386, 'c2': 2.6383278563176678, 'c3': 23.106685420647366, 'c4': 25.449363225957732, 'c5': 42.29991989288858, 'c6': 3.0738332337432692, 'c7': 0.07951072240929738, 'c8': 58.789261407740824, 'c9': 12.34688897126195, 'c10': -51.21249161540819, 'c11': 30.50268968961091, 'c12': 3.284408871875953, 'c13': 3.429865148140314, 'c14': 27.727400818137493, 'c15': 12.754558939758926, 'c16': 24.585645099813565, 'c17': 1.5521269164569518, 'c18': 0.005151012531694314, 'c19': 60.35694217612544, 'c20': 1.7467417563359082, 'c21': 89.01011235533981}. Best is trial 10 with value: 13.548116875918852.[0m
[32m[I 2025-10-21 00:13:21,400][0m Trial 23 finished with value: 15.551245846587417 and parameters: {'c0': 156.1097027660651, 'c1': 81.21736005339413, 'c2': 2.079626316536169, 'c3': 20.725669945874582, 'c4': 23.974240372529444, 'c5': 45.015751980627535, 'c6': 3.3522954724237595, 'c7': 0.0769372258258526, 'c8': 53.226515027285814, 'c9': 11.454043815810078, 'c10': -41.724956190226344, 'c11': 34.80321011100301, 'c12': 3.584737645826236, 'c13': 4.2909007508970225, 'c14': 29.42744029878038, 'c15': 12.854673896497367, 'c16': 23.457530832034106, 'c17': 1.3952713361953246, 'c18': 0.004778779907811152, 'c19': 74.02406284920268, 'c20': 1.9587082709408452, 'c21': 101.41820079873604}. Best is trial 10 with value: 13.548116875918852.[0m
[32m[I 2025-10-21 00:19:57,384][0m Trial 24 finished with value: 17.477670168227448 and parameters: {'c0': 147.22559107069995, 'c1': 79.8048976143445, 'c2': 2.518593922642314, 'c3': 21.241930169523382, 'c4': 22.813819213267717, 'c5': 46.41876475618957, 'c6': 3.1914859482711466, 'c7': 0.08974742595030175, 'c8': 67.95462984918554, 'c9': 10.750647150871332, 'c10': -50.18440518046432, 'c11': 31.76422331890736, 'c12': 3.5949662853241806, 'c13': 4.235489572670726, 'c14': 28.749327659477288, 'c15': 11.2202548687331, 'c16': 22.602785705265287, 'c17': 1.4885856930130017, 'c18': 0.00444538655456694, 'c19': 71.11746011841561, 'c20': 1.7683887760171735, 'c21': 91.94968733037476}. Best is trial 10 with value: 13.548116875918852.[0m
