[32m[I 2025-10-21 03:25:46,358][0m Trial 22 finished with value: 13.097399069585375 and parameters: {'c0': 143.85836477660519, 'c1': 84.10860997955346, 'c2': 2.1556982815171493, 'c3': 22.37840473962454, 'c4': 20.989283240586115, 'c5': 46.9439799362492, 'c6': 3.35251307267604, 'c7': 0.0728129399514884, 'c8': 57.825643085647904, 'c9': 11.60263543147038, 'c10': -51.93933274931254, 'c11': 36.972789382675636, 'c12': 3.1674587832121346, 'c13': 4.003279977470109, 'c14': 26.541697278180145, 'c15': 10.730405889096849, 'c16': 24.799179618536247, 'c17': 1.2130088721687606, 'c18': 0.004128542449339835, 'c19': 82.55560517330268, 'c20': 1.923022524814677, 'c21': 117.74957017899432}. Best is trial 21 with value: 11.549173793508722.[0m
[32m[I 2025-10-21 03:32:19,234][0m Trial 23 finished with value: 13.726088744860759 and parameters: {'c0': 143.97466292867495, 'c1': 79.3617752992894, 'c2': 2.2262324732693792, 'c3': 21.842008727027228, 'c4': 21.711299776191222, 'c5': 48.01237625723307, 'c6': 3.5768666642631737, 'c7': 0.07512495712798668, 'c8': 61.19798067110254, 'c9': 12.011108555207475, 'c10': -54.97243214471879, 'c11': 37.0239373958287, 'c12': 3.0929546481513457, 'c13': 4.175703330194859, 'c14': 28.319628154300034, 'c15': 10.003399722989888, 'c16': 25.71910603832472, 'c17': 1.2022044565197656, 'c18': 0.00392740318263694, 'c19': 84.88126610543199, 'c20': 1.8576945060558219, 'c21': 110.26524940739468}. Best is trial 21 with value: 11.549173793508722.[0m
[32m[I 2025-10-21 03:38:12,979][0m Trial 24 finished with value: 13.907120741223427 and parameters: {'c0': 157.70529075876453, 'c1': 98.11315826244603, 'c2': 2.3310311486619057, 'c3': 24.131504514255933, 'c4': 22.289136249997807, 'c5': 42.48202500850355, 'c6': 3.6552195232184355, 'c7': 0.07031716529677717, 'c8': 54.92827485020131, 'c9': 12.209986900824747, 'c10': -53.97818498064248, 'c11': 36.17778916194435, 'c12': 3.3608065464745325, 'c13': 4.178824112768839, 'c14': 26.836735669715665, 'c15': 9.818740735991883, 'c16': 25.09696807861186, 'c17': 1.2738914412787925, 'c18': 0.00538566023994685, 'c19': 82.95809301682604, 'c20': 1.8805001314375054, 'c21': 116.78562110073479}. Best is trial 21 with value: 11.549173793508722.[0m
[32m[I 2025-10-21 03:44:23,355][0m Trial 25 finished with value: 30.76765471014845 and parameters: {'c0': 133.2992547532628, 'c1': 98.11553476529527, 'c2': 2.212808393840994, 'c3': 24.87215126859712, 'c4': 19.605312096337325, 'c5': 40.82059573468859, 'c6': 3.300132176607074, 'c7': 0.06761026242829138, 'c8': 54.56354929647516, 'c9': 10.567257368273992, 'c10': -54.27731704236925, 'c11': 36.04826868667505, 'c12': 3.246306518607029, 'c13': 3.4472655483428305, 'c14': 30.878801773193707, 'c15': 10.048641845280377, 'c16': 25.917559991555784, 'c17': 1.2520631227637495, 'c18': 0.0042567433018540985, 'c19': 75.27501286165821, 'c20': 1.5929641719195429, 'c21': 110.60344403474365}. Best is trial 21 with value: 11.549173793508722.[0m
[32m[I 2025-10-21 03:50:32,479][0m Trial 26 finished with value: 27.693679935973947 and parameters: {'c0': 124.78766360745884, 'c1': 97.93519549817898, 'c2': 1.8438447191518381, 'c3': 20.40326712430057, 'c4': 21.12246144241588, 'c5': 38.567438800300806, 'c6': 3.3607244429448286, 'c7': 0.07855165115903207, 'c8': 61.416992719238436, 'c9': 11.96776720962536, 'c10': -54.39919660297571, 'c11': 36.97012748778241, 'c12': 3.043930939430555, 'c13': 3.3109664151262503, 'c14': 25.771839746217466, 'c15': 11.823855482867371, 'c16': 23.59643486501651, 'c17': 1.2463607926422473, 'c18': 0.004855491109609832, 'c19': 86.06884554204092, 'c20': 1.7794992591112568, 'c21': 118.25181827989293}. Best is trial 21 with value: 11.549173793508722.[0m
[32m[I 2025-10-21 03:56:24,242][0m Trial 27 finished with value: 17.1106067113566 and parameters: {'c0': 125.57402451757666, 'c1': 89.69962566149187, 'c2': 2.3414468968990296, 'c3': 24.203455454691873, 'c4': 23.635105350545917, 'c5': 38.28660604954893, 'c6': 3.099694175717387, 'c7': 0.07172566688618144, 'c8': 58.79396676413298, 'c9': 10.638178004552628, 'c10': -51.06920845906297, 'c11': 37.77864395302593, 'c12': 3.512896891636453, 'c13': 4.030803461710476, 'c14': 27.31087570150963, 'c15': 10.749387436891888, 'c16': 25.11886335664702, 'c17': 1.324976303934046, 'c18': 0.0049275097998337115, 'c19': 81.0617517417474, 'c20': 2.003173874964159, 'c21': 102.55425945131995}. Best is trial 21 with value: 11.549173793508722.[0m
[32m[I 2025-10-21 04:02:14,181][0m Trial 28 finished with value: 20.86047405213474 and parameters: {'c0': 145.49771976700714, 'c1': 98.10952332439544, 'c2': 2.0772207642912104, 'c3': 21.816578396124058, 'c4': 23.179241841266087, 'c5': 45.91508850955158, 'c6': 3.343209366392558, 'c7': 0.0679030012090838, 'c8': 59.35638292611918, 'c9': 10.619904770271258, 'c10': -47.76561839213169, 'c11': 35.321203663200464, 'c12': 2.956950129806002, 'c13': 4.100413214869118, 'c14': 30.60234513596833, 'c15': 11.826294410959843, 'c16': 26.323208940711698, 'c17': 1.2683620710953938, 'c18': 0.004298317082451854, 'c19': 86.57278340881234, 'c20': 1.8198679315602795, 'c21': 104.61185770713972}. Best is trial 21 with value: 11.549173793508722.[0m
[32m[I 2025-10-21 04:08:22,131][0m Trial 29 finished with value: 23.65275290958224 and parameters: {'c0': 148.95126380935582, 'c1': 75.5815049797993, 'c2': 1.8949605382123793, 'c3': 24.000509362797487, 'c4': 22.53408211484413, 'c5': 40.26822987023747, 'c6': 3.4575906339448963, 'c7': 0.06728274351029608, 'c8': 52.92676242003072, 'c9': 10.263938019742577, 'c10': -51.178071679304765, 'c11': 37.588518281330366, 'c12': 3.6262586984698357, 'c13': 3.5681393925266054, 'c14': 29.257362083756078, 'c15': 11.477292052534278, 'c16': 26.81281916875059, 'c17': 1.3167477572686856, 'c18': 0.004396505232002255, 'c19': 86.85877840545893, 'c20': 1.9580811001457619, 'c21': 105.3683522773418}. Best is trial 21 with value: 11.549173793508722.[0m
[32m[I 2025-10-21 04:14:13,017][0m Trial 30 finished with value: 15.787481576961577 and parameters: {'c0': 175.20472498270055, 'c1': 85.14025269569288, 'c2': 1.7803166403462243, 'c3': 22.761195771969184, 'c4': 22.73068220639755, 'c5': 41.35408657250285, 'c6': 3.362107558424619, 'c7': 0.07632846403694991, 'c8': 59.591709853972475, 'c9': 10.80440676468516, 'c10': -47.31937252787664, 'c11': 36.78187599573446, 'c12': 3.005988177195224, 'c13': 3.644493113977685, 'c14': 26.863411686253862, 'c15': 11.013990000065425, 'c16': 24.524787509292754, 'c17': 1.3894321630189275, 'c18': 0.0039323294239862385, 'c19': 86.05852874174552, 'c20': 1.983912449209043, 'c21': 100.68946804876772}. Best is trial 21 with value: 11.549173793508722.[0m
[32m[I 2025-10-21 04:20:28,302][0m Trial 31 finished with value: 27.78897282457805 and parameters: {'c0': 163.00410887361758, 'c1': 74.0760957505086, 'c2': 1.806301139566923, 'c3': 22.68915578174516, 'c4': 22.83781414603788, 'c5': 42.53676641769857, 'c6': 3.1901266732481943, 'c7': 0.07227622429464838, 'c8': 58.77195651617882, 'c9': 12.719203056647487, 'c10': -54.850595642955106, 'c11': 36.349151384964784, 'c12': 3.8032847545844195, 'c13': 4.12359773413958, 'c14': 32.70393861701689, 'c15': 10.184888525833532, 'c16': 26.304148548164736, 'c17': 1.5319878678396122, 'c18': 0.004244033014441614, 'c19': 87.37745124433512, 'c20': 2.0274701081677975, 'c21': 117.40368295662812}. Best is trial 21 with value: 11.549173793508722.[0m
[32m[I 2025-10-21 04:20:28,357][0m A new study created in memory with name: no-name-97196558-640b-43fa-b445-120ac7b7c886[0m
[32m[I 2025-10-21 04:26:12,057][0m Trial 0 finished with value: 53.222821119007655 and parameters: {'c0': 134.6491312323697, 'c1': 106.87761416860047, 'c2': 1.719242813132481, 'c3': 21.20684854768535, 'c4': 19.063120369577188, 'c5': 35.25272631777991, 'c6': 3.08089154927353, 'c7': 0.0667239645536229, 'c8': 54.653390076254965, 'c9': 11.235832319682432, 'c10': -53.222445099741044, 'c11': 40.589256950316184, 'c12': 2.9222221189941755, 'c13': 4.43352909373573, 'c14': 23.067422675480486, 'c15': 11.184118628900531, 'c16': 25.04810851186938, 'c17': 1.2800390287436332, 'c18': 0.003943945908471285, 'c19': 76.80292077717931, 'c20': 2.0769485502243232, 'c21': 136.21749198113156}. Best is trial 0 with value: 53.222821119007655.[0m
[32m[I 2025-10-21 04:32:30,700][0m Trial 1 finished with value: 25.628964979266904 and parameters: {'c0': 128.87783195810522, 'c1': 105.77746089798259, 'c2': 2.472464295102524, 'c3': 26.662301462327832, 'c4': 18.515122724132024, 'c5': 34.35497505039895, 'c6': 3.0577385839998255, 'c7': 0.08187427260568007, 'c8': 47.84851649472736, 'c9': 10.714896801379508, 'c10': -42.11325222909704, 'c11': 38.29083493330748, 'c12': 3.568352566928278, 'c13': 3.566882222129998, 'c14': 30.5667513330055, 'c15': 11.87162534731949, 'c16': 20.913499915131236, 'c17': 1.3758182092533442, 'c18': 0.005507371704631299, 'c19': 96.02247670728441, 'c20': 1.6911091772377325, 'c21': 128.00375737249203}. Best is trial 1 with value: 25.628964979266904.[0m
[32m[I 2025-10-21 04:38:59,284][0m Trial 2 finished with value: 29.37144433266532 and parameters: {'c0': 117.16796703547374, 'c1': 96.17419555907337, 'c2': 2.500147980516825, 'c3': 21.126542902438835, 'c4': 20.3153683400034, 'c5': 35.88774517168169, 'c6': 2.8457045337088904, 'c7': 0.07620460433365124, 'c8': 50.43166490990649, 'c9': 10.02644343571172, 'c10': -51.72982255423702, 'c11': 31.03822981458226, 'c12': 3.412250550937183, 'c13': 3.306878125561637, 'c14': 29.460871446636553, 'c15': 11.306790909365112, 'c16': 21.784386002936785, 'c17': 1.2076828725497968, 'c18': 0.0049647885091417595, 'c19': 84.35280177012044, 'c20': 1.5201842796391967, 'c21': 116.37567630947626}. Best is trial 1 with value: 25.628964979266904.[0m
[32m[I 2025-10-21 04:45:08,584][0m Trial 3 finished with value: 22.659809743569763 and parameters: {'c0': 148.39651193180597, 'c1': 98.80635521362933, 'c2': 2.531091939323277, 'c3': 23.82482950387779, 'c4': 25.782111710580644, 'c5': 36.013201183038554, 'c6': 3.014681594398303, 'c7': 0.0798616188770141, 'c8': 54.674126237729425, 'c9': 9.58302989958718, 'c10': -42.73978082236346, 'c11': 35.48837319493248, 'c12': 3.646476794387529, 'c13': 4.199200221889263, 'c14': 32.80598171350195, 'c15': 10.988136382568795, 'c16': 28.50526111971781, 'c17': 1.1750863738373571, 'c18': 0.004182642240905824, 'c19': 101.18391753077492, 'c20': 1.8005999308249903, 'c21': 136.06047346076343}. Best is trial 3 with value: 22.659809743569763.[0m
[32m[I 2025-10-21 04:50:59,465][0m Trial 4 finished with value: 25.351555303608944 and parameters: {'c0': 148.3768385524594, 'c1': 103.00263234311078, 'c2': 1.8177769538469382, 'c3': 27.167826553799838, 'c4': 21.755137645221208, 'c5': 43.4419475145415, 'c6': 3.3935614281003623, 'c7': 0.06363651437982763, 'c8': 66.20564371920682, 'c9': 11.390121535577496, 'c10': -61.80805580530133, 'c11': 39.56025470523684, 'c12': 3.08420071055361, 'c13': 3.892747903980198, 'c14': 32.83597396231378, 'c15': 9.872422913105046, 'c16': 30.138236601145408, 'c17': 1.3123917159989285, 'c18': 0.003714417145598947, 'c19': 102.35620916603344, 'c20': 1.9954888118493532, 'c21': 137.5511527306292}. Best is trial 3 with value: 22.659809743569763.[0m
[32m[I 2025-10-21 04:57:36,506][0m Trial 5 finished with value: 23.658354513063568 and parameters: {'c0': 156.59562959980494, 'c1': 99.03964900801407, 'c2': 2.477592868232755, 'c3': 24.96310995764629, 'c4': 25.517019841848764, 'c5': 39.76323300661324, 'c6': 2.84425417599129, 'c7': 0.07080114155091971, 'c8': 63.64799988325414, 'c9': 9.689439984929837, 'c10': -41.76098173215456, 'c11': 39.256456488996484, 'c12': 3.7360560306895043, 'c13': 4.4125456374371765, 'c14': 31.930291870567284, 'c15': 12.374662153860744, 'c16': 28.225215506181158, 'c17': 1.2317185123407357, 'c18': 0.004056918638999444, 'c19': 88.75229397042563, 'c20': 1.7351371539982052, 'c21': 116.78165537329352}. Best is trial 3 with value: 22.659809743569763.[0m
[32m[I 2025-10-21 05:03:56,680][0m Trial 6 finished with value: 13.376546012114238 and parameters: {'c0': 151.8691754306642, 'c1': 84.11370313068564, 'c2': 2.4041668337178876, 'c3': 23.56164785253338, 'c4': 25.264474739880107, 'c5': 38.710675847656354, 'c6': 3.375021729982023, 'c7': 0.08279682823012108, 'c8': 51.359556542450306, 'c9': 10.348950115708458, 'c10': -45.32768677506298, 'c11': 34.77215447888401, 'c12': 3.7102349900744716, 'c13': 4.119392726926082, 'c14': 31.718864137294425, 'c15': 11.94731149465489, 'c16': 29.508115047803404, 'c17': 1.1196549801993079, 'c18': 0.0046279126199170045, 'c19': 89.87157447490715, 'c20': 1.6681472312389767, 'c21': 135.07960458814364}. Best is trial 6 with value: 13.376546012114238.[0m
[32m[I 2025-10-21 05:09:47,662][0m Trial 7 finished with value: 28.53425746699817 and parameters: {'c0': 158.6858132121729, 'c1': 81.20164906944353, 'c2': 2.2953088383507363, 'c3': 23.282917149050345, 'c4': 25.845995978511567, 'c5': 45.071658581932645, 'c6': 4.059078837804278, 'c7': 0.0796065673551579, 'c8': 55.08601198838403, 'c9': 9.66435216944774, 'c10': -43.02159816895927, 'c11': 36.02170998447331, 'c12': 3.1350088016550717, 'c13': 4.257297598421376, 'c14': 31.71033905331908, 'c15': 12.05730134768275, 'c16': 25.88109307158361, 'c17': 1.096927767917903, 'c18': 0.004874375469915525, 'c19': 94.42371209920674, 'c20': 1.7086806470261713, 'c21': 128.60236948609565}. Best is trial 6 with value: 13.376546012114238.[0m
[32m[I 2025-10-21 05:15:54,100][0m Trial 8 finished with value: 13.790802741640919 and parameters: {'c0': 158.8594826485381, 'c1': 112.87506126883714, 'c2': 2.246319052693726, 'c3': 23.6487209813789, 'c4': 24.95494403929565, 'c5': 42.126440009822, 'c6': 3.644857034763162, 'c7': 0.07794689758428652, 'c8': 45.961358232283885, 'c9': 11.376254611936286, 'c10': -44.887073086666895, 'c11': 30.859869660318267, 'c12': 3.8588812423222936, 'c13': 4.080583051426153, 'c14': 30.67016138105262, 'c15': 10.228029343610348, 'c16': 30.745550883721315, 'c17': 1.1872003749585458, 'c18': 0.005327474696609154, 'c19': 98.21264918485225, 'c20': 1.7404136596092687, 'c21': 129.77475416259483}. Best is trial 6 with value: 13.376546012114238.[0m
[32m[I 2025-10-21 05:22:50,886][0m Trial 9 finished with value: 19.613537655771363 and parameters: {'c0': 147.19867448162248, 'c1': 78.87186220929101, 'c2': 2.421689254149912, 'c3': 25.402234962452063, 'c4': 22.87420184849261, 'c5': 45.47492623041327, 'c6': 2.8797623748831644, 'c7': 0.08257965222668677, 'c8': 59.17868174649496, 'c9': 9.868791598345295, 'c10': -58.16150879896849, 'c11': 33.495350024375185, 'c12': 3.6629449012496442, 'c13': 4.189215118233126, 'c14': 31.310271653769593, 'c15': 11.577374719643338, 'c16': 30.388796581406538, 'c17': 1.2056679151609209, 'c18': 0.004415074886633555, 'c19': 77.93099102446233, 'c20': 1.6632060001257734, 'c21': 132.35895358254874}. Best is trial 6 with value: 13.376546012114238.[0m
[32m[I 2025-10-21 05:29:14,303][0m Trial 10 finished with value: 25.43704166362837 and parameters: {'c0': 163.84705683764503, 'c1': 102.57285783759238, 'c2': 2.1853254760598424, 'c3': 23.695247036229514, 'c4': 22.371838931755264, 'c5': 37.879147283916424, 'c6': 3.500803224483138, 'c7': 0.08265360478038315, 'c8': 60.927389072163805, 'c9': 11.621427038349713, 'c10': -46.75547225803075, 'c11': 37.028064420657145, 'c12': 3.3894387313214334, 'c13': 3.68256501520663, 'c14': 29.615365223832754, 'c15': 10.819845809686681, 'c16': 30.879954624635094, 'c17': 1.0370952450173923, 'c18': 0.004105146351463229, 'c19': 82.98275218709614, 'c20': 1.6287902315150289, 'c21': 137.40009272573462}. Best is trial 6 with value: 13.376546012114238.[0m
[32m[I 2025-10-21 05:35:26,707][0m Trial 11 finished with value: 19.797847170193354 and parameters: {'c0': 145.72886774193512, 'c1': 114.77783230857538, 'c2': 2.345796805836341, 'c3': 25.081840433997883, 'c4': 25.676582220803503, 'c5': 43.81284795047103, 'c6': 3.3454447425700695, 'c7': 0.0828081092236989, 'c8': 52.31715487403695, 'c9': 12.998044471924642, 'c10': -44.850584840068024, 'c11': 36.48042747175177, 'c12': 3.537283491817181, 'c13': 3.557222468139075, 'c14': 32.14280197435225, 'c15': 10.711353963518654, 'c16': 30.138250431637537, 'c17': 1.16717705917337, 'c18': 0.004995385997057627, 'c19': 91.68291709145663, 'c20': 1.8207127298244163, 'c21': 119.02389210403501}. Best is trial 6 with value: 13.376546012114238.[0m
[32m[I 2025-10-21 05:41:50,903][0m Trial 12 finished with value: 16.154066152836343 and parameters: {'c0': 163.32037887274714, 'c1': 113.39897715183812, 'c2': 2.1529906726117263, 'c3': 23.378919760639082, 'c4': 25.623970004408648, 'c5': 49.68574762014677, 'c6': 3.781555822387285, 'c7': 0.08116421749985152, 'c8': 48.53377393679082, 'c9': 11.4927569970929, 'c10': -48.71264898279635, 'c11': 33.11198365540918, 'c12': 3.627497548823332, 'c13': 4.427813179539172, 'c14': 29.725645576112115, 'c15': 9.162426570228961, 'c16': 26.57138447957502, 'c17': 1.210715161406664, 'c18': 0.004689972075309465, 'c19': 94.24385518632468, 'c20': 1.5657963026560797, 'c21': 125.3596366676114}. Best is trial 6 with value: 13.376546012114238.[0m
[32m[I 2025-10-21 05:48:28,015][0m Trial 13 finished with value: 35.44039584799198 and parameters: {'c0': 141.91785806709112, 'c1': 100.90334295326583, 'c2': 2.1861114945259534, 'c3': 22.007152296460184, 'c4': 21.459618807081082, 'c5': 41.4896596608521, 'c6': 3.346785069288435, 'c7': 0.07327022732472324, 'c8': 47.11131685650759, 'c9': 11.059562967562695, 'c10': -43.06813770953887, 'c11': 32.897990218356014, 'c12': 3.918409600274137, 'c13': 4.104368567649221, 'c14': 29.815700030165658, 'c15': 10.202316685028034, 'c16': 31.031136468438188, 'c17': 1.2800307978458925, 'c18': 0.00487771697475747, 'c19': 96.12865949099137, 'c20': 1.6959002834478374, 'c21': 132.5766946038448}. Best is trial 6 with value: 13.376546012114238.[0m
[32m[I 2025-10-21 05:54:34,841][0m Trial 14 finished with value: 21.863107424154514 and parameters: {'c0': 162.58122735675923, 'c1': 83.79523070506947, 'c2': 2.307364878659593, 'c3': 21.22842846143092, 'c4': 25.828344066099504, 'c5': 38.207367574330505, 'c6': 3.388338079534467, 'c7': 0.07753685981400435, 'c8': 50.59170161519463, 'c9': 9.699712537288939, 'c10': -56.74339734855505, 'c11': 34.12834863708743, 'c12': 3.8569601114938963, 'c13': 3.3050006706769692, 'c14': 31.21358096103554, 'c15': 10.006877874617432, 'c16': 27.561339545384378, 'c17': 1.1211823239353256, 'c18': 0.004808892055639308, 'c19': 92.13355839708095, 'c20': 1.7370841230574694, 'c21': 134.11824868834788}. Best is trial 6 with value: 13.376546012114238.[0m
[32m[I 2025-10-21 06:01:12,480][0m Trial 15 finished with value: 32.03366900999645 and parameters: {'c0': 158.893881825402, 'c1': 100.46044274595073, 'c2': 2.3256079416486437, 'c3': 23.834418589604045, 'c4': 25.635917319632266, 'c5': 41.0510588711467, 'c6': 3.9205091928433493, 'c7': 0.07488610333548164, 'c8': 46.443996763138834, 'c9': 12.993841443245952, 'c10': -47.725018281806484, 'c11': 33.20736188411493, 'c12': 3.7422335802675337, 'c13': 4.595085183036406, 'c14': 28.988320615106158, 'c15': 11.171124963210005, 'c16': 30.039825437317138, 'c17': 1.24878661593437, 'c18': 0.0053638460353902665, 'c19': 104.34046219952624, 'c20': 1.7857930728440137, 'c21': 132.97083058131662}. Best is trial 6 with value: 13.376546012114238.[0m
[32m[I 2025-10-21 06:07:46,524][0m Trial 16 finished with value: 20.98727644797417 and parameters: {'c0': 163.96854220295788, 'c1': 91.80051622224703, 'c2': 1.9458246470728258, 'c3': 22.948726099339435, 'c4': 24.479469472881597, 'c5': 37.52450200726073, 'c6': 3.6520833288662797, 'c7': 0.0837156528480577, 'c8': 47.084987239925766, 'c9': 10.761986598766434, 'c10': -46.268999600338105, 'c11': 34.83559666305353, 'c12': 3.796160279673294, 'c13': 4.449914325315588, 'c14': 32.02024683368969, 'c15': 12.495969403419071, 'c16': 26.29983083432223, 'c17': 1.1997386709764706, 'c18': 0.004887868743422464, 'c19': 83.65101560595193, 'c20': 1.5842361059219827, 'c21': 134.44222565639865}. Best is trial 6 with value: 13.376546012114238.[0m
[32m[I 2025-10-21 06:13:42,178][0m Trial 17 finished with value: 20.381848855886123 and parameters: {'c0': 149.00534053070794, 'c1': 86.89922965160343, 'c2': 2.4823558015611327, 'c3': 24.51441848709741, 'c4': 26.165595395321024, 'c5': 34.34650506612815, 'c6': 3.6799333379378054, 'c7': 0.08452327870004447, 'c8': 50.25652530005617, 'c9': 9.543033707971922, 'c10': -45.139286968544646, 'c11': 34.05715677799968, 'c12': 3.745730826540367, 'c13': 4.029429854995535, 'c14': 31.933109228519214, 'c15': 11.605558099269638, 'c16': 26.49252867978938, 'c17': 1.097713239376191, 'c18': 0.004838108003449662, 'c19': 86.86486142276377, 'c20': 1.729377457478975, 'c21': 101.70718062918331}. Best is trial 6 with value: 13.376546012114238.[0m
[32m[I 2025-10-21 06:20:49,305][0m Trial 18 finished with value: 20.85562096960995 and parameters: {'c0': 164.56833604744037, 'c1': 79.09598490045666, 'c2': 2.024615816843552, 'c3': 23.135937845083806, 'c4': 21.305681648522086, 'c5': 43.133343424042295, 'c6': 2.9906143176090194, 'c7': 0.08110772579307256, 'c8': 51.57881072447401, 'c9': 9.439988996294195, 'c10': -43.67847079421296, 'c11': 33.2264818752032, 'c12': 3.6652498693334588, 'c13': 3.727809824633687, 'c14': 29.33156834610714, 'c15': 11.998502839748058, 'c16': 27.069306418822357, 'c17': 1.0790601486391542, 'c18': 0.0046107927272450375, 'c19': 90.68362069928632, 'c20': 1.6239600174814348, 'c21': 126.30660505943044}. Best is trial 6 with value: 13.376546012114238.[0m
