[32m[I 2025-10-21 12:29:32,341][0m Trial 13 finished with value: 19.822352038839654 and parameters: {'c0': 164.65988041016183, 'c1': 83.27443690805339, 'c2': 1.6295640340086088, 'c3': 30.73988270773951, 'c4': 20.41008326938194, 'c5': 58.21775894595553, 'c6': 3.6878910288933358, 'c7': 0.0731781198817272, 'c8': 57.93690003832528, 'c9': 10.548411713361013, 'c10': -55.89612017389577, 'c11': 37.03696623557524, 'c12': 3.589281262450816, 'c13': 3.2722340382341706, 'c14': 40.13473624926467, 'c15': 13.545212725521257, 'c16': 39.56991218891075, 'c17': 0.8791716840160891, 'c18': 0.004419529864138071, 'c19': 107.45340578202202, 'c20': 1.9601282484095868, 'c21': 189.78923710213405}. Best is trial 10 with value: 11.041599497286711.[0m
[32m[I 2025-10-21 12:35:18,353][0m Trial 14 finished with value: 16.42772650558335 and parameters: {'c0': 136.37587000222808, 'c1': 94.83597777133451, 'c2': 1.6298733287070077, 'c3': 34.48749876730799, 'c4': 23.87225205112192, 'c5': 56.82638890518113, 'c6': 3.9240774260208, 'c7': 0.0877385945285591, 'c8': 59.35999929025587, 'c9': 12.049928629279291, 'c10': -59.756513480245076, 'c11': 37.70873874885545, 'c12': 3.855183527630524, 'c13': 2.812292695243791, 'c14': 43.12216519444524, 'c15': 14.420469782360078, 'c16': 42.556423706157915, 'c17': 0.9706896830878563, 'c18': 0.004308923437383693, 'c19': 98.18832568637058, 'c20': 1.9876070034736146, 'c21': 192.6894218232366}. Best is trial 10 with value: 11.041599497286711.[0m
[32m[I 2025-10-21 12:40:59,728][0m Trial 15 finished with value: 20.14900381039677 and parameters: {'c0': 169.59224794378437, 'c1': 100.1975887944819, 'c2': 1.7025648548455479, 'c3': 36.811368927193556, 'c4': 21.034475184875124, 'c5': 58.029096054198135, 'c6': 3.8108824520440088, 'c7': 0.08610682732242038, 'c8': 60.138414836236215, 'c9': 11.738655376243612, 'c10': -52.06582419327848, 'c11': 41.16290941687595, 'c12': 3.3768893620358695, 'c13': 3.762845665632562, 'c14': 44.57495804913238, 'c15': 13.547528959142596, 'c16': 48.83060437861154, 'c17': 0.9681139454781454, 'c18': 0.004277188464962993, 'c19': 115.47872165390547, 'c20': 2.056076105153144, 'c21': 203.57041713074798}. Best is trial 10 with value: 11.041599497286711.[0m
[32m[I 2025-10-21 12:47:16,678][0m Trial 16 finished with value: 21.26212430274869 and parameters: {'c0': 184.0473539982993, 'c1': 74.89967119056516, 'c2': 1.562655912840677, 'c3': 29.613002726834498, 'c4': 28.150927073935677, 'c5': 56.61076151371012, 'c6': 4.065790534720553, 'c7': 0.07132539588508546, 'c8': 55.203522549262075, 'c9': 11.972534238220623, 'c10': -44.97898584941782, 'c11': 41.115946974606416, 'c12': 3.5406129768289625, 'c13': 3.1815021221974504, 'c14': 45.111079912705904, 'c15': 12.739452634639406, 'c16': 48.87620589230153, 'c17': 1.0990939953115695, 'c18': 0.003987074209668656, 'c19': 107.1827053620508, 'c20': 1.6592079691106734, 'c21': 191.80159341199635}. Best is trial 10 with value: 11.041599497286711.[0m
[32m[I 2025-10-21 12:53:29,303][0m Trial 17 finished with value: 16.208909660787224 and parameters: {'c0': 183.91892922285504, 'c1': 79.80970433049589, 'c2': 1.6759448878860148, 'c3': 34.46008136852199, 'c4': 28.037125211415145, 'c5': 49.40743989229683, 'c6': 3.730451638218877, 'c7': 0.06999257930358717, 'c8': 51.99546409333301, 'c9': 10.560962321412159, 'c10': -56.97040051832088, 'c11': 34.957966826656346, 'c12': 3.1599562823085776, 'c13': 2.6753861686344997, 'c14': 47.80941057365838, 'c15': 13.706998785315736, 'c16': 45.64041392527965, 'c17': 1.1890558567058296, 'c18': 0.0043715093335440144, 'c19': 100.52710078452232, 'c20': 1.8249764340321903, 'c21': 202.29104194145356}. Best is trial 10 with value: 11.041599497286711.[0m
[32m[I 2025-10-21 12:59:46,830][0m Trial 18 finished with value: 18.858313262786503 and parameters: {'c0': 173.55348740376576, 'c1': 81.47933910421811, 'c2': 1.686433974192053, 'c3': 34.47858700455044, 'c4': 22.214701048008802, 'c5': 46.42751438555617, 'c6': 4.118086193605422, 'c7': 0.08225201579724713, 'c8': 56.02304899637371, 'c9': 11.047925088874907, 'c10': -53.935569740687505, 'c11': 36.620424454940384, 'c12': 3.491274412874524, 'c13': 3.40549746945345, 'c14': 45.354229849935095, 'c15': 12.231234792878361, 'c16': 46.44428441228348, 'c17': 1.1975819071455693, 'c18': 0.003740856587687196, 'c19': 115.40824704828987, 'c20': 1.6923234030966618, 'c21': 204.96501678325257}. Best is trial 10 with value: 11.041599497286711.[0m
[32m[I 2025-10-21 13:05:25,263][0m Trial 19 finished with value: 18.249795319066113 and parameters: {'c0': 172.79167944245563, 'c1': 91.61453379248759, 'c2': 1.8153202417920307, 'c3': 31.043206764747634, 'c4': 24.789084824173784, 'c5': 52.93259389526225, 'c6': 3.7261655851764814, 'c7': 0.07785474736922939, 'c8': 58.134730984107534, 'c9': 10.537183295905521, 'c10': -59.16239778126513, 'c11': 38.67510197891902, 'c12': 3.1176517407252233, 'c13': 3.7242789373243843, 'c14': 47.43381411956962, 'c15': 14.023529238091458, 'c16': 34.96703429562339, 'c17': 1.064671455663113, 'c18': 0.004054908466744484, 'c19': 101.43108147180476, 'c20': 1.875536315984466, 'c21': 211.49150154930416}. Best is trial 10 with value: 11.041599497286711.[0m
[32m[I 2025-10-21 13:11:36,659][0m Trial 20 finished with value: 24.15637432218549 and parameters: {'c0': 165.09848213678822, 'c1': 81.46786474681186, 'c2': 1.5409245535018734, 'c3': 36.20022167151519, 'c4': 20.073219101304797, 'c5': 60.49827754866686, 'c6': 3.783648055806278, 'c7': 0.08182001412816306, 'c8': 58.38217203315328, 'c9': 9.219895284248958, 'c10': -57.40131010103267, 'c11': 37.81919067640855, 'c12': 3.8128177489251027, 'c13': 3.7887520434000734, 'c14': 46.29678467516837, 'c15': 14.539260196860534, 'c16': 47.32305914416928, 'c17': 0.9622514420811403, 'c18': 0.0036901681868292033, 'c19': 110.8522369475463, 'c20': 1.6294138063717991, 'c21': 208.34228481423014}. Best is trial 10 with value: 11.041599497286711.[0m
[32m[I 2025-10-21 13:18:19,473][0m Trial 21 finished with value: 21.019875384995448 and parameters: {'c0': 170.1255997865527, 'c1': 73.25039455925719, 'c2': 1.8056260288187613, 'c3': 30.510875240226913, 'c4': 24.795664553204865, 'c5': 55.20145768163197, 'c6': 4.049281670380225, 'c7': 0.07939780901698919, 'c8': 67.50638637405272, 'c9': 10.772752506492285, 'c10': -61.65869250868827, 'c11': 31.871254494666243, 'c12': 3.718473252444901, 'c13': 3.2162352452440213, 'c14': 43.35242243500777, 'c15': 12.45859737442534, 'c16': 48.710564242886996, 'c17': 1.1311286514734515, 'c18': 0.00418985802653125, 'c19': 108.24118407312426, 'c20': 1.6928753088693294, 'c21': 200.8186861169668}. Best is trial 10 with value: 11.041599497286711.[0m
[32m[I 2025-10-21 13:24:06,829][0m Trial 22 finished with value: 20.540668163663295 and parameters: {'c0': 189.51262014258396, 'c1': 78.12509409604426, 'c2': 1.5242278127192843, 'c3': 34.14190601948541, 'c4': 26.14157866627659, 'c5': 51.10418646061012, 'c6': 4.0972439714699425, 'c7': 0.0873405116153811, 'c8': 52.1946110415456, 'c9': 11.368172596179958, 'c10': -56.89062872338932, 'c11': 38.84470229581931, 'c12': 3.210805301114804, 'c13': 2.8291785801918716, 'c14': 46.8536842063083, 'c15': 13.50282964113464, 'c16': 41.945375320492715, 'c17': 0.9750237841851956, 'c18': 0.004044473811433257, 'c19': 95.17639127761223, 'c20': 1.977932845721929, 'c21': 204.9188044042871}. Best is trial 10 with value: 11.041599497286711.[0m
[32m[I 2025-10-21 13:30:39,815][0m Trial 23 finished with value: 36.39835184559653 and parameters: {'c0': 178.14277215481158, 'c1': 82.6722791781464, 'c2': 1.8669146348244625, 'c3': 33.307637078857624, 'c4': 25.146956891438823, 'c5': 55.67171872937874, 'c6': 3.3086866443316594, 'c7': 0.08343812580055376, 'c8': 67.14372718327893, 'c9': 12.302332388339833, 'c10': -61.25632055987055, 'c11': 36.09903576775452, 'c12': 3.6813698373626877, 'c13': 2.7740423983017655, 'c14': 43.09574013068676, 'c15': 13.641770499730939, 'c16': 44.77509359109217, 'c17': 0.8726520977354187, 'c18': 0.0037918969247236465, 'c19': 106.34194499045802, 'c20': 1.6824952445875518, 'c21': 190.16129728322616}. Best is trial 10 with value: 11.041599497286711.[0m
[32m[I 2025-10-21 13:36:45,395][0m Trial 24 finished with value: 22.502774418200836 and parameters: {'c0': 188.46369107075327, 'c1': 84.33063472921559, 'c2': 1.9503951678376263, 'c3': 32.847192871366836, 'c4': 26.706995076696476, 'c5': 56.89341699986283, 'c6': 3.7927571104403364, 'c7': 0.07534626324047987, 'c8': 59.7965458693081, 'c9': 10.35173420529288, 'c10': -58.491795553210956, 'c11': 37.54158652069091, 'c12': 3.803200060722611, 'c13': 3.2813284027962535, 'c14': 39.55659980342622, 'c15': 14.547215683660065, 'c16': 49.66745085238653, 'c17': 0.9741845591626968, 'c18': 0.0037995044481345685, 'c19': 95.53408759471863, 'c20': 1.6462784566330182, 'c21': 213.48794918068302}. Best is trial 10 with value: 11.041599497286711.[0m
[32m[I 2025-10-21 13:42:20,322][0m Trial 25 finished with value: 15.19489504940298 and parameters: {'c0': 173.53089631392146, 'c1': 73.75230400571137, 'c2': 1.6577493637225869, 'c3': 35.7317525466199, 'c4': 23.121423496793145, 'c5': 61.66782779702705, 'c6': 4.152620240024116, 'c7': 0.08240880423120182, 'c8': 60.46432889928152, 'c9': 12.459945846438984, 'c10': -63.04383896622146, 'c11': 39.49579974000533, 'c12': 3.312559372512563, 'c13': 2.85312443082966, 'c14': 43.5805334529181, 'c15': 13.744371208075876, 'c16': 45.30076494856161, 'c17': 0.890354821793094, 'c18': 0.004034451800356923, 'c19': 107.36086814071514, 'c20': 1.983407292062946, 'c21': 212.23094803785483}. Best is trial 10 with value: 11.041599497286711.[0m
[32m[I 2025-10-21 13:48:12,809][0m Trial 26 finished with value: 17.23392559949784 and parameters: {'c0': 166.92733437101833, 'c1': 81.77480847728799, 'c2': 1.5805285487829344, 'c3': 36.27761565551329, 'c4': 24.617588452982574, 'c5': 56.794914308463234, 'c6': 4.307287851699068, 'c7': 0.08046283260900453, 'c8': 57.48832164581624, 'c9': 12.759681096960666, 'c10': -66.3103157765774, 'c11': 39.69643636786293, 'c12': 3.431319632732192, 'c13': 3.142391122184025, 'c14': 42.48847784774717, 'c15': 14.224398075098076, 'c16': 47.250494753028825, 'c17': 0.9523773071675588, 'c18': 0.004105787364886517, 'c19': 108.06613657851538, 'c20': 2.0204822927122192, 'c21': 213.91058559277351}. Best is trial 10 with value: 11.041599497286711.[0m
[32m[I 2025-10-21 13:53:51,162][0m Trial 27 finished with value: 17.790684727938157 and parameters: {'c0': 189.45721793250587, 'c1': 87.91850163630149, 'c2': 1.5574918371397732, 'c3': 36.99651556237792, 'c4': 25.799274122155012, 'c5': 59.404621129274936, 'c6': 3.865769184151056, 'c7': 0.07280967296227632, 'c8': 56.148853402473605, 'c9': 10.44341638386783, 'c10': -59.728647365206655, 'c11': 34.725157585062185, 'c12': 3.322076396353686, 'c13': 3.7857146750742587, 'c14': 41.21940388039706, 'c15': 13.881402867924423, 'c16': 40.48767690836705, 'c17': 0.9708410487185247, 'c18': 0.003754738164460745, 'c19': 106.23659833022698, 'c20': 1.9950601631977176, 'c21': 202.68727684077592}. Best is trial 10 with value: 11.041599497286711.[0m
[32m[I 2025-10-21 13:59:57,601][0m Trial 28 finished with value: 15.282549956360567 and parameters: {'c0': 187.16317400162092, 'c1': 75.09794480585066, 'c2': 1.574616929847574, 'c3': 33.539107390583375, 'c4': 27.235788236665492, 'c5': 53.81539077911895, 'c6': 4.23475674443353, 'c7': 0.07189910283544372, 'c8': 53.82307632538329, 'c9': 11.742253887193826, 'c10': -59.09021628608583, 'c11': 32.423562028858626, 'c12': 3.376278058006326, 'c13': 3.3824122769072056, 'c14': 47.91360286070155, 'c15': 12.882236016383782, 'c16': 49.13876391915574, 'c17': 1.1467739555101226, 'c18': 0.0041634222261205354, 'c19': 113.66713517824405, 'c20': 1.8154748510565335, 'c21': 211.32604236612792}. Best is trial 10 with value: 11.041599497286711.[0m
[32m[I 2025-10-21 14:05:57,690][0m Trial 29 finished with value: 16.692912877961035 and parameters: {'c0': 167.70353251193754, 'c1': 79.11878423545677, 'c2': 1.6343004538268422, 'c3': 34.86090970239805, 'c4': 23.422680054592476, 'c5': 57.00195889475122, 'c6': 3.693781531246388, 'c7': 0.08168832208773423, 'c8': 58.981430025214465, 'c9': 10.742970871346367, 'c10': -59.05949863718776, 'c11': 38.713983078758275, 'c12': 3.770323367702588, 'c13': 3.3956279839449537, 'c14': 43.873570669667615, 'c15': 13.027306578299171, 'c16': 43.54296485479772, 'c17': 1.0528693860323692, 'c18': 0.004022117693282802, 'c19': 112.21436056062059, 'c20': 1.9422151823471339, 'c21': 199.50588179591352}. Best is trial 10 with value: 11.041599497286711.[0m
[32m[I 2025-10-21 14:11:55,694][0m Trial 30 finished with value: 14.32853756385707 and parameters: {'c0': 188.1806838488646, 'c1': 79.86064758969994, 'c2': 1.5733610919271401, 'c3': 36.959431810361465, 'c4': 21.284461173175288, 'c5': 57.75479553898168, 'c6': 3.8656493246597585, 'c7': 0.07420682919087124, 'c8': 60.7849543503716, 'c9': 11.725248582104397, 'c10': -53.91603327410049, 'c11': 40.07789516692563, 'c12': 3.187525899325311, 'c13': 2.845297272881989, 'c14': 36.08922388525511, 'c15': 13.331441697982548, 'c16': 39.761978051366725, 'c17': 0.9727514078849443, 'c18': 0.0037184791079060294, 'c19': 109.18596187790274, 'c20': 2.0005321886080383, 'c21': 197.34019073325484}. Best is trial 10 with value: 11.041599497286711.[0m
[32m[I 2025-10-21 14:17:57,255][0m Trial 31 finished with value: 17.725577027036138 and parameters: {'c0': 187.68175316274508, 'c1': 89.97636396144534, 'c2': 1.7299006017800551, 'c3': 36.211659279286884, 'c4': 21.52359622545245, 'c5': 56.47531801803144, 'c6': 3.605395947411097, 'c7': 0.07019061847424891, 'c8': 56.88720508783955, 'c9': 12.39269197478999, 'c10': -56.31860574284563, 'c11': 40.16112620713438, 'c12': 3.5450762322628386, 'c13': 2.9803102885662676, 'c14': 32.79443579477863, 'c15': 12.348141020874412, 'c16': 39.44615090532112, 'c17': 1.0478303811492797, 'c18': 0.0033534335576966227, 'c19': 109.37691038857355, 'c20': 2.0156412982725276, 'c21': 182.70507737431294}. Best is trial 10 with value: 11.041599497286711.[0m
[32m[I 2025-10-21 14:17:57,307][0m A new study created in memory with name: no-name-050d5b42-ab77-45b7-96e9-c88087aa01e7[0m
[32m[I 2025-10-21 14:23:41,333][0m Trial 0 finished with value: 23.857810678569574 and parameters: {'c0': 179.0319906045258, 'c1': 82.38253937629341, 'c2': 1.2964533624735068, 'c3': 31.24079907811327, 'c4': 21.826897128053798, 'c5': 44.370480952818184, 'c6': 3.469966568576169, 'c7': 0.07645218496023538, 'c8': 50.50240574693203, 'c9': 12.075511004356894, 'c10': -58.76883830951008, 'c11': 39.19494418722945, 'c12': 3.055016555466704, 'c13': 3.5771555223078835, 'c14': 38.65447974462482, 'c15': 13.964390855998577, 'c16': 43.77512340674862, 'c17': 1.1052268499908948, 'c18': 0.0033077758378316966, 'c19': 95.72336542648885, 'c20': 2.0799194724910843, 'c21': 258.02271121746674}. Best is trial 0 with value: 23.857810678569574.[0m
[32m[I 2025-10-21 14:30:16,013][0m Trial 1 finished with value: 29.83520910557206 and parameters: {'c0': 171.35836368997178, 'c1': 81.53452811741873, 'c2': 1.8644455713274244, 'c3': 39.27748156788638, 'c4': 21.19945062393184, 'c5': 43.24053556503111, 'c6': 3.443889696288307, 'c7': 0.09381137758539133, 'c8': 44.21436970394564, 'c9': 11.515644818670962, 'c10': -46.50193929086247, 'c11': 36.97547703153289, 'c12': 3.7305090865099046, 'c13': 2.8779088100137056, 'c14': 51.22123467727344, 'c15': 14.822805618098709, 'c16': 36.5493082728414, 'c17': 1.1879256736926669, 'c18': 0.004619016456439823, 'c19': 119.67767024999686, 'c20': 1.6935281846366577, 'c21': 242.46428298539007}. Best is trial 0 with value: 23.857810678569574.[0m
[32m[I 2025-10-21 14:37:09,454][0m Trial 2 finished with value: 40.67440936134882 and parameters: {'c0': 155.788709377157, 'c1': 74.13221668786484, 'c2': 1.88532139338518, 'c3': 31.12249708136239, 'c4': 23.260696374945574, 'c5': 45.169740893956934, 'c6': 3.205078607308939, 'c7': 0.0873150830337093, 'c8': 46.60132519171874, 'c9': 10.775741805118079, 'c10': -57.12066726307535, 'c11': 29.97201172571543, 'c12': 3.567313332123284, 'c13': 2.6681266996005095, 'c14': 49.36809259594875, 'c15': 14.117558372228014, 'c16': 38.07130527109152, 'c17': 1.042752218521217, 'c18': 0.0041639535256326726, 'c19': 105.13316403701961, 'c20': 1.5223587915333272, 'c21': 220.43841128198648}. Best is trial 0 with value: 23.857810678569574.[0m
[32m[I 2025-10-21 14:43:24,452][0m Trial 3 finished with value: 38.41589300858341 and parameters: {'c0': 197.31076381079978, 'c1': 76.1611167346424, 'c2': 1.9086557351875295, 'c3': 35.09746909953716, 'c4': 29.520009795925986, 'c5': 45.32764481072489, 'c6': 3.3953951900483696, 'c7': 0.09150528297374369, 'c8': 50.52156697442324, 'c9': 10.299190991381474, 'c10': -47.19375939655202, 'c11': 34.2692848103521, 'c12': 3.8121835104764195, 'c13': 3.3880892502163955, 'c14': 54.9735518131819, 'c15': 13.71968916966802, 'c16': 49.81698808378859, 'c17': 1.0146073535728082, 'c18': 0.003507969750052985, 'c19': 126.11063505230663, 'c20': 1.803175556700479, 'c21': 257.7252872688423}. Best is trial 0 with value: 23.857810678569574.[0m
[32m[I 2025-10-21 14:49:28,129][0m Trial 4 finished with value: 14.384082599451588 and parameters: {'c0': 197.28460571951396, 'c1': 79.39565718113852, 'c2': 1.3707563737014223, 'c3': 40.022194191080246, 'c4': 24.909203854511762, 'c5': 54.677759880804594, 'c6': 3.8221224329348806, 'c7': 0.07291459073420868, 'c8': 61.17725318007055, 'c9': 12.24133059576631, 'c10': -68.24916876779498, 'c11': 38.20128998917929, 'c12': 3.2243559344375186, 'c13': 3.14083078452112, 'c14': 55.02381034403307, 'c15': 12.326619274054291, 'c16': 52.6708444213166, 'c17': 1.1331612002887967, 'c18': 0.0031152707392486365, 'c19': 127.5717214205429, 'c20': 1.998343211946821, 'c21': 260.5489268849624}. Best is trial 4 with value: 14.384082599451588.[0m
[32m[I 2025-10-21 14:55:19,923][0m Trial 5 finished with value: 15.589008128489521 and parameters: {'c0': 202.67950983988317, 'c1': 67.38784448112999, 'c2': 1.4783140413462843, 'c3': 36.44973740633754, 'c4': 22.201716359432353, 'c5': 62.16575742150059, 'c6': 3.908588505879001, 'c7': 0.07451521872972156, 'c8': 57.89843958947096, 'c9': 12.099221947953017, 'c10': -65.6883574263533, 'c11': 39.61352073995982, 'c12': 3.366272592794134, 'c13': 2.8292280745180665, 'c14': 53.42401495126646, 'c15': 12.178192762744088, 'c16': 52.8855840161078, 'c17': 1.0765395673424314, 'c18': 0.0032242894706094876, 'c19': 126.64256997186052, 'c20': 2.1018015081425188, 'c21': 220.1982218650238}. Best is trial 4 with value: 14.384082599451588.[0m
[32m[I 2025-10-21 15:01:54,011][0m Trial 6 finished with value: 17.532758611738668 and parameters: {'c0': 196.2405072014516, 'c1': 84.79016667330824, 'c2': 1.584800604195541, 'c3': 38.61397757524298, 'c4': 27.8581453620698, 'c5': 55.21713915502736, 'c6': 4.101625543520117, 'c7': 0.07441576469687115, 'c8': 60.30541131878005, 'c9': 13.575295871979431, 'c10': -66.27968899684504, 'c11': 34.956653789326786, 'c12': 3.5838045697419743, 'c13': 3.5213766037301615, 'c14': 56.25429157307414, 'c15': 13.960684402335017, 'c16': 49.67672164806724, 'c17': 1.1758358222006793, 'c18': 0.0031876634383101, 'c19': 115.44092869155956, 'c20': 1.8692668958914755, 'c21': 260.08633268647316}. Best is trial 4 with value: 14.384082599451588.[0m
[32m[I 2025-10-21 15:11:09,647][0m Trial 7 finished with value: 969.2475699260707 and parameters: {'c0': 203.16654763731887, 'c1': 80.58467729237448, 'c2': 1.3162764053096085, 'c3': 40.37238337578065, 'c4': 29.151315681925333, 'c5': 47.17893297525883, 'c6': 4.629222389880912, 'c7': 0.07409923130192712, 'c8': 59.4022202737873, 'c9': 12.056992934241938, 'c10': -66.37836602854969, 'c11': 35.868234666032926, 'c12': 3.004569398976227, 'c13': 2.895704825755089, 'c14': 44.80415352316386, 'c15': 12.97100448007332, 'c16': 54.12538799438856, 'c17': 0.9120668744345379, 'c18': 0.003100677014242944, 'c19': 129.6120833655187, 'c20': 2.0152556010388842, 'c21': 229.38300252546193}. Best is trial 4 with value: 14.384082599451588.[0m
[32m[I 2025-10-21 15:17:34,756][0m Trial 8 finished with value: 30.429978406194085 and parameters: {'c0': 173.2315868429098, 'c1': 78.00131075350664, 'c2': 1.3437111707838119, 'c3': 40.37925289922814, 'c4': 23.016654262357456, 'c5': 48.744839857805374, 'c6': 3.716478063250683, 'c7': 0.07445399084009931, 'c8': 59.90967841825825, 'c9': 12.374108820610573, 'c10': -55.266929611424395, 'c11': 41.07227714929124, 'c12': 3.289876651385787, 'c13': 3.6326338088080172, 'c14': 53.39497854960463, 'c15': 14.533765078292447, 'c16': 49.868093842831584, 'c17': 1.249830151602053, 'c18': 0.003422245454037076, 'c19': 123.55653475904785, 'c20': 1.9220108130544884, 'c21': 216.8438359077765}. Best is trial 4 with value: 14.384082599451588.[0m
[32m[I 2025-10-21 15:23:39,731][0m Trial 9 finished with value: 15.550244699803562 and parameters: {'c0': 182.54572275648832, 'c1': 80.83795923109108, 'c2': 1.3413674099227537, 'c3': 35.60716357194585, 'c4': 25.89611282312709, 'c5': 55.08236674973058, 'c6': 3.3370111215212623, 'c7': 0.08119471372533371, 'c8': 56.4484679815277, 'c9': 10.87082522196183, 'c10': -62.08818754105125, 'c11': 31.17878004286913, 'c12': 3.4881665658862255, 'c13': 2.7493066529474226, 'c14': 55.01416353219066, 'c15': 11.240794353609697, 'c16': 43.452365378468656, 'c17': 1.180572119651571, 'c18': 0.003489571163887374, 'c19': 115.41192282526023, 'c20': 1.7114320439061894, 'c21': 253.9484047365089}. Best is trial 4 with value: 14.384082599451588.[0m
