[32m[I 2025-10-21 00:25:58,381][0m Trial 25 finished with value: 15.559180686321056 and parameters: {'c0': 151.47306827805718, 'c1': 80.86872529765647, 'c2': 2.4715256287068175, 'c3': 22.325694309568945, 'c4': 24.827813429162134, 'c5': 51.14591760075297, 'c6': 3.4184873787186376, 'c7': 0.07927409766063111, 'c8': 56.941001797567694, 'c9': 13.061196648354402, 'c10': -50.62895452703689, 'c11': 33.32436941116348, 'c12': 3.1362627077532568, 'c13': 3.4836393247007473, 'c14': 27.76082473279537, 'c15': 11.948122954176972, 'c16': 23.282979408888448, 'c17': 1.481108760884204, 'c18': 0.004970271066000083, 'c19': 71.7418513600597, 'c20': 1.922653686625739, 'c21': 98.77250826308479}. Best is trial 10 with value: 13.548116875918852.[0m
[32m[I 2025-10-21 00:32:15,765][0m Trial 26 finished with value: 16.896741957864577 and parameters: {'c0': 154.2807625561738, 'c1': 81.12746661954098, 'c2': 2.6050904245908497, 'c3': 20.434091995780694, 'c4': 23.10940176628183, 'c5': 46.58847850246045, 'c6': 2.959063027317998, 'c7': 0.07434956077688498, 'c8': 67.66600369264134, 'c9': 10.715115916907054, 'c10': -49.98919080307748, 'c11': 31.240296001103566, 'c12': 3.6334508463850463, 'c13': 3.874529405444534, 'c14': 29.493055468219147, 'c15': 12.609232743594731, 'c16': 22.716039838428337, 'c17': 1.1953261904123331, 'c18': 0.004856528488824261, 'c19': 69.85124527435386, 'c20': 1.9694033619180622, 'c21': 95.31350092252093}. Best is trial 10 with value: 13.548116875918852.[0m
[32m[I 2025-10-21 00:38:08,176][0m Trial 27 finished with value: 16.92259398025747 and parameters: {'c0': 149.72652301481676, 'c1': 100.60197749342396, 'c2': 2.319541807292701, 'c3': 23.457980248180608, 'c4': 24.044108884496712, 'c5': 39.59793967520963, 'c6': 3.403917667833397, 'c7': 0.07263306024603303, 'c8': 51.95563607284179, 'c9': 11.947188733691723, 'c10': -49.420019340580545, 'c11': 27.569523683500588, 'c12': 3.2698464767849598, 'c13': 4.214626296347988, 'c14': 28.77072820955333, 'c15': 10.494041799838184, 'c16': 21.34901182162587, 'c17': 1.616729870302084, 'c18': 0.005902834680330087, 'c19': 73.29748447925871, 'c20': 1.9435334401705449, 'c21': 85.8590135361397}. Best is trial 10 with value: 13.548116875918852.[0m
[32m[I 2025-10-21 00:44:49,453][0m Trial 28 finished with value: 62.0655769328763 and parameters: {'c0': 147.993536010579, 'c1': 80.63967467811175, 'c2': 2.4168593024726808, 'c3': 20.950144023030827, 'c4': 20.845529820111597, 'c5': 48.47808642020808, 'c6': 2.8420527849057597, 'c7': 0.08335366269577967, 'c8': 65.41821010877283, 'c9': 12.536083129520485, 'c10': -41.84957213169746, 'c11': 33.88844945408005, 'c12': 3.9006351056388096, 'c13': 3.8141761173082243, 'c14': 29.10063648816167, 'c15': 13.091698882542094, 'c16': 23.201583824592284, 'c17': 1.4679837191574536, 'c18': 0.004762578915617768, 'c19': 72.55475776375776, 'c20': 1.6546193960185236, 'c21': 99.95963351938278}. Best is trial 10 with value: 13.548116875918852.[0m
[32m[I 2025-10-21 00:51:07,649][0m Trial 29 finished with value: 33.99870578921061 and parameters: {'c0': 143.69040179645106, 'c1': 81.24363468110839, 'c2': 2.4367153926589653, 'c3': 20.845665632745487, 'c4': 25.817668973809187, 'c5': 42.98899411129521, 'c6': 3.3283912513604212, 'c7': 0.08027763528052521, 'c8': 58.96738685717553, 'c9': 12.796552185017486, 'c10': -46.772873029836134, 'c11': 29.888521000476736, 'c12': 3.0745206377035594, 'c13': 4.427462572228282, 'c14': 28.25220650665002, 'c15': 11.798461135304617, 'c16': 23.863177366511906, 'c17': 1.6048271079341911, 'c18': 0.005730807671208017, 'c19': 69.78655495168921, 'c20': 1.6477611075128478, 'c21': 95.46471882123112}. Best is trial 10 with value: 13.548116875918852.[0m
[32m[I 2025-10-21 00:57:14,888][0m Trial 30 finished with value: 25.174358271144207 and parameters: {'c0': 148.9682022794436, 'c1': 97.69029658785095, 'c2': 2.4041051754400606, 'c3': 22.695438344650494, 'c4': 25.531815372327273, 'c5': 42.657488910197266, 'c6': 3.3976119117037777, 'c7': 0.07914109031165925, 'c8': 53.93378472302596, 'c9': 12.670685913317204, 'c10': -41.319876713771194, 'c11': 29.86495991031733, 'c12': 3.5105899578196196, 'c13': 3.970708288979462, 'c14': 28.07364106247987, 'c15': 12.305187425065453, 'c16': 23.71835026504817, 'c17': 1.6945801541492196, 'c18': 0.0053405481897651035, 'c19': 78.20649440402491, 'c20': 1.8003408101071057, 'c21': 92.63740616540629}. Best is trial 10 with value: 13.548116875918852.[0m
[32m[I 2025-10-21 01:03:16,987][0m Trial 31 finished with value: 20.203937093582052 and parameters: {'c0': 160.1622371895636, 'c1': 88.27767844937493, 'c2': 2.1553274550686212, 'c3': 18.090970098300048, 'c4': 23.765125129884407, 'c5': 46.29128897030887, 'c6': 3.2092331737829225, 'c7': 0.07145000940108423, 'c8': 53.92037209408691, 'c9': 10.745169918000405, 'c10': -41.09147657604457, 'c11': 33.668743432493436, 'c12': 3.7026288033498025, 'c13': 4.692504953074745, 'c14': 28.5852479571574, 'c15': 13.196826693731293, 'c16': 24.563336691488757, 'c17': 1.4942531595854833, 'c18': 0.004417418379457317, 'c19': 77.54408450135875, 'c20': 2.1390166456401634, 'c21': 98.94907789318664}. Best is trial 10 with value: 13.548116875918852.[0m
[32m[I 2025-10-21 01:03:17,043][0m A new study created in memory with name: no-name-16766fd3-d735-49da-af0f-8c7292acfca5[0m
[32m[I 2025-10-21 01:09:04,035][0m Trial 0 finished with value: 23.711096833222385 and parameters: {'c0': 147.29986820976865, 'c1': 90.17916516424783, 'c2': 1.7363161055072667, 'c3': 19.482275827168415, 'c4': 19.867998185809913, 'c5': 37.45765851098362, 'c6': 2.6915557685853, 'c7': 0.07865033990161348, 'c8': 49.182083981316254, 'c9': 12.243740807102863, 'c10': -47.86497352762896, 'c11': 33.994692648110615, 'c12': 3.1971114458474226, 'c13': 4.603082020198854, 'c14': 24.986280668974644, 'c15': 13.019659484182963, 'c16': 21.734265456887616, 'c17': 1.5313494712368318, 'c18': 0.004168217545586068, 'c19': 65.39683391124507, 'c20': 2.229940891384603, 'c21': 120.64589355100733}. Best is trial 0 with value: 23.711096833222385.[0m
[32m[I 2025-10-21 01:15:32,134][0m Trial 1 finished with value: 26.155833768093984 and parameters: {'c0': 140.98633603382598, 'c1': 89.25089871417035, 'c2': 2.497017607452623, 'c3': 24.494083131125198, 'c4': 19.29686313475562, 'c5': 36.50375610643687, 'c6': 2.671328669953091, 'c7': 0.09650864442353428, 'c8': 43.05844071779733, 'c9': 11.67607485394141, 'c10': -37.874052936322144, 'c11': 32.06969682619886, 'c12': 3.9040224767281515, 'c13': 3.7032916842819295, 'c14': 33.10943917271944, 'c15': 13.820000008448563, 'c16': 18.146661995362617, 'c17': 1.6459330066880922, 'c18': 0.005820547213895839, 'c19': 81.7620722939816, 'c20': 1.8156797893288656, 'c21': 113.37110573310056}. Best is trial 0 with value: 23.711096833222385.[0m
[32m[I 2025-10-21 01:22:02,600][0m Trial 2 finished with value: 34.60349479376183 and parameters: {'c0': 128.17629007161963, 'c1': 81.14803771890669, 'c2': 2.5249762113667886, 'c3': 19.408500757400112, 'c4': 21.173118225041136, 'c5': 38.13239552743651, 'c6': 2.4860896045495577, 'c7': 0.08982556826480131, 'c8': 45.38299226188792, 'c9': 10.925863892511517, 'c10': -46.522601179019226, 'c11': 25.995427415182775, 'c12': 3.7332361635314095, 'c13': 3.433344164645057, 'c14': 31.911566934640607, 'c15': 13.16246477557802, 'c16': 18.90233060826833, 'c17': 1.4447876094185135, 'c18': 0.005247110141515636, 'c19': 71.8254737122947, 'c20': 1.6321642089985129, 'c21': 103.07227986479425}. Best is trial 0 with value: 23.711096833222385.[0m
[32m[I 2025-10-21 01:28:21,560][0m Trial 3 finished with value: 23.14212750335381 and parameters: {'c0': 162.33886138204446, 'c1': 83.3689514441366, 'c2': 2.5562274654848163, 'c3': 21.887358646717395, 'c4': 26.870676928088137, 'c5': 38.26569836447653, 'c6': 2.6337128412598605, 'c7': 0.09413624492774872, 'c8': 49.20074426265771, 'c9': 10.44267401816999, 'c10': -38.43751398127789, 'c11': 29.722552960747887, 'c12': 3.9894957404422495, 'c13': 4.359791631435195, 'c14': 35.53493939251865, 'c15': 12.791512573652982, 'c16': 24.73403976991982, 'c17': 1.4057914304375803, 'c18': 0.0044204872937039725, 'c19': 86.15698182165185, 'c20': 1.9332358590862848, 'c21': 120.50682448272282}. Best is trial 3 with value: 23.14212750335381.[0m
[32m[I 2025-10-21 01:34:26,010][0m Trial 4 finished with value: 13.25542515510123 and parameters: {'c0': 162.317339622799, 'c1': 86.90960653152942, 'c2': 1.8358287596582588, 'c3': 24.958498164196534, 'c4': 22.6736770731982, 'c5': 46.159086261395466, 'c6': 2.964713198037066, 'c7': 0.07501103268683994, 'c8': 59.577850978539956, 'c9': 12.411870511694582, 'c10': -55.58634048794117, 'c11': 33.13287310067453, 'c12': 3.374327135815289, 'c13': 4.041619555693413, 'c14': 35.56742653931649, 'c15': 11.49268787978773, 'c16': 26.150974009929122, 'c17': 1.5700539711848642, 'c18': 0.003925636678904765, 'c19': 87.15517512720284, 'c20': 2.1424806596016746, 'c21': 121.82709789177832}. Best is trial 4 with value: 13.25542515510123.[0m
[32m[I 2025-10-21 01:40:19,973][0m Trial 5 finished with value: 17.41331707511564 and parameters: {'c0': 166.75603609962093, 'c1': 73.76538285338646, 'c2': 1.9798787625417122, 'c3': 22.73065539080996, 'c4': 20.209178508663243, 'c5': 52.48047040660521, 'c6': 3.0317825062912833, 'c7': 0.07665768197447775, 'c8': 56.384757837987024, 'c9': 12.26778207935859, 'c10': -53.50065748665709, 'c11': 34.35773389118018, 'c12': 3.5228446199436325, 'c13': 3.640649337061459, 'c14': 34.53331776432625, 'c15': 11.354302850636676, 'c16': 26.257591810041983, 'c17': 1.4916017442291973, 'c18': 0.00406301412258115, 'c19': 86.52039214922097, 'c20': 2.2534012448892646, 'c21': 102.95997243769132}. Best is trial 4 with value: 13.25542515510123.[0m
[32m[I 2025-10-21 01:46:43,929][0m Trial 6 finished with value: 26.171725808529843 and parameters: {'c0': 161.4582999975941, 'c1': 92.81464862124272, 'c2': 2.122494254503965, 'c3': 24.080311134935688, 'c4': 25.357959872466004, 'c5': 46.61443144197222, 'c6': 3.1815159235866437, 'c7': 0.07655536843703813, 'c8': 58.72880232419895, 'c9': 13.764419905400233, 'c10': -53.98227445887921, 'c11': 30.318724167535915, 'c12': 3.7504944413802015, 'c13': 4.531305734373406, 'c14': 36.36281040038114, 'c15': 13.016203782814314, 'c16': 24.664397751544854, 'c17': 1.629181886599271, 'c18': 0.0040168606714586635, 'c19': 78.86759106896898, 'c20': 2.0040942657590484, 'c21': 121.61079875219907}. Best is trial 4 with value: 13.25542515510123.[0m
[32m[I 2025-10-21 01:52:30,606][0m Trial 7 finished with value: 17.07673128870718 and parameters: {'c0': 167.1567499783708, 'c1': 88.21115467275625, 'c2': 1.762864741603837, 'c3': 25.176881896026373, 'c4': 26.53507201158955, 'c5': 39.82855994234124, 'c6': 3.590758003372012, 'c7': 0.07622973406680385, 'c8': 57.84922407106386, 'c9': 12.224964752768312, 'c10': -54.06264313122651, 'c11': 31.10935960203201, 'c12': 3.1443178918689494, 'c13': 3.726191588851213, 'c14': 28.96143377072031, 'c15': 12.093478565577577, 'c16': 26.873152125613935, 'c17': 1.2637162460443898, 'c18': 0.003907246732425181, 'c19': 88.54912122009151, 'c20': 2.160612913521212, 'c21': 107.25457915901453}. Best is trial 4 with value: 13.25542515510123.[0m
[32m[I 2025-10-21 01:58:30,099][0m Trial 8 finished with value: 33.578250365962845 and parameters: {'c0': 142.52754396333373, 'c1': 85.38330013522796, 'c2': 1.7996076176088711, 'c3': 25.181165843766333, 'c4': 20.95097816446743, 'c5': 41.150502008482, 'c6': 2.8827678227654143, 'c7': 0.07659469365919608, 'c8': 58.343415361740924, 'c9': 12.546498534412114, 'c10': -45.012802684175, 'c11': 35.62294747451373, 'c12': 3.4428953514999456, 'c13': 4.674471452810229, 'c14': 34.514548615541095, 'c15': 13.550513895935076, 'c16': 24.759413682018145, 'c17': 1.7317048909980974, 'c18': 0.004312463796268078, 'c19': 84.4120570383796, 'c20': 2.0606425212127744, 'c21': 101.39153340681094}. Best is trial 4 with value: 13.25542515510123.[0m
[32m[I 2025-10-21 02:04:42,017][0m Trial 9 finished with value: 19.389266484366754 and parameters: {'c0': 150.1908168115289, 'c1': 88.48840703663782, 'c2': 1.7964686618636767, 'c3': 22.205212497837543, 'c4': 23.572013904263716, 'c5': 46.50065627826195, 'c6': 2.5884259564060685, 'c7': 0.08352922596042486, 'c8': 54.97269391078051, 'c9': 11.022271962569056, 'c10': -50.56845666030411, 'c11': 27.042085827123667, 'c12': 3.6504081239302772, 'c13': 3.5378064898980197, 'c14': 35.5611908339119, 'c15': 10.480322151170508, 'c16': 21.574016710132582, 'c17': 1.6357442738567858, 'c18': 0.004397302739057806, 'c19': 78.8477746760499, 'c20': 1.8348750266574085, 'c21': 118.74083510217363}. Best is trial 4 with value: 13.25542515510123.[0m
[32m[I 2025-10-21 02:10:33,486][0m Trial 10 finished with value: 21.678585823638205 and parameters: {'c0': 178.4927090926321, 'c1': 95.32699680169003, 'c2': 1.8742195069210867, 'c3': 23.537153237409775, 'c4': 20.980992248133326, 'c5': 43.29240411268093, 'c6': 3.0692306926907666, 'c7': 0.08658353124539951, 'c8': 60.277204179514655, 'c9': 13.356332454845607, 'c10': -50.72956717084922, 'c11': 33.64430395667959, 'c12': 3.275998208232149, 'c13': 3.6715761851772415, 'c14': 32.749933303339624, 'c15': 11.069147364653217, 'c16': 26.8214983369555, 'c17': 1.3275417250899733, 'c18': 0.004026375276946949, 'c19': 77.34643435849026, 'c20': 1.955610764177452, 'c21': 121.72320413372687}. Best is trial 4 with value: 13.25542515510123.[0m
[32m[I 2025-10-21 02:16:40,228][0m Trial 11 finished with value: 28.070094914401253 and parameters: {'c0': 165.3164591771342, 'c1': 76.40612838122371, 'c2': 1.8056201222250914, 'c3': 23.196613561858094, 'c4': 26.704464724090123, 'c5': 39.982643517440756, 'c6': 3.2105324527886663, 'c7': 0.07453077548099615, 'c8': 54.876832293724455, 'c9': 14.414883458491072, 'c10': -53.44005598209956, 'c11': 30.04727585538235, 'c12': 3.5770799630451493, 'c13': 3.952500897837208, 'c14': 25.61688923693649, 'c15': 12.908152193718234, 'c16': 25.263211860649626, 'c17': 1.3598192752608265, 'c18': 0.003894886560264804, 'c19': 80.94028815939966, 'c20': 2.1658260515060554, 'c21': 115.07749496439868}. Best is trial 4 with value: 13.25542515510123.[0m
[32m[I 2025-10-21 02:22:40,223][0m Trial 12 finished with value: 21.737557036245928 and parameters: {'c0': 175.3054004835372, 'c1': 90.00999191369974, 'c2': 1.87734317207556, 'c3': 25.37615145403896, 'c4': 26.98594567122472, 'c5': 41.995125877387544, 'c6': 3.357034824516826, 'c7': 0.08948195758072501, 'c8': 60.23683645408833, 'c9': 11.21368537055239, 'c10': -54.287389026217845, 'c11': 25.69900717595499, 'c12': 2.976157542988957, 'c13': 3.806848882764618, 'c14': 25.52831099545505, 'c15': 11.460958064366569, 'c16': 26.21196819835587, 'c17': 1.2664690724141145, 'c18': 0.004128790123175183, 'c19': 82.92275922653353, 'c20': 1.8742910541970081, 'c21': 104.78046532794716}. Best is trial 4 with value: 13.25542515510123.[0m
[32m[I 2025-10-21 02:28:09,692][0m Trial 13 finished with value: 19.907118582246273 and parameters: {'c0': 142.0554503276218, 'c1': 85.91946800463096, 'c2': 1.8137553640974526, 'c3': 23.83453908309912, 'c4': 25.1704897365709, 'c5': 49.7267565164479, 'c6': 2.758976889713776, 'c7': 0.06728091138614342, 'c8': 57.887116439484366, 'c9': 12.080851012331125, 'c10': -51.30492778359781, 'c11': 31.915715924847596, 'c12': 3.1621026336954583, 'c13': 3.6841239560499837, 'c14': 33.35564235901469, 'c15': 13.396892972091317, 'c16': 26.021755123328674, 'c17': 1.5423859142760343, 'c18': 0.0042821051594963055, 'c19': 86.85434141326245, 'c20': 2.338111920560333, 'c21': 115.67927735792259}. Best is trial 4 with value: 13.25542515510123.[0m
[32m[I 2025-10-21 02:33:43,743][0m Trial 14 finished with value: 34.39686659834822 and parameters: {'c0': 138.22089189274143, 'c1': 88.06661490823998, 'c2': 1.7673234470587604, 'c3': 25.0707259995299, 'c4': 26.633062437107395, 'c5': 37.74087751368988, 'c6': 3.339095425143772, 'c7': 0.08515203350170744, 'c8': 61.53150419283734, 'c9': 13.244045001950095, 'c10': -49.45087809361665, 'c11': 37.790410302291505, 'c12': 2.901113845886796, 'c13': 4.062829495729259, 'c14': 28.61129075599164, 'c15': 11.463363244167144, 'c16': 24.084188387368908, 'c17': 1.4565066115542242, 'c18': 0.003947121041497572, 'c19': 88.62432047979924, 'c20': 2.326426693269834, 'c21': 113.97635429896607}. Best is trial 4 with value: 13.25542515510123.[0m
[32m[I 2025-10-21 02:39:42,071][0m Trial 15 finished with value: 12.64570922817401 and parameters: {'c0': 163.15250587658417, 'c1': 89.6448123014314, 'c2': 1.9291463889539318, 'c3': 23.429785885021467, 'c4': 23.374811683415928, 'c5': 40.09702944202743, 'c6': 3.66839883551561, 'c7': 0.0681410021031312, 'c8': 59.54762457207943, 'c9': 10.737000656033178, 'c10': -51.56774814061083, 'c11': 36.166319480497535, 'c12': 3.2682969067942502, 'c13': 3.6727321999894054, 'c14': 27.897872037849538, 'c15': 11.000243440859128, 'c16': 25.95673328398412, 'c17': 1.2945168350135723, 'c18': 0.004084114284423961, 'c19': 86.64697915419649, 'c20': 1.9326600301567187, 'c21': 105.31621807961514}. Best is trial 15 with value: 12.64570922817401.[0m
[32m[I 2025-10-21 02:49:29,150][0m Trial 16 finished with value: 18.439058016221214 and parameters: {'c0': 164.22506036948212, 'c1': 80.81793243534564, 'c2': 2.1365705984378134, 'c3': 21.998572293060164, 'c4': 23.22225711958714, 'c5': 37.33826525345456, 'c6': 3.675162906277827, 'c7': 0.07240243598238302, 'c8': 61.53442927699751, 'c9': 10.009371426972018, 'c10': -48.8972741422597, 'c11': 36.67676929102504, 'c12': 3.619822594480479, 'c13': 3.998395503625248, 'c14': 27.69796408481087, 'c15': 12.010090520182116, 'c16': 24.90446263574846, 'c17': 1.2889670565367772, 'c18': 0.00452433805160334, 'c19': 75.13944160672968, 'c20': 1.764365594818265, 'c21': 106.71789299645329}. Best is trial 15 with value: 12.64570922817401.[0m
[32m[I 2025-10-21 02:55:47,537][0m Trial 17 finished with value: 17.4290952337947 and parameters: {'c0': 143.13318631864894, 'c1': 89.27876408625266, 'c2': 1.921642858710115, 'c3': 24.116811110989623, 'c4': 20.80062387709306, 'c5': 45.82892226791285, 'c6': 3.328577125764577, 'c7': 0.0677477441236591, 'c8': 56.442078954184076, 'c9': 11.023224848931742, 'c10': -44.36167148050194, 'c11': 31.76404169288418, 'c12': 3.324829301174055, 'c13': 3.955083434930212, 'c14': 25.035150978786923, 'c15': 12.317149683366374, 'c16': 24.200629838950174, 'c17': 1.3792322476776726, 'c18': 0.004795077853157031, 'c19': 88.06537745656551, 'c20': 1.86288247558974, 'c21': 102.3610732240721}. Best is trial 15 with value: 12.64570922817401.[0m
[32m[I 2025-10-21 03:02:13,131][0m Trial 18 finished with value: 37.60397915626382 and parameters: {'c0': 164.42377480840605, 'c1': 87.44087811711904, 'c2': 2.025501558331118, 'c3': 21.24954332835965, 'c4': 25.8620916497475, 'c5': 41.01359884006649, 'c6': 3.0946283944498885, 'c7': 0.07640996536296205, 'c8': 61.34875022889668, 'c9': 13.2973204677701, 'c10': -50.126201220742374, 'c11': 36.07174708754719, 'c12': 3.3120066650929467, 'c13': 3.7722518761784585, 'c14': 30.361122038252304, 'c15': 10.71833015148854, 'c16': 23.791892342847667, 'c17': 1.3984857805642001, 'c18': 0.004070908454096754, 'c19': 81.97006802093863, 'c20': 1.675405886547141, 'c21': 89.27832539248138}. Best is trial 15 with value: 12.64570922817401.[0m
[32m[I 2025-10-21 03:08:20,623][0m Trial 19 finished with value: 15.565550546766412 and parameters: {'c0': 163.1058923640621, 'c1': 96.03788589089332, 'c2': 1.8787885356527054, 'c3': 24.93406521714267, 'c4': 21.924139301782567, 'c5': 38.48591363631919, 'c6': 3.6540521688329872, 'c7': 0.07641348508398166, 'c8': 51.26792503068463, 'c9': 11.330946424437482, 'c10': -51.046577139729024, 'c11': 34.74122090532698, 'c12': 3.736846074668119, 'c13': 3.8235610167425103, 'c14': 30.08300725095768, 'c15': 11.325312884596109, 'c16': 22.174169722737503, 'c17': 1.5012674057118773, 'c18': 0.004483927241775657, 'c19': 86.82997192734365, 'c20': 2.07731608252605, 'c21': 92.60936344984094}. Best is trial 15 with value: 12.64570922817401.[0m
[32m[I 2025-10-21 03:13:55,758][0m Trial 20 finished with value: 26.75513145598274 and parameters: {'c0': 168.42776800664063, 'c1': 89.90729849965831, 'c2': 1.7683201315195953, 'c3': 24.798327041496506, 'c4': 21.086977016304193, 'c5': 45.3381061547384, 'c6': 2.622903258532235, 'c7': 0.0724143177274027, 'c8': 56.57760535672437, 'c9': 11.002365333019377, 'c10': -52.554163086915516, 'c11': 28.8433528165411, 'c12': 2.943217320353221, 'c13': 4.002864793207711, 'c14': 35.16144593074939, 'c15': 10.145410544241578, 'c16': 25.679789623968663, 'c17': 1.717174536922214, 'c18': 0.003938289517965418, 'c19': 82.3057381057602, 'c20': 2.1382839458262506, 'c21': 110.27952098027602}. Best is trial 15 with value: 12.64570922817401.[0m
[32m[I 2025-10-21 03:19:59,207][0m Trial 21 finished with value: 11.549173793508722 and parameters: {'c0': 139.27172670583417, 'c1': 98.22138353921434, 'c2': 2.148930624641761, 'c3': 23.027568649045566, 'c4': 22.19991622140286, 'c5': 42.12120161373226, 'c6': 3.52301561959556, 'c7': 0.07111728528740659, 'c8': 57.00739711285297, 'c9': 11.06404429393876, 'c10': -51.556040736866635, 'c11': 37.789514920771694, 'c12': 3.3140002458094475, 'c13': 3.851066879410604, 'c14': 28.44476156517115, 'c15': 10.470187884960795, 'c16': 25.90499601802513, 'c17': 1.2506781933013535, 'c18': 0.004606580517469137, 'c19': 87.35142708214325, 'c20': 1.8539253574331718, 'c21': 114.72834225207852}. Best is trial 21 with value: 11.549173793508722.[0m
