/share/home/symei/.local/lib/python3.6/site-packages/optuna/samplers/_tpe/sampler.py:284: ExperimentalWarning: ``multivariate`` option is an experimental feature. The interface can change in the future.
  ExperimentalWarning,
/share/home/symei/.local/lib/python3.6/site-packages/optuna/samplers/_tpe/sampler.py:295: ExperimentalWarning: ``group`` option is an experimental feature. The interface can change in the future.
  ExperimentalWarning,
[32m[I 2025-10-19 23:07:06,528][0m A new study created in memory with name: no-name-7a1e97e4-180e-4f28-80ca-bde2db5215ea[0m
[32m[I 2025-10-19 23:12:32,535][0m Trial 0 finished with value: 91.39604949350867 and parameters: {'c0': 156.81028873178866, 'c1': 120.27809276653252, 'c2': 0.7959446999194658, 'c3': 6.722402446185902, 'c4': 13.488686536426325, 'c5': 17.57878724339017, 'c6': 1.7730472279881222, 'c7': 0.13059505814179995, 'c8': 20.485181931646085, 'c9': 10.411209405180005, 'c10': -25.041932772758653, 'c11': 23.5594678651595, 'c12': 2.2437500354812197, 'c13': 6.722250887455152, 'c14': 7.253743489551888, 'c15': 41.81137316676107, 'c16': 13.218998087021241, 'c17': 2.6426587348472745, 'c18': 0.007758062494322001, 'c19': 13.654013164752673, 'c20': 2.1975907120874365, 'c21': 63.75562580813115}. Best is trial 0 with value: 91.39604949350867.[0m
[32m[I 2025-10-19 23:29:14,203][0m Trial 1 finished with value: 11559.397362666978 and parameters: {'c0': 133.1379544122724, 'c1': 116.87453100556348, 'c2': 3.3854336148660233, 'c3': 13.68839292471379, 'c4': 11.487637994134822, 'c5': 14.98823372927143, 'c6': 1.709092510834931, 'c7': 0.24372698737958345, 'c8': 11.306177075820926, 'c9': 8.89459784735253, 'c10': -9.172063349248376, 'c11': 19.80619070024688, 'c12': 4.552592684689181, 'c13': 3.425997433619777, 'c14': 23.37222995054093, 'c15': 49.115502916064095, 'c16': 5.536076911223266, 'c17': 3.2537666991771257, 'c18': 0.02382796220121562, 'c19': 29.725198538228955, 'c20': 1.1289607407726354, 'c21': 54.53445750783695}. Best is trial 0 with value: 91.39604949350867.[0m
[32m[I 2025-10-19 23:56:38,385][0m Trial 2 finished with value: 181.91825644566504 and parameters: {'c0': 85.10720360352381, 'c1': 87.16475550347052, 'c2': 3.4806069446517114, 'c3': 6.619861306355364, 'c4': 18.06135029992349, 'c5': 19.411199386127727, 'c6': 1.1233974366664694, 'c7': 0.20138986079780566, 'c8': 14.790552143509336, 'c9': 6.89028772697821, 'c10': -22.90966941469498, 'c11': 7.962831657912766, 'c12': 3.9947873788102344, 'c13': 2.4370832294562343, 'c14': 20.995335859090254, 'c15': 43.114653889917825, 'c16': 7.154355645270235, 'c17': 2.1809986633887926, 'c18': 0.01825094181714723, 'c19': 19.96714222072553, 'c20': 0.6555630493865449, 'c21': 41.48016520348741}. Best is trial 0 with value: 91.39604949350867.[0m
[32m[I 2025-10-20 00:01:57,312][0m Trial 3 finished with value: 72.80711667604116 and parameters: {'c0': 213.1983872291056, 'c1': 95.3079099059299, 'c2': 3.586988719776198, 'c3': 10.065265211045638, 'c4': 38.02351426850937, 'c5': 19.77321559584691, 'c6': 1.59015752523459, 'c7': 0.2286978936853016, 'c8': 20.513152668293117, 'c9': 5.599367699151312, 'c10': -10.067081293486957, 'c11': 15.22982675561607, 'c12': 4.831756975539531, 'c13': 5.830991277037195, 'c14': 28.18506136777063, 'c15': 39.729241141842394, 'c16': 19.643071940047694, 'c17': 1.9730204799628035, 'c18': 0.01021153750544673, 'c19': 34.04113968537129, 'c20': 1.432208955073599, 'c21': 63.579348600312095}. Best is trial 3 with value: 72.80711667604116.[0m
[32m[I 2025-10-20 00:07:14,118][0m Trial 4 finished with value: 62.99256845293894 and parameters: {'c0': 213.11769226061503, 'c1': 108.28999954541302, 'c2': 1.1346937547877904, 'c3': 14.333890746608514, 'c4': 23.3187602420807, 'c5': 41.20962634101291, 'c6': 2.6367255269144083, 'c7': 0.10754013454639749, 'c8': 36.067865579469995, 'c9': 10.860395148622677, 'c10': -37.3067770692674, 'c11': 21.879127788132855, 'c12': 2.822554333664055, 'c13': 4.665413295463218, 'c14': 28.249524425530208, 'c15': 27.875806512506692, 'c16': 22.677463615167007, 'c17': 2.849081307518789, 'c18': 0.005398817681894503, 'c19': 35.02139730685486, 'c20': 1.9719778690819587, 'c21': 65.25286315661802}. Best is trial 4 with value: 62.99256845293894.[0m
[32m[I 2025-10-20 00:12:10,785][0m Trial 5 finished with value: 112.12475205696491 and parameters: {'c0': 100.90002133688768, 'c1': 49.39288556819951, 'c2': 3.551529481544925, 'c3': 11.362117230696988, 'c4': 10.870120433170118, 'c5': 49.81858663126219, 'c6': 3.982552964820608, 'c7': 0.25326090518647576, 'c8': 30.166679290690045, 'c9': 5.070034754711163, 'c10': -36.80567086801961, 'c11': 7.292627788538967, 'c12': 1.409379700749487, 'c13': 3.0199457567548844, 'c14': 27.61579898835507, 'c15': 35.95427979984866, 'c16': 15.828333085272185, 'c17': 3.5470615720205823, 'c18': 0.007450980300906695, 'c19': 16.0229857083351, 'c20': 1.756038766297305, 'c21': 63.824362402271575}. Best is trial 4 with value: 62.99256845293894.[0m
[32m[I 2025-10-20 00:17:05,029][0m Trial 6 finished with value: 85.70288231304755 and parameters: {'c0': 189.7164867998784, 'c1': 34.99089454050143, 'c2': 3.161564836211967, 'c3': 5.9066496445186925, 'c4': 34.901019268421734, 'c5': 31.946484696596585, 'c6': 4.409438267842677, 'c7': 0.21589531270028783, 'c8': 25.39034276186274, 'c9': 5.227021714266634, 'c10': -35.62617085041422, 'c11': 9.640859450714734, 'c12': 1.486331151625668, 'c13': 2.207210740177319, 'c14': 12.103662617366027, 'c15': 43.70334327809091, 'c16': 15.96109392113745, 'c17': 0.899441585013386, 'c18': 0.006462342917132797, 'c19': 36.12693947569821, 'c20': 1.719769859479391, 'c21': 24.34444439225691}. Best is trial 4 with value: 62.99256845293894.[0m
[32m[I 2025-10-20 00:22:30,082][0m Trial 7 finished with value: 82.26811953420102 and parameters: {'c0': 119.17682612826624, 'c1': 123.13462735431548, 'c2': 1.373122447885597, 'c3': 10.004151487121922, 'c4': 40.183656411171036, 'c5': 54.26060860807301, 'c6': 1.9816424737188096, 'c7': 0.16207786397302235, 'c8': 27.350142659874574, 'c9': 14.14980135342092, 'c10': -32.77228691589563, 'c11': 7.10417222356275, 'c12': 1.6069791506063158, 'c13': 4.426878088195949, 'c14': 21.411652577688393, 'c15': 37.290020254996115, 'c16': 11.294642879324115, 'c17': 4.0149504302649035, 'c18': 0.016079404403038563, 'c19': 18.97265357811274, 'c20': 1.6845413751042266, 'c21': 52.27041566912348}. Best is trial 4 with value: 62.99256845293894.[0m
[32m[I 2025-10-20 00:28:17,127][0m Trial 8 finished with value: 546.521022581976 and parameters: {'c0': 214.44103907411915, 'c1': 64.92470404921147, 'c2': 0.991633484434059, 'c3': 7.519258469258249, 'c4': 29.149087399660324, 'c5': 23.307712033022803, 'c6': 3.9781907746285166, 'c7': 0.07132425200740818, 'c8': 16.288096177018236, 'c9': 13.837659487756282, 'c10': -31.692793268283978, 'c11': 22.429970854821526, 'c12': 3.760564557768785, 'c13': 6.995808193019318, 'c14': 13.022855842797824, 'c15': 14.914182822777793, 'c16': 19.337376146551332, 'c17': 3.3240966179008353, 'c18': 0.02229298459436756, 'c19': 35.09545741298047, 'c20': 0.5816198402082898, 'c21': 25.94511212655255}. Best is trial 4 with value: 62.99256845293894.[0m
[32m[I 2025-10-20 00:33:49,966][0m Trial 9 finished with value: 174.76996750366166 and parameters: {'c0': 202.45506055615832, 'c1': 148.07504140594233, 'c2': 3.60348226569792, 'c3': 9.713576657266263, 'c4': 38.41925241793566, 'c5': 44.28114739642934, 'c6': 2.5661561156809154, 'c7': 0.1604254255059177, 'c8': 26.868916924015842, 'c9': 10.549474346084816, 'c10': -10.106179029948013, 'c11': 29.323481170353865, 'c12': 3.145750763424994, 'c13': 7.221111362234772, 'c14': 10.838036788506706, 'c15': 17.60024382501671, 'c16': 7.784843752240841, 'c17': 2.473398522457436, 'c18': 0.005506841805140432, 'c19': 35.5628739841187, 'c20': 2.2517531290513686, 'c21': 14.64455175765657}. Best is trial 4 with value: 62.99256845293894.[0m
[32m[I 2025-10-20 00:50:21,498][0m Trial 10 finished with value: 120.71545735066063 and parameters: {'c0': 101.78106817463636, 'c1': 73.08589986563344, 'c2': 1.1827168790575568, 'c3': 12.687307354160254, 'c4': 19.90836460194022, 'c5': 58.79563355252872, 'c6': 3.3135617646315887, 'c7': 0.24387344810575481, 'c8': 34.26402443417015, 'c9': 15.13431684616333, 'c10': -23.84333701178946, 'c11': 20.13156109093783, 'c12': 5.0581365345244755, 'c13': 3.251419720487432, 'c14': 18.573038406390847, 'c15': 38.63637254305089, 'c16': 5.483030332221757, 'c17': 2.753710775810913, 'c18': 0.013312894551845674, 'c19': 31.45469095266286, 'c20': 1.2004370976430792, 'c21': 59.8724144601726}. Best is trial 4 with value: 62.99256845293894.[0m
[32m[I 2025-10-20 01:00:26,426][0m Trial 11 finished with value: 85.69604503532932 and parameters: {'c0': 193.5614929054932, 'c1': 55.09036391886536, 'c2': 3.124024768938019, 'c3': 10.364901017039648, 'c4': 10.478063705270841, 'c5': 33.51845294462934, 'c6': 3.691357368071722, 'c7': 0.2523214154808344, 'c8': 8.293530646000335, 'c9': 16.053835825055938, 'c10': -26.29734031205841, 'c11': 30.682327374695994, 'c12': 4.139726869091952, 'c13': 6.433571089827628, 'c14': 20.638441683168963, 'c15': 39.92519438096665, 'c16': 10.682612304841113, 'c17': 2.732490656628947, 'c18': 0.019304401877451173, 'c19': 32.943390094690216, 'c20': 2.1038060994131413, 'c21': 49.834694457245746}. Best is trial 4 with value: 62.99256845293894.[0m
[32m[I 2025-10-20 01:06:24,426][0m Trial 12 finished with value: 126.36450477938168 and parameters: {'c0': 259.0553079576771, 'c1': 71.94546984305427, 'c2': 2.7778617998161668, 'c3': 8.469461353061423, 'c4': 21.11998903513512, 'c5': 33.06230261573903, 'c6': 2.6108115907140412, 'c7': 0.12460969824935356, 'c8': 27.410541795232252, 'c9': 9.012356724276122, 'c10': -8.703282224436744, 'c11': 23.37634834074133, 'c12': 2.2158863632423667, 'c13': 4.077426532971827, 'c14': 14.980449809437395, 'c15': 47.46979197719606, 'c16': 22.12799648701745, 'c17': 3.7443577224474023, 'c18': 0.017650923569912012, 'c19': 15.760751592366676, 'c20': 1.0712936238131285, 'c21': 57.91512958470467}. Best is trial 4 with value: 62.99256845293894.[0m
[32m[I 2025-10-20 01:12:00,875][0m Trial 13 finished with value: 64.98642953043648 and parameters: {'c0': 182.1038041098909, 'c1': 130.2251360521982, 'c2': 2.487373615795378, 'c3': 11.789343706162422, 'c4': 25.559364337582522, 'c5': 50.5683182377398, 'c6': 3.2623498946711735, 'c7': 0.15611734582359382, 'c8': 18.82180026409516, 'c9': 4.347714351539192, 'c10': -26.25775027535684, 'c11': 8.611115671822844, 'c12': 5.930722380491494, 'c13': 2.6414683123864906, 'c14': 26.437829466496087, 'c15': 50.91023049889504, 'c16': 18.439094802232738, 'c17': 2.677146135155862, 'c18': 0.008147928021511966, 'c19': 21.50689635855399, 'c20': 1.2619037876168293, 'c21': 25.46483592401828}. Best is trial 4 with value: 62.99256845293894.[0m
[32m[I 2025-10-20 01:17:45,635][0m Trial 14 finished with value: 35.80652647200832 and parameters: {'c0': 196.9101138961081, 'c1': 70.68001816848717, 'c2': 3.503390996519378, 'c3': 13.865153832140493, 'c4': 17.06727210652952, 'c5': 18.480783108084495, 'c6': 1.799137504524372, 'c7': 0.16331298072000008, 'c8': 30.691449191070294, 'c9': 6.151338618277769, 'c10': -30.084307294767406, 'c11': 27.668146435260113, 'c12': 3.245096536813244, 'c13': 5.19053282009481, 'c14': 12.29824460583453, 'c15': 16.51625807454288, 'c16': 15.116585903564385, 'c17': 2.382361118582467, 'c18': 0.00799073191060066, 'c19': 26.033364324970087, 'c20': 1.6702914160188653, 'c21': 47.57194041638562}. Best is trial 14 with value: 35.80652647200832.[0m
[32m[I 2025-10-20 01:23:33,042][0m Trial 15 finished with value: 52.836543011578655 and parameters: {'c0': 231.55713938374814, 'c1': 69.59852901603895, 'c2': 1.4641691607158558, 'c3': 12.07384639499279, 'c4': 15.655065836423915, 'c5': 57.36335858698845, 'c6': 2.7658745227478487, 'c7': 0.11078629046463066, 'c8': 32.846915183075886, 'c9': 10.665765900189522, 'c10': -34.831242667502444, 'c11': 24.2499669576581, 'c12': 3.1257762858766633, 'c13': 3.4524053237218606, 'c14': 27.104100775370476, 'c15': 26.04653173305984, 'c16': 23.197159821688064, 'c17': 2.553812698489816, 'c18': 0.006343345347634627, 'c19': 34.9511930843607, 'c20': 2.261701268892292, 'c21': 47.23409240093119}. Best is trial 14 with value: 35.80652647200832.[0m
[32m[I 2025-10-20 01:29:13,335][0m Trial 16 finished with value: 65.59912193360346 and parameters: {'c0': 265.71397725844724, 'c1': 53.32985881526128, 'c2': 0.9318336985444611, 'c3': 8.63125901174251, 'c4': 9.62201628000814, 'c5': 59.17102376262359, 'c6': 3.4753854964381947, 'c7': 0.11811424013911613, 'c8': 35.673901251834536, 'c9': 8.265160441702458, 'c10': -29.393326650647825, 'c11': 27.29342375553225, 'c12': 2.56752029447498, 'c13': 2.3424432462244535, 'c14': 25.135277665511794, 'c15': 21.20245612670361, 'c16': 22.811790202193585, 'c17': 2.131274396493141, 'c18': 0.010533426923098416, 'c19': 34.80596408947161, 'c20': 1.9728006599947239, 'c21': 52.32473454304131}. Best is trial 14 with value: 35.80652647200832.[0m
[32m[I 2025-10-20 01:36:11,550][0m Trial 17 finished with value: 62.88925929524875 and parameters: {'c0': 209.9234505761758, 'c1': 53.22185309889515, 'c2': 3.0731425980397997, 'c3': 10.996794821706857, 'c4': 15.51740579934549, 'c5': 24.961612275366193, 'c6': 2.3298440987538713, 'c7': 0.11827962978555562, 'c8': 25.957426682426835, 'c9': 5.336672039350031, 'c10': -31.02537314602177, 'c11': 24.179106916615655, 'c12': 4.582930998731062, 'c13': 3.0247498437108384, 'c14': 11.702540769896448, 'c15': 25.70334112355968, 'c16': 17.19242112709907, 'c17': 3.426954928934638, 'c18': 0.005395603448712087, 'c19': 30.95459704431279, 'c20': 1.677699537383727, 'c21': 61.498057442776435}. Best is trial 14 with value: 35.80652647200832.[0m
[32m[I 2025-10-20 01:41:49,241][0m Trial 18 finished with value: 48.89337780737585 and parameters: {'c0': 167.1785545154357, 'c1': 75.66408118022133, 'c2': 3.6818877791683815, 'c3': 13.692873984905217, 'c4': 14.635934789475584, 'c5': 29.21631640646433, 'c6': 3.1783647645589275, 'c7': 0.17598014257458888, 'c8': 29.831473067919216, 'c9': 5.63178497247895, 'c10': -24.490322126233018, 'c11': 21.102231023518943, 'c12': 4.405658006896614, 'c13': 5.377990515611635, 'c14': 15.683210381946237, 'c15': 15.715512170006262, 'c16': 14.0732581295902, 'c17': 1.628394800114343, 'c18': 0.013794477350750846, 'c19': 25.10974528523363, 'c20': 2.4274959976395505, 'c21': 39.45896247715034}. Best is trial 14 with value: 35.80652647200832.[0m
[32m[I 2025-10-20 01:47:14,686][0m Trial 19 finished with value: 73.66072463004896 and parameters: {'c0': 174.2570246444154, 'c1': 65.66972352889341, 'c2': 3.502473148309646, 'c3': 12.311140434729616, 'c4': 18.619881708950118, 'c5': 41.941037860375644, 'c6': 4.084785091759054, 'c7': 0.19783705878693744, 'c8': 30.496982789517034, 'c9': 4.725862516747168, 'c10': -21.446709605562276, 'c11': 23.216553756585686, 'c12': 4.416475478490549, 'c13': 4.437440209171007, 'c14': 12.488371772796924, 'c15': 34.33996197998674, 'c16': 12.567470466033006, 'c17': 1.8316495543326614, 'c18': 0.01270511810476009, 'c19': 25.62820819780562, 'c20': 1.8243521478811524, 'c21': 36.43768651861184}. Best is trial 14 with value: 35.80652647200832.[0m
[32m[I 2025-10-20 01:52:36,791][0m Trial 20 finished with value: 51.10252625813997 and parameters: {'c0': 155.66810921717024, 'c1': 57.753012715701914, 'c2': 3.1388865756275632, 'c3': 13.228063491412534, 'c4': 19.678751505291856, 'c5': 15.299819765026179, 'c6': 1.370682076997777, 'c7': 0.1410896025912884, 'c8': 34.78983908010791, 'c9': 9.19143929758211, 'c10': -33.539884499844526, 'c11': 29.693404407241065, 'c12': 2.90278528045238, 'c13': 5.768124462010161, 'c14': 9.913590839161019, 'c15': 17.972816235109736, 'c16': 12.564888507850826, 'c17': 1.7406182853236043, 'c18': 0.01448678676678293, 'c19': 16.849179718409587, 'c20': 2.406155471597553, 'c21': 62.248039257682606}. Best is trial 14 with value: 35.80652647200832.[0m
[32m[I 2025-10-20 02:02:19,683][0m Trial 21 finished with value: 95.28041250364082 and parameters: {'c0': 201.44075674911733, 'c1': 40.84156218757927, 'c2': 3.119257250376522, 'c3': 14.532792639306605, 'c4': 17.94042998280512, 'c5': 21.002346096601084, 'c6': 1.3652394229154705, 'c7': 0.1921528398500712, 'c8': 27.220081332523904, 'c9': 10.799307784405896, 'c10': -36.82041996077254, 'c11': 29.21438491742557, 'c12': 3.4854778302800384, 'c13': 4.479204471009346, 'c14': 10.51613476064558, 'c15': 16.98886552228787, 'c16': 14.851042077019269, 'c17': 1.7766544780484224, 'c18': 0.011741569088625869, 'c19': 12.941889541304715, 'c20': 1.7244419349805293, 'c21': 61.252737476715076}. Best is trial 14 with value: 35.80652647200832.[0m
[32m[I 2025-10-20 02:08:18,186][0m Trial 22 finished with value: 46.97940775898843 and parameters: {'c0': 168.8598744580251, 'c1': 69.07785918652907, 'c2': 2.623393518638159, 'c3': 13.456701597869221, 'c4': 18.283252701018313, 'c5': 27.82660080139346, 'c6': 1.220798563968007, 'c7': 0.10608194781364153, 'c8': 38.702935269190526, 'c9': 9.512341034909005, 'c10': -36.2191559925957, 'c11': 29.7423392667301, 'c12': 4.257391752159345, 'c13': 5.042316995882196, 'c14': 14.92261580548432, 'c15': 20.405355968475135, 'c16': 10.245297915669031, 'c17': 1.5798888539462839, 'c18': 0.01638716143186531, 'c19': 32.394055629922974, 'c20': 2.5128888323365883, 'c21': 48.92798483649281}. Best is trial 14 with value: 35.80652647200832.[0m
[32m[I 2025-10-20 02:14:04,473][0m Trial 23 finished with value: 50.02355786405215 and parameters: {'c0': 160.9059391588971, 'c1': 63.08378497330273, 'c2': 2.461781726529458, 'c3': 9.829337454779079, 'c4': 10.515090650059658, 'c5': 30.142078927138257, 'c6': 1.4480179433710951, 'c7': 0.07679952990642888, 'c8': 34.594510998464294, 'c9': 8.119295523420133, 'c10': -29.215567515337888, 'c11': 26.828955597349257, 'c12': 4.618104678944533, 'c13': 4.688457190255625, 'c14': 11.4503464580342, 'c15': 20.83187787094172, 'c16': 7.454804378263404, 'c17': 0.9978130415164712, 'c18': 0.018749363126344662, 'c19': 31.80414889508137, 'c20': 2.4072030220949774, 'c21': 40.74115087923732}. Best is trial 14 with value: 35.80652647200832.[0m
[32m[I 2025-10-20 02:20:25,509][0m Trial 24 finished with value: 59.848213885812946 and parameters: {'c0': 188.50834059715118, 'c1': 80.75112658468763, 'c2': 3.6050219149641167, 'c3': 13.803546522908757, 'c4': 12.232036102974053, 'c5': 18.94720008253733, 'c6': 2.615094876252122, 'c7': 0.13722287432816455, 'c8': 30.196152029102546, 'c9': 7.280814725629161, 'c10': -13.844049480368751, 'c11': 22.037311258910613, 'c12': 3.820449335821789, 'c13': 5.483331047288888, 'c14': 15.902249465309787, 'c15': 15.771910039230992, 'c16': 16.30659060341728, 'c17': 1.6261674198427019, 'c18': 0.02354144354006695, 'c19': 23.47907228029878, 'c20': 2.188721172531765, 'c21': 38.45128669917708}. Best is trial 14 with value: 35.80652647200832.[0m
[32m[I 2025-10-20 02:26:21,928][0m Trial 25 finished with value: 60.39984612937522 and parameters: {'c0': 175.13148017625068, 'c1': 109.59953272638276, 'c2': 2.788490329127175, 'c3': 14.338716694954716, 'c4': 12.316218048223972, 'c5': 29.63500227900658, 'c6': 1.6151838494519006, 'c7': 0.14830382127022715, 'c8': 36.10248996178148, 'c9': 11.10069043272464, 'c10': -25.497199100141152, 'c11': 31.18370320046775, 'c12': 3.9723066309536645, 'c13': 6.503971385673479, 'c14': 17.196719972505484, 'c15': 20.84930518224789, 'c16': 17.00557234473663, 'c17': 1.6175420883734228, 'c18': 0.017417565711346807, 'c19': 36.82777379906315, 'c20': 2.604869217936456, 'c21': 49.869787915110436}. Best is trial 14 with value: 35.80652647200832.[0m
[32m[I 2025-10-20 02:31:08,638][0m Trial 26 finished with value: 85.29231288323778 and parameters: {'c0': 133.83840822115923, 'c1': 33.8609583353012, 'c2': 3.4580675767641877, 'c3': 10.633201895440084, 'c4': 19.334800903845633, 'c5': 33.9411231955107, 'c6': 3.355890294306355, 'c7': 0.16473935015163055, 'c8': 25.359351450582924, 'c9': 6.869860646162619, 'c10': -29.632217703674453, 'c11': 12.582150185513695, 'c12': 4.154875450419757, 'c13': 6.376699662159654, 'c14': 15.94329638981185, 'c15': 12.711655620875781, 'c16': 7.083292474227058, 'c17': 1.2429419545948668, 'c18': 0.007547033444120642, 'c19': 30.196308577409, 'c20': 2.088690602116179, 'c21': 48.43034392858757}. Best is trial 14 with value: 35.80652647200832.[0m
[32m[I 2025-10-20 02:38:23,941][0m Trial 27 finished with value: 53.504122353775756 and parameters: {'c0': 160.96167834467605, 'c1': 85.69309770117955, 'c2': 3.588849081376691, 'c3': 13.735075220530652, 'c4': 22.8653945802905, 'c5': 14.792750097068758, 'c6': 1.5618426369047098, 'c7': 0.15362956785799511, 'c8': 27.29718278911843, 'c9': 4.746587471359593, 'c10': -29.519818451002767, 'c11': 21.88648057312823, 'c12': 3.4614480026197656, 'c13': 6.196424430376034, 'c14': 12.062178900002891, 'c15': 12.490701484952645, 'c16': 11.868060910029197, 'c17': 2.1141768070180857, 'c18': 0.00837142006885954, 'c19': 29.401769691441825, 'c20': 1.0273986363357865, 'c21': 35.78395294752425}. Best is trial 14 with value: 35.80652647200832.[0m
[32m[I 2025-10-20 02:46:14,883][0m Trial 28 finished with value: 124.07092815192902 and parameters: {'c0': 179.41512819995813, 'c1': 68.09456543341025, 'c2': 2.742928772469801, 'c3': 10.854996782743603, 'c4': 26.24842008003678, 'c5': 28.54113310569305, 'c6': 1.116127895004326, 'c7': 0.133789327624313, 'c8': 38.850089021189795, 'c9': 14.647607334064405, 'c10': -32.60339808365063, 'c11': 28.82508223726783, 'c12': 4.141259469170093, 'c13': 5.147043274992024, 'c14': 18.436132206140073, 'c15': 18.662432974862103, 'c16': 8.437619851948012, 'c17': 1.942217004881379, 'c18': 0.013361023514736352, 'c19': 29.786955678158954, 'c20': 1.7631943251979467, 'c21': 31.85696355172693}. Best is trial 14 with value: 35.80652647200832.[0m
