[32m[I 2025-10-20 12:45:18,015][0m Trial 5 finished with value: 14.630232649003133 and parameters: {'c0': 149.45078881975735, 'c1': 83.95007347642135, 'c2': 2.4278810586970727, 'c3': 12.89792355668306, 'c4': 16.755869064202283, 'c5': 47.88805585491614, 'c6': 3.7296937808241073, 'c7': 0.07075410244608354, 'c8': 54.37136227038381, 'c9': 12.09543348323764, 'c10': -51.30790700533737, 'c11': 31.398151065966776, 'c12': 3.71554773767809, 'c13': 3.808321218462921, 'c14': 19.577725135241263, 'c15': 10.298408826541479, 'c16': 14.620384759696329, 'c17': 1.6244739633561198, 'c18': 0.006952774148519326, 'c19': 47.10068865222792, 'c20': 2.334583556386525, 'c21': 56.62775597090702}. Best is trial 4 with value: 13.813117942268727.[0m
[32m[I 2025-10-20 12:51:29,318][0m Trial 6 finished with value: 21.985177597565773 and parameters: {'c0': 144.70282971779224, 'c1': 105.62944663255206, 'c2': 2.602767247772311, 'c3': 13.663750864179429, 'c4': 21.02483558033755, 'c5': 42.53533703572463, 'c6': 3.913895580956267, 'c7': 0.07065966830297922, 'c8': 56.63170525711668, 'c9': 13.571045224323488, 'c10': -51.76978467159086, 'c11': 27.707062536625614, 'c12': 3.955650231620897, 'c13': 4.739997230682378, 'c14': 20.61490621960932, 'c15': 11.805761189246512, 'c16': 13.733284743038215, 'c17': 1.7743097757770194, 'c18': 0.006873794722864384, 'c19': 42.93459333013653, 'c20': 2.076294902606003, 'c21': 66.88566898494626}. Best is trial 4 with value: 13.813117942268727.[0m
[32m[I 2025-10-20 12:57:08,057][0m Trial 7 finished with value: 21.048108999801673 and parameters: {'c0': 149.80991828020112, 'c1': 100.39035425243357, 'c2': 2.1617616170044114, 'c3': 14.285971632031094, 'c4': 22.000804834534705, 'c5': 36.343277572825606, 'c6': 4.417344504703163, 'c7': 0.07035911176385516, 'c8': 55.78353511894256, 'c9': 12.053217692122947, 'c10': -51.8468593947934, 'c11': 28.42959245926371, 'c12': 3.3163152196764645, 'c13': 3.8978031603928085, 'c14': 16.41889707079868, 'c15': 10.968844854825296, 'c16': 14.963132438979702, 'c17': 1.3762883736972928, 'c18': 0.00668621945518473, 'c19': 48.20510500949541, 'c20': 2.2384523799581375, 'c21': 58.989780121149316}. Best is trial 4 with value: 13.813117942268727.[0m
[32m[I 2025-10-20 13:03:04,616][0m Trial 8 finished with value: 31.839308944764944 and parameters: {'c0': 127.73662874270788, 'c1': 97.17206151099987, 'c2': 2.206818584321014, 'c3': 14.288402447576042, 'c4': 17.370911278768155, 'c5': 37.54954030274855, 'c6': 3.5463761657759947, 'c7': 0.07069596500183067, 'c8': 56.260079751332, 'c9': 12.370234284309578, 'c10': -43.16793106225352, 'c11': 32.554378870339455, 'c12': 3.631225164433372, 'c13': 4.889756516128833, 'c14': 19.567084476893697, 'c15': 12.290383103727567, 'c16': 13.786190183562613, 'c17': 1.8859655524850327, 'c18': 0.007379641294495487, 'c19': 45.95293569869264, 'c20': 2.1348803975878794, 'c21': 55.76511799040747}. Best is trial 4 with value: 13.813117942268727.[0m
[32m[I 2025-10-20 13:09:04,035][0m Trial 9 finished with value: 17.4202178675994 and parameters: {'c0': 134.60463903421896, 'c1': 100.7058864901721, 'c2': 2.2029693530741157, 'c3': 12.59977455259844, 'c4': 19.544068967973313, 'c5': 42.43151800833317, 'c6': 3.184277292879095, 'c7': 0.07709645346194577, 'c8': 53.00972053813253, 'c9': 10.867421388396531, 'c10': -48.49588385670573, 'c11': 24.71267455030931, 'c12': 3.8500890926855256, 'c13': 3.7007418937988783, 'c14': 20.16044981196064, 'c15': 9.505704010753993, 'c16': 12.01254202579334, 'c17': 1.7814567419685894, 'c18': 0.007524820708206558, 'c19': 42.923805517808056, 'c20': 1.9009792752063468, 'c21': 65.30719535707728}. Best is trial 4 with value: 13.813117942268727.[0m
[32m[I 2025-10-20 13:15:00,087][0m Trial 10 finished with value: 23.874623697108202 and parameters: {'c0': 159.96947874518338, 'c1': 108.48867146388122, 'c2': 2.29831347594871, 'c3': 13.355549938115049, 'c4': 17.395796607767164, 'c5': 39.504010733500074, 'c6': 3.775762477251857, 'c7': 0.07991553986618455, 'c8': 58.12481654186154, 'c9': 13.168690945318755, 'c10': -48.650391174577344, 'c11': 30.746176144414036, 'c12': 3.4551985808074615, 'c13': 3.8406724176571228, 'c14': 18.566683826499006, 'c15': 10.039771390811628, 'c16': 14.93437129934642, 'c17': 1.4457994407830057, 'c18': 0.006890076453883889, 'c19': 42.1064934240712, 'c20': 2.0260647068940107, 'c21': 66.94749169492053}. Best is trial 4 with value: 13.813117942268727.[0m
[32m[I 2025-10-20 13:20:48,695][0m Trial 11 finished with value: 15.706301209342604 and parameters: {'c0': 138.2029903390074, 'c1': 94.18289041399616, 'c2': 2.6118962445496834, 'c3': 13.469912421206901, 'c4': 18.76251407204206, 'c5': 46.886574781387736, 'c6': 3.4404427669941446, 'c7': 0.08055553034179692, 'c8': 56.02664083861814, 'c9': 13.918005633519204, 'c10': -48.017316235451986, 'c11': 33.52024399906838, 'c12': 3.502225172659182, 'c13': 3.474241385167028, 'c14': 20.09651900449934, 'c15': 10.885088575112075, 'c16': 14.497563878430997, 'c17': 1.5850152364986478, 'c18': 0.007139199110065877, 'c19': 43.52257116847204, 'c20': 2.325103896568323, 'c21': 52.61164608464058}. Best is trial 4 with value: 13.813117942268727.[0m
[32m[I 2025-10-20 13:26:44,207][0m Trial 12 finished with value: 13.895646250416794 and parameters: {'c0': 148.2517936558903, 'c1': 79.51424480506279, 'c2': 2.581439293609399, 'c3': 13.136866369613985, 'c4': 16.49678428518209, 'c5': 48.61018712974829, 'c6': 3.515977338140427, 'c7': 0.06398034397228494, 'c8': 53.894708688145286, 'c9': 12.24319216261616, 'c10': -44.57559177028658, 'c11': 30.48753864455682, 'c12': 4.101376935226861, 'c13': 3.404207653506781, 'c14': 16.647312684899486, 'c15': 10.43183076139908, 'c16': 13.183893399766692, 'c17': 1.6057624358361298, 'c18': 0.007211181058789174, 'c19': 43.547011435267294, 'c20': 2.413299490748765, 'c21': 58.62763942815599}. Best is trial 4 with value: 13.813117942268727.[0m
[32m[I 2025-10-20 13:32:39,043][0m Trial 13 finished with value: 13.788900297332134 and parameters: {'c0': 143.87851884024766, 'c1': 81.25039431036062, 'c2': 2.5313412496342402, 'c3': 11.39257403735457, 'c4': 15.54369503672784, 'c5': 46.52713267963287, 'c6': 3.4284352191064915, 'c7': 0.06354051802931518, 'c8': 52.88484584083742, 'c9': 11.562889667344034, 'c10': -41.06388965374347, 'c11': 29.86180204814442, 'c12': 4.201015468937138, 'c13': 3.577062552625666, 'c14': 15.483370210850241, 'c15': 10.323547327047681, 'c16': 11.877684053522499, 'c17': 1.3853638458898865, 'c18': 0.007952734896108878, 'c19': 43.770381094005145, 'c20': 2.3697584935528675, 'c21': 54.2314737906869}. Best is trial 13 with value: 13.788900297332134.[0m
[32m[I 2025-10-20 13:38:37,909][0m Trial 14 finished with value: 19.606391666234487 and parameters: {'c0': 148.47717229676368, 'c1': 85.74274447234545, 'c2': 2.782062883416918, 'c3': 12.217347044015897, 'c4': 15.902625004893615, 'c5': 40.632929442578614, 'c6': 3.2786417642062524, 'c7': 0.06396299482674968, 'c8': 53.001333723684624, 'c9': 12.11669559857513, 'c10': -36.22368363763655, 'c11': 30.315459551564064, 'c12': 3.9285918249358134, 'c13': 3.7795559241389425, 'c14': 15.919545965544138, 'c15': 9.794800960838073, 'c16': 12.657752531365952, 'c17': 1.430116005246721, 'c18': 0.009937985287274246, 'c19': 42.234191696913825, 'c20': 2.256504331680272, 'c21': 53.93911100694972}. Best is trial 13 with value: 13.788900297332134.[0m
[32m[I 2025-10-20 13:44:13,898][0m Trial 15 finished with value: 27.108209186338 and parameters: {'c0': 163.40689474317222, 'c1': 91.04278664386061, 'c2': 2.299765407979255, 'c3': 13.81579910545663, 'c4': 21.326797742780073, 'c5': 43.402370188796915, 'c6': 3.610505175418613, 'c7': 0.07998963383891881, 'c8': 53.82451202324344, 'c9': 10.769064990757396, 'c10': -51.61712484158812, 'c11': 28.507845353943726, 'c12': 3.7236260877301293, 'c13': 4.6251879933568265, 'c14': 19.583360811880578, 'c15': 10.140644087268306, 'c16': 12.300334499242467, 'c17': 1.7513599613875805, 'c18': 0.007892755979598088, 'c19': 47.05686809649462, 'c20': 2.276597831905263, 'c21': 62.65637254329083}. Best is trial 13 with value: 13.788900297332134.[0m
[32m[I 2025-10-20 13:49:56,335][0m Trial 16 finished with value: 14.564100642745789 and parameters: {'c0': 129.17167317594274, 'c1': 76.73992261266538, 'c2': 2.3829971798724556, 'c3': 11.880265913736165, 'c4': 17.51521547035562, 'c5': 48.02992409799692, 'c6': 3.2828751867872064, 'c7': 0.06883582453792893, 'c8': 48.44227954220194, 'c9': 12.513152353928039, 'c10': -39.33828924298055, 'c11': 33.51542276210411, 'c12': 4.274205256101081, 'c13': 3.662257287610438, 'c14': 15.634834019952477, 'c15': 9.656185208009779, 'c16': 10.75661991812438, 'c17': 1.4072448737124175, 'c18': 0.008105007231848049, 'c19': 43.601863862131786, 'c20': 2.1596458248039028, 'c21': 48.04651538404209}. Best is trial 13 with value: 13.788900297332134.[0m
[32m[I 2025-10-20 13:55:55,100][0m Trial 17 finished with value: 16.141739124403806 and parameters: {'c0': 152.90858085651644, 'c1': 77.60350668022988, 'c2': 2.8335001285876684, 'c3': 12.275232071246093, 'c4': 15.548149998544535, 'c5': 44.88855327920801, 'c6': 3.565092017480563, 'c7': 0.06601191351367001, 'c8': 50.69424038684786, 'c9': 10.580927760690585, 'c10': -37.50095187239751, 'c11': 28.507450891070217, 'c12': 4.294969806003795, 'c13': 4.1965509081675325, 'c14': 16.824257888438165, 'c15': 10.926703394721155, 'c16': 11.537419740903465, 'c17': 1.3682321960739725, 'c18': 0.00726027778987134, 'c19': 42.89930437759611, 'c20': 2.379421416741949, 'c21': 49.41274119593031}. Best is trial 13 with value: 13.788900297332134.[0m
[32m[I 2025-10-20 14:01:41,670][0m Trial 18 finished with value: 18.912856076051263 and parameters: {'c0': 129.90399477936765, 'c1': 84.51357203234323, 'c2': 2.3099999680999317, 'c3': 11.041713806958677, 'c4': 16.47812128616061, 'c5': 44.60883293074255, 'c6': 3.713466725174079, 'c7': 0.064211987759133, 'c8': 55.9370363410536, 'c9': 9.672019588142252, 'c10': -39.9971246728669, 'c11': 29.518310738497423, 'c12': 4.240448616675462, 'c13': 4.376508739690918, 'c14': 16.712041345485318, 'c15': 10.03915322132198, 'c16': 12.317132383348225, 'c17': 1.6374036410451616, 'c18': 0.00811969389990089, 'c19': 44.124945579299784, 'c20': 2.2227087406153, 'c21': 59.42265087819794}. Best is trial 13 with value: 13.788900297332134.[0m
[32m[I 2025-10-20 14:07:44,599][0m Trial 19 finished with value: 11.64046274746442 and parameters: {'c0': 135.46560787035332, 'c1': 100.32682889887319, 'c2': 2.554216925448209, 'c3': 14.13291681804471, 'c4': 20.202434879053488, 'c5': 45.12704544377595, 'c6': 3.4467674090054063, 'c7': 0.07532889646489031, 'c8': 56.771596107280935, 'c9': 11.546381201975276, 'c10': -46.36135147438319, 'c11': 33.87224125513242, 'c12': 3.785597505315135, 'c13': 4.0198654115053705, 'c14': 20.21183831392183, 'c15': 11.806756785212709, 'c16': 14.838722850328258, 'c17': 1.585762336301826, 'c18': 0.007681253860581515, 'c19': 48.219895172946735, 'c20': 1.9232604588506181, 'c21': 62.977466496986025}. Best is trial 19 with value: 11.64046274746442.[0m
[32m[I 2025-10-20 14:15:02,397][0m Trial 20 finished with value: 16.89667669852392 and parameters: {'c0': 133.5899789726741, 'c1': 94.14274824263376, 'c2': 2.256553786660586, 'c3': 14.013690721422812, 'c4': 16.375451928126772, 'c5': 47.277820097204, 'c6': 3.467678380493353, 'c7': 0.07683752343620275, 'c8': 55.028310887679396, 'c9': 9.78308983756622, 'c10': -43.801153512879516, 'c11': 32.665808105910415, 'c12': 4.262271454230577, 'c13': 4.618897183514314, 'c14': 20.499474970316435, 'c15': 12.719733323437104, 'c16': 14.774055760561058, 'c17': 1.5630059730686774, 'c18': 0.007014187315640453, 'c19': 47.29331999786884, 'c20': 1.6807298371658983, 'c21': 63.61596325426404}. Best is trial 19 with value: 11.64046274746442.[0m
[32m[I 2025-10-20 14:21:05,143][0m Trial 21 finished with value: 17.618450735464673 and parameters: {'c0': 131.6000203431256, 'c1': 94.22920423539217, 'c2': 2.8981894117788323, 'c3': 13.54686837267133, 'c4': 20.11050501571961, 'c5': 46.61555713693626, 'c6': 3.769186748523, 'c7': 0.07141262470924538, 'c8': 58.48472492439227, 'c9': 10.568760730633352, 'c10': -40.788702545127165, 'c11': 34.34798033233638, 'c12': 3.82432982815964, 'c13': 4.097564617889627, 'c14': 18.510287231754116, 'c15': 11.860925744699307, 'c16': 14.910244957615063, 'c17': 1.629810624290542, 'c18': 0.00925615400005623, 'c19': 47.43361774589725, 'c20': 2.0989086096093095, 'c21': 62.76647109989202}. Best is trial 19 with value: 11.64046274746442.[0m
[32m[I 2025-10-20 14:26:51,340][0m Trial 22 finished with value: 17.951104648096518 and parameters: {'c0': 127.00217730383362, 'c1': 104.86940251266353, 'c2': 2.2333468667939442, 'c3': 14.007570896987561, 'c4': 17.01773485498331, 'c5': 44.941995712277524, 'c6': 3.4323033664721287, 'c7': 0.06882372024526597, 'c8': 55.817081504001344, 'c9': 11.52307215980814, 'c10': -51.10264798010249, 'c11': 29.58363990894354, 'c12': 3.4148978593771817, 'c13': 4.4368515352878015, 'c14': 20.162606644372424, 'c15': 9.744651483512442, 'c16': 12.776115705832892, 'c17': 1.6715816748739352, 'c18': 0.006671450880270213, 'c19': 48.37816592156619, 'c20': 2.221008295834388, 'c21': 65.93795631281449}. Best is trial 19 with value: 11.64046274746442.[0m
[32m[I 2025-10-20 14:32:52,099][0m Trial 23 finished with value: 13.828610283304677 and parameters: {'c0': 135.1290296201874, 'c1': 94.6670782803594, 'c2': 2.6450703609956485, 'c3': 13.449788368357465, 'c4': 20.579901464672897, 'c5': 45.62875081696109, 'c6': 3.8383749238211795, 'c7': 0.0761320042371722, 'c8': 59.09753998983708, 'c9': 11.943470365456344, 'c10': -51.368143502822036, 'c11': 33.85810097573212, 'c12': 3.6009077125711424, 'c13': 4.208315479785066, 'c14': 20.181237118194122, 'c15': 10.563027735899897, 'c16': 14.708383992531983, 'c17': 1.3660382467041476, 'c18': 0.006828896871316906, 'c19': 47.47277001650678, 'c20': 1.864657165911722, 'c21': 59.37416222961915}. Best is trial 19 with value: 11.64046274746442.[0m
[32m[I 2025-10-20 14:38:53,739][0m Trial 24 finished with value: 14.605780803810005 and parameters: {'c0': 155.96278420055157, 'c1': 80.39370945482412, 'c2': 2.3843096591948068, 'c3': 10.760634913598091, 'c4': 16.197676596331327, 'c5': 46.71757004791979, 'c6': 3.433203939601552, 'c7': 0.07326459341812507, 'c8': 52.23520335862115, 'c9': 11.428091293655477, 'c10': -42.69106396182431, 'c11': 30.407571969659784, 'c12': 4.492935493275206, 'c13': 3.4419986970434695, 'c14': 16.056168654464194, 'c15': 12.742748351011455, 'c16': 12.331626536687153, 'c17': 1.3788910736000295, 'c18': 0.00824915285027465, 'c19': 44.80971792951777, 'c20': 2.2973636320453528, 'c21': 54.932254246593985}. Best is trial 19 with value: 11.64046274746442.[0m
[32m[I 2025-10-20 14:44:50,353][0m Trial 25 finished with value: 12.70650529368579 and parameters: {'c0': 138.84553408334997, 'c1': 104.43348078540181, 'c2': 2.247609878388749, 'c3': 13.696505740875667, 'c4': 21.075535325054364, 'c5': 43.756499855779296, 'c6': 3.0987945842246787, 'c7': 0.08280586152715705, 'c8': 58.17315108094168, 'c9': 11.70989707296203, 'c10': -46.0723654500232, 'c11': 32.29781038984007, 'c12': 3.845408728781618, 'c13': 3.8470166119390528, 'c14': 20.75910391174453, 'c15': 12.264802555357724, 'c16': 14.124326770184977, 'c17': 1.634262151350213, 'c18': 0.008340288566306357, 'c19': 46.34206236642848, 'c20': 2.1110493025424555, 'c21': 62.343581976220406}. Best is trial 19 with value: 11.64046274746442.[0m
[32m[I 2025-10-20 14:50:37,142][0m Trial 26 finished with value: 19.408059266205854 and parameters: {'c0': 129.92881125631575, 'c1': 108.34044163354585, 'c2': 2.3355738499614076, 'c3': 14.138995717307552, 'c4': 19.51906992103189, 'c5': 45.90063165973259, 'c6': 3.204820055596312, 'c7': 0.08343347480953471, 'c8': 55.58988006267455, 'c9': 9.639589910690106, 'c10': -43.525100877742844, 'c11': 29.195964117938694, 'c12': 4.1893427025928345, 'c13': 3.8641144726122194, 'c14': 20.857345684028374, 'c15': 12.739762380858098, 'c16': 14.959070930891093, 'c17': 1.4600659330165882, 'c18': 0.008774132871680187, 'c19': 45.221466168149945, 'c20': 2.268664294477275, 'c21': 61.12328723051101}. Best is trial 19 with value: 11.64046274746442.[0m
[32m[I 2025-10-20 14:57:02,250][0m Trial 27 finished with value: 18.25510170564848 and parameters: {'c0': 127.64488428400304, 'c1': 101.09292045534379, 'c2': 2.2394205295955936, 'c3': 13.981358034245948, 'c4': 21.089096596708586, 'c5': 47.54731661064671, 'c6': 3.07517515733484, 'c7': 0.06269769146268532, 'c8': 58.965875883541344, 'c9': 11.9446258615261, 'c10': -46.440709422605316, 'c11': 33.637929276220945, 'c12': 3.5063897659999235, 'c13': 4.225785671146592, 'c14': 17.87196464331112, 'c15': 11.935894159183999, 'c16': 14.403314867609927, 'c17': 1.5571694269888088, 'c18': 0.008514258500608605, 'c19': 46.31059885705692, 'c20': 1.8051102059015913, 'c21': 58.70117909311612}. Best is trial 19 with value: 11.64046274746442.[0m
[32m[I 2025-10-20 15:03:00,710][0m Trial 28 finished with value: 13.483011754577486 and parameters: {'c0': 154.0157025826768, 'c1': 98.56270674816122, 'c2': 2.25504931842588, 'c3': 13.134179567060214, 'c4': 22.080620595836397, 'c5': 40.22062170383983, 'c6': 3.06310840478135, 'c7': 0.08684871575436405, 'c8': 55.78116245732174, 'c9': 11.770190837449277, 'c10': -51.50107316968042, 'c11': 29.58441863819281, 'c12': 4.063863257442251, 'c13': 3.9047178462694063, 'c14': 20.318085747987368, 'c15': 12.567590962120395, 'c16': 13.526941644228216, 'c17': 1.5883312056837713, 'c18': 0.008273329852715922, 'c19': 43.763459107851055, 'c20': 2.343328009961263, 'c21': 57.21675637210667}. Best is trial 19 with value: 11.64046274746442.[0m
[32m[I 2025-10-20 15:09:00,818][0m Trial 29 finished with value: 19.047149394488745 and parameters: {'c0': 132.71621470676703, 'c1': 106.2807949683209, 'c2': 2.1566807954698537, 'c3': 14.31281383216186, 'c4': 23.010660295975736, 'c5': 42.7595642634276, 'c6': 3.5140093502026373, 'c7': 0.0841049394237894, 'c8': 51.88603985491789, 'c9': 11.186772467200978, 'c10': -46.09750582473384, 'c11': 32.670806441023565, 'c12': 3.7205956432167855, 'c13': 3.9502310288593816, 'c14': 19.97185898214779, 'c15': 11.637610472767026, 'c16': 14.36472874045807, 'c17': 1.9006464787033792, 'c18': 0.008337142672131525, 'c19': 46.82912106852791, 'c20': 2.0594471944702475, 'c21': 55.480972231186115}. Best is trial 19 with value: 11.64046274746442.[0m
[32m[I 2025-10-20 15:14:57,332][0m Trial 30 finished with value: 16.442551304807655 and parameters: {'c0': 141.61673181787265, 'c1': 86.09007923416814, 'c2': 2.177849977790054, 'c3': 14.093903768727543, 'c4': 22.30913144147863, 'c5': 35.8797372485449, 'c6': 3.1442695216295737, 'c7': 0.08752635992738075, 'c8': 56.232410423803614, 'c9': 11.206830564616782, 'c10': -47.266541467951505, 'c11': 29.013389644967983, 'c12': 4.44060784878361, 'c13': 3.410064652729077, 'c14': 19.2413067323956, 'c15': 12.696261158045619, 'c16': 12.823250697203052, 'c17': 1.579465268381659, 'c18': 0.008632609065599702, 'c19': 45.57207875701896, 'c20': 2.311761857085756, 'c21': 59.30978424216196}. Best is trial 19 with value: 11.64046274746442.[0m
[32m[I 2025-10-20 15:21:03,596][0m Trial 31 finished with value: 18.079340207495406 and parameters: {'c0': 160.75352385048035, 'c1': 101.95944830271543, 'c2': 2.2908865727940233, 'c3': 11.492449934431251, 'c4': 21.50595131863814, 'c5': 41.51050501438357, 'c6': 3.17604051969717, 'c7': 0.08063797972582709, 'c8': 54.15962295978126, 'c9': 11.027066101499408, 'c10': -49.502601174773716, 'c11': 29.30946473179393, 'c12': 4.1844234015372725, 'c13': 4.314017243573465, 'c14': 19.56509831271392, 'c15': 12.786559432853057, 'c16': 14.776768723329878, 'c17': 1.6933204612016313, 'c18': 0.0075657847873902475, 'c19': 46.86027677039676, 'c20': 2.448767429815838, 'c21': 58.67042167217676}. Best is trial 19 with value: 11.64046274746442.[0m
[32m[I 2025-10-20 15:21:03,651][0m A new study created in memory with name: no-name-6277d9a2-e47b-4289-b85d-4db139b841e7[0m
[32m[I 2025-10-20 15:26:51,954][0m Trial 0 finished with value: 28.980109989190687 and parameters: {'c0': 130.96934204122167, 'c1': 109.1686120011941, 'c2': 2.04349039559629, 'c3': 13.015469894592268, 'c4': 17.347878434182874, 'c5': 37.76842353995914, 'c6': 3.014212177672731, 'c7': 0.07067540046381543, 'c8': 54.42732600403659, 'c9': 11.72565832510265, 'c10': -47.85985208190601, 'c11': 36.381761096170074, 'c12': 3.338067574867988, 'c13': 4.627857893119387, 'c14': 16.390892093347045, 'c15': 12.611824158195576, 'c16': 14.347886402837329, 'c17': 1.6229895840911415, 'c18': 0.006576342174089156, 'c19': 42.39688935326839, 'c20': 2.1546245137097157, 'c21': 74.77343757566372}. Best is trial 0 with value: 28.980109989190687.[0m
[32m[I 2025-10-20 15:33:30,089][0m Trial 1 finished with value: 27.036348880711525 and parameters: {'c0': 125.35576502252576, 'c1': 108.0448761611288, 'c2': 2.938768742788067, 'c3': 16.36369407850312, 'c4': 16.84918796005815, 'c5': 36.806607146119596, 'c6': 2.9915603092894734, 'c7': 0.08672291946081379, 'c8': 47.650599577344664, 'c9': 11.182012627726936, 'c10': -37.87000049688416, 'c11': 34.32159426869292, 'c12': 4.076145314874327, 'c13': 3.7232244779525216, 'c14': 21.71964895220047, 'c15': 13.387094354084978, 'c16': 11.979528151830767, 'c17': 1.7444301096137265, 'c18': 0.009183280311161952, 'c19': 53.00650390883537, 'c20': 1.7543551034243694, 'c21': 70.26469818331572}. Best is trial 1 with value: 27.036348880711525.[0m
