[32m[I 2025-10-20 02:52:07,127][0m Trial 29 finished with value: 70.39847145140074 and parameters: {'c0': 147.7299204852962, 'c1': 54.279725340629255, 'c2': 3.4838654582066466, 'c3': 12.133826054414444, 'c4': 13.418752165372014, 'c5': 36.25456809210794, 'c6': 3.2855576250578484, 'c7': 0.18208729012646635, 'c8': 29.70765475085097, 'c9': 3.7522398809995514, 'c10': -28.313798025719006, 'c11': 16.86694085302734, 'c12': 4.978760626383964, 'c13': 5.681857428044428, 'c14': 26.956142943586066, 'c15': 24.91762507683223, 'c16': 14.535588123768715, 'c17': 2.691025795656828, 'c18': 0.014901824550174103, 'c19': 19.842867238380293, 'c20': 2.5217520035927663, 'c21': 42.874104239513}. Best is trial 14 with value: 35.80652647200832.[0m
[32m[I 2025-10-20 03:16:20,257][0m Trial 30 finished with value: 185.69488902011653 and parameters: {'c0': 264.7595314840139, 'c1': 93.25876922012654, 'c2': 3.020633237487167, 'c3': 14.189823031607258, 'c4': 12.213364272545872, 'c5': 21.928195798697804, 'c6': 1.49316865783179, 'c7': 0.17010030561299078, 'c8': 30.60313076198796, 'c9': 8.012923475802266, 'c10': -28.971176141662244, 'c11': 28.977747494344158, 'c12': 2.8381533612616727, 'c13': 4.53788074660934, 'c14': 7.478782028446439, 'c15': 20.13890971987383, 'c16': 19.533567095240976, 'c17': 3.3800741770164984, 'c18': 0.01441875792525402, 'c19': 27.704697650174953, 'c20': 0.8667862321322847, 'c21': 41.64266296173186}. Best is trial 14 with value: 35.80652647200832.[0m
[32m[I 2025-10-20 03:22:14,867][0m Trial 31 finished with value: 48.36573026217814 and parameters: {'c0': 131.7455882753739, 'c1': 58.10976255283322, 'c2': 2.0665858271371245, 'c3': 9.296106486701392, 'c4': 10.296327105819046, 'c5': 43.57230744009612, 'c6': 1.698019319552752, 'c7': 0.059882529992523026, 'c8': 37.891137343264106, 'c9': 5.708130645771394, 'c10': -19.11266257847408, 'c11': 22.127180204915316, 'c12': 6.0001179723998845, 'c13': 5.403496437379922, 'c14': 8.39541727247413, 'c15': 27.59164476916186, 'c16': 9.01885148829582, 'c17': 2.348926413421112, 'c18': 0.019885740205669047, 'c19': 30.924948522268572, 'c20': 2.481924288613396, 'c21': 34.58158473863462}. Best is trial 14 with value: 35.80652647200832.[0m
[32m[I 2025-10-20 03:27:51,594][0m Trial 32 finished with value: 127.67210067818101 and parameters: {'c0': 151.51502615735637, 'c1': 53.735028666012546, 'c2': 2.718107926442186, 'c3': 9.497791025882973, 'c4': 17.510871130737122, 'c5': 45.61754809341792, 'c6': 2.005691573029328, 'c7': 0.06499056973208016, 'c8': 37.93144624938136, 'c9': 4.938338554773335, 'c10': -16.269431322760045, 'c11': 12.026097001024901, 'c12': 3.8314723317899304, 'c13': 3.3900406791146995, 'c14': 7.570375961287279, 'c15': 22.62918840292629, 'c16': 10.361117633053182, 'c17': 2.339145852138185, 'c18': 0.0174913769825251, 'c19': 27.19515342898252, 'c20': 2.375490836323527, 'c21': 35.4949724411283}. Best is trial 14 with value: 35.80652647200832.[0m
[32m[I 2025-10-20 03:33:29,240][0m Trial 33 finished with value: 72.09587801972239 and parameters: {'c0': 110.3887792461658, 'c1': 52.37856413663187, 'c2': 0.9881293078132911, 'c3': 7.419061874928971, 'c4': 10.719553352857755, 'c5': 53.09937889657838, 'c6': 1.516185688731209, 'c7': 0.07701040395365723, 'c8': 36.34710128817784, 'c9': 5.021565956325517, 'c10': -19.833896100284285, 'c11': 17.59277603181686, 'c12': 5.65726266618362, 'c13': 5.243593633747151, 'c14': 11.481641282404862, 'c15': 31.388722778820096, 'c16': 6.799681268662746, 'c17': 2.0968957249026055, 'c18': 0.01977081141695658, 'c19': 30.16271573852826, 'c20': 2.573903801596074, 'c21': 45.32253415383124}. Best is trial 14 with value: 35.80652647200832.[0m
[32m[I 2025-10-20 03:40:31,231][0m Trial 34 finished with value: 87.67039217217864 and parameters: {'c0': 150.43603754746584, 'c1': 50.92223130254045, 'c2': 2.505675438368403, 'c3': 13.966138471291302, 'c4': 10.771259167969669, 'c5': 37.97359006007359, 'c6': 1.831080362917554, 'c7': 0.07104344188498832, 'c8': 35.95897033367114, 'c9': 7.817885680468676, 'c10': -17.59196199484435, 'c11': 24.3741976672408, 'c12': 5.364800637163009, 'c13': 6.3923829248904855, 'c14': 8.607680303582162, 'c15': 31.926301508953863, 'c16': 13.45937530637734, 'c17': 2.39477861911237, 'c18': 0.01874598629580688, 'c19': 27.649368367686016, 'c20': 2.4203331448781102, 'c21': 36.10966941901542}. Best is trial 14 with value: 35.80652647200832.[0m
[32m[I 2025-10-20 03:46:26,100][0m Trial 35 finished with value: 122.13483464575822 and parameters: {'c0': 214.93964540204416, 'c1': 74.76918580784502, 'c2': 2.7287333876663142, 'c3': 12.880790448342141, 'c4': 16.40215834051661, 'c5': 16.382077575426116, 'c6': 2.0421663622180235, 'c7': 0.19367167507599412, 'c8': 26.922309167529853, 'c9': 4.550396863362454, 'c10': -24.35773054262905, 'c11': 23.584468481420764, 'c12': 2.702926259158462, 'c13': 3.9438574278535032, 'c14': 19.25189791379016, 'c15': 18.408974529743535, 'c16': 13.942650974599598, 'c17': 1.895889353266828, 'c18': 0.007036061911937245, 'c19': 30.793878958526168, 'c20': 1.9273654003561524, 'c21': 54.074110107034585}. Best is trial 14 with value: 35.80652647200832.[0m
[32m[I 2025-10-20 03:51:30,708][0m Trial 36 finished with value: 127.08558130450281 and parameters: {'c0': 197.46823158445795, 'c1': 50.53332000665215, 'c2': 3.570553314146597, 'c3': 12.847186652354099, 'c4': 19.120759445033514, 'c5': 27.111081728661095, 'c6': 3.033206152262415, 'c7': 0.12248912736146983, 'c8': 35.15606524372501, 'c9': 4.955153038888151, 'c10': -27.187683084352177, 'c11': 22.8480902938581, 'c12': 4.46377554253571, 'c13': 4.666913889633426, 'c14': 18.98654546933854, 'c15': 21.37163782099842, 'c16': 12.6818340914928, 'c17': 0.8596048859132728, 'c18': 0.012440338440639612, 'c19': 27.011481933587703, 'c20': 2.4770625251056715, 'c21': 40.61503067391195}. Best is trial 14 with value: 35.80652647200832.[0m
[32m[I 2025-10-20 03:58:15,853][0m Trial 37 finished with value: 92.0300684380782 and parameters: {'c0': 67.9226184388424, 'c1': 68.88224437577448, 'c2': 3.37450042016893, 'c3': 8.647361193870754, 'c4': 14.86701868897743, 'c5': 37.79656969099738, 'c6': 1.4946090231134779, 'c7': 0.07078556488977568, 'c8': 28.229850823236816, 'c9': 3.783076351012167, 'c10': -18.414206064465123, 'c11': 27.02611947762346, 'c12': 5.888792203748251, 'c13': 6.263292698463763, 'c14': 16.906959430888907, 'c15': 21.382457199081497, 'c16': 9.466119661341677, 'c17': 2.758195890969319, 'c18': 0.017291347804563782, 'c19': 25.35736012193132, 'c20': 1.6819847180860785, 'c21': 24.91936839405789}. Best is trial 14 with value: 35.80652647200832.[0m
[32m[I 2025-10-20 04:03:22,314][0m Trial 38 finished with value: 81.87213030286993 and parameters: {'c0': 122.62262327719624, 'c1': 98.00840578290655, 'c2': 2.772725762593823, 'c3': 9.641630681606168, 'c4': 14.052222597591506, 'c5': 57.08406145441203, 'c6': 3.048686482575265, 'c7': 0.08767578736732354, 'c8': 36.889085087214916, 'c9': 4.251059377726044, 'c10': -18.266842810549722, 'c11': 21.059312814093374, 'c12': 5.947519287685588, 'c13': 5.4093591207175376, 'c14': 6.686974563262567, 'c15': 41.22483948705698, 'c16': 10.35583157134623, 'c17': 2.760439288395471, 'c18': 0.017893498697620087, 'c19': 35.790754963429656, 'c20': 2.505026170605368, 'c21': 31.469852464842468}. Best is trial 14 with value: 35.80652647200832.[0m
[32m[I 2025-10-20 04:08:48,648][0m Trial 39 finished with value: 83.69811965312621 and parameters: {'c0': 145.51322435621213, 'c1': 76.89923011503393, 'c2': 3.5716353060344215, 'c3': 13.033641587969166, 'c4': 14.963797009313838, 'c5': 25.278530359140635, 'c6': 3.3812525636235438, 'c7': 0.1455342506786123, 'c8': 32.76700251416287, 'c9': 6.109793947168694, 'c10': -31.111097311234605, 'c11': 28.355147202601152, 'c12': 1.422477831906579, 'c13': 4.31558883716661, 'c14': 7.896340890904308, 'c15': 25.114422968253876, 'c16': 20.194353916557162, 'c17': 1.9980531376206994, 'c18': 0.01081166972365394, 'c19': 29.368057188315067, 'c20': 1.6398893546474533, 'c21': 53.927751953889526}. Best is trial 14 with value: 35.80652647200832.[0m
[32m[I 2025-10-20 04:14:21,143][0m Trial 40 finished with value: 59.885982306497276 and parameters: {'c0': 207.34783270952954, 'c1': 78.8456914747656, 'c2': 2.110430624433811, 'c3': 7.907271088059959, 'c4': 9.477545344245616, 'c5': 34.56338264345426, 'c6': 1.7281639117626095, 'c7': 0.0892178892225784, 'c8': 36.807049324441934, 'c9': 4.90493355429007, 'c10': -15.048415152150213, 'c11': 25.296836899416075, 'c12': 5.224277797564013, 'c13': 5.26289490579912, 'c14': 14.379159697488504, 'c15': 26.291664534540818, 'c16': 7.895473039470632, 'c17': 3.42217694300543, 'c18': 0.021629615783053193, 'c19': 34.618384610953264, 'c20': 2.5742034003598633, 'c21': 27.443276544441567}. Best is trial 14 with value: 35.80652647200832.[0m
[32m[I 2025-10-20 04:19:24,377][0m Trial 41 finished with value: 164.38874997882246 and parameters: {'c0': 82.44548702201942, 'c1': 57.125602727817075, 'c2': 2.7108234132923634, 'c3': 11.822171892006823, 'c4': 18.4201270227818, 'c5': 39.84709117296413, 'c6': 1.3050665490211781, 'c7': 0.06630745330633649, 'c8': 30.365338109212715, 'c9': 5.723106637424355, 'c10': -28.71190304083126, 'c11': 30.34342127114389, 'c12': 4.311780221531047, 'c13': 5.203316968606538, 'c14': 14.989170780679654, 'c15': 18.74383912115542, 'c16': 7.607643270649632, 'c17': 1.0007005337313495, 'c18': 0.01427000504956529, 'c19': 33.717549631871925, 'c20': 2.341316258898121, 'c21': 43.0862159908255}. Best is trial 14 with value: 35.80652647200832.[0m
[32m[I 2025-10-20 04:26:40,066][0m Trial 42 finished with value: 99.34887560109595 and parameters: {'c0': 103.41010965999612, 'c1': 60.08020873297199, 'c2': 2.4925377968637377, 'c3': 9.122977050496253, 'c4': 9.686219102039084, 'c5': 15.51703523194096, 'c6': 1.7261954805849813, 'c7': 0.06845500939133772, 'c8': 30.812278378052326, 'c9': 5.806115631415298, 'c10': -31.723628389254856, 'c11': 27.256179593820395, 'c12': 5.759681756519826, 'c13': 4.223558268604453, 'c14': 10.633417853617498, 'c15': 23.334036787161256, 'c16': 6.432452146136022, 'c17': 0.8789155357946217, 'c18': 0.02031485013085316, 'c19': 20.852287626617176, 'c20': 2.472702123191079, 'c21': 29.4162172652291}. Best is trial 14 with value: 35.80652647200832.[0m
[32m[I 2025-10-20 04:32:14,286][0m Trial 43 finished with value: 44.197430677970786 and parameters: {'c0': 214.00285986626324, 'c1': 86.50914314292316, 'c2': 2.3252205506975834, 'c3': 7.34651226598986, 'c4': 8.959969790720432, 'c5': 34.68157453568993, 'c6': 2.2772109331398496, 'c7': 0.09567123024591317, 'c8': 34.14818686516613, 'c9': 11.6695403217148, 'c10': -28.323976525779095, 'c11': 26.27064056920145, 'c12': 4.894090101907498, 'c13': 5.0609326478782535, 'c14': 12.484836251733471, 'c15': 33.75486571333739, 'c16': 7.004257938618891, 'c17': 1.9671670946528517, 'c18': 0.010492356029549562, 'c19': 31.268451829674454, 'c20': 2.3836595576423085, 'c21': 43.89344865994516}. Best is trial 14 with value: 35.80652647200832.[0m
[32m[I 2025-10-20 04:37:56,601][0m Trial 44 finished with value: 84.6446069625545 and parameters: {'c0': 234.65371447192726, 'c1': 108.14363502815806, 'c2': 2.9873939957410522, 'c3': 4.696855037141196, 'c4': 13.69750920273032, 'c5': 31.79561713308459, 'c6': 1.7833907273811131, 'c7': 0.09836419365094923, 'c8': 29.165935166345676, 'c9': 15.629332178501421, 'c10': -31.0093314116531, 'c11': 30.032697955088313, 'c12': 4.925208847599447, 'c13': 4.997791178115684, 'c14': 15.015307617608457, 'c15': 31.067713911045743, 'c16': 9.350018824452027, 'c17': 1.7835329539631901, 'c18': 0.009620730390948613, 'c19': 35.132836592929024, 'c20': 2.347922120563902, 'c21': 57.87968034522789}. Best is trial 14 with value: 35.80652647200832.[0m
[32m[I 2025-10-20 04:45:25,070][0m Trial 45 finished with value: 779.4355792191565 and parameters: {'c0': 235.7272881834799, 'c1': 68.92952176902335, 'c2': 2.2122712031871234, 'c3': 6.767329796920875, 'c4': 14.218026181696406, 'c5': 46.60386570187623, 'c6': 3.2570453012237772, 'c7': 0.13883712941010945, 'c8': 34.545688216812295, 'c9': 10.618918835071137, 'c10': -24.19756230071884, 'c11': 29.685673815963412, 'c12': 3.880211820648336, 'c13': 5.568140466407302, 'c14': 9.860986104594847, 'c15': 36.92839406954216, 'c16': 8.169854483387164, 'c17': 2.135454786699666, 'c18': 0.0071569826369933896, 'c19': 26.529045410044642, 'c20': 2.006228545469131, 'c21': 36.70698230111532}. Best is trial 14 with value: 35.80652647200832.[0m
[32m[I 2025-10-20 04:51:34,777][0m Trial 46 finished with value: 49.79446396691141 and parameters: {'c0': 172.50901899171566, 'c1': 97.85463051706874, 'c2': 1.8133161684864283, 'c3': 5.772804169868223, 'c4': 10.37031706909137, 'c5': 39.27973506163558, 'c6': 1.6122800710665346, 'c7': 0.06841257009161379, 'c8': 35.479085654562425, 'c9': 12.853773544561445, 'c10': -27.621850882632156, 'c11': 20.25570191413261, 'c12': 4.596714630698258, 'c13': 6.108861144976487, 'c14': 7.537036771167577, 'c15': 30.61846598115278, 'c16': 8.527814352626518, 'c17': 2.472551956118988, 'c18': 0.006186864396023517, 'c19': 31.93403320318633, 'c20': 2.509670855223467, 'c21': 40.48120895944832}. Best is trial 14 with value: 35.80652647200832.[0m
[32m[I 2025-10-20 04:58:52,490][0m Trial 47 finished with value: 81.78486134815589 and parameters: {'c0': 162.2380464284352, 'c1': 104.62684816541281, 'c2': 2.7634287118563137, 'c3': 10.43232402273095, 'c4': 30.843807509170226, 'c5': 23.42279432591761, 'c6': 1.787977634091845, 'c7': 0.08948702022582083, 'c8': 32.77357810707548, 'c9': 9.120405203596667, 'c10': -32.52149843086885, 'c11': 29.73869705369015, 'c12': 5.090549164789074, 'c13': 4.644178639266672, 'c14': 14.506845504765879, 'c15': 32.85319562478117, 'c16': 7.380529591996009, 'c17': 1.531177143100944, 'c18': 0.018101351756398452, 'c19': 31.73058135181423, 'c20': 1.851603939277124, 'c21': 60.01718027509238}. Best is trial 14 with value: 35.80652647200832.[0m
[32m[I 2025-10-20 05:04:49,284][0m Trial 48 finished with value: 70.51221072297623 and parameters: {'c0': 171.53538439613516, 'c1': 119.64309280311511, 'c2': 3.469186940713288, 'c3': 12.21365206753519, 'c4': 21.887539925930273, 'c5': 18.513805529711696, 'c6': 3.272287852869246, 'c7': 0.16475514035011393, 'c8': 30.981693357488663, 'c9': 6.527608533248461, 'c10': -21.948497017880804, 'c11': 22.695158741621288, 'c12': 5.134435459276174, 'c13': 6.602394439110739, 'c14': 10.345259871891272, 'c15': 25.747593967116742, 'c16': 14.593666971252695, 'c17': 2.1594692501671227, 'c18': 0.005729506994238645, 'c19': 30.636074782459257, 'c20': 2.404468529786095, 'c21': 35.53433719240317}. Best is trial 14 with value: 35.80652647200832.[0m
[32m[I 2025-10-20 05:12:02,225][0m Trial 49 finished with value: 74.24116230073844 and parameters: {'c0': 156.07532445322943, 'c1': 41.02259839201423, 'c2': 3.4851965920258063, 'c3': 13.622694988726751, 'c4': 14.3255146207844, 'c5': 16.443072708473387, 'c6': 2.677847812584401, 'c7': 0.19908588169460176, 'c8': 35.65067795267418, 'c9': 7.104776446142336, 'c10': -35.84510620164419, 'c11': 28.348947958482523, 'c12': 4.048724691703435, 'c13': 5.306292639074642, 'c14': 17.17487139031677, 'c15': 25.039407745837046, 'c16': 17.713981223949304, 'c17': 3.3706811138250243, 'c18': 0.014415771468682323, 'c19': 27.770196234538165, 'c20': 2.0196289052207317, 'c21': 50.0724266492588}. Best is trial 14 with value: 35.80652647200832.[0m
[32m[I 2025-10-20 05:17:57,848][0m Trial 50 finished with value: 19.71726289491796 and parameters: {'c0': 131.774021094865, 'c1': 53.436719473470745, 'c2': 1.6047453018701556, 'c3': 14.376987680871196, 'c4': 23.773260256183857, 'c5': 36.62980294963461, 'c6': 1.3333968720670732, 'c7': 0.12703622434767897, 'c8': 36.30851986018993, 'c9': 11.265948742638397, 'c10': -29.855106099040533, 'c11': 25.01281806159021, 'c12': 3.6743139458552174, 'c13': 3.928087957199775, 'c14': 9.972904679726486, 'c15': 16.090090200909607, 'c16': 13.79129027605585, 'c17': 1.3572143435322872, 'c18': 0.010926615811277008, 'c19': 30.30353867132663, 'c20': 2.59882784140541, 'c21': 47.55791547391873}. Best is trial 50 with value: 19.71726289491796.[0m
[32m[I 2025-10-20 05:23:04,607][0m Trial 51 finished with value: 59.57506100065508 and parameters: {'c0': 133.6564070360547, 'c1': 87.31299615432246, 'c2': 1.0374486774653298, 'c3': 13.538569225268311, 'c4': 35.57785685757867, 'c5': 28.37295224071184, 'c6': 1.8458590784975701, 'c7': 0.14346414130462312, 'c8': 36.652664455408285, 'c9': 11.188216840238344, 'c10': -32.604982789908036, 'c11': 28.723286667711722, 'c12': 2.263379298041742, 'c13': 4.1606772486075645, 'c14': 9.46167046495288, 'c15': 18.25930728077751, 'c16': 15.519612851982854, 'c17': 0.986874766602921, 'c18': 0.01691721434201223, 'c19': 31.61770304984963, 'c20': 2.479413481545651, 'c21': 46.76949125021485}. Best is trial 50 with value: 19.71726289491796.[0m
[32m[I 2025-10-20 05:29:12,258][0m Trial 52 finished with value: 38.20073716559964 and parameters: {'c0': 184.71472013156955, 'c1': 42.89141843753528, 'c2': 1.349131976287757, 'c3': 14.629004363807546, 'c4': 24.491925551130553, 'c5': 29.512278109668628, 'c6': 1.82544613364361, 'c7': 0.13859971645794503, 'c8': 31.81631726898099, 'c9': 8.44096139468624, 'c10': -22.0421716246655, 'c11': 25.00395668329896, 'c12': 3.7875049652546195, 'c13': 3.521834608301783, 'c14': 7.225385629689574, 'c15': 29.77870893490607, 'c16': 12.85340667879968, 'c17': 0.9224286266103644, 'c18': 0.006649623351754717, 'c19': 30.221137450335306, 'c20': 2.4867534130813764, 'c21': 37.24386090498496}. Best is trial 50 with value: 19.71726289491796.[0m
[32m[I 2025-10-20 05:36:06,509][0m Trial 53 finished with value: 85.88872393583463 and parameters: {'c0': 217.7155980109373, 'c1': 64.76470682100674, 'c2': 1.8244604057168043, 'c3': 13.14681974849668, 'c4': 20.110797652174263, 'c5': 30.551827206141994, 'c6': 2.8446968073790257, 'c7': 0.11908603760027686, 'c8': 30.63303555855371, 'c9': 9.105989950245933, 'c10': -33.06313537490556, 'c11': 27.111205217802897, 'c12': 2.5280056237821587, 'c13': 4.142144251413378, 'c14': 6.607109913362299, 'c15': 33.89769229386429, 'c16': 15.04193581460505, 'c17': 0.9453457001120372, 'c18': 0.0069070002561503, 'c19': 32.47051362185734, 'c20': 2.19235934569103, 'c21': 20.811663149370293}. Best is trial 50 with value: 19.71726289491796.[0m
[32m[I 2025-10-20 05:41:19,334][0m Trial 54 finished with value: 126.94179693673121 and parameters: {'c0': 143.92279198952474, 'c1': 47.96980773977063, 'c2': 1.6737696474801034, 'c3': 14.595606211753768, 'c4': 30.864521023420856, 'c5': 32.03947253929575, 'c6': 1.4961112449565626, 'c7': 0.14746422979580057, 'c8': 33.14264198214538, 'c9': 11.650737114947102, 'c10': -16.219378090991782, 'c11': 23.67481794125021, 'c12': 2.2152164435738952, 'c13': 3.008024431843175, 'c14': 9.180396859743892, 'c15': 18.821854015709512, 'c16': 10.196443215011836, 'c17': 1.2353807977593934, 'c18': 0.00687210174659089, 'c19': 25.615419868716856, 'c20': 2.5022796398806633, 'c21': 30.7631745369693}. Best is trial 50 with value: 19.71726289491796.[0m
[32m[I 2025-10-20 05:47:35,344][0m Trial 55 finished with value: 89.43826358780149 and parameters: {'c0': 152.96896404294978, 'c1': 64.23806053415754, 'c2': 1.0278581538622182, 'c3': 11.838733562059872, 'c4': 24.590341150043873, 'c5': 26.67197690565645, 'c6': 1.1881653814616118, 'c7': 0.0797368198832365, 'c8': 31.436053183015847, 'c9': 10.54760291344063, 'c10': -24.764903501135, 'c11': 16.72201834417126, 'c12': 3.031504478050309, 'c13': 4.203304980512763, 'c14': 9.964724906609513, 'c15': 39.6047779276028, 'c16': 14.672214756772895, 'c17': 1.1127486622238274, 'c18': 0.00652457245434537, 'c19': 22.81671286589794, 'c20': 2.06704801183893, 'c21': 48.00232124043069}. Best is trial 50 with value: 19.71726289491796.[0m
[32m[I 2025-10-20 06:04:31,415][0m Trial 56 finished with value: 77.9464273424208 and parameters: {'c0': 128.66387018359634, 'c1': 46.41816072862788, 'c2': 1.657222817554852, 'c3': 12.108937034089019, 'c4': 24.2222398372667, 'c5': 41.43634604734265, 'c6': 1.9430730852750637, 'c7': 0.08464385867739627, 'c8': 36.34118111978664, 'c9': 14.156588308367452, 'c10': -29.48178962408018, 'c11': 24.737000773610326, 'c12': 4.681769008338292, 'c13': 3.308933173209138, 'c14': 9.927056225429387, 'c15': 15.956800045863918, 'c16': 12.874864615224993, 'c17': 2.111916103460974, 'c18': 0.006451545950849414, 'c19': 23.056437356596472, 'c20': 1.9658699701851061, 'c21': 43.874951554586644}. Best is trial 50 with value: 19.71726289491796.[0m
[32m[I 2025-10-20 06:13:12,696][0m Trial 57 finished with value: 121.33014057329991 and parameters: {'c0': 128.7535741458026, 'c1': 32.86533631003843, 'c2': 1.4898624216081062, 'c3': 12.748728886865134, 'c4': 18.92738983752361, 'c5': 47.609024651253485, 'c6': 1.1580266760817406, 'c7': 0.18594164559681386, 'c8': 27.686974908441407, 'c9': 15.664593007660699, 'c10': -31.836085851921933, 'c11': 21.730036609625596, 'c12': 3.1042766736185046, 'c13': 4.186193416370311, 'c14': 9.855942786913236, 'c15': 18.32875889230558, 'c16': 15.386944111167052, 'c17': 1.654172597573718, 'c18': 0.014246725095044595, 'c19': 26.864229636580674, 'c20': 2.3673899031684815, 'c21': 48.80965454385566}. Best is trial 50 with value: 19.71726289491796.[0m
[32m[I 2025-10-20 06:19:32,421][0m Trial 58 finished with value: 128.917800714202 and parameters: {'c0': 196.9253241257527, 'c1': 52.59453001159109, 'c2': 1.0434468212600743, 'c3': 13.212707949717467, 'c4': 24.865958741488004, 'c5': 28.770008911996285, 'c6': 1.8188146670823413, 'c7': 0.26504782439724883, 'c8': 25.119242128258257, 'c9': 6.787627237800615, 'c10': -23.663895596974264, 'c11': 27.887715332047573, 'c12': 4.2688800544993235, 'c13': 3.758230032899109, 'c14': 7.782615473424886, 'c15': 21.73941266855602, 'c16': 15.557810875678914, 'c17': 1.0791795791169851, 'c18': 0.005854151687451562, 'c19': 24.832536632570104, 'c20': 2.2285643258372128, 'c21': 37.079592431439266}. Best is trial 50 with value: 19.71726289491796.[0m
