[32m[I 2025-10-20 09:52:01,358][0m Trial 8 finished with value: 44.23013930242507 and parameters: {'c0': 113.63670364993857, 'c1': 95.6674868135456, 'c2': 2.2269287105634437, 'c3': 13.800288095788686, 'c4': 15.822385889581488, 'c5': 39.97251015619106, 'c6': 2.708729841019904, 'c7': 0.08403771464712952, 'c8': 46.241682664368085, 'c9': 13.922248286723505, 'c10': -33.70025644050123, 'c11': 27.71482654661158, 'c12': 4.369038444705113, 'c13': 5.456130451827887, 'c14': 21.948265359027957, 'c15': 17.044328864361393, 'c16': 11.567883535905603, 'c17': 2.7656710797044393, 'c18': 0.009654821816218745, 'c19': 39.06224278290432, 'c20': 2.379444052085774, 'c21': 57.101858967021}. Best is trial 4 with value: 14.012319625478815.[0m
[32m[I 2025-10-20 09:58:11,809][0m Trial 9 finished with value: 21.33362643448991 and parameters: {'c0': 122.68429237337878, 'c1': 100.60115941299027, 'c2': 2.2207990662129284, 'c3': 11.610577078227013, 'c4': 18.800954066355303, 'c5': 47.73335915790818, 'c6': 2.299420475426595, 'c7': 0.09543492048878713, 'c8': 42.596601069163945, 'c9': 11.533711627453062, 'c10': -39.753653065545784, 'c11': 18.571339725587855, 'c12': 4.756224318652722, 'c13': 3.6637008131574342, 'c14': 22.86145126490269, 'c15': 11.730783119165118, 'c16': 9.512979653917506, 'c17': 2.557881729992018, 'c18': 0.009943883450707855, 'c19': 35.54632681020898, 'c20': 2.010497428961408, 'c21': 71.14864931790427}. Best is trial 4 with value: 14.012319625478815.[0m
[32m[I 2025-10-20 10:04:18,589][0m Trial 10 finished with value: 29.69225316072179 and parameters: {'c0': 156.09872071581177, 'c1': 111.46692475181376, 'c2': 2.37262823069974, 'c3': 12.590621108880427, 'c4': 15.856494159493602, 'c5': 43.07951940656764, 'c6': 2.9680235661696845, 'c7': 0.10045480424215152, 'c8': 48.33287237886383, 'c9': 15.191297155578459, 'c10': -39.92919780339004, 'c11': 25.606448428858897, 'c12': 4.057634883764324, 'c13': 3.8746449122524558, 'c14': 20.408654397317026, 'c15': 12.749856182956856, 'c16': 12.898137127473053, 'c17': 1.8905120413033791, 'c18': 0.008680066446995219, 'c19': 34.59767142947282, 'c20': 2.2078023719789064, 'c21': 73.56331206749452}. Best is trial 4 with value: 14.012319625478815.[0m
[32m[I 2025-10-20 10:10:51,911][0m Trial 11 finished with value: 54.84249423850328 and parameters: {'c0': 140.54227472801605, 'c1': 81.40375042394507, 'c2': 2.2386697218885265, 'c3': 12.340051495451332, 'c4': 22.36069885944581, 'c5': 38.278433135732165, 'c6': 3.1645166254080888, 'c7': 0.08064557523592289, 'c8': 42.49293678805938, 'c9': 16.85009770703286, 'c10': -42.88252497112626, 'c11': 21.773572385569356, 'c12': 4.619405617207196, 'c13': 4.317640691691815, 'c14': 14.18513771406868, 'c15': 15.932600811704189, 'c16': 11.892884420299472, 'c17': 1.9604045801397543, 'c18': 0.008232060588939919, 'c19': 36.868528147257855, 'c20': 2.551333758291858, 'c21': 68.1826411290528}. Best is trial 4 with value: 14.012319625478815.[0m
[32m[I 2025-10-20 10:16:39,579][0m Trial 12 finished with value: 22.837465077260404 and parameters: {'c0': 152.33564741788487, 'c1': 103.01879006276957, 'c2': 2.378728016112877, 'c3': 13.943758805658536, 'c4': 22.680576295214173, 'c5': 41.197708155966055, 'c6': 3.3682416121782697, 'c7': 0.10521849415311098, 'c8': 48.28921891917204, 'c9': 11.833665683162282, 'c10': -43.8057723532694, 'c11': 17.140198838903785, 'c12': 3.498179826335539, 'c13': 4.08795912564855, 'c14': 14.10785399641593, 'c15': 13.427958480617717, 'c16': 12.50492841312694, 'c17': 1.7582677189680862, 'c18': 0.009029012365852998, 'c19': 38.12119672812117, 'c20': 2.074910644364062, 'c21': 59.84569367838234}. Best is trial 4 with value: 14.012319625478815.[0m
[32m[I 2025-10-20 10:22:19,826][0m Trial 13 finished with value: 21.02252540434144 and parameters: {'c0': 113.07932964806139, 'c1': 96.51939845780336, 'c2': 2.2545559412018563, 'c3': 12.80943806838139, 'c4': 20.61747612790577, 'c5': 52.413089040537265, 'c6': 2.536587193083742, 'c7': 0.0687301078584852, 'c8': 45.74824325454828, 'c9': 13.192556128526828, 'c10': -40.55610617571861, 'c11': 23.764521296419638, 'c12': 3.845123831797347, 'c13': 3.8944317422730856, 'c14': 20.937130091297877, 'c15': 16.77845888811152, 'c16': 12.382221701929526, 'c17': 2.3557272065489685, 'c18': 0.009551384445625151, 'c19': 40.605454662597566, 'c20': 2.832881328834765, 'c21': 68.66987175464867}. Best is trial 4 with value: 14.012319625478815.[0m
[32m[I 2025-10-20 10:27:41,442][0m Trial 14 finished with value: 30.645517595002364 and parameters: {'c0': 108.55208543503991, 'c1': 99.93097821388469, 'c2': 2.1638852975027403, 'c3': 13.719026289707905, 'c4': 22.27955666953727, 'c5': 35.02656289517386, 'c6': 3.343295231742041, 'c7': 0.09810207535748888, 'c8': 49.68926624289081, 'c9': 15.015337293329944, 'c10': -38.53594829975661, 'c11': 30.02440437401691, 'c12': 3.3581602067889174, 'c13': 4.491620057034443, 'c14': 16.79772606158201, 'c15': 13.432121097795477, 'c16': 11.132294787803684, 'c17': 2.1697675389486357, 'c18': 0.008410032921283304, 'c19': 41.72385543131189, 'c20': 2.8137854658197594, 'c21': 67.29110714424128}. Best is trial 4 with value: 14.012319625478815.[0m
[32m[I 2025-10-20 10:33:40,359][0m Trial 15 finished with value: 15.656168628436925 and parameters: {'c0': 137.9874186152367, 'c1': 102.43855991156092, 'c2': 2.479887548598533, 'c3': 12.511620046994581, 'c4': 18.57685171990962, 'c5': 38.4443595453038, 'c6': 3.8012218313595616, 'c7': 0.07014370440951313, 'c8': 47.54390858046373, 'c9': 11.08667771131092, 'c10': -40.84247315771056, 'c11': 28.293826066681603, 'c12': 4.043265478484619, 'c13': 3.876467855054137, 'c14': 16.175274657501745, 'c15': 12.630604949958872, 'c16': 12.340276025688102, 'c17': 1.8190012420012625, 'c18': 0.008876793696608053, 'c19': 40.474428192100675, 'c20': 2.1702965484242296, 'c21': 60.279463677586435}. Best is trial 4 with value: 14.012319625478815.[0m
[32m[I 2025-10-20 10:39:35,386][0m Trial 16 finished with value: 17.6033963812389 and parameters: {'c0': 106.88906674888058, 'c1': 96.9741429699703, 'c2': 2.2068141549731126, 'c3': 12.915260287612425, 'c4': 21.407616351565718, 'c5': 38.531000535533046, 'c6': 3.5808060448643477, 'c7': 0.09683114256260736, 'c8': 36.880293979430235, 'c9': 13.42572262086187, 'c10': -44.17685469556331, 'c11': 17.044820639080463, 'c12': 5.47619852366985, 'c13': 4.957592530031444, 'c14': 16.372083798152566, 'c15': 11.670272420370992, 'c16': 11.900513361442174, 'c17': 1.8615495364339765, 'c18': 0.009229499934186024, 'c19': 41.58988660007554, 'c20': 2.8605158102309627, 'c21': 58.649595882983604}. Best is trial 4 with value: 14.012319625478815.[0m
[32m[I 2025-10-20 10:45:36,757][0m Trial 17 finished with value: 33.75125621008698 and parameters: {'c0': 126.8520920782946, 'c1': 96.16163877837768, 'c2': 2.460668678653502, 'c3': 12.802827433717516, 'c4': 19.492391858875635, 'c5': 49.69883684331732, 'c6': 2.977235957442616, 'c7': 0.10236059971962223, 'c8': 48.2022625408394, 'c9': 11.164699309332622, 'c10': -39.68936471549092, 'c11': 25.648210082488415, 'c12': 4.850616144069763, 'c13': 4.842667837766082, 'c14': 21.163327695871764, 'c15': 12.07697908228053, 'c16': 10.504875629574816, 'c17': 1.9530039489738955, 'c18': 0.00870545546940019, 'c19': 41.94064150472967, 'c20': 2.071726090025379, 'c21': 66.05621038297771}. Best is trial 4 with value: 14.012319625478815.[0m
[32m[I 2025-10-20 10:51:54,134][0m Trial 18 finished with value: 61.07765656224736 and parameters: {'c0': 142.75481426200585, 'c1': 97.159231447407, 'c2': 2.48036275123622, 'c3': 11.79107096925965, 'c4': 22.969595496176133, 'c5': 39.51650583490068, 'c6': 2.9283775020287637, 'c7': 0.09252320429298513, 'c8': 49.401765451013574, 'c9': 16.52733159707971, 'c10': -40.83963419805936, 'c11': 24.49634493969559, 'c12': 3.9823582026577466, 'c13': 4.098656354928847, 'c14': 19.086333867232938, 'c15': 13.511464486473223, 'c16': 11.2891609367978, 'c17': 2.00214582699215, 'c18': 0.008693887808458232, 'c19': 38.10171714235905, 'c20': 2.015036058576223, 'c21': 48.51354631029793}. Best is trial 4 with value: 14.012319625478815.[0m
[32m[I 2025-10-20 10:57:40,242][0m Trial 19 finished with value: 24.609390878121143 and parameters: {'c0': 148.5661385766745, 'c1': 104.93342150075297, 'c2': 2.4189198019831393, 'c3': 13.78629244228656, 'c4': 16.238908453939047, 'c5': 54.83494315149453, 'c6': 2.760099563619759, 'c7': 0.09512112842483508, 'c8': 47.05208119804882, 'c9': 13.375749868185945, 'c10': -41.30559895073358, 'c11': 26.04210516590915, 'c12': 5.104547730206514, 'c13': 4.550297092990765, 'c14': 20.892392673223597, 'c15': 14.526044004331824, 'c16': 10.190212267794884, 'c17': 2.8820033069681887, 'c18': 0.008826140427302632, 'c19': 40.090033605699986, 'c20': 2.6293430780295597, 'c21': 69.06678582238716}. Best is trial 4 with value: 14.012319625478815.[0m
[32m[I 2025-10-20 11:03:12,559][0m Trial 20 finished with value: 22.298480455615714 and parameters: {'c0': 144.21561942532935, 'c1': 102.85562154745386, 'c2': 2.1658315884894663, 'c3': 13.518594720310475, 'c4': 15.976936186629423, 'c5': 46.04698237125059, 'c6': 2.347364326687637, 'c7': 0.07716708474441523, 'c8': 44.332144411636094, 'c9': 11.50251697744481, 'c10': -41.91726308028501, 'c11': 20.49071118916259, 'c12': 3.436718602817222, 'c13': 4.397060522272059, 'c14': 22.512677438368645, 'c15': 11.151155430748371, 'c16': 12.16161929716083, 'c17': 2.734207621939543, 'c18': 0.008379942322045633, 'c19': 37.73131816467799, 'c20': 2.506324768382522, 'c21': 64.2979813400091}. Best is trial 4 with value: 14.012319625478815.[0m
[32m[I 2025-10-20 11:08:56,377][0m Trial 21 finished with value: 17.01042747489303 and parameters: {'c0': 132.02477454721418, 'c1': 93.71288843392188, 'c2': 3.051073260636992, 'c3': 12.157819244797087, 'c4': 18.52340879072028, 'c5': 42.67914940414812, 'c6': 3.763183089960339, 'c7': 0.07233283409701444, 'c8': 48.87161064224278, 'c9': 10.064268828381863, 'c10': -34.23117959641196, 'c11': 29.647888707687976, 'c12': 4.173325576669576, 'c13': 4.0201935346377295, 'c14': 14.638670693825244, 'c15': 13.0421300888329, 'c16': 12.820077732289732, 'c17': 1.9588521708066808, 'c18': 0.012175468900155197, 'c19': 40.436694483302766, 'c20': 2.440218557609763, 'c21': 61.53535028144169}. Best is trial 4 with value: 14.012319625478815.[0m
[32m[I 2025-10-20 11:14:27,582][0m Trial 22 finished with value: 27.94164233247284 and parameters: {'c0': 149.78857959892323, 'c1': 97.86828215304672, 'c2': 2.1105449703125108, 'c3': 13.199739101001882, 'c4': 22.09515440570228, 'c5': 36.91874389835665, 'c6': 3.6611549552272757, 'c7': 0.0980180799202174, 'c8': 39.13280576808787, 'c9': 12.642489270662438, 'c10': -41.81711432979198, 'c11': 25.533130623489903, 'c12': 3.586375452312317, 'c13': 3.4466380703296995, 'c14': 18.400234974271388, 'c15': 15.38144570938942, 'c16': 11.378475331168584, 'c17': 1.6629081185241605, 'c18': 0.009610973813016812, 'c19': 34.33959865739586, 'c20': 2.7695098978485455, 'c21': 59.428678151166444}. Best is trial 4 with value: 14.012319625478815.[0m
[32m[I 2025-10-20 11:20:40,379][0m Trial 23 finished with value: 12.248809564351882 and parameters: {'c0': 136.54582042230425, 'c1': 94.31787057421599, 'c2': 2.6613548267090277, 'c3': 12.003820135708144, 'c4': 19.183584303704162, 'c5': 40.83928740166022, 'c6': 3.7863144086440226, 'c7': 0.07737307810116473, 'c8': 49.46858957398736, 'c9': 11.88716164724028, 'c10': -44.465966683620316, 'c11': 28.923503526978372, 'c12': 3.8240753844572475, 'c13': 4.18249021694484, 'c14': 17.46741989412439, 'c15': 11.055082567439277, 'c16': 12.515767020985574, 'c17': 1.6295082040538338, 'c18': 0.008331206213024248, 'c19': 40.490931609622585, 'c20': 2.0621998456387884, 'c21': 55.88706687103337}. Best is trial 23 with value: 12.248809564351882.[0m
[32m[I 2025-10-20 11:26:23,701][0m Trial 24 finished with value: 20.83993085728793 and parameters: {'c0': 156.8646030697006, 'c1': 109.87453712035483, 'c2': 2.6289400389968174, 'c3': 13.622562962217724, 'c4': 21.524298254680772, 'c5': 39.16018356022884, 'c6': 3.7949551372278405, 'c7': 0.07802788316532952, 'c8': 43.235422715114744, 'c9': 15.089689366602817, 'c10': -44.28698360587725, 'c11': 22.896821037209584, 'c12': 3.9807141510512327, 'c13': 4.489342705599235, 'c14': 15.583188625402004, 'c15': 11.485854561481455, 'c16': 12.095758697819841, 'c17': 1.7867286354423375, 'c18': 0.011283537189407299, 'c19': 38.53011609260035, 'c20': 2.544282937614198, 'c21': 65.53825463808842}. Best is trial 23 with value: 12.248809564351882.[0m
[32m[I 2025-10-20 11:32:11,223][0m Trial 25 finished with value: 24.747260392038953 and parameters: {'c0': 141.74863809235495, 'c1': 71.7925269969751, 'c2': 2.7555173973299762, 'c3': 12.405992708676806, 'c4': 18.964373699042294, 'c5': 52.41487723501031, 'c6': 3.7702001827689866, 'c7': 0.08202065923276097, 'c8': 48.235943614587065, 'c9': 14.385614145549416, 'c10': -43.71342973839599, 'c11': 29.136036482329256, 'c12': 3.692269759526063, 'c13': 3.302498197240432, 'c14': 17.595579067813304, 'c15': 11.632187099291267, 'c16': 12.379567337300188, 'c17': 1.644365791418623, 'c18': 0.008864666582596818, 'c19': 39.05243145700108, 'c20': 2.220270168725775, 'c21': 61.57057528035619}. Best is trial 23 with value: 12.248809564351882.[0m
[32m[I 2025-10-20 11:38:42,775][0m Trial 26 finished with value: 58.598885072711404 and parameters: {'c0': 141.88252957953762, 'c1': 90.13486592478534, 'c2': 2.3280951338321363, 'c3': 12.896803790656799, 'c4': 15.512249848576145, 'c5': 43.705282491689694, 'c6': 2.271797100843908, 'c7': 0.07921068612275511, 'c8': 47.452103629225206, 'c9': 15.639813783241658, 'c10': -39.83574362472093, 'c11': 22.94367172786626, 'c12': 3.9099842381250314, 'c13': 5.022269653684798, 'c14': 23.313346650768445, 'c15': 15.911081851426058, 'c16': 12.74582133681328, 'c17': 2.213599353324994, 'c18': 0.008625366785733774, 'c19': 37.379399553624154, 'c20': 2.2486897468261766, 'c21': 68.63255146237}. Best is trial 23 with value: 12.248809564351882.[0m
[32m[I 2025-10-20 11:44:41,037][0m Trial 27 finished with value: 17.179142131570615 and parameters: {'c0': 141.43504232657975, 'c1': 110.39046138455417, 'c2': 2.117234295884377, 'c3': 13.540437904278917, 'c4': 16.71558766521272, 'c5': 46.3319256107659, 'c6': 2.8521136924659984, 'c7': 0.08056768265414341, 'c8': 40.155989210597696, 'c9': 13.901188734140039, 'c10': -43.11653784738216, 'c11': 23.54599133067932, 'c12': 4.658595202386809, 'c13': 4.493727619137633, 'c14': 22.702197429224068, 'c15': 12.999999868241337, 'c16': 12.860974395884423, 'c17': 1.924689670087738, 'c18': 0.008473821746997134, 'c19': 39.971260186243654, 'c20': 2.905842260445573, 'c21': 70.99377767225292}. Best is trial 23 with value: 12.248809564351882.[0m
[32m[I 2025-10-20 11:50:12,903][0m Trial 28 finished with value: 30.817191642227876 and parameters: {'c0': 146.49250636046722, 'c1': 109.8598440971798, 'c2': 2.2651778746070272, 'c3': 12.461575188604808, 'c4': 22.27041225003356, 'c5': 43.89431497114114, 'c6': 3.409580205371779, 'c7': 0.0715318171794873, 'c8': 47.72964161592737, 'c9': 12.497455186130495, 'c10': -38.76971153454175, 'c11': 21.62548084064432, 'c12': 3.408896047721456, 'c13': 4.366540657322241, 'c14': 18.949221674894726, 'c15': 16.592070091933, 'c16': 12.718286863172223, 'c17': 1.774184208544328, 'c18': 0.008552795363370431, 'c19': 40.64463952755953, 'c20': 2.446314659640483, 'c21': 54.348525933217374}. Best is trial 23 with value: 12.248809564351882.[0m
[32m[I 2025-10-20 11:56:33,417][0m Trial 29 finished with value: 53.07168329539308 and parameters: {'c0': 130.74221102429064, 'c1': 72.97876427323237, 'c2': 2.6984594311945513, 'c3': 11.057258105494716, 'c4': 20.367940248122636, 'c5': 39.24579593373259, 'c6': 3.648447886870608, 'c7': 0.08358430016481537, 'c8': 48.97419824827651, 'c9': 13.232417429422386, 'c10': -40.737556115094264, 'c11': 26.17144796828164, 'c12': 3.609604701936836, 'c13': 4.780609888095983, 'c14': 18.128675571232275, 'c15': 11.452288032771778, 'c16': 12.664342963367421, 'c17': 1.7640894317423665, 'c18': 0.01070076197280401, 'c19': 37.911664173074215, 'c20': 1.7686325803881262, 'c21': 57.21754432233371}. Best is trial 23 with value: 12.248809564351882.[0m
[32m[I 2025-10-20 12:02:33,904][0m Trial 30 finished with value: 38.28932945826354 and parameters: {'c0': 153.3229806086272, 'c1': 102.17781684365052, 'c2': 2.1977192884556827, 'c3': 13.25404379019042, 'c4': 21.667451165233267, 'c5': 36.03205655819453, 'c6': 3.4512787567038785, 'c7': 0.0808556197629163, 'c8': 41.47501273772032, 'c9': 12.80536015915313, 'c10': -43.28837407652939, 'c11': 18.73151722350573, 'c12': 4.0762320866111885, 'c13': 3.9220997324990625, 'c14': 16.622325585162773, 'c15': 14.722668729508207, 'c16': 12.878369939336968, 'c17': 2.4176407742650814, 'c18': 0.009858229747680075, 'c19': 41.361573692264486, 'c20': 2.259865304062006, 'c21': 64.7067391131928}. Best is trial 23 with value: 12.248809564351882.[0m
[32m[I 2025-10-20 12:08:50,395][0m Trial 31 finished with value: 29.653464483107673 and parameters: {'c0': 140.24934362874555, 'c1': 107.55548855096409, 'c2': 2.925959541596227, 'c3': 12.26195786250027, 'c4': 18.776678437848783, 'c5': 40.352962227387046, 'c6': 3.3728111425798275, 'c7': 0.07430704198837641, 'c8': 44.050571330818386, 'c9': 13.376499262303586, 'c10': -43.647351990491835, 'c11': 29.044683736109075, 'c12': 4.610872065417308, 'c13': 4.338177281170112, 'c14': 14.456648751950048, 'c15': 10.882006442055332, 'c16': 11.94259178609557, 'c17': 1.9370949425961432, 'c18': 0.008282631346295427, 'c19': 39.78282067139894, 'c20': 2.2914381579571947, 'c21': 49.696485300385596}. Best is trial 23 with value: 12.248809564351882.[0m
[32m[I 2025-10-20 12:08:50,460][0m A new study created in memory with name: no-name-b4b17eae-890f-4955-80d5-c0c5156537e9[0m
[32m[I 2025-10-20 12:14:35,723][0m Trial 0 finished with value: 27.31128837778965 and parameters: {'c0': 132.01370104435017, 'c1': 102.63008539693885, 'c2': 2.1292056181561, 'c3': 11.054714437781925, 'c4': 16.472989044385447, 'c5': 34.17984688533952, 'c6': 3.311147415753761, 'c7': 0.07259330132981058, 'c8': 47.42588259479973, 'c9': 12.071729963926613, 'c10': -45.903204295779055, 'c11': 31.06638227617471, 'c12': 3.371996633763879, 'c13': 4.815079208369397, 'c14': 14.16529215141057, 'c15': 11.80889552747449, 'c16': 12.101769490054616, 'c17': 1.6677624268325795, 'c18': 0.007132801984440225, 'c19': 35.601270826218155, 'c20': 2.310278006878547, 'c21': 66.35497326917954}. Best is trial 0 with value: 27.31128837778965.[0m
[32m[I 2025-10-20 12:20:57,823][0m Trial 1 finished with value: 27.054766124600405 and parameters: {'c0': 126.3553609566195, 'c1': 101.57365440349321, 'c2': 3.0620368615826203, 'c3': 13.89853510092898, 'c4': 15.999448562304998, 'c5': 33.30941772807107, 'c6': 3.2862640727645727, 'c7': 0.08907629788165031, 'c8': 41.5209033227052, 'c9': 11.512039081520424, 'c10': -36.321766446640005, 'c11': 29.307206021734494, 'c12': 4.117576403776729, 'c13': 3.873848589546287, 'c14': 18.77049589990757, 'c15': 12.534808340243398, 'c16': 10.10417034417049, 'c17': 1.7925530894139339, 'c18': 0.009960327229505683, 'c19': 44.51031502536311, 'c20': 1.8810924993692475, 'c21': 62.35385614046375}. Best is trial 1 with value: 27.054766124600405.[0m
[32m[I 2025-10-20 12:27:18,681][0m Trial 2 finished with value: 37.059092972631746 and parameters: {'c0': 114.87468824066832, 'c1': 92.3520419125281, 'c2': 3.096321872440393, 'c3': 11.012852679117225, 'c4': 17.55509243028262, 'c5': 34.79553961219452, 'c6': 3.0583832835695812, 'c7': 0.08290790036413337, 'c8': 43.76244942427913, 'c9': 10.772367743729147, 'c10': -44.61584973109578, 'c11': 23.756175526343668, 'c12': 3.9374479087440157, 'c13': 3.5914685051917963, 'c14': 18.091394818908345, 'c15': 11.93842063286634, 'c16': 10.52493116456234, 'c17': 1.5734896148789073, 'c18': 0.008979041333773962, 'c19': 39.10094707831297, 'c20': 1.6909654826421285, 'c21': 56.689524806165345}. Best is trial 1 with value: 27.054766124600405.[0m
[32m[I 2025-10-20 12:33:17,556][0m Trial 3 finished with value: 16.97674554012452 and parameters: {'c0': 145.49201010723075, 'c1': 94.87959431184821, 'c2': 3.1346445866232973, 'c3': 12.419416590918086, 'c4': 22.279062163784495, 'c5': 34.91717750256274, 'c6': 3.2399891430667602, 'c7': 0.08688660217674059, 'c8': 47.44387655195742, 'c9': 10.29596614586367, 'c10': -36.86213376647957, 'c11': 27.16224564994743, 'c12': 4.207725140348018, 'c13': 4.560583962055842, 'c14': 20.145567271351357, 'c15': 11.601965151558158, 'c16': 13.772061836971652, 'c17': 1.531019647496537, 'c18': 0.007564494941995928, 'c19': 46.90285232409021, 'c20': 2.0028837107797948, 'c21': 66.27848559075981}. Best is trial 3 with value: 16.97674554012452.[0m
[32m[I 2025-10-20 12:39:17,896][0m Trial 4 finished with value: 13.813117942268727 and parameters: {'c0': 145.47272178657232, 'c1': 98.90910304946397, 'c2': 2.2512357609531777, 'c3': 14.162055421489132, 'c4': 18.799238379712065, 'c5': 42.11983779816478, 'c6': 3.6471852297123952, 'c7': 0.06923426530270259, 'c8': 57.450435952085726, 'c9': 12.237497634503939, 'c10': -53.30810727388893, 'c11': 30.278800055889004, 'c12': 3.5589061988958495, 'c13': 4.227758316137458, 'c14': 20.16398497551685, 'c15': 10.423924732222162, 'c16': 14.561019328503729, 'c17': 1.7099147323481432, 'c18': 0.006717688985099797, 'c19': 47.44625707448024, 'c20': 2.219666883173317, 'c21': 67.00463303090329}. Best is trial 4 with value: 13.813117942268727.[0m
