[32m[I 2025-10-20 06:24:52,075][0m Trial 59 finished with value: 61.397072614755054 and parameters: {'c0': 262.2884592891539, 'c1': 38.320134305496005, 'c2': 2.7070237629991043, 'c3': 12.017357918410031, 'c4': 28.901069216498197, 'c5': 32.76050755844982, 'c6': 1.2560729139887732, 'c7': 0.16759465028913811, 'c8': 30.43484954665557, 'c9': 9.449930966580327, 'c10': -21.96805491420542, 'c11': 25.01946621497362, 'c12': 3.4803800236651687, 'c13': 3.363287881509135, 'c14': 12.180686241587981, 'c15': 43.43319336323398, 'c16': 12.628979860384064, 'c17': 1.0271001771620258, 'c18': 0.006718725381482261, 'c19': 22.295456760561535, 'c20': 2.530661817024696, 'c21': 52.20952418007117}. Best is trial 50 with value: 19.71726289491796.[0m
[32m[I 2025-10-20 06:30:42,415][0m Trial 60 finished with value: 41.46236614774645 and parameters: {'c0': 167.07403800556858, 'c1': 38.962043384609, 'c2': 1.5895137941668653, 'c3': 13.034891560548603, 'c4': 26.01033662463659, 'c5': 35.29623404428134, 'c6': 2.4273127167806967, 'c7': 0.14565279208067677, 'c8': 35.62551524615767, 'c9': 5.534231373236262, 'c10': -29.3352503097545, 'c11': 24.95884201227864, 'c12': 5.07328785979805, 'c13': 4.3064319173424215, 'c14': 10.856304143878269, 'c15': 26.627153858614395, 'c16': 8.613058857879171, 'c17': 1.4988249146527173, 'c18': 0.010277184764990647, 'c19': 36.96834859867764, 'c20': 2.4183601662341627, 'c21': 43.100561081677476}. Best is trial 50 with value: 19.71726289491796.[0m
[32m[I 2025-10-20 06:36:25,433][0m Trial 61 finished with value: 35.215163272650415 and parameters: {'c0': 183.91312993441295, 'c1': 38.890078595351135, 'c2': 1.5494822080869697, 'c3': 9.532313537489653, 'c4': 27.361682359977856, 'c5': 35.82568750029268, 'c6': 3.0373497316285887, 'c7': 0.1264554025847017, 'c8': 32.95427484130238, 'c9': 5.663264537515492, 'c10': -35.656835200195495, 'c11': 23.497407277950757, 'c12': 4.215710749973236, 'c13': 4.400445364014038, 'c14': 13.005866621445028, 'c15': 29.417477816693257, 'c16': 15.25353077652452, 'c17': 1.2118413546045828, 'c18': 0.011384964416806748, 'c19': 35.44245037306421, 'c20': 2.4271749047394304, 'c21': 50.321280997970455}. Best is trial 50 with value: 19.71726289491796.[0m
[32m[I 2025-10-20 06:41:37,976][0m Trial 62 finished with value: 59.23537881080563 and parameters: {'c0': 205.3728849747672, 'c1': 47.791439855634025, 'c2': 0.8414985955981272, 'c3': 9.972481169805965, 'c4': 31.29743449827282, 'c5': 34.437074668084065, 'c6': 3.369244713218003, 'c7': 0.1589930079835081, 'c8': 27.435371370155238, 'c9': 3.9820473495375253, 'c10': -34.31420621241095, 'c11': 20.697819171166397, 'c12': 3.6627490405992726, 'c13': 3.4722672825999186, 'c14': 17.769610810103227, 'c15': 16.815627717614955, 'c16': 14.284056107050729, 'c17': 0.977180254337868, 'c18': 0.012146866403213183, 'c19': 32.43328640038234, 'c20': 2.463141873290758, 'c21': 33.58117676186516}. Best is trial 50 with value: 19.71726289491796.[0m
[32m[I 2025-10-20 06:47:41,119][0m Trial 63 finished with value: 52.32062887354082 and parameters: {'c0': 129.19441175481018, 'c1': 45.64405059653109, 'c2': 1.1108086953674174, 'c3': 10.678287371323844, 'c4': 19.33349426740237, 'c5': 31.586166848209476, 'c6': 2.639512329659243, 'c7': 0.17624533778733215, 'c8': 27.769846097088468, 'c9': 5.463790719926935, 'c10': -35.448534593139705, 'c11': 24.199291559372067, 'c12': 5.219937887887938, 'c13': 4.89504059850715, 'c14': 16.118056002986634, 'c15': 28.06119912258119, 'c16': 6.038024160751542, 'c17': 1.1346839035615655, 'c18': 0.014048491248772187, 'c19': 36.70130479585128, 'c20': 2.057658299126957, 'c21': 38.13934392798783}. Best is trial 50 with value: 19.71726289491796.[0m
[32m[I 2025-10-20 06:53:38,946][0m Trial 64 finished with value: 55.490890941660666 and parameters: {'c0': 195.03559654309956, 'c1': 50.2362797752284, 'c2': 2.4185003787227, 'c3': 11.743358162736028, 'c4': 37.31201312453986, 'c5': 34.93957251992711, 'c6': 2.6155566011517295, 'c7': 0.1403940484814766, 'c8': 30.795573855347513, 'c9': 5.4943029079554915, 'c10': -35.2041636700186, 'c11': 22.199092038512624, 'c12': 4.196811033090242, 'c13': 5.880528254990025, 'c14': 9.534886425719435, 'c15': 28.710683906884523, 'c16': 18.285480020310494, 'c17': 1.551132189965248, 'c18': 0.009795053864453082, 'c19': 35.27337950909853, 'c20': 2.2637289920313783, 'c21': 64.85309636829314}. Best is trial 50 with value: 19.71726289491796.[0m
[32m[I 2025-10-20 07:00:19,828][0m Trial 65 finished with value: 139.85634720847597 and parameters: {'c0': 63.408877423862805, 'c1': 73.8974522777926, 'c2': 1.1624343594511923, 'c3': 13.680546922593138, 'c4': 23.25278679016977, 'c5': 21.345978172664537, 'c6': 1.1357558837987216, 'c7': 0.07803905080564949, 'c8': 38.71685035611925, 'c9': 14.300954073272036, 'c10': -24.986549193234268, 'c11': 23.161223196969743, 'c12': 4.792111790843722, 'c13': 4.19591462753513, 'c14': 16.739009932948996, 'c15': 17.45781357957162, 'c16': 12.353719515088981, 'c17': 1.3553511690447688, 'c18': 0.017126440811287814, 'c19': 35.87107402608391, 'c20': 2.4761593262468855, 'c21': 59.399418940806605}. Best is trial 50 with value: 19.71726289491796.[0m
[32m[I 2025-10-20 07:11:02,127][0m Trial 66 finished with value: 114.71610860300352 and parameters: {'c0': 244.52046883088713, 'c1': 41.25794389517175, 'c2': 1.5763246193536355, 'c3': 8.089916612416703, 'c4': 19.09342274325988, 'c5': 35.076088327304895, 'c6': 2.9311333745332333, 'c7': 0.0836820819111325, 'c8': 23.527167241311744, 'c9': 9.75226098837099, 'c10': -34.04727658958274, 'c11': 21.704412684588718, 'c12': 5.123792412317176, 'c13': 5.316288788356908, 'c14': 19.657804625289984, 'c15': 22.377799243975925, 'c16': 17.52120982984126, 'c17': 0.8993123835343679, 'c18': 0.009206332505905381, 'c19': 30.9231933174116, 'c20': 1.8725847388202557, 'c21': 50.523394902272756}. Best is trial 50 with value: 19.71726289491796.[0m
[32m[I 2025-10-20 07:18:01,727][0m Trial 67 finished with value: 69.78562717517335 and parameters: {'c0': 193.9819092796974, 'c1': 40.610878096235886, 'c2': 1.5088291901281738, 'c3': 12.791588186336853, 'c4': 13.973531349607134, 'c5': 27.98063221674821, 'c6': 1.4098406232692167, 'c7': 0.13302072747499752, 'c8': 26.97519563376192, 'c9': 6.926880508530445, 'c10': -24.02375453127478, 'c11': 15.239746879464414, 'c12': 4.406880988672681, 'c13': 2.0260268053092294, 'c14': 9.175781421694378, 'c15': 24.377553717248396, 'c16': 13.038234697149552, 'c17': 1.4158475665819374, 'c18': 0.00676252424289003, 'c19': 32.25720589494691, 'c20': 2.5113445103201064, 'c21': 18.974648789314156}. Best is trial 50 with value: 19.71726289491796.[0m
[32m[I 2025-10-20 07:25:01,901][0m Trial 68 finished with value: 84.16931460996814 and parameters: {'c0': 265.4892650056465, 'c1': 33.28056436856447, 'c2': 1.3846730861108276, 'c3': 8.241213791399238, 'c4': 26.95004305396577, 'c5': 25.117999126146756, 'c6': 4.820024629663528, 'c7': 0.059248257564247744, 'c8': 35.65281907847544, 'c9': 6.323517160254623, 'c10': -36.020453253697475, 'c11': 26.29445639925341, 'c12': 3.4243505660791422, 'c13': 5.168381852261445, 'c14': 9.493240828014368, 'c15': 35.2284688118051, 'c16': 15.273095670969253, 'c17': 2.1439396237948896, 'c18': 0.01179593177669858, 'c19': 34.46041153529697, 'c20': 2.368582202620204, 'c21': 41.765575654510485}. Best is trial 50 with value: 19.71726289491796.[0m
[32m[I 2025-10-20 07:31:01,267][0m Trial 69 finished with value: 34.34283954600875 and parameters: {'c0': 130.6200629061168, 'c1': 70.36164867279506, 'c2': 3.0597652292338893, 'c3': 13.941419547554034, 'c4': 19.955267008091987, 'c5': 38.57408586007877, 'c6': 1.8849343433721706, 'c7': 0.07208261422835405, 'c8': 35.88521175217891, 'c9': 10.831941083013758, 'c10': -35.460060101651855, 'c11': 26.733634454129373, 'c12': 4.595533519277026, 'c13': 3.724290369995418, 'c14': 18.991050259590267, 'c15': 14.30054235319842, 'c16': 10.214410772308739, 'c17': 2.781029800173247, 'c18': 0.013999188258819002, 'c19': 31.040262819034062, 'c20': 2.3931910591977723, 'c21': 57.29906340551672}. Best is trial 50 with value: 19.71726289491796.[0m
[32m[I 2025-10-20 07:36:11,598][0m Trial 70 finished with value: 99.05736368213188 and parameters: {'c0': 209.16133418821386, 'c1': 68.66093016683574, 'c2': 1.4830187254114626, 'c3': 7.755669676016385, 'c4': 35.26892451572771, 'c5': 39.008008473834415, 'c6': 1.8436579405297477, 'c7': 0.19528892430567563, 'c8': 37.95402074710656, 'c9': 4.495152581533802, 'c10': -37.28240195397986, 'c11': 28.833767571492256, 'c12': 4.978466918455204, 'c13': 4.3785948561537005, 'c14': 12.285869724416619, 'c15': 39.612117106948304, 'c16': 12.94604316504049, 'c17': 1.0307683212139467, 'c18': 0.00789705572098554, 'c19': 35.8209121165149, 'c20': 2.1391757514595167, 'c21': 36.406321427854856}. Best is trial 50 with value: 19.71726289491796.[0m
[32m[I 2025-10-20 07:54:05,969][0m Trial 71 finished with value: 69.94259211608453 and parameters: {'c0': 137.30115791032728, 'c1': 37.19983381737201, 'c2': 2.620491754564298, 'c3': 12.412475469594416, 'c4': 31.21280834702452, 'c5': 19.896616101267348, 'c6': 3.045671724673128, 'c7': 0.0736521943572586, 'c8': 32.462409867386974, 'c9': 9.790821900499422, 'c10': -36.294943652381924, 'c11': 26.844334212925865, 'c12': 4.550875138396898, 'c13': 4.20570322370955, 'c14': 15.583509609688704, 'c15': 12.745208788230626, 'c16': 9.06286391802448, 'c17': 3.271146705613379, 'c18': 0.01513106101648443, 'c19': 27.873819153277083, 'c20': 2.106820393967921, 'c21': 60.42794666033113}. Best is trial 50 with value: 19.71726289491796.[0m
[32m[I 2025-10-20 08:11:01,937][0m Trial 72 finished with value: 181.87980641644458 and parameters: {'c0': 129.41932347288937, 'c1': 33.65448853194432, 'c2': 3.240343241926774, 'c3': 11.962467357830247, 'c4': 15.746726761634914, 'c5': 36.38131872658261, 'c6': 1.4883776627315175, 'c7': 0.09396750786838107, 'c8': 38.48381803267988, 'c9': 11.482620979531402, 'c10': -29.687483223210585, 'c11': 19.138536260833167, 'c12': 3.8776415826068544, 'c13': 4.127338706909716, 'c14': 25.487537423630194, 'c15': 21.33030554200836, 'c16': 11.36082044342572, 'c17': 2.7379689871076036, 'c18': 0.01863232475143204, 'c19': 29.958167683670034, 'c20': 2.104492832021619, 'c21': 49.542435194455365}. Best is trial 50 with value: 19.71726289491796.[0m
[32m[I 2025-10-20 08:16:35,021][0m Trial 73 finished with value: 209.33708190929457 and parameters: {'c0': 198.280437917511, 'c1': 56.47184658863691, 'c2': 0.8504083411929328, 'c3': 11.748777411610094, 'c4': 31.189229942577157, 'c5': 35.23066733709665, 'c6': 1.358271546015933, 'c7': 0.11998145084024484, 'c8': 35.47990295722553, 'c9': 4.433196089330968, 'c10': -9.458900556657747, 'c11': 30.65888354183066, 'c12': 3.288186006827725, 'c13': 3.5043390432729633, 'c14': 7.314786147962121, 'c15': 28.763561401975426, 'c16': 14.695278769007968, 'c17': 1.3550645784725255, 'c18': 0.005707911089508813, 'c19': 36.53967116814649, 'c20': 2.1957920202414596, 'c21': 52.6097561369746}. Best is trial 50 with value: 19.71726289491796.[0m
[32m[I 2025-10-20 08:23:24,858][0m Trial 74 finished with value: 117.1295221033777 and parameters: {'c0': 191.45587156188404, 'c1': 40.346759893013804, 'c2': 2.013830569979695, 'c3': 10.133832150433307, 'c4': 13.615195797073106, 'c5': 53.11783070381706, 'c6': 2.9986264900027395, 'c7': 0.13535976248872922, 'c8': 33.58842449961981, 'c9': 5.616011514582176, 'c10': -28.242577093922662, 'c11': 24.45702730562708, 'c12': 5.664496829402168, 'c13': 3.044044772941498, 'c14': 8.990160378153082, 'c15': 19.479739908037743, 'c16': 8.559689189568559, 'c17': 1.4935127430867703, 'c18': 0.01129162667885374, 'c19': 35.39474514047456, 'c20': 1.8598680654715718, 'c21': 59.77147965293969}. Best is trial 50 with value: 19.71726289491796.[0m
[32m[I 2025-10-20 08:29:30,614][0m Trial 75 finished with value: 18.338511466012985 and parameters: {'c0': 125.24151201801153, 'c1': 91.68267044561884, 'c2': 2.9507473983866883, 'c3': 10.837779260240874, 'c4': 18.30686744091589, 'c5': 45.202200258889526, 'c6': 2.9799512595904294, 'c7': 0.09592749976202532, 'c8': 38.62543651258331, 'c9': 13.154463617142637, 'c10': -35.1750301017377, 'c11': 23.481198307658236, 'c12': 4.710204216411938, 'c13': 4.389932397336379, 'c14': 18.716893401930122, 'c15': 14.687207742148264, 'c16': 10.096003401668318, 'c17': 2.2557704751893186, 'c18': 0.011549449323255209, 'c19': 32.72248639314078, 'c20': 2.264800548303471, 'c21': 57.281378613933555}. Best is trial 75 with value: 18.338511466012985.[0m
[32m[I 2025-10-20 08:35:43,024][0m Trial 76 finished with value: 35.43003656801552 and parameters: {'c0': 138.62396298009648, 'c1': 112.31149314283977, 'c2': 2.7510247413638136, 'c3': 13.17513352875847, 'c4': 23.0967535820297, 'c5': 26.905108505818788, 'c6': 3.5882084249945008, 'c7': 0.07131760969742681, 'c8': 30.61383766342205, 'c9': 10.390500939640614, 'c10': -34.2568002309891, 'c11': 23.340947695027165, 'c12': 4.675714045579822, 'c13': 5.235563790438695, 'c14': 16.764105958072665, 'c15': 13.303547900957469, 'c16': 10.086177801432632, 'c17': 2.46258463422832, 'c18': 0.012269574116746607, 'c19': 34.55039231896873, 'c20': 2.550833857720522, 'c21': 54.961315964779125}. Best is trial 75 with value: 18.338511466012985.[0m
[32m[I 2025-10-20 08:42:09,331][0m Trial 77 finished with value: 62.430635428704264 and parameters: {'c0': 118.09048357256127, 'c1': 115.28627011740312, 'c2': 2.8011911448408893, 'c3': 13.39539566776537, 'c4': 22.646067641250433, 'c5': 34.97160146702555, 'c6': 4.115458375306079, 'c7': 0.06797021491724459, 'c8': 31.210934327704248, 'c9': 11.228948954284458, 'c10': -32.70001658405917, 'c11': 20.557934840011143, 'c12': 5.211933251127102, 'c13': 5.37776920192415, 'c14': 8.991884074339048, 'c15': 23.47688749151378, 'c16': 9.851692492171383, 'c17': 2.1316317218629783, 'c18': 0.01360009641190605, 'c19': 26.96395862481674, 'c20': 2.1216101089531207, 'c21': 43.165502597991235}. Best is trial 75 with value: 18.338511466012985.[0m
[32m[I 2025-10-20 08:48:06,631][0m Trial 78 finished with value: 30.802119454441197 and parameters: {'c0': 148.55580473012677, 'c1': 88.32569059229394, 'c2': 3.3022521536271485, 'c3': 9.693595513016643, 'c4': 13.297241513448196, 'c5': 49.62902857196656, 'c6': 3.185091695306604, 'c7': 0.1503759353872045, 'c8': 36.332403525075684, 'c9': 10.19855005852894, 'c10': -27.31564252377624, 'c11': 21.98981281861251, 'c12': 4.962479067096312, 'c13': 2.7394335594123165, 'c14': 15.654472394862164, 'c15': 20.018461775206184, 'c16': 12.337037857697656, 'c17': 2.3010776279688443, 'c18': 0.01699840638443406, 'c19': 32.50259197450904, 'c20': 2.5886831495400164, 'c21': 52.470521064915786}. Best is trial 75 with value: 18.338511466012985.[0m
[32m[I 2025-10-20 08:55:19,850][0m Trial 79 finished with value: 69.52981481876112 and parameters: {'c0': 136.21404446823757, 'c1': 81.64194213677999, 'c2': 3.2212295834573004, 'c3': 14.39956943847271, 'c4': 15.97556824979919, 'c5': 42.45613464128578, 'c6': 2.7776998292232156, 'c7': 0.08649003673402882, 'c8': 34.4323359460637, 'c9': 16.00837796976058, 'c10': -34.42162800552749, 'c11': 26.45316146406197, 'c12': 5.37975337764111, 'c13': 3.5418084595712567, 'c14': 17.76039458213096, 'c15': 13.560590397543722, 'c16': 8.346577748769555, 'c17': 2.39618173803664, 'c18': 0.00878344735788833, 'c19': 25.032159573296187, 'c20': 2.2850165794727335, 'c21': 54.32023664014716}. Best is trial 75 with value: 18.338511466012985.[0m
[32m[I 2025-10-20 08:55:19,906][0m A new study created in memory with name: no-name-ef7c6715-40ad-42c9-8ad2-044b92ff4dce[0m
[32m[I 2025-10-20 09:01:06,314][0m Trial 0 finished with value: 25.71014094794872 and parameters: {'c0': 119.27111441567479, 'c1': 103.28758771041552, 'c2': 2.1033352320051333, 'c3': 9.607036116792347, 'c4': 14.591677871550736, 'c5': 34.615729897920744, 'c6': 2.4428319395140856, 'c7': 0.08741625877162795, 'c8': 36.33466397766014, 'c9': 13.447812304623326, 'c10': -36.807959229767505, 'c11': 25.979811211524165, 'c12': 3.910444714797341, 'c13': 5.34355503244252, 'c14': 13.634937419948123, 'c15': 16.12558520423198, 'c16': 9.61635633654043, 'c17': 2.3318293264542937, 'c18': 0.009163348730628667, 'c19': 27.047049742077732, 'c20': 2.6561094865778827, 'c21': 72.69107201057662}. Best is trial 0 with value: 25.71014094794872.[0m
[32m[I 2025-10-20 09:07:45,187][0m Trial 1 finished with value: 58.16747505838802 and parameters: {'c0': 111.81708744160075, 'c1': 101.81267464135124, 'c2': 3.5888068481521382, 'c3': 13.294731586341156, 'c4': 13.942634952417317, 'c5': 33.23201418604339, 'c6': 2.4147043034039197, 'c7': 0.11676715999726225, 'c8': 29.712586277027615, 'c9': 12.558252337363133, 'c10': -25.921931185478922, 'c11': 23.928598332042608, 'c12': 5.229428419217999, 'c13': 3.924657715017855, 'c14': 20.722320029406582, 'c15': 17.51072539773014, 'c16': 7.301988505720977, 'c17': 2.579944011712165, 'c18': 0.014793134993056033, 'c19': 37.38779079008221, 'c20': 1.9791287945776843, 'c21': 66.80107014654713}. Best is trial 0 with value: 25.71014094794872.[0m
[32m[I 2025-10-20 09:15:25,418][0m Trial 2 finished with value: 79.71968377583815 and parameters: {'c0': 96.69299755333509, 'c1': 88.9381216746595, 'c2': 3.6434034441038747, 'c3': 9.552752307768916, 'c4': 16.074827817467174, 'c5': 35.59449272166552, 'c6': 2.157112390703152, 'c7': 0.10578323327691844, 'c8': 32.226344881451524, 'c9': 11.38263552509677, 'c10': -35.345320937400516, 'c11': 17.4560545958473, 'c12': 4.910768284909539, 'c13': 3.4989720900795986, 'c14': 19.677187293833445, 'c15': 16.372736689079034, 'c16': 7.789471346905865, 'c17': 2.144391672206638, 'c18': 0.01283933109158944, 'c19': 31.109129249802766, 'c20': 1.6792297600114494, 'c21': 58.462668384185704}. Best is trial 0 with value: 25.71014094794872.[0m
[32m[I 2025-10-20 09:21:53,913][0m Trial 3 finished with value: 17.60742455790214 and parameters: {'c0': 137.0267950149142, 'c1': 92.4669087791944, 'c2': 3.7044298136359566, 'c3': 11.37669972906616, 'c4': 22.549583876884913, 'c5': 35.787859704672286, 'c6': 2.362396043049628, 'c7': 0.1128680181059884, 'c8': 36.35484311410574, 'c9': 10.625453653600143, 'c10': -26.53587388287054, 'c11': 21.42755824041903, 'c12': 5.388907953526704, 'c13': 4.959905568570271, 'c14': 22.838547118797706, 'c15': 15.730733955024672, 'c16': 11.551514790994913, 'c17': 2.0599508785445377, 'c18': 0.010022877424943639, 'c19': 40.16481244367368, 'c20': 2.171237561387496, 'c21': 72.57847531471032}. Best is trial 3 with value: 17.60742455790214.[0m
[32m[I 2025-10-20 09:28:03,596][0m Trial 4 finished with value: 14.012319625478815 and parameters: {'c0': 137.00138550254073, 'c1': 98.09261943695722, 'c2': 2.29766010557344, 'c3': 13.636448877046934, 'c4': 17.780076152937934, 'c5': 47.237883104182394, 'c6': 2.822682402307251, 'c7': 0.08143489886932366, 'c8': 47.576595267714936, 'c9': 13.711279672498986, 'c10': -45.22109959076075, 'c11': 25.061484358360275, 'c12': 4.241101044978043, 'c13': 4.458173679785978, 'c14': 22.866891861688025, 'c15': 13.48287290933849, 'c16': 12.465580979923775, 'c17': 2.415638529799692, 'c18': 0.008336831809119214, 'c19': 40.79554315759002, 'c20': 2.513182989397516, 'c21': 73.64742921893608}. Best is trial 4 with value: 14.012319625478815.[0m
[32m[I 2025-10-20 09:34:04,398][0m Trial 5 finished with value: 18.141644620883373 and parameters: {'c0': 142.2419010089051, 'c1': 77.2078968619047, 'c2': 2.578955975296378, 'c3': 11.997198761465162, 'c4': 14.97939820544871, 'c5': 56.407582772457424, 'c6': 2.9159484278029275, 'c7': 0.0841412386864879, 'c8': 44.123600053564026, 'c9': 13.485486139458043, 'c10': -42.948555891111084, 'c11': 26.366656141310944, 'c12': 4.518211081219492, 'c13': 3.82587574895269, 'c14': 21.964641272243597, 'c15': 13.243371521811687, 'c16': 12.534360266547903, 'c17': 2.245761160226259, 'c18': 0.008804901625942059, 'c19': 40.394441368329424, 'c20': 2.6944481243870824, 'c21': 58.37173914040042}. Best is trial 4 with value: 14.012319625478815.[0m
[32m[I 2025-10-20 09:40:19,129][0m Trial 6 finished with value: 42.236345138421626 and parameters: {'c0': 135.98716646324047, 'c1': 107.47508042191014, 'c2': 2.857450581644593, 'c3': 12.990277519527861, 'c4': 20.830518847008875, 'c5': 47.89839960743103, 'c6': 3.1241664798229545, 'c7': 0.08397308193186714, 'c8': 46.658438229704736, 'c9': 15.83078990150226, 'c10': -43.47332193427003, 'c11': 22.062818869985083, 'c12': 4.942969490230327, 'c13': 5.230369576512222, 'c14': 23.56085711450868, 'c15': 16.119604461389006, 'c16': 11.506588631030779, 'c17': 2.5436717944849123, 'c18': 0.008647648463890694, 'c19': 35.558848240260254, 'c20': 2.287033548375685, 'c21': 73.47230351531435}. Best is trial 4 with value: 14.012319625478815.[0m
[32m[I 2025-10-20 09:46:00,079][0m Trial 7 finished with value: 15.615650156573855 and parameters: {'c0': 142.71500100710722, 'c1': 100.16063596750351, 'c2': 2.155178491507076, 'c3': 13.797135960498096, 'c4': 22.16819948403828, 'c5': 38.054921943401396, 'c6': 3.6932551321539684, 'c7': 0.08343788766274232, 'c8': 45.707266633745355, 'c9': 13.418389320584737, 'c10': -43.560891003912744, 'c11': 22.905294249802935, 'c12': 3.811940328312803, 'c13': 3.960769031027408, 'c14': 17.10322268734246, 'c15': 14.522654479227699, 'c16': 12.931459056190397, 'c17': 1.7523068569157507, 'c18': 0.008274173932762469, 'c19': 41.67633910106035, 'c20': 2.542814508613434, 'c21': 61.84884970733729}. Best is trial 4 with value: 14.012319625478815.[0m
