[32m[I 2025-10-21 06:27:24,467][0m Trial 19 finished with value: 44.73606764989211 and parameters: {'c0': 164.15179368273022, 'c1': 93.51071516434459, 'c2': 2.577959802439984, 'c3': 24.119481473124207, 'c4': 23.350269563711958, 'c5': 39.17638095187333, 'c6': 2.970577605532619, 'c7': 0.08452372017026573, 'c8': 46.98344083601446, 'c9': 12.097983556416173, 'c10': -43.59417436347324, 'c11': 30.544085998041673, 'c12': 3.7819045153692143, 'c13': 3.560639818663726, 'c14': 30.06738893894165, 'c15': 10.92729345410036, 'c16': 30.620901847481782, 'c17': 1.240393310138616, 'c18': 0.0044076998424870525, 'c19': 75.57356110526864, 'c20': 1.6882627522843472, 'c21': 132.09739954581184}. Best is trial 6 with value: 13.376546012114238.[0m
[32m[I 2025-10-21 06:33:27,530][0m Trial 20 finished with value: 15.742789979401529 and parameters: {'c0': 118.35005413953971, 'c1': 88.06670088406067, 'c2': 2.5126165753718674, 'c3': 24.175100733760836, 'c4': 23.45946055636597, 'c5': 44.83689219759671, 'c6': 3.7163039175425814, 'c7': 0.07179146797698058, 'c8': 52.40327118011334, 'c9': 9.912498487886706, 'c10': -42.737251365476936, 'c11': 32.66775484201872, 'c12': 3.9668259304149096, 'c13': 3.932313352042602, 'c14': 30.92647439070237, 'c15': 11.413534607856498, 'c16': 27.595035326303424, 'c17': 1.0330120486514769, 'c18': 0.004846823600481129, 'c19': 87.36438155267034, 'c20': 1.863993947059063, 'c21': 128.77063921456332}. Best is trial 6 with value: 13.376546012114238.[0m
[32m[I 2025-10-21 06:39:14,990][0m Trial 21 finished with value: 18.18469089845184 and parameters: {'c0': 119.17336798528845, 'c1': 84.11512831529967, 'c2': 2.5629846882854324, 'c3': 23.850651840612763, 'c4': 23.345154157555555, 'c5': 46.913733322428435, 'c6': 3.96807403695352, 'c7': 0.06802460182493086, 'c8': 58.361579645627174, 'c9': 9.28072936042151, 'c10': -41.65509434388152, 'c11': 37.053010255754955, 'c12': 3.8143651457017507, 'c13': 3.992365727088547, 'c14': 28.53028148647316, 'c15': 11.423692410099838, 'c16': 30.054132515212203, 'c17': 1.1058556157822452, 'c18': 0.005486120161847292, 'c19': 91.8159673391218, 'c20': 2.0138910157300525, 'c21': 128.53101619223972}. Best is trial 6 with value: 13.376546012114238.[0m
[32m[I 2025-10-21 06:45:27,221][0m Trial 22 finished with value: 12.76385475586967 and parameters: {'c0': 130.3799094336258, 'c1': 90.21671476335372, 'c2': 2.2622694662628775, 'c3': 23.50222542344701, 'c4': 24.984602424802915, 'c5': 50.401862481270236, 'c6': 3.487941273063072, 'c7': 0.07858960545638596, 'c8': 55.24252970748245, 'c9': 10.627161582222973, 'c10': -41.75520089639639, 'c11': 31.30647715237075, 'c12': 3.9491013459742246, 'c13': 3.473040084864966, 'c14': 31.517122745354545, 'c15': 12.064729382962403, 'c16': 27.647011190135558, 'c17': 1.0881425196492651, 'c18': 0.005130836082921125, 'c19': 82.07672026450622, 'c20': 1.7252870091995074, 'c21': 132.1642223664}. Best is trial 22 with value: 12.76385475586967.[0m
[32m[I 2025-10-21 06:51:24,083][0m Trial 23 finished with value: 18.36589228070546 and parameters: {'c0': 124.6973146937802, 'c1': 87.31638801635773, 'c2': 1.893381198593888, 'c3': 21.942496863810323, 'c4': 23.32955481599073, 'c5': 49.979409141464735, 'c6': 3.3140231392329262, 'c7': 0.07593755547965468, 'c8': 57.484423284085096, 'c9': 10.089865059761301, 'c10': -44.51174453030765, 'c11': 31.077290082797514, 'c12': 3.865709571606725, 'c13': 3.483081352016619, 'c14': 31.720580478112947, 'c15': 12.023551137109148, 'c16': 25.404597865092114, 'c17': 1.0784930636919787, 'c18': 0.005110363655136247, 'c19': 82.65667058985943, 'c20': 1.9698991967553234, 'c21': 135.11556071296405}. Best is trial 22 with value: 12.76385475586967.[0m
[32m[I 2025-10-21 06:58:21,296][0m Trial 24 finished with value: 12.612994972375535 and parameters: {'c0': 120.92920364925939, 'c1': 99.9001783244128, 'c2': 2.1868493684345336, 'c3': 23.767283849469887, 'c4': 25.364035119919222, 'c5': 46.19423564351532, 'c6': 3.6425517130918803, 'c7': 0.0848135070898982, 'c8': 53.607156884686724, 'c9': 11.098212454539187, 'c10': -46.8472197518531, 'c11': 30.421399534446333, 'c12': 3.662923231531926, 'c13': 3.354629564749174, 'c14': 30.91996621991248, 'c15': 10.015465367045865, 'c16': 27.956227331425513, 'c17': 1.060010500399833, 'c18': 0.005322741984909149, 'c19': 82.79342464693048, 'c20': 1.5196864418570768, 'c21': 132.8809951572911}. Best is trial 24 with value: 12.612994972375535.[0m
[32m[I 2025-10-21 07:04:43,752][0m Trial 25 finished with value: 18.168288885723577 and parameters: {'c0': 127.92060828086542, 'c1': 83.1672353114433, 'c2': 2.2232392392441804, 'c3': 24.499412778617447, 'c4': 24.70881402700372, 'c5': 50.32458095819244, 'c6': 3.9309163879701834, 'c7': 0.08197588318122298, 'c8': 56.78368915630198, 'c9': 12.493114359870962, 'c10': -49.73490187809022, 'c11': 34.00445076541972, 'c12': 3.4665539239481866, 'c13': 3.1013241908189886, 'c14': 30.75210352365007, 'c15': 9.88520345092632, 'c16': 28.706278508427257, 'c17': 1.0221194071684818, 'c18': 0.005073755419136477, 'c19': 83.50457518906376, 'c20': 1.661596678347799, 'c21': 134.36056912665333}. Best is trial 24 with value: 12.612994972375535.[0m
[32m[I 2025-10-21 07:11:02,986][0m Trial 26 finished with value: 12.091918681566021 and parameters: {'c0': 153.98300802754326, 'c1': 80.29438712203518, 'c2': 2.455262541390854, 'c3': 24.648817095134476, 'c4': 25.055247634569717, 'c5': 40.32728997720894, 'c6': 3.63575389643633, 'c7': 0.08179325338606835, 'c8': 52.24893275102252, 'c9': 11.075814758880725, 'c10': -45.62423154082162, 'c11': 31.557287673246172, 'c12': 3.758412129787146, 'c13': 4.147034762138301, 'c14': 33.031621532403875, 'c15': 12.275429921255352, 'c16': 28.471720794622634, 'c17': 1.0869718386957814, 'c18': 0.003834394679506444, 'c19': 87.62146479524979, 'c20': 1.7410713236131241, 'c21': 137.16401477491587}. Best is trial 26 with value: 12.091918681566021.[0m
[32m[I 2025-10-21 07:17:30,399][0m Trial 27 finished with value: 21.104513809902116 and parameters: {'c0': 117.6093486457172, 'c1': 101.09407214674738, 'c2': 1.9047857382676343, 'c3': 24.749134548098056, 'c4': 25.664841045676653, 'c5': 48.8807577599208, 'c6': 3.11055654208877, 'c7': 0.06922772792356192, 'c8': 61.41052475138193, 'c9': 11.452575743791298, 'c10': -47.499253793882446, 'c11': 33.57348696448845, 'c12': 3.392275049810519, 'c13': 3.5895591964610647, 'c14': 27.413438984552613, 'c15': 10.220347112364472, 'c16': 28.178937070356668, 'c17': 1.077491497602108, 'c18': 0.005446054689010619, 'c19': 83.22811152103792, 'c20': 1.527476048753231, 'c21': 123.14975025712462}. Best is trial 26 with value: 12.091918681566021.[0m
[32m[I 2025-10-21 07:24:17,361][0m Trial 28 finished with value: 52.20301467388192 and parameters: {'c0': 131.02547669361192, 'c1': 81.55744585827576, 'c2': 2.2200855598023566, 'c3': 24.081477210525417, 'c4': 23.493033290854065, 'c5': 48.85871648884923, 'c6': 3.294363958835669, 'c7': 0.07858960988267134, 'c8': 58.31775541700886, 'c9': 11.962068172450504, 'c10': -41.44538914260552, 'c11': 36.691638456453056, 'c12': 3.9322828362645184, 'c13': 3.3030729972850024, 'c14': 32.047910572125076, 'c15': 12.269164089354987, 'c16': 27.4815090523556, 'c17': 1.1682007966329488, 'c18': 0.004857036820170705, 'c19': 88.58187634314301, 'c20': 1.5676657714861615, 'c21': 135.28903796510855}. Best is trial 26 with value: 12.091918681566021.[0m
[32m[I 2025-10-21 07:30:40,267][0m Trial 29 finished with value: 17.45264254034137 and parameters: {'c0': 118.91066548173016, 'c1': 103.44359717388964, 'c2': 1.9288561603117431, 'c3': 26.69160760943784, 'c4': 26.634377128039123, 'c5': 45.00611726760388, 'c6': 3.9226479170271453, 'c7': 0.08231550489299197, 'c8': 48.39914822059062, 'c9': 10.600014984737548, 'c10': -47.41626873924815, 'c11': 33.221727856870636, 'c12': 3.5243561312693075, 'c13': 3.490128484257758, 'c14': 30.769526428672883, 'c15': 9.557678306464453, 'c16': 28.94193635988513, 'c17': 1.292798127731317, 'c18': 0.005185092582702978, 'c19': 87.46625889842839, 'c20': 1.5689750037742454, 'c21': 117.87554926601688}. Best is trial 26 with value: 12.091918681566021.[0m
[32m[I 2025-10-21 07:36:54,402][0m Trial 30 finished with value: 9.422873742296987 and parameters: {'c0': 139.68224631771307, 'c1': 105.41739687286461, 'c2': 2.3251429100091676, 'c3': 25.343258774140867, 'c4': 25.878361488904236, 'c5': 45.1484368690706, 'c6': 3.7178894609263358, 'c7': 0.07869935359517975, 'c8': 56.05926899457089, 'c9': 10.191347860206665, 'c10': -43.67265566099199, 'c11': 32.43576606573313, 'c12': 3.38363491557711, 'c13': 3.432501706071416, 'c14': 31.561062232474942, 'c15': 12.138129501853188, 'c16': 30.783879858982015, 'c17': 1.1073566448893342, 'c18': 0.0053387196484312276, 'c19': 79.8825390370778, 'c20': 1.5898507339767707, 'c21': 134.34825280944233}. Best is trial 30 with value: 9.422873742296987.[0m
[32m[I 2025-10-21 07:42:43,189][0m Trial 31 finished with value: 14.616895501871342 and parameters: {'c0': 145.48501126531417, 'c1': 111.2217358927397, 'c2': 2.47534415162157, 'c3': 25.12771879698028, 'c4': 25.896104838406032, 'c5': 48.03520739861656, 'c6': 3.644619045166735, 'c7': 0.067202536372361, 'c8': 52.9334779441175, 'c9': 8.957462487098788, 'c10': -48.08301642709038, 'c11': 33.69271278584243, 'c12': 3.384115897043278, 'c13': 3.2322577389675926, 'c14': 28.525951127179567, 'c15': 10.986079065720652, 'c16': 29.82161678837395, 'c17': 1.2147750014501457, 'c18': 0.00544597463274454, 'c19': 78.74071999045715, 'c20': 1.6556244429264213, 'c21': 124.06888033445087}. Best is trial 30 with value: 9.422873742296987.[0m
[32m[I 2025-10-21 07:42:43,245][0m A new study created in memory with name: no-name-408da3e5-943b-4bf4-b43a-f83b3e25b6e2[0m
[32m[I 2025-10-21 07:48:34,016][0m Trial 0 finished with value: 42.67958448068641 and parameters: {'c0': 135.04602520647902, 'c1': 114.70781069926655, 'c2': 1.8602207031255875, 'c3': 23.339444068936878, 'c4': 22.221809988399954, 'c5': 37.786326781855585, 'c6': 3.25130951948945, 'c7': 0.07383764521461109, 'c8': 53.744413022134154, 'c9': 10.349585795816795, 'c10': -45.084251720185655, 'c11': 34.83886062000563, 'c12': 2.9836246407656293, 'c13': 3.9516572042743237, 'c14': 25.59460239930694, 'c15': 12.965792187614756, 'c16': 29.76560824744396, 'c17': 1.1333528734960614, 'c18': 0.004570770321729575, 'c19': 70.23597120371268, 'c20': 1.7811063232761022, 'c21': 159.5123026317213}. Best is trial 0 with value: 42.67958448068641.[0m
[32m[I 2025-10-21 07:55:08,629][0m Trial 1 finished with value: 26.73192220394994 and parameters: {'c0': 129.25771435639692, 'c1': 113.5270566743204, 'c2': 2.675206337555365, 'c3': 29.343506289012197, 'c4': 21.583011128869746, 'c5': 36.82405446134649, 'c6': 3.226875859558592, 'c7': 0.09060318182988289, 'c8': 47.05271584070124, 'c9': 9.869740005370112, 'c10': -35.67375494857748, 'c11': 32.866062635688394, 'c12': 3.643331756482305, 'c13': 3.179204541545337, 'c14': 33.91552918646405, 'c15': 13.762821397907167, 'c16': 24.85229754022215, 'c17': 1.2181562326235742, 'c18': 0.006382676568710662, 'c19': 87.8121800665416, 'c20': 1.4502262218306048, 'c21': 149.89392174998082}. Best is trial 1 with value: 26.73192220394994.[0m
[32m[I 2025-10-21 08:02:49,292][0m Trial 2 finished with value: 28.780377340520584 and parameters: {'c0': 117.51333324503928, 'c1': 103.22022534056056, 'c2': 2.7051600848405837, 'c3': 23.251062756105956, 'c4': 23.681550886935128, 'c5': 38.46698420703946, 'c6': 3.0031132521635415, 'c7': 0.0843290499320673, 'c8': 49.59290218832134, 'c9': 9.235589639676599, 'c10': -43.81986466621592, 'c11': 26.640954864622405, 'c12': 3.4839496826978076, 'c13': 2.947459798334581, 'c14': 32.6884932756386, 'c15': 13.108006639057937, 'c16': 25.887204192174945, 'c17': 1.0692883756987537, 'c18': 0.005753858825118924, 'c19': 77.14030789619471, 'c20': 1.3036480045294627, 'c21': 136.27730057619732}. Best is trial 1 with value: 26.73192220394994.[0m
[32m[I 2025-10-21 08:08:56,728][0m Trial 3 finished with value: 27.54591956495852 and parameters: {'c0': 148.83392790935824, 'c1': 106.04522544683871, 'c2': 2.738641447896886, 'c3': 26.220693490000166, 'c4': 30.054113724558704, 'c5': 38.6014566957527, 'c6': 3.1814371941810333, 'c7': 0.08837595188407127, 'c8': 53.764804306649566, 'c9': 8.82715114535087, 'c10': -36.20448165148979, 'c11': 30.460633681528027, 'c12': 3.7230975513454387, 'c13': 3.742797094185067, 'c14': 36.40008119192825, 'c15': 12.73858920786158, 'c16': 33.87387255522924, 'c17': 1.0404272748634813, 'c18': 0.004847403454515207, 'c19': 92.53229754879317, 'c20': 1.5441210241517636, 'c21': 159.32843207754007}. Best is trial 1 with value: 26.73192220394994.[0m
[32m[I 2025-10-21 08:14:55,109][0m Trial 4 finished with value: 19.110963096404785 and parameters: {'c0': 148.81419654043805, 'c1': 110.54893528687025, 'c2': 1.966834642193192, 'c3': 29.899867813984887, 'c4': 25.359884722498602, 'c5': 46.56410429160988, 'c6': 3.581274575782004, 'c7': 0.07042103092804129, 'c8': 65.10453341461105, 'c9': 10.491705171742156, 'c10': -52.35704487156389, 'c11': 33.95564007133005, 'c12': 3.149006770314216, 'c13': 3.4696524989363353, 'c14': 36.43335927826669, 'c15': 11.44513824708509, 'c16': 35.81439866061649, 'c17': 1.1619981024638824, 'c18': 0.004304761790763987, 'c19': 93.60435367248209, 'c20': 1.7112497757480445, 'c21': 161.0740352255895}. Best is trial 4 with value: 19.110963096404785.[0m
[32m[I 2025-10-21 08:20:52,864][0m Trial 5 finished with value: 13.005456624823712 and parameters: {'c0': 152.8836388527635, 'c1': 93.82949550590632, 'c2': 2.1211641429097763, 'c3': 27.230949035444095, 'c4': 22.603410803707185, 'c5': 52.94095475476671, 'c6': 3.6622920612592322, 'c7': 0.07196692006273019, 'c8': 61.61523603898107, 'c9': 10.369907788398253, 'c10': -50.39252989310838, 'c11': 35.2109170288556, 'c12': 3.287607013920172, 'c13': 3.1254272936926624, 'c14': 35.37407385343056, 'c15': 11.307325769575263, 'c16': 35.96041434615501, 'c17': 1.1039355514117333, 'c18': 0.0044554066972650975, 'c19': 92.92259897128889, 'c20': 1.7998446603032776, 'c21': 136.1288130000971}. Best is trial 5 with value: 13.005456624823712.[0m
[32m[I 2025-10-21 08:27:03,325][0m Trial 6 finished with value: 9.592286688276506 and parameters: {'c0': 154.38658103939576, 'c1': 86.83098371920134, 'c2': 2.244378060577543, 'c3': 26.576353265256014, 'c4': 25.290989026840382, 'c5': 49.90374875577298, 'c6': 3.869109843853275, 'c7': 0.08411507856356087, 'c8': 55.477943375004465, 'c9': 10.510965647955759, 'c10': -46.57263413867473, 'c11': 32.91388998328701, 'c12': 3.542378426790229, 'c13': 3.2749082692151346, 'c14': 34.753401675715544, 'c15': 13.090319900023928, 'c16': 35.66426114342331, 'c17': 1.027605656484014, 'c18': 0.005126880741145324, 'c19': 82.4074367070915, 'c20': 1.5926294861457877, 'c21': 151.9333959774526}. Best is trial 6 with value: 9.592286688276506.[0m
[32m[I 2025-10-21 08:32:49,743][0m Trial 7 finished with value: 31.192896742556513 and parameters: {'c0': 159.87403186717668, 'c1': 86.6495447270665, 'c2': 2.255683270372804, 'c3': 26.05144462053184, 'c4': 28.49423224628116, 'c5': 52.3290691924934, 'c6': 4.374438327957234, 'c7': 0.08453641662702419, 'c8': 57.43058756374986, 'c9': 9.436686566084918, 'c10': -39.97352417252863, 'c11': 32.934400027031884, 'c12': 3.045686812688872, 'c13': 3.554291040202185, 'c14': 34.98760070541162, 'c15': 13.720049744785609, 'c16': 31.116747002313115, 'c17': 0.9876367122847931, 'c18': 0.005493027131497878, 'c19': 86.47991881922869, 'c20': 1.5660389397292895, 'c21': 148.07854141361284}. Best is trial 6 with value: 9.592286688276506.[0m
[32m[I 2025-10-21 08:38:31,724][0m Trial 8 finished with value: 25.362732997325537 and parameters: {'c0': 141.50522058574327, 'c1': 95.11951256098028, 'c2': 2.6651313157326273, 'c3': 27.934122629253523, 'c4': 23.733811879079408, 'c5': 50.66972415143591, 'c6': 4.2854072301507165, 'c7': 0.08438119272448585, 'c8': 56.120278837679294, 'c9': 9.767174529614291, 'c10': -42.46399884559459, 'c11': 29.64523734741018, 'c12': 3.82846991675621, 'c13': 3.4112482593256397, 'c14': 34.80383048366088, 'c15': 11.5844567409515, 'c16': 33.01655744893021, 'c17': 0.9464059696276614, 'c18': 0.0058230247924263455, 'c19': 81.05932506538727, 'c20': 1.8626399121377863, 'c21': 137.08159375398802}. Best is trial 6 with value: 9.592286688276506.[0m
[32m[I 2025-10-21 08:45:03,475][0m Trial 9 finished with value: 15.593404900795525 and parameters: {'c0': 148.81903214529842, 'c1': 84.58816848326884, 'c2': 2.4238908776923567, 'c3': 28.290273811605694, 'c4': 23.98637958908181, 'c5': 52.55390619226137, 'c6': 3.112291080882683, 'c7': 0.08907932012018156, 'c8': 61.36816672442377, 'c9': 9.669323018016039, 'c10': -51.80656421331593, 'c11': 30.490905693001604, 'c12': 3.608900766410785, 'c13': 3.483303191640084, 'c14': 34.52609393917215, 'c15': 13.041236738078325, 'c16': 36.20576547884616, 'c17': 1.090275958175292, 'c18': 0.004966315487003158, 'c19': 71.3930545799543, 'c20': 1.5205059927636897, 'c21': 153.2422236980805}. Best is trial 6 with value: 9.592286688276506.[0m
[32m[I 2025-10-21 08:51:08,554][0m Trial 10 finished with value: 9.86770716546021 and parameters: {'c0': 157.26010180500322, 'c1': 87.64956428341848, 'c2': 1.984620688813379, 'c3': 27.419172541784736, 'c4': 26.54054330831516, 'c5': 46.50537944657316, 'c6': 3.958290972688778, 'c7': 0.08520190911093817, 'c8': 45.83417831085435, 'c9': 11.19924462331207, 'c10': -44.52922289067288, 'c11': 34.351638046529146, 'c12': 3.5559146429500554, 'c13': 3.221853015473497, 'c14': 37.498141485513734, 'c15': 12.856031757850978, 'c16': 33.588591226563125, 'c17': 1.1089626518572713, 'c18': 0.0049894845069763825, 'c19': 90.06405436118114, 'c20': 1.7218589574448564, 'c21': 160.28062770225407}. Best is trial 6 with value: 9.592286688276506.[0m
[32m[I 2025-10-21 08:57:28,142][0m Trial 11 finished with value: 26.81613119013276 and parameters: {'c0': 154.09443018140405, 'c1': 85.70152897434892, 'c2': 1.9606296819111788, 'c3': 25.9933742110081, 'c4': 28.092595224168033, 'c5': 45.275801425765806, 'c6': 3.588446228447638, 'c7': 0.08085406724665908, 'c8': 47.83205033660098, 'c9': 12.217499716439294, 'c10': -46.624993696997265, 'c11': 32.89967625353524, 'c12': 3.827262983409944, 'c13': 3.41221271141025, 'c14': 31.770930522507484, 'c15': 13.48120577725679, 'c16': 32.771413079364635, 'c17': 1.1390186661469845, 'c18': 0.004271266637526075, 'c19': 83.85391333143768, 'c20': 1.727207524274471, 'c21': 158.383293413831}. Best is trial 6 with value: 9.592286688276506.[0m
[32m[I 2025-10-21 09:03:36,878][0m Trial 12 finished with value: 14.963562424542635 and parameters: {'c0': 142.69044436873264, 'c1': 98.71755985276167, 'c2': 1.898084080140784, 'c3': 28.723593527920745, 'c4': 24.191019573606944, 'c5': 52.791421772964064, 'c6': 3.8370441369745736, 'c7': 0.08573113328271303, 'c8': 48.947463100552895, 'c9': 10.521607225680762, 'c10': -47.81697444634706, 'c11': 36.010626091991035, 'c12': 3.5819659461594227, 'c13': 3.494276278414498, 'c14': 34.51191735536014, 'c15': 14.017743623130787, 'c16': 32.59569228725401, 'c17': 0.975591335781948, 'c18': 0.005373046662064013, 'c19': 89.88117031242274, 'c20': 1.835541075171941, 'c21': 153.10169222912248}. Best is trial 6 with value: 9.592286688276506.[0m
[32m[I 2025-10-21 09:09:34,307][0m Trial 13 finished with value: 12.168650395771447 and parameters: {'c0': 156.62785533567933, 'c1': 87.26996690927912, 'c2': 2.2380647620921112, 'c3': 24.792881088684776, 'c4': 26.279331258793405, 'c5': 51.16157772808071, 'c6': 3.9934690638671406, 'c7': 0.0918477227254871, 'c8': 55.17655532976878, 'c9': 10.770646396274966, 'c10': -46.39611259197841, 'c11': 26.941837244584054, 'c12': 3.8497717653109986, 'c13': 3.0516887027218553, 'c14': 36.97462604807793, 'c15': 13.792387834457621, 'c16': 34.665921547241254, 'c17': 1.144391298342905, 'c18': 0.005407866651116321, 'c19': 85.9487881706924, 'c20': 1.8037424070684256, 'c21': 156.97507024395154}. Best is trial 6 with value: 9.592286688276506.[0m
[32m[I 2025-10-21 09:15:33,103][0m Trial 14 finished with value: 23.32662152371805 and parameters: {'c0': 158.0793528665077, 'c1': 94.09852329093523, 'c2': 2.250307986996466, 'c3': 28.419267788903596, 'c4': 24.48599048632186, 'c5': 40.89312844929746, 'c6': 3.6680631513743966, 'c7': 0.07741848174947674, 'c8': 49.61429214624184, 'c9': 11.375826077593578, 'c10': -37.163990508921444, 'c11': 34.686620577255724, 'c12': 3.3443753018666182, 'c13': 3.3014789025347273, 'c14': 35.61283782442813, 'c15': 11.971558658063563, 'c16': 34.52811620828825, 'c17': 1.0911895235190332, 'c18': 0.0063481775746329575, 'c19': 85.97853415043053, 'c20': 1.6691063332923362, 'c21': 150.91877884365948}. Best is trial 6 with value: 9.592286688276506.[0m
[32m[I 2025-10-21 09:21:59,414][0m Trial 15 finished with value: 12.904984229649845 and parameters: {'c0': 153.4896789970753, 'c1': 99.40384127982682, 'c2': 2.21273766848391, 'c3': 28.83066631545965, 'c4': 29.07239286495276, 'c5': 46.10549314177706, 'c6': 4.368589262638995, 'c7': 0.07942286233103989, 'c8': 46.43850282123249, 'c9': 11.661481580730108, 'c10': -46.849641862033714, 'c11': 34.487336378448326, 'c12': 3.2345875808153646, 'c13': 3.2375588281786336, 'c14': 33.90394688890497, 'c15': 12.825672531034039, 'c16': 34.19954583778895, 'c17': 1.213697428869286, 'c18': 0.005250349892084338, 'c19': 87.19781156057182, 'c20': 1.591449279447319, 'c21': 151.24862328625687}. Best is trial 6 with value: 9.592286688276506.[0m
[32m[I 2025-10-21 09:21:59,466][0m A new study created in memory with name: no-name-3c9e3fe1-d43b-4903-bed7-59d38390152f[0m
