[32m[I 2025-10-21 15:29:50,331][0m Trial 10 finished with value: 51.350165460100285 and parameters: {'c0': 216.94455945975665, 'c1': 87.08530460817032, 'c2': 1.3994215535145318, 'c3': 37.74299684923179, 'c4': 23.04962760523989, 'c5': 51.28203065656531, 'c6': 3.95686688687213, 'c7': 0.08416365591762442, 'c8': 61.89538092613062, 'c9': 13.172815569794858, 'c10': -62.28599977923671, 'c11': 38.79095567800438, 'c12': 3.130397213655999, 'c13': 2.853262003316096, 'c14': 50.6650689745776, 'c15': 11.872345849785814, 'c16': 54.021351767471465, 'c17': 0.9581318873396166, 'c18': 0.003195213951640188, 'c19': 113.21436463701023, 'c20': 1.8240451685247465, 'c21': 260.3267315964035}. Best is trial 4 with value: 14.384082599451588.[0m
[32m[I 2025-10-21 15:37:42,742][0m Trial 11 finished with value: 22.631470432580237 and parameters: {'c0': 198.30881070531586, 'c1': 84.75813394702021, 'c2': 1.5553776162547046, 'c3': 38.25376003981162, 'c4': 21.453562425891334, 'c5': 54.21109132144049, 'c6': 3.2652023246021358, 'c7': 0.06668663626547418, 'c8': 57.94944130580954, 'c9': 13.207702282569722, 'c10': -67.6236999144831, 'c11': 34.68743328556462, 'c12': 3.4049038905938884, 'c13': 3.48491999645232, 'c14': 56.19429580765781, 'c15': 11.52463233749136, 'c16': 47.01677629890125, 'c17': 0.9505047112043671, 'c18': 0.0031288001030419063, 'c19': 117.34390911212878, 'c20': 2.164037909239936, 'c21': 240.07037713579496}. Best is trial 4 with value: 14.384082599451588.[0m
[32m[I 2025-10-21 15:55:07,346][0m Trial 12 finished with value: 3576.3928534452625 and parameters: {'c0': 202.13330252892226, 'c1': 84.41765296413769, 'c2': 1.3837158996023622, 'c3': 35.086909447352184, 'c4': 27.788905293715118, 'c5': 63.02733490526893, 'c6': 3.656854941801329, 'c7': 0.08751583153949855, 'c8': 54.3245426709114, 'c9': 11.220006914483237, 'c10': -63.587317553676726, 'c11': 32.641569306865655, 'c12': 3.383483113473937, 'c13': 3.1632884934299486, 'c14': 52.245616827727474, 'c15': 10.783825356777898, 'c16': 38.677571208128576, 'c17': 1.1723848574344822, 'c18': 0.00323661702796729, 'c19': 112.29443388158475, 'c20': 1.5547767918581004, 'c21': 241.87257015078728}. Best is trial 4 with value: 14.384082599451588.[0m
[32m[I 2025-10-21 16:01:23,525][0m Trial 13 finished with value: 22.91315635257435 and parameters: {'c0': 190.39602207825732, 'c1': 88.33433444888227, 'c2': 1.4697173425992223, 'c3': 39.28584908096388, 'c4': 26.039356669945015, 'c5': 50.21998074971612, 'c6': 3.4097391942931123, 'c7': 0.07536280199097295, 'c8': 58.218895021937136, 'c9': 11.024284133604807, 'c10': -65.82400395067354, 'c11': 38.33181746266668, 'c12': 3.4310670549470816, 'c13': 2.7552075636702793, 'c14': 55.62805236132328, 'c15': 12.218583887481037, 'c16': 54.18647623592298, 'c17': 1.2053264220074469, 'c18': 0.003466872087457983, 'c19': 120.15218254197426, 'c20': 1.8926024219940958, 'c21': 257.7336573659797}. Best is trial 4 with value: 14.384082599451588.[0m
[32m[I 2025-10-21 16:07:25,574][0m Trial 14 finished with value: 26.938375639789875 and parameters: {'c0': 172.86064234635765, 'c1': 75.35639724590389, 'c2': 1.4619510778949634, 'c3': 34.502878178521506, 'c4': 25.309117443896923, 'c5': 53.950718000884436, 'c6': 3.404441246608034, 'c7': 0.09109821414569505, 'c8': 59.72616758745919, 'c9': 10.328877145276085, 'c10': -65.54945270241507, 'c11': 29.465692970620935, 'c12': 3.5099668743899106, 'c13': 2.539874135196588, 'c14': 49.634786582581796, 'c15': 13.318162312865365, 'c16': 39.713208596633365, 'c17': 1.2169316911517165, 'c18': 0.0034897006560959875, 'c19': 112.14195071603571, 'c20': 1.926202697580618, 'c21': 241.5140378689009}. Best is trial 4 with value: 14.384082599451588.[0m
Terminated
