[32m[I 2025-10-20 15:40:12,146][0m Trial 2 finished with value: 37.215949175710755 and parameters: {'c0': 113.9659157879104, 'c1': 98.23575798532376, 'c2': 2.9716735453131733, 'c3': 12.966183188662267, 'c4': 18.487452918278102, 'c5': 38.448758468209085, 'c6': 2.784115286883894, 'c7': 0.08071748980291932, 'c8': 50.22306325642481, 'c9': 10.463546143989342, 'c10': -46.51762336415234, 'c11': 27.820796604983393, 'c12': 3.8978292742953333, 'c13': 3.4518239784616327, 'c14': 20.933849942892696, 'c15': 12.750156134244746, 'c16': 12.478383171231707, 'c17': 1.5312476252832685, 'c18': 0.008278548645399075, 'c19': 46.56458852211535, 'c20': 1.5770377720300255, 'c21': 63.88173237734856}. Best is trial 1 with value: 27.036348880711525.[0m
[32m[I 2025-10-20 15:46:18,941][0m Trial 3 finished with value: 18.5050395556362 and parameters: {'c0': 144.34102434259634, 'c1': 100.92433985804522, 'c2': 3.00845350573511, 'c3': 14.622226893083571, 'c4': 23.462315248529055, 'c5': 38.58316724357152, 'c6': 2.949435197024019, 'c7': 0.08459107508945388, 'c8': 54.44797639405023, 'c9': 10.000801998883688, 'c10': -38.43340125276114, 'c11': 31.809636644745275, 'c12': 4.165386974089164, 'c13': 4.383258005257441, 'c14': 23.31076660999911, 'c15': 12.390823853131126, 'c16': 16.328188942295633, 'c17': 1.4899178090041076, 'c18': 0.006974356952744706, 'c19': 55.8557319496782, 'c20': 1.8679407103852042, 'c21': 74.68724589528397}. Best is trial 3 with value: 18.5050395556362.[0m
[32m[I 2025-10-20 15:52:21,166][0m Trial 4 finished with value: 12.648567061495891 and parameters: {'c0': 144.32188861164016, 'c1': 105.21056717853148, 'c2': 2.1606079828563804, 'c3': 16.673954539609355, 'c4': 19.797676134412598, 'c5': 46.54204212008322, 'c6': 3.320114979273626, 'c7': 0.06740510951355731, 'c8': 65.93179579500449, 'c9': 11.886673777928904, 'c10': -55.58039287312463, 'c11': 35.45942556552154, 'c12': 3.52309645436105, 'c13': 4.063373383251906, 'c14': 23.332078037843804, 'c15': 11.1326842933945, 'c16': 17.263578801974628, 'c17': 1.6640102664716152, 'c18': 0.006193613881542936, 'c19': 56.50286253074049, 'c20': 2.0701182561213254, 'c21': 75.5055197579835}. Best is trial 4 with value: 12.648567061495891.[0m
[32m[I 2025-10-20 15:58:18,029][0m Trial 5 finished with value: 14.747204147008617 and parameters: {'c0': 148.268485198286, 'c1': 89.29850309851281, 'c2': 2.330142088106159, 'c3': 15.18560580642584, 'c4': 17.645782365401374, 'c5': 52.91587121794464, 'c6': 3.395224374385363, 'c7': 0.06888479285596676, 'c8': 62.39816103914198, 'c9': 11.748682313327546, 'c10': -53.494933035283445, 'c11': 36.770294680224936, 'c12': 3.6781618646437337, 'c13': 3.6602449612383587, 'c14': 22.653707152308407, 'c15': 10.998634116744322, 'c16': 17.333962596981372, 'c17': 1.5808632451094942, 'c18': 0.006410359065002535, 'c19': 56.09133154259875, 'c20': 2.177292492469481, 'c21': 63.81212692172471}. Best is trial 4 with value: 12.648567061495891.[0m
[32m[I 2025-10-20 16:04:59,870][0m Trial 6 finished with value: 24.32965189281443 and parameters: {'c0': 143.55808715093414, 'c1': 112.35906148504348, 'c2': 2.497987900953101, 'c3': 16.08726657037187, 'c4': 22.14147601043255, 'c5': 47.001165042351815, 'c6': 3.562907427838663, 'c7': 0.06879285364450931, 'c8': 64.99219657182677, 'c9': 13.181991304514957, 'c10': -53.976498475560575, 'c11': 32.44767031200901, 'c12': 3.9158484452441407, 'c13': 4.555695274804422, 'c14': 23.853846411945536, 'c15': 12.608476705210528, 'c16': 16.282214728421675, 'c17': 1.726676556987977, 'c18': 0.006337541155721866, 'c19': 51.130006334067126, 'c20': 1.9364058704302094, 'c21': 75.37146272765317}. Best is trial 4 with value: 12.648567061495891.[0m
[32m[I 2025-10-20 16:10:52,736][0m Trial 7 finished with value: 20.730886571145252 and parameters: {'c0': 148.62477358933822, 'c1': 106.78618837408895, 'c2': 2.074735790779486, 'c3': 16.819849552713325, 'c4': 23.169279521482842, 'c5': 40.15899500092628, 'c6': 4.021208338747721, 'c7': 0.06850023775054269, 'c8': 64.0188117850489, 'c9': 11.707676762009385, 'c10': -54.056858548638665, 'c11': 33.29382326269916, 'c12': 3.2829464276441467, 'c13': 3.746247640183306, 'c14': 18.998575341944793, 'c15': 11.714655465088223, 'c16': 17.740325052590478, 'c17': 1.3393404595753466, 'c18': 0.0061645994216952245, 'c19': 57.40656038169195, 'c20': 2.0876380921558972, 'c21': 66.47382139086237}. Best is trial 4 with value: 12.648567061495891.[0m
[32m[I 2025-10-20 16:16:39,875][0m Trial 8 finished with value: 35.131136060974946 and parameters: {'c0': 126.72610561365846, 'c1': 103.36285933526975, 'c2': 2.117978904164613, 'c3': 16.822711517780146, 'c4': 18.29348980583192, 'c5': 41.491904473488546, 'c6': 3.2283462145574484, 'c7': 0.06882819139165469, 'c8': 64.5657083032252, 'c9': 12.01560514132841, 'c10': -45.00798641438951, 'c11': 38.124350114729026, 'c12': 3.5946877458503708, 'c13': 4.699631576001013, 'c14': 22.641394671851742, 'c15': 13.126049780052547, 'c16': 16.344939543281182, 'c17': 1.8353348165129133, 'c18': 0.006803924513887824, 'c19': 54.72449395937163, 'c20': 1.9910442054097812, 'c21': 62.84004594561436}. Best is trial 4 with value: 12.648567061495891.[0m
[32m[I 2025-10-20 16:22:39,110][0m Trial 9 finished with value: 18.367976154413466 and parameters: {'c0': 133.53978314785138, 'c1': 107.1218230595939, 'c2': 2.114284631043975, 'c3': 14.834574632476796, 'c4': 20.58206507951549, 'c5': 46.88644595039155, 'c6': 2.898719443180691, 'c7': 0.07505958019469983, 'c8': 60.83550127600943, 'c9': 10.555874796407519, 'c10': -50.563045947898104, 'c11': 28.940950173856642, 'c12': 3.8113494633892935, 'c13': 3.55684856727716, 'c14': 23.327987442057793, 'c15': 10.1520304929925, 'c16': 14.242098111109733, 'c17': 1.733631655328212, 'c18': 0.006937777872396917, 'c19': 51.11715932959116, 'c20': 1.7729020205441655, 'c21': 73.59272794014153}. Best is trial 4 with value: 12.648567061495891.[0m
[32m[I 2025-10-20 16:28:34,036][0m Trial 10 finished with value: 26.96239457777249 and parameters: {'c0': 158.7039618781335, 'c1': 115.40044652363434, 'c2': 2.205790494878541, 'c3': 15.724400582538966, 'c4': 18.319696808161993, 'c5': 43.65157672926486, 'c6': 3.4371617478533514, 'c7': 0.07780418688583891, 'c8': 66.70573462760615, 'c9': 12.791171694123513, 'c10': -50.72413921997688, 'c11': 36.006768511462845, 'c12': 3.4204323432106105, 'c13': 3.6913382716625223, 'c14': 21.483814656172314, 'c15': 10.722411005737676, 'c16': 17.70622577771885, 'c17': 1.4069854286933001, 'c18': 0.0063525526805902595, 'c19': 50.14383760255521, 'c20': 1.8895599018120328, 'c21': 75.44112889308533}. Best is trial 4 with value: 12.648567061495891.[0m
[32m[I 2025-10-20 16:34:18,812][0m Trial 11 finished with value: 15.087886063244921 and parameters: {'c0': 137.10966793324184, 'c1': 100.1832492001727, 'c2': 2.506749392599054, 'c3': 15.859047340185242, 'c4': 19.759001378828035, 'c5': 51.80924363476207, 'c6': 3.1319126522487086, 'c7': 0.07842726893787885, 'c8': 64.29780699893406, 'c9': 13.519005073272544, 'c10': -50.06407913467064, 'c11': 39.25547230501658, 'c12': 3.4669857530939296, 'c13': 3.339154917535012, 'c14': 23.254012055222276, 'c15': 11.62520429927596, 'c16': 17.188345870953036, 'c17': 1.5424638294248505, 'c18': 0.006582240233103929, 'c19': 51.830218174137904, 'c20': 2.1684515186277555, 'c21': 59.286492638676464}. Best is trial 4 with value: 12.648567061495891.[0m
[32m[I 2025-10-20 16:40:27,143][0m Trial 12 finished with value: 14.97892335349947 and parameters: {'c0': 147.07897527257367, 'c1': 84.58006934437155, 'c2': 2.4775185441573155, 'c3': 15.466929490156891, 'c4': 17.372937453134448, 'c5': 53.71381978485322, 'c6': 3.2006734760952007, 'c7': 0.06228999576021482, 'c8': 61.851139486941435, 'c9': 11.892205055646853, 'c10': -46.475649386975675, 'c11': 35.70387879464081, 'c12': 4.060108845515208, 'c13': 3.271844257871277, 'c14': 19.262878798812725, 'c15': 11.141127881496102, 'c16': 15.630855058214767, 'c17': 1.5626540482965794, 'c18': 0.006648606567988141, 'c19': 51.85932363197791, 'c20': 2.2507049914377766, 'c21': 66.06573585986087}. Best is trial 4 with value: 12.648567061495891.[0m
[32m[I 2025-10-20 16:45:59,430][0m Trial 13 finished with value: 22.186928077770183 and parameters: {'c0': 126.30635104359334, 'c1': 104.01193057024686, 'c2': 2.1346295497337278, 'c3': 15.92307431839943, 'c4': 21.977785179724165, 'c5': 50.13931131949736, 'c6': 3.089715560032375, 'c7': 0.06045880236162357, 'c8': 64.06074535357908, 'c9': 11.569661060195552, 'c10': -51.299438270419415, 'c11': 34.15680100451126, 'c12': 3.301515273624031, 'c13': 3.703953580323037, 'c14': 21.881157177977123, 'c15': 12.977240966666088, 'c16': 17.178274888220468, 'c17': 1.6346864778665209, 'c18': 0.006756026633998738, 'c19': 56.30783147310591, 'c20': 2.259142060356668, 'c21': 71.6952477181789}. Best is trial 4 with value: 12.648567061495891.[0m
[32m[I 2025-10-20 16:51:26,413][0m Trial 14 finished with value: 13.614367368021593 and parameters: {'c0': 153.60588682995703, 'c1': 93.83599164681124, 'c2': 2.1430453947429284, 'c3': 16.22463948471599, 'c4': 16.23860367299398, 'c5': 51.83491194503218, 'c6': 2.8335095327382662, 'c7': 0.07303379181365649, 'c8': 63.34334156958165, 'c9': 10.659402221696684, 'c10': -53.999991115604715, 'c11': 36.20779673714678, 'c12': 3.457378745181055, 'c13': 3.608467838328266, 'c14': 19.736889938449522, 'c15': 10.808676648497201, 'c16': 16.97556190665813, 'c17': 1.3804426991053664, 'c18': 0.006766118717212199, 'c19': 49.097267227937145, 'c20': 1.9568586227260418, 'c21': 64.3037325293989}. Best is trial 4 with value: 12.648567061495891.[0m
[32m[I 2025-10-20 16:57:17,836][0m Trial 15 finished with value: 13.272797236504466 and parameters: {'c0': 147.67097568320435, 'c1': 101.352090897002, 'c2': 2.1175022288212393, 'c3': 15.825594103894412, 'c4': 16.428306419389322, 'c5': 52.87889529800607, 'c6': 3.152408184699907, 'c7': 0.0740994670206845, 'c8': 62.5798506926585, 'c9': 10.766679524410893, 'c10': -50.226949394519245, 'c11': 32.817553540563196, 'c12': 3.551859364678409, 'c13': 3.479902515503031, 'c14': 18.46558802646835, 'c15': 10.14831179946866, 'c16': 16.649529018226502, 'c17': 1.4878876517876862, 'c18': 0.006823243278380095, 'c19': 40.5702763514913, 'c20': 2.144294771744846, 'c21': 55.024825931024886}. Best is trial 4 with value: 12.648567061495891.[0m
[32m[I 2025-10-20 17:02:28,600][0m Trial 16 finished with value: 46.39253443739968 and parameters: {'c0': 128.7681628257217, 'c1': 106.2517742166456, 'c2': 2.5883758239378096, 'c3': 15.870971710022342, 'c4': 16.59975363623972, 'c5': 49.1732769247126, 'c6': 3.1947609361586915, 'c7': 0.07234458839157752, 'c8': 60.31057677544651, 'c9': 9.310508354997749, 'c10': -49.55840087592381, 'c11': 28.75748177318107, 'c12': 3.102205659460013, 'c13': 3.7648553179607163, 'c14': 19.356778616610256, 'c15': 9.767349336656585, 'c16': 14.529621457103847, 'c17': 1.5393845664246837, 'c18': 0.006254368667371932, 'c19': 44.361498656586356, 'c20': 2.0611684132977772, 'c21': 57.115516890030285}. Best is trial 4 with value: 12.648567061495891.[0m
[32m[I 2025-10-20 17:08:28,895][0m Trial 17 finished with value: 30.03938164579835 and parameters: {'c0': 136.67852476005885, 'c1': 103.73935357412874, 'c2': 2.2588515603834556, 'c3': 15.917072226568541, 'c4': 21.11332954664827, 'c5': 48.25264324317756, 'c6': 3.444580710250056, 'c7': 0.07884617496293395, 'c8': 66.57207459204939, 'c9': 10.33035660043621, 'c10': -50.50405004295636, 'c11': 36.04871246293114, 'c12': 3.864169301075979, 'c13': 4.308511815028325, 'c14': 22.051227301638956, 'c15': 10.345798180480347, 'c16': 15.257133399280159, 'c17': 1.437572292588635, 'c18': 0.006364309363292806, 'c19': 57.67773501182955, 'c20': 1.8091038802814443, 'c21': 69.69451524699268}. Best is trial 4 with value: 12.648567061495891.[0m
[32m[I 2025-10-20 17:13:48,277][0m Trial 18 finished with value: 18.23277350588535 and parameters: {'c0': 152.43554278052477, 'c1': 100.26112414588744, 'c2': 2.2647753407966125, 'c3': 13.575134415328389, 'c4': 17.122677425403584, 'c5': 51.33841298919803, 'c6': 2.8598409987708777, 'c7': 0.07279067106851457, 'c8': 58.00781136448994, 'c9': 10.395614953387234, 'c10': -42.65568978441677, 'c11': 33.406995090810845, 'c12': 3.810381356845981, 'c13': 3.614134385299535, 'c14': 16.827924670215765, 'c15': 9.947767057192104, 'c16': 15.107658121412877, 'c17': 1.3867163921836443, 'c18': 0.007405778166075179, 'c19': 43.89883167588617, 'c20': 2.2437337373597805, 'c21': 56.253152028201605}. Best is trial 4 with value: 12.648567061495891.[0m
[32m[I 2025-10-20 17:19:28,046][0m Trial 19 finished with value: 15.113731917742937 and parameters: {'c0': 146.90184670549425, 'c1': 112.22144115734304, 'c2': 2.1516181405900974, 'c3': 16.69310283617779, 'c4': 16.89325035229048, 'c5': 48.01294796685823, 'c6': 3.62411102795572, 'c7': 0.07816571178098604, 'c8': 54.1666769763547, 'c9': 11.220909135885755, 'c10': -50.15879287062461, 'c11': 32.6064275214485, 'c12': 4.0181123475334, 'c13': 3.694327825011817, 'c14': 19.8645948423295, 'c15': 10.645060087203007, 'c16': 14.264238898811346, 'c17': 1.6853250623756126, 'c18': 0.007324937061476663, 'c19': 45.95499008650012, 'c20': 2.1998580134850627, 'c21': 51.892356423183465}. Best is trial 4 with value: 12.648567061495891.[0m
[32m[I 2025-10-20 17:24:46,738][0m Trial 20 finished with value: 31.689827623738445 and parameters: {'c0': 149.7548791142662, 'c1': 108.83949710676616, 'c2': 2.0811563019189756, 'c3': 16.56694946258554, 'c4': 18.412238133005506, 'c5': 45.71425080533745, 'c6': 2.937329790822351, 'c7': 0.06507169468180726, 'c8': 62.611575638966066, 'c9': 10.536810497335741, 'c10': -52.54853990833777, 'c11': 30.86870007169385, 'c12': 3.072979615903512, 'c13': 4.0244100250761425, 'c14': 23.065756513837332, 'c15': 9.827609850482014, 'c16': 16.95252618977747, 'c17': 1.8199349265718745, 'c18': 0.006213576706953681, 'c19': 53.35896346824484, 'c20': 2.066063286587161, 'c21': 68.34860794003309}. Best is trial 4 with value: 12.648567061495891.[0m
[32m[I 2025-10-20 17:30:47,812][0m Trial 21 finished with value: 15.770985114512115 and parameters: {'c0': 138.40072104491895, 'c1': 93.0368215679736, 'c2': 2.2179866342698964, 'c3': 15.818707422915052, 'c4': 18.951746124018115, 'c5': 48.93188519520869, 'c6': 3.027097933948649, 'c7': 0.06816928084312096, 'c8': 66.43245525981926, 'c9': 10.87340442784306, 'c10': -53.132155853622066, 'c11': 40.09041969044747, 'c12': 3.1951056542809084, 'c13': 3.3744754422502194, 'c14': 18.73976514530954, 'c15': 10.508459684819893, 'c16': 17.57014645391834, 'c17': 1.339740736092246, 'c18': 0.007227831464802634, 'c19': 46.448188834393925, 'c20': 1.8586005694287686, 'c21': 59.440423775105}. Best is trial 4 with value: 12.648567061495891.[0m
[32m[I 2025-10-20 17:36:42,658][0m Trial 22 finished with value: 20.891561107946533 and parameters: {'c0': 151.57230945182332, 'c1': 108.14304806420279, 'c2': 2.3879798831849106, 'c3': 16.63716258600408, 'c4': 17.735237358634638, 'c5': 49.529558058246856, 'c6': 2.9169481858113184, 'c7': 0.07551732406285495, 'c8': 65.89645299268658, 'c9': 10.90509016251474, 'c10': -52.55318256913653, 'c11': 31.56488049337697, 'c12': 3.543665144186119, 'c13': 3.2209927545972765, 'c14': 18.638270048309728, 'c15': 11.018781699765215, 'c16': 17.724231704362598, 'c17': 1.4190175298117946, 'c18': 0.006959209607306089, 'c19': 38.68894787551176, 'c20': 2.027201294136394, 'c21': 52.870667202177835}. Best is trial 4 with value: 12.648567061495891.[0m
[32m[I 2025-10-20 17:42:54,687][0m Trial 23 finished with value: 24.27312964306398 and parameters: {'c0': 126.48429207733903, 'c1': 109.74849403456649, 'c2': 2.1034685857749467, 'c3': 16.100296879922695, 'c4': 20.251965856963828, 'c5': 42.97280135531261, 'c6': 3.300580887716384, 'c7': 0.06451024257209259, 'c8': 60.33988531390529, 'c9': 12.316805793203217, 'c10': -51.92765641168821, 'c11': 32.58959378502127, 'c12': 3.5998353115611597, 'c13': 4.2879006567168725, 'c14': 22.028908651934785, 'c15': 9.941929717886667, 'c16': 16.47260693719765, 'c17': 1.5812929095534591, 'c18': 0.0069573495987661155, 'c19': 55.98703270796592, 'c20': 1.8646322148801444, 'c21': 75.53824563339784}. Best is trial 4 with value: 12.648567061495891.[0m
[32m[I 2025-10-20 17:48:47,691][0m Trial 24 finished with value: 28.510183471113134 and parameters: {'c0': 159.02635000654337, 'c1': 90.73156139406204, 'c2': 2.1110082686252416, 'c3': 16.937263350017513, 'c4': 16.830440294173656, 'c5': 53.841764350442524, 'c6': 2.942620797251022, 'c7': 0.07764131209551396, 'c8': 65.2797078802669, 'c9': 10.085015887244001, 'c10': -52.31567551368788, 'c11': 39.483598314932884, 'c12': 3.8207995957723906, 'c13': 3.995026608451833, 'c14': 22.754028114397695, 'c15': 10.592810953625499, 'c16': 15.310797864264961, 'c17': 1.3071070337861546, 'c18': 0.0066178381103988385, 'c19': 47.689025293511804, 'c20': 1.9415736111886732, 'c21': 59.80638270768286}. Best is trial 4 with value: 12.648567061495891.[0m
[32m[I 2025-10-20 17:54:11,923][0m Trial 25 finished with value: 30.24600000183997 and parameters: {'c0': 126.30013070771707, 'c1': 108.73334526628041, 'c2': 2.134913789118253, 'c3': 15.947462088386636, 'c4': 16.31486749266612, 'c5': 53.82752360115306, 'c6': 2.805625451085753, 'c7': 0.0784941095508113, 'c8': 61.55748606055245, 'c9': 10.732474551460717, 'c10': -53.318192368320304, 'c11': 33.607155104222, 'c12': 3.229373941989484, 'c13': 3.5163932021852298, 'c14': 17.94941625003983, 'c15': 10.132427521018903, 'c16': 15.205081461638807, 'c17': 1.7032066576696712, 'c18': 0.007257463218893439, 'c19': 40.68793888530305, 'c20': 2.2279540373938596, 'c21': 55.42556433197161}. Best is trial 4 with value: 12.648567061495891.[0m
[32m[I 2025-10-20 18:00:11,878][0m Trial 26 finished with value: 21.22523424452487 and parameters: {'c0': 150.1359153739121, 'c1': 93.67529029425144, 'c2': 2.3214089582042465, 'c3': 16.650432188394554, 'c4': 16.316094904559332, 'c5': 47.484087647246355, 'c6': 2.8766933859990873, 'c7': 0.062464076525324125, 'c8': 65.19735517566728, 'c9': 9.759095092444978, 'c10': -53.08498537552081, 'c11': 30.712759259935687, 'c12': 3.454940161052375, 'c13': 3.5804079187607964, 'c14': 21.98095087547875, 'c15': 9.944983045394695, 'c16': 16.8443803095307, 'c17': 1.4238185188821804, 'c18': 0.007215311102127044, 'c19': 49.47973948403379, 'c20': 1.82120399287018, 'c21': 61.338594917758556}. Best is trial 4 with value: 12.648567061495891.[0m
[32m[I 2025-10-20 18:06:02,980][0m Trial 27 finished with value: 16.65870529054198 and parameters: {'c0': 147.66084541214215, 'c1': 114.58028939595059, 'c2': 2.051867217342368, 'c3': 16.58678186941541, 'c4': 18.979779115594845, 'c5': 45.91231394556712, 'c6': 3.343816711918854, 'c7': 0.06693096159623695, 'c8': 58.337892575697175, 'c9': 12.002734805913112, 'c10': -53.64908612080578, 'c11': 33.93731711245336, 'c12': 3.7567181004309376, 'c13': 4.086041183933002, 'c14': 23.208250013456347, 'c15': 10.86241773198914, 'c16': 17.6681961003202, 'c17': 1.423713778312649, 'c18': 0.006257048668727059, 'c19': 55.65714706701267, 'c20': 2.302280704360593, 'c21': 73.47417519506169}. Best is trial 4 with value: 12.648567061495891.[0m
[32m[I 2025-10-20 18:12:30,371][0m Trial 28 finished with value: 40.71944364706287 and parameters: {'c0': 143.73144353447864, 'c1': 93.34702050856176, 'c2': 2.2026573518106884, 'c3': 16.322382402249154, 'c4': 18.71638274991011, 'c5': 47.60210850761513, 'c6': 3.1391242809942628, 'c7': 0.06921041841743193, 'c8': 66.06925564802545, 'c9': 13.176885971821779, 'c10': -47.783917861905735, 'c11': 39.18321686610057, 'c12': 3.8827183497261397, 'c13': 3.806120797663596, 'c14': 23.26916892185594, 'c15': 12.030885939178944, 'c16': 16.749906808486095, 'c17': 1.7366434860584952, 'c18': 0.006365163026329634, 'c19': 56.70814940908553, 'c20': 1.865709026716889, 'c21': 74.7559833248084}. Best is trial 4 with value: 12.648567061495891.[0m
[32m[I 2025-10-20 18:18:17,382][0m Trial 29 finished with value: 13.614645902067691 and parameters: {'c0': 151.88383163011235, 'c1': 102.3608425393483, 'c2': 2.237545078349577, 'c3': 16.916172691953047, 'c4': 19.095234834210125, 'c5': 51.699642912882, 'c6': 2.7971481023311466, 'c7': 0.07261319386318667, 'c8': 58.847804065398364, 'c9': 12.200839556401883, 'c10': -49.58192786071754, 'c11': 31.371390007665234, 'c12': 3.329848110181532, 'c13': 4.153497726173965, 'c14': 18.942687126001257, 'c15': 10.445098310112863, 'c16': 17.509946919852958, 'c17': 1.3189269653823419, 'c18': 0.00682773452697917, 'c19': 52.54101658282726, 'c20': 1.8073587444736956, 'c21': 71.08452266749977}. Best is trial 4 with value: 12.648567061495891.[0m
[32m[I 2025-10-20 18:24:14,588][0m Trial 30 finished with value: 15.26336609250629 and parameters: {'c0': 160.91270576589372, 'c1': 99.94437768127916, 'c2': 2.3647665813269576, 'c3': 16.532245326273845, 'c4': 18.293516356800655, 'c5': 50.04582799461622, 'c6': 3.034074087910918, 'c7': 0.06943393178331993, 'c8': 64.39506939628336, 'c9': 9.887370004401207, 'c10': -49.20594934988601, 'c11': 36.15855707010992, 'c12': 3.234558792608113, 'c13': 3.658913378672103, 'c14': 20.430829545860146, 'c15': 13.280908872743794, 'c16': 17.74370127191449, 'c17': 1.427167517670789, 'c18': 0.007220009487099381, 'c19': 47.241210459048105, 'c20': 1.9429457395786416, 'c21': 68.47674233873191}. Best is trial 4 with value: 12.648567061495891.[0m
