[32m[I 2025-10-21 09:27:58,478][0m Trial 0 finished with value: 25.242683546991554 and parameters: {'c0': 149.2623054412067, 'c1': 94.48338072040826, 'c2': 1.795605128594327, 'c3': 24.47504151374779, 'c4': 21.717431871184225, 'c5': 41.76621581813968, 'c6': 3.383552362026436, 'c7': 0.07891880993233157, 'c8': 53.18709208736863, 'c9': 10.674166191025808, 'c10': -48.07796386551205, 'c11': 35.35240768681434, 'c12': 3.1236016369352457, 'c13': 3.770228236883588, 'c14': 28.183446151507884, 'c15': 13.982909596342276, 'c16': 34.48455589394899, 'c17': 1.0517296563595864, 'c18': 0.004389403429633162, 'c19': 72.4559637350103, 'c20': 1.7842193532941302, 'c21': 180.391224539373}. Best is trial 0 with value: 25.242683546991554.[0m
[32m[I 2025-10-21 09:34:44,299][0m Trial 1 finished with value: 34.23935744571828 and parameters: {'c0': 142.8646597439518, 'c1': 93.51080848320791, 'c2': 2.5822818828385863, 'c3': 30.771235701296913, 'c4': 21.093132108092046, 'c5': 40.70259104068436, 'c6': 3.3581248943318225, 'c7': 0.09683807311723555, 'c8': 46.56478673140394, 'c9': 10.179271630572742, 'c10': -38.04258551322313, 'c11': 33.3505293996335, 'c12': 3.8142589664114004, 'c13': 3.0332405149914625, 'c14': 37.3460183367602, 'c15': 14.84246273678275, 'c16': 28.79230407436529, 'c17': 1.1304255416739208, 'c18': 0.0061294137418693405, 'c19': 90.58771488956373, 'c20': 1.452760937306313, 'c21': 169.5138722805372}. Best is trial 0 with value: 25.242683546991554.[0m
[32m[I 2025-10-21 09:41:36,705][0m Trial 2 finished with value: 42.24781049158368 and parameters: {'c0': 129.88394892346554, 'c1': 85.02120116708736, 'c2': 2.611195173694658, 'c3': 24.382359944547293, 'c4': 23.144040393625357, 'c5': 42.51856428224336, 'c6': 3.1252610300192036, 'c7': 0.09013218452483895, 'c8': 49.07863175440763, 'c9': 9.525233244200958, 'c10': -46.7296182065874, 'c11': 27.033659562314316, 'c12': 3.6473994694863316, 'c13': 2.812135664687784, 'c14': 35.99487015406165, 'c15': 14.136280234175183, 'c16': 29.991281632210107, 'c17': 0.9922790352609969, 'c18': 0.0055255473110373205, 'c19': 79.57853014124426, 'c20': 1.305926529577635, 'c21': 154.11494111910412}. Best is trial 0 with value: 25.242683546991554.[0m
[32m[I 2025-10-21 09:48:06,697][0m Trial 3 finished with value: 22.139965894649766 and parameters: {'c0': 164.50165914661335, 'c1': 87.34811821789268, 'c2': 2.643513547054986, 'c3': 27.496480198563816, 'c4': 29.37196239202128, 'c5': 42.66720024301361, 'c6': 3.310838069548155, 'c7': 0.0944575755233832, 'c8': 53.2072719175373, 'c9': 9.103985432621162, 'c10': -38.60855385630325, 'c11': 30.909642885672334, 'c12': 3.8977669801211903, 'c13': 3.570957337635196, 'c14': 40.08187789668513, 'c15': 13.737883401263895, 'c16': 39.2441317430702, 'c17': 0.9654964890889411, 'c18': 0.004655059836831488, 'c19': 95.45702409477238, 'c20': 1.5468198496159338, 'c21': 180.18328675728193}. Best is trial 3 with value: 22.139965894649766.[0m
[32m[I 2025-10-21 09:54:21,008][0m Trial 4 finished with value: 13.336524836642567 and parameters: {'c0': 164.47985065865498, 'c1': 91.05776735927124, 'c2': 1.8985157861565063, 'c3': 31.354667396590884, 'c4': 24.784280353825714, 'c5': 51.46852300434792, 'c6': 3.72693832356361, 'c7': 0.07526708007677904, 'c8': 64.42940985516013, 'c9': 10.820742669304323, 'c10': -55.833689490137466, 'c11': 34.45616790289267, 'c12': 3.2967426827355784, 'c13': 3.3103533903482196, 'c14': 40.11852199608204, 'c15': 12.342966099634141, 'c16': 41.49230286689194, 'c17': 1.0783118775928857, 'c18': 0.004133950043016656, 'c19': 96.5629653708545, 'c20': 1.714240710006505, 'c21': 182.15737580396467}. Best is trial 4 with value: 13.336524836642567.[0m
[32m[I 2025-10-21 10:00:22,633][0m Trial 5 finished with value: 13.522340903645189 and parameters: {'c0': 168.97768271605165, 'c1': 77.28617513179572, 'c2': 2.0474845845977265, 'c3': 28.555890454489433, 'c4': 22.09037132628483, 'c5': 58.517022696360925, 'c6': 3.811251091298798, 'c7': 0.07691935014094989, 'c8': 60.976295933134146, 'c9': 10.695125515430359, 'c10': -53.738725582703836, 'c11': 35.72994844486666, 'c12': 3.4418453682047847, 'c13': 2.981932294699294, 'c14': 38.952091931485505, 'c15': 12.194342753957768, 'c16': 41.66146742847213, 'c17': 1.0244309475723292, 'c18': 0.004278617401625594, 'c19': 95.85966201988985, 'c20': 1.802990441317072, 'c21': 153.94701767219954}. Best is trial 4 with value: 13.336524836642567.[0m
[32m[I 2025-10-21 10:06:47,225][0m Trial 6 finished with value: 33.66740524343544 and parameters: {'c0': 163.60936627545897, 'c1': 97.24465475079049, 'c2': 2.1949698886689055, 'c3': 30.25142544535946, 'c4': 27.718432464717594, 'c5': 51.97624414442244, 'c6': 3.9994808369638095, 'c7': 0.07681668736002863, 'c8': 63.51122125253307, 'c9': 11.999903290020002, 'c10': -54.22248566196402, 'c11': 31.529624591983836, 'c12': 3.6642609351725492, 'c13': 3.711438717520203, 'c14': 41.015680661474306, 'c15': 13.979198227401445, 'c16': 39.13363460756854, 'c17': 1.1189208850912369, 'c18': 0.004230014824041566, 'c19': 87.38079470508183, 'c20': 1.6035150476893816, 'c21': 181.833962668987}. Best is trial 4 with value: 13.336524836642567.[0m
[32m[I 2025-10-21 10:12:30,613][0m Trial 7 finished with value: 31.17864134583405 and parameters: {'c0': 169.38373519995014, 'c1': 92.42143787373536, 'c2': 1.8230603062437096, 'c3': 31.62901680781361, 'c4': 29.00511733588985, 'c5': 44.40982956235123, 'c6': 4.513938691361602, 'c7': 0.07648994144889715, 'c8': 62.56001695697464, 'c9': 10.657797114978194, 'c10': -54.30321196013699, 'c11': 32.35183723856592, 'c12': 3.0720219424454034, 'c13': 3.0519970495155473, 'c14': 32.667247277065556, 'c15': 12.988205850791203, 'c16': 42.63814290667242, 'c17': 0.8679193601149854, 'c18': 0.004114584236586103, 'c19': 98.10737817365127, 'c20': 1.7287486812657766, 'c21': 160.36836648542692}. Best is trial 4 with value: 13.336524836642567.[0m
[32m[I 2025-10-21 10:18:46,590][0m Trial 8 finished with value: 34.85670189589424 and parameters: {'c0': 144.4264007795581, 'c1': 89.45861096793531, 'c2': 1.8610578208579451, 'c3': 31.634398612265432, 'c4': 22.901222189886244, 'c5': 45.88382766656594, 'c6': 3.62392486521596, 'c7': 0.07685614681738015, 'c8': 63.09445135987636, 'c9': 10.93811218170224, 'c10': -45.21310138583903, 'c11': 37.04569343105905, 'c12': 3.3637343389171326, 'c13': 3.8287008979105748, 'c14': 38.93092114175877, 'c15': 14.55303888869182, 'c16': 39.28439112481644, 'c17': 1.1893336068184606, 'c18': 0.004541304087535679, 'c19': 93.5237469121387, 'c20': 1.6487604136833256, 'c21': 151.60186833418052}. Best is trial 4 with value: 13.336524836642567.[0m
[32m[I 2025-10-21 10:25:18,319][0m Trial 9 finished with value: 14.42879548037566 and parameters: {'c0': 152.1917693874762, 'c1': 92.7119233822732, 'c2': 1.8578116809317966, 'c3': 27.895791155378298, 'c4': 25.76623982168871, 'c5': 51.849382022464816, 'c6': 3.253907966889942, 'c7': 0.08381434988852875, 'c8': 59.44924445320672, 'c9': 9.609282374132983, 'c10': -50.793477001411944, 'c11': 28.12212049563665, 'c12': 3.566475859388762, 'c13': 2.8976972094595244, 'c14': 40.111488389527494, 'c15': 11.255701223092085, 'c16': 34.230298078088104, 'c17': 1.1234279276865957, 'c18': 0.004630644997019165, 'c19': 87.35883927144947, 'c20': 1.4681194223966485, 'c21': 177.54275770565607}. Best is trial 4 with value: 13.336524836642567.[0m
[32m[I 2025-10-21 10:34:03,373][0m Trial 10 finished with value: 281.4495553711902 and parameters: {'c0': 180.87072030283082, 'c1': 99.87691630702783, 'c2': 1.9382174409744595, 'c3': 29.569071278505493, 'c4': 22.93403016636652, 'c5': 48.272101496310746, 'c6': 3.8583271731041457, 'c7': 0.08687908093179898, 'c8': 65.18571296578, 'c9': 11.644130219001944, 'c10': -50.95530442412787, 'c11': 34.98802481103602, 'c12': 3.2006745899089384, 'c13': 3.0072634262177576, 'c14': 36.940511232879864, 'c15': 11.888090245107458, 'c16': 42.55618669951836, 'c17': 0.9117546507553255, 'c18': 0.004240034320746126, 'c19': 85.69543979020479, 'c20': 1.5647224491180183, 'c21': 182.00203257855287}. Best is trial 4 with value: 13.336524836642567.[0m
[32m[I 2025-10-21 10:40:13,601][0m Trial 11 finished with value: 15.309825254687025 and parameters: {'c0': 156.26027293893452, 'c1': 86.70671819005922, 'c2': 2.2026685690089316, 'c3': 29.82226882033634, 'c4': 24.735864268093444, 'c5': 57.293258447355164, 'c6': 3.5156750180601146, 'c7': 0.08757483778233659, 'c8': 62.83265471492265, 'c9': 12.306695529452831, 'c10': -50.2922362458955, 'c11': 38.1448126493109, 'c12': 3.244237011596044, 'c13': 2.7203463131693915, 'c14': 39.98429083862287, 'c15': 12.889030065500263, 'c16': 41.31148360598905, 'c17': 0.999547359496171, 'c18': 0.004393340110508684, 'c19': 88.57745145195427, 'c20': 1.7956693343074732, 'c21': 143.02890642032168}. Best is trial 4 with value: 13.336524836642567.[0m
[32m[I 2025-10-21 10:46:09,500][0m Trial 12 finished with value: 19.66743240563155 and parameters: {'c0': 167.62202962129047, 'c1': 73.20245944993216, 'c2': 2.1769835638392188, 'c3': 29.084907761884438, 'c4': 21.74880271222996, 'c5': 59.39943421724473, 'c6': 3.5928613056293974, 'c7': 0.06955535170406232, 'c8': 60.44173934535491, 'c9': 10.825777932653564, 'c10': -46.687452941334634, 'c11': 34.69370478829353, 'c12': 3.7992528166504003, 'c13': 2.665509592689105, 'c14': 33.121705899687946, 'c15': 12.352327626373851, 'c16': 37.56811838283229, 'c17': 1.0126310244586172, 'c18': 0.0044376365613686625, 'c19': 88.62719245960636, 'c20': 1.8637824728749963, 'c21': 159.3838584697339}. Best is trial 4 with value: 13.336524836642567.[0m
[32m[I 2025-10-21 10:51:54,327][0m Trial 13 finished with value: 22.673769201636986 and parameters: {'c0': 143.9480175650522, 'c1': 90.02036991572093, 'c2': 1.8756886625994766, 'c3': 29.942668849108497, 'c4': 27.513511472370645, 'c5': 55.446563591075574, 'c6': 3.468307393412848, 'c7': 0.06751057229249391, 'c8': 62.600994986481396, 'c9': 10.53215789735081, 'c10': -51.53322528589118, 'c11': 33.19039865049272, 'c12': 3.0893977673494453, 'c13': 3.017540879421234, 'c14': 37.62372490442466, 'c15': 14.388052431647882, 'c16': 41.287278412471515, 'c17': 1.0593094770752831, 'c18': 0.00450933447392803, 'c19': 96.22965876617825, 'c20': 1.8707691109431965, 'c21': 172.96507889514643}. Best is trial 4 with value: 13.336524836642567.[0m
[32m[I 2025-10-21 10:58:00,904][0m Trial 14 finished with value: 15.056246151057639 and parameters: {'c0': 175.06057860750485, 'c1': 81.21328614076121, 'c2': 1.8830836249112846, 'c3': 30.50974940973925, 'c4': 20.328754913137587, 'c5': 57.32164375142522, 'c6': 3.1807076964712366, 'c7': 0.08155227840173843, 'c8': 61.89993866193465, 'c9': 9.703526032972997, 'c10': -54.246085365055755, 'c11': 35.18336532168775, 'c12': 3.2352472398284986, 'c13': 2.939750452618434, 'c14': 33.936748018999495, 'c15': 11.98373419548659, 'c16': 40.80006608398994, 'c17': 0.8945544320096239, 'c18': 0.00451607047146232, 'c19': 83.90685892339606, 'c20': 1.6204517325930192, 'c21': 155.1330182150933}. Best is trial 4 with value: 13.336524836642567.[0m
[32m[I 2025-10-21 11:04:20,468][0m Trial 15 finished with value: 15.380722971052862 and parameters: {'c0': 165.0367320430556, 'c1': 81.6040063429266, 'c2': 2.1325233077775745, 'c3': 27.468327686616583, 'c4': 20.94350249719657, 'c5': 55.20555995192687, 'c6': 4.404468593956897, 'c7': 0.06844226901665733, 'c8': 63.79323695620083, 'c9': 9.389402671838049, 'c10': -51.50954374303374, 'c11': 38.96357770570074, 'c12': 3.4657219207005574, 'c13': 2.9592972676347573, 'c14': 36.54891033158034, 'c15': 11.283223701706952, 'c16': 40.87275421461262, 'c17': 0.9943483966663619, 'c18': 0.004348295781070814, 'c19': 95.39439128768177, 'c20': 1.6052482021661576, 'c21': 152.0444795178135}. Best is trial 4 with value: 13.336524836642567.[0m
[32m[I 2025-10-21 11:04:20,524][0m A new study created in memory with name: no-name-fb1511cf-ea53-4240-8475-f71c8ba0b2c9[0m
[32m[I 2025-10-21 11:10:10,216][0m Trial 0 finished with value: 44.77485245421757 and parameters: {'c0': 159.02056734886492, 'c1': 99.08266994623337, 'c2': 1.5188994858837124, 'c3': 28.875548820483505, 'c4': 21.282319939695277, 'c5': 43.07583083909715, 'c6': 3.259222786826289, 'c7': 0.07061740282691886, 'c8': 61.768925569889916, 'c9': 10.988753025269588, 'c10': -57.638356846899946, 'c11': 37.00894958471693, 'c12': 2.9070047294969457, 'c13': 3.811034325350837, 'c14': 32.53431750091793, 'c15': 13.184595979322564, 'c16': 40.11981719256368, 'c17': 1.1036262532356629, 'c18': 0.003539301070751222, 'c19': 84.90207918885075, 'c20': 1.9204601431812858, 'c21': 216.27629573311464}. Best is trial 0 with value: 44.77485245421757.[0m
[32m[I 2025-10-21 11:16:47,724][0m Trial 1 finished with value: 31.533839148804052 and parameters: {'c0': 152.20466533350157, 'c1': 98.0627545574884, 'c2': 2.1843480851053436, 'c3': 36.30377167124752, 'c4': 20.670528113884007, 'c5': 41.97885520717891, 'c6': 3.23472965852372, 'c7': 0.08665175291120117, 'c8': 54.07809927012288, 'c9': 10.479273033948088, 'c10': -45.60742475125424, 'c11': 34.9132673539237, 'c12': 3.549770471295836, 'c13': 3.066070007802087, 'c14': 43.11137862387537, 'c15': 13.99507542935277, 'c16': 33.49737139050512, 'c17': 1.1862053119598834, 'c18': 0.004942320970822325, 'c19': 106.14840996690084, 'c20': 1.5636919712346218, 'c21': 203.23512114198718}. Best is trial 1 with value: 31.533839148804052.[0m
[32m[I 2025-10-21 11:23:21,676][0m Trial 2 finished with value: 36.256491015807214 and parameters: {'c0': 138.37531978531595, 'c1': 89.15988769071669, 'c2': 2.2088057912664265, 'c3': 28.76620350334871, 'c4': 22.680346151237046, 'c5': 43.85176982559518, 'c6': 3.0104224418499492, 'c7': 0.08065125142812313, 'c8': 56.997557733185374, 'c9': 9.805958962547567, 'c10': -56.02189013338724, 'c11': 28.300401848026063, 'c12': 3.394481352162649, 'c13': 2.8425720864387403, 'c14': 41.55164445473257, 'c15': 13.329210365976888, 'c16': 34.89227873936737, 'c17': 1.0412420979360268, 'c18': 0.0044554062591770785, 'c19': 93.24812368094445, 'c20': 1.4056454691776124, 'c21': 184.77289384491007}. Best is trial 1 with value: 31.533839148804052.[0m
[32m[I 2025-10-21 11:29:26,024][0m Trial 3 finished with value: 33.373469966023755 and parameters: {'c0': 175.25621817243027, 'c1': 91.60007508006787, 'c2': 2.2361438512328897, 'c3': 32.44022919916626, 'c4': 28.783490819331774, 'c5': 44.00506639262496, 'c6': 3.1891804013048106, 'c7': 0.08452165797366065, 'c8': 61.79236145214597, 'c9': 9.372296221960159, 'c10': -46.285936957256816, 'c11': 32.358005864028144, 'c12': 3.627487869037835, 'c13': 3.609606669154913, 'c14': 46.26959153659104, 'c15': 12.953558843295866, 'c16': 45.65717465681887, 'c17': 1.0131379925651773, 'c18': 0.003753507402322695, 'c19': 111.85414424224064, 'c20': 1.6649331061142032, 'c21': 216.02699306682112}. Best is trial 1 with value: 31.533839148804052.[0m
[32m[I 2025-10-21 11:35:22,162][0m Trial 4 finished with value: 22.083511757451152 and parameters: {'c0': 175.23298391969706, 'c1': 95.4903035910397, 'c2': 1.605951445345153, 'c3': 36.99210187863105, 'c4': 24.287723663362453, 'c5': 53.08236207290234, 'c6': 3.589990935437985, 'c7': 0.06734979554234687, 'c8': 74.8252116381535, 'c9': 11.13964937541922, 'c10': -66.9363230088878, 'c11': 36.070713827966884, 'c12': 3.0681398220964784, 'c13': 3.3461821425661658, 'c14': 46.31189263624739, 'c15': 11.638280294161426, 'c16': 48.272728552386226, 'c17': 1.1315201488246995, 'c18': 0.0033333217254317643, 'c19': 113.15005846323623, 'c20': 1.8451380169754108, 'c21': 218.39378595020037}. Best is trial 4 with value: 22.083511757451152.[0m
[32m[I 2025-10-21 11:41:19,980][0m Trial 5 finished with value: 17.061495842417813 and parameters: {'c0': 180.02486894045242, 'c1': 81.04833382974459, 'c2': 1.7319639119848627, 'c3': 33.69011686733295, 'c4': 21.647787498137028, 'c5': 60.35187343406124, 'c6': 3.6712056070082926, 'c7': 0.06882826462722609, 'c8': 70.81493154080205, 'c9': 11.01033005857939, 'c10': -64.42477161258057, 'c11': 37.40418113456539, 'c12': 3.2031807914486263, 'c13': 3.01420646628139, 'c14': 44.96539278451902, 'c15': 11.4981421668041, 'c16': 48.46953698184459, 'c17': 1.0749805156976209, 'c18': 0.003449971139283923, 'c19': 112.32594525406321, 'c20': 1.940664568341035, 'c21': 184.57156553109664}. Best is trial 5 with value: 17.061495842417813.[0m
[32m[I 2025-10-21 11:47:23,748][0m Trial 6 finished with value: 15.485366653761668 and parameters: {'c0': 181.79462646456605, 'c1': 75.00313752402042, 'c2': 1.8325700152740239, 'c3': 32.8802512996734, 'c4': 24.221740728658595, 'c5': 56.889505350721436, 'c6': 3.878526757366576, 'c7': 0.0804466118803785, 'c8': 63.76128721863454, 'c9': 11.160099335488724, 'c10': -59.54119239785831, 'c11': 34.964073834518864, 'c12': 3.4514096376763552, 'c13': 3.158368041857044, 'c14': 44.17643168331772, 'c15': 13.311225154970815, 'c16': 48.070364478604766, 'c17': 1.0006526713704642, 'c18': 0.003969916057799902, 'c19': 99.615091770609, 'c20': 1.717236871840662, 'c21': 206.00036196594502}. Best is trial 6 with value: 15.485366653761668.[0m
[32m[I 2025-10-21 11:52:59,972][0m Trial 7 finished with value: 23.82947050881225 and parameters: {'c0': 188.25625717601073, 'c1': 74.84641358636105, 'c2': 1.8418008970274509, 'c3': 32.23083458039517, 'c4': 27.28955775510176, 'c5': 59.654333312589905, 'c6': 4.385085145717936, 'c7': 0.08084957434847213, 'c8': 66.00547832198549, 'c9': 10.0194751845528, 'c10': -51.10450240993593, 'c11': 34.98586143495774, 'c12': 2.967473135890527, 'c13': 3.427808753716262, 'c14': 44.47413138857845, 'c15': 13.951581984631808, 'c16': 41.94096055360329, 'c17': 0.9617320693550457, 'c18': 0.00425343551299233, 'c19': 104.53795669087896, 'c20': 1.6885658801592853, 'c21': 200.77372018407561}. Best is trial 6 with value: 15.485366653761668.[0m
[32m[I 2025-10-21 11:58:46,208][0m Trial 8 finished with value: 24.714362046105464 and parameters: {'c0': 166.6264551360642, 'c1': 82.16262877891776, 'c2': 2.1761216711959017, 'c3': 34.560082894687596, 'c4': 22.73039766170181, 'c5': 57.76270551015927, 'c6': 4.295837357721199, 'c7': 0.08070112014435911, 'c8': 64.49952900329265, 'c9': 10.370373344217938, 'c10': -54.2884715886918, 'c11': 31.49181904609295, 'c12': 3.7301542569011517, 'c13': 3.2898562644860476, 'c14': 44.24053374762371, 'c15': 11.779949852603906, 'c16': 44.50163551731231, 'c17': 0.9215827644907543, 'c18': 0.004508963792135345, 'c19': 97.98547834891356, 'c20': 2.0083729228357776, 'c21': 185.8634025160663}. Best is trial 6 with value: 15.485366653761668.[0m
[32m[I 2025-10-21 12:05:03,258][0m Trial 9 finished with value: 23.25388330035246 and parameters: {'c0': 175.23867798308916, 'c1': 73.06583159500312, 'c2': 1.9791450561641153, 'c3': 35.000712963814664, 'c4': 22.972287355363726, 'c5': 59.91064403112807, 'c6': 3.1198659952996133, 'c7': 0.08519435058080829, 'c8': 70.53097260919724, 'c9': 10.266478742509616, 'c10': -66.2325561855115, 'c11': 32.390163498535, 'c12': 3.5162236740172452, 'c13': 3.3593470644633716, 'c14': 43.88749177498307, 'c15': 13.261313691770086, 'c16': 48.80023550175146, 'c17': 1.0616791988202439, 'c18': 0.0038455849853745055, 'c19': 86.3007753662388, 'c20': 1.6394704338592687, 'c21': 207.77494866866323}. Best is trial 6 with value: 15.485366653761668.[0m
[32m[I 2025-10-21 12:11:13,785][0m Trial 10 finished with value: 11.041599497286711 and parameters: {'c0': 185.17827956903162, 'c1': 75.71021359298463, 'c2': 1.6204740323811506, 'c3': 33.92298689758939, 'c4': 25.418466558563736, 'c5': 53.01541665358552, 'c6': 3.9679249415484388, 'c7': 0.08148604305868422, 'c8': 52.67762339267247, 'c9': 11.890884878204178, 'c10': -56.92877537409818, 'c11': 36.491378248070724, 'c12': 3.4645982418521175, 'c13': 3.107200801710081, 'c14': 47.66537966681136, 'c15': 13.072983291103284, 'c16': 45.27265589747119, 'c17': 1.0798757607347946, 'c18': 0.003863525536184869, 'c19': 108.87050245612264, 'c20': 1.8565772614125535, 'c21': 217.3180366987464}. Best is trial 10 with value: 11.041599497286711.[0m
[32m[I 2025-10-21 12:17:43,016][0m Trial 11 finished with value: 34.46200566470692 and parameters: {'c0': 181.45061045137152, 'c1': 74.02753358718985, 'c2': 1.600884997602451, 'c3': 32.15898989805074, 'c4': 26.904901077328883, 'c5': 51.61371663829845, 'c6': 3.5971800429797085, 'c7': 0.07732782133499386, 'c8': 54.97379524602744, 'c9': 12.972025124379108, 'c10': -59.608131934210626, 'c11': 34.94897474119514, 'c12': 3.7289783177773606, 'c13': 3.290786395772646, 'c14': 40.385293930053486, 'c15': 13.708707413730238, 'c16': 44.17121568476609, 'c17': 1.1091434382723584, 'c18': 0.0033073853026024803, 'c19': 101.36360995581164, 'c20': 1.8623443002946136, 'c21': 214.74551768361457}. Best is trial 10 with value: 11.041599497286711.[0m
[32m[I 2025-10-21 12:23:43,253][0m Trial 12 finished with value: 14.52586936258341 and parameters: {'c0': 168.02209012878737, 'c1': 85.27056127356865, 'c2': 1.5498155292250062, 'c3': 35.53681590552896, 'c4': 23.168275604088365, 'c5': 60.181408136754555, 'c6': 3.8463830066998703, 'c7': 0.08199218645498761, 'c8': 56.255748924968465, 'c9': 11.17139811321049, 'c10': -61.13203017282546, 'c11': 38.25370353206382, 'c12': 3.4899805438362423, 'c13': 3.369929665177601, 'c14': 43.869471355223354, 'c15': 14.254299586048251, 'c16': 43.9343689857904, 'c17': 0.9500026300519617, 'c18': 0.00416053060330616, 'c19': 108.6494300380446, 'c20': 1.9791538719350155, 'c21': 207.58440771954068}. Best is trial 10 with value: 11.041599497286711.[0m
