[32m[I 2025-09-24 05:55:29,608][0m Trial 5 finished with value: 16.98711269922088 and parameters: {'c0': 31.30407676702297, 'c1': 15.849256415028378}. Best is trial 4 with value: 14.842209457428131.[0m
[32m[I 2025-09-24 06:00:22,493][0m Trial 6 finished with value: 15.820421467153338 and parameters: {'c0': 18.627785935883992, 'c1': 19.688476966543455}. Best is trial 4 with value: 14.842209457428131.[0m
[32m[I 2025-09-24 06:10:01,669][0m Trial 7 finished with value: 95.34190401895736 and parameters: {'c0': 8.175613953968023, 'c1': 15.555649623798773}. Best is trial 4 with value: 14.842209457428131.[0m
[32m[I 2025-09-24 06:14:56,212][0m Trial 8 finished with value: 15.10085848325647 and parameters: {'c0': 31.192526581994507, 'c1': 13.330954109578041}. Best is trial 4 with value: 14.842209457428131.[0m
[32m[I 2025-09-24 06:25:19,300][0m Trial 9 finished with value: 94.88142732926065 and parameters: {'c0': 14.84599422668223, 'c1': 6.154214991163203}. Best is trial 4 with value: 14.842209457428131.[0m
[32m[I 2025-09-24 06:30:05,301][0m Trial 10 finished with value: 31.007505945932326 and parameters: {'c0': 58.99577198594602, 'c1': 21.03508520159823}. Best is trial 4 with value: 14.842209457428131.[0m
[32m[I 2025-09-24 06:34:54,292][0m Trial 11 finished with value: 16.915185747517462 and parameters: {'c0': 45.94241903231749, 'c1': 11.381733403865708}. Best is trial 4 with value: 14.842209457428131.[0m
[32m[I 2025-09-24 06:39:42,687][0m Trial 12 finished with value: 17.003136732458763 and parameters: {'c0': 41.698153865926024, 'c1': 12.69237534015027}. Best is trial 4 with value: 14.842209457428131.[0m
[32m[I 2025-09-24 06:44:33,027][0m Trial 13 finished with value: 14.808924269878462 and parameters: {'c0': 28.946174460535214, 'c1': 13.043271714904888}. Best is trial 13 with value: 14.808924269878462.[0m
[32m[I 2025-09-24 06:49:32,030][0m Trial 14 finished with value: 19.54529081896415 and parameters: {'c0': 26.39556935150243, 'c1': 10.48534533152023}. Best is trial 13 with value: 14.808924269878462.[0m
[32m[I 2025-09-24 06:54:14,393][0m Trial 15 finished with value: 25.667802448534868 and parameters: {'c0': 48.889922053716084, 'c1': 18.58443180751885}. Best is trial 13 with value: 14.808924269878462.[0m
[32m[I 2025-09-24 06:59:01,989][0m Trial 16 finished with value: 16.943120617952914 and parameters: {'c0': 38.53443907138923, 'c1': 13.54718456805801}. Best is trial 13 with value: 14.808924269878462.[0m
[32m[I 2025-09-24 07:07:03,118][0m Trial 17 finished with value: 97.42352384281575 and parameters: {'c0': 23.90340172711379, 'c1': 6.938424967592389}. Best is trial 13 with value: 14.808924269878462.[0m
[32m[I 2025-09-24 07:11:44,223][0m Trial 18 finished with value: 25.92930640778593 and parameters: {'c0': 53.804159318286644, 'c1': 17.837643082593107}. Best is trial 13 with value: 14.808924269878462.[0m
[32m[I 2025-09-24 07:16:24,168][0m Trial 19 finished with value: 24.71241178820794 and parameters: {'c0': 65.27193541003099, 'c1': 14.665952957330802}. Best is trial 13 with value: 14.808924269878462.[0m
[32m[I 2025-09-24 07:21:56,122][0m Trial 20 finished with value: 26.5517449153961 and parameters: {'c0': 24.434194695787813, 'c1': 10.664815816566833}. Best is trial 13 with value: 14.808924269878462.[0m
[32m[I 2025-09-24 07:26:44,778][0m Trial 21 finished with value: 15.82295152167712 and parameters: {'c0': 33.41498490900967, 'c1': 13.77980705004138}. Best is trial 13 with value: 14.808924269878462.[0m
[32m[I 2025-09-24 07:31:33,135][0m Trial 22 finished with value: 15.769699402089985 and parameters: {'c0': 37.74838709890573, 'c1': 12.21024779593336}. Best is trial 13 with value: 14.808924269878462.[0m
[32m[I 2025-09-24 07:36:28,660][0m Trial 23 finished with value: 18.19180805575261 and parameters: {'c0': 29.36755487424005, 'c1': 9.115412539514084}. Best is trial 13 with value: 14.808924269878462.[0m
[32m[I 2025-09-24 07:41:17,449][0m Trial 24 finished with value: 14.953182593098024 and parameters: {'c0': 21.896333775667326, 'c1': 16.951173117081566}. Best is trial 13 with value: 14.808924269878462.[0m
[32m[I 2025-09-24 07:46:12,716][0m Trial 25 finished with value: 14.969908852860533 and parameters: {'c0': 21.862082407821475, 'c1': 17.014587569868944}. Best is trial 13 with value: 14.808924269878462.[0m
[32m[I 2025-09-24 07:51:09,516][0m Trial 26 finished with value: 18.219771747608814 and parameters: {'c0': 10.896192203654094, 'c1': 21.713866890215833}. Best is trial 13 with value: 14.808924269878462.[0m
[32m[I 2025-09-24 07:55:58,250][0m Trial 27 finished with value: 15.635005637673926 and parameters: {'c0': 20.39156684150141, 'c1': 18.701432394035287}. Best is trial 13 with value: 14.808924269878462.[0m
[32m[I 2025-09-24 08:00:50,877][0m Trial 28 finished with value: 17.38642373573097 and parameters: {'c0': 34.77378621732243, 'c1': 15.149649267247508}. Best is trial 13 with value: 14.808924269878462.[0m
[32m[I 2025-09-24 08:05:44,761][0m Trial 29 finished with value: 17.31389664383019 and parameters: {'c0': 29.102475991929413, 'c1': 16.882636538868717}. Best is trial 13 with value: 14.808924269878462.[0m
[32m[I 2025-09-24 08:10:32,045][0m Trial 30 finished with value: 18.651155893139524 and parameters: {'c0': 42.41507855805057, 'c1': 14.240635620930142}. Best is trial 13 with value: 14.808924269878462.[0m
[32m[I 2025-09-24 08:15:19,516][0m Trial 31 finished with value: 15.074762102584002 and parameters: {'c0': 22.274364708461235, 'c1': 17.076940375293603}. Best is trial 13 with value: 14.808924269878462.[0m
[32m[I 2025-09-24 08:20:13,109][0m Trial 32 finished with value: 15.55158062409618 and parameters: {'c0': 26.620895944609337, 'c1': 15.954399588225092}. Best is trial 13 with value: 14.808924269878462.[0m
[32m[I 2025-09-24 08:25:13,599][0m Trial 33 finished with value: 18.40206799311235 and parameters: {'c0': 13.524574524448893, 'c1': 19.710610787864724}. Best is trial 13 with value: 14.808924269878462.[0m
[32m[I 2025-09-24 08:35:21,399][0m Trial 34 finished with value: 94.74822602787769 and parameters: {'c0': 27.48250624752087, 'c1': 2.7816735359374505}. Best is trial 13 with value: 14.808924269878462.[0m
[32m[I 2025-09-24 08:47:38,850][0m Trial 35 finished with value: 105.50519189747399 and parameters: {'c0': 21.253483302262275, 'c1': 11.456166197818767}. Best is trial 13 with value: 14.808924269878462.[0m
[32m[I 2025-09-24 08:52:31,369][0m Trial 36 finished with value: 17.595115893968178 and parameters: {'c0': 18.21568680494115, 'c1': 16.569834272077795}. Best is trial 13 with value: 14.808924269878462.[0m
[32m[I 2025-09-24 08:57:14,749][0m Trial 37 finished with value: 22.993605555817226 and parameters: {'c0': 32.96007866831673, 'c1': 20.07006462799894}. Best is trial 13 with value: 14.808924269878462.[0m
[32m[I 2025-09-24 09:06:35,371][0m Trial 38 finished with value: 95.09022926503296 and parameters: {'c0': 16.637785173282538, 'c1': 9.321859572827794}. Best is trial 13 with value: 14.808924269878462.[0m
[32m[I 2025-09-24 09:20:18,932][0m Trial 39 finished with value: 104.3646384769283 and parameters: {'c0': 12.207644156729515, 'c1': 17.993447249659756}. Best is trial 13 with value: 14.808924269878462.[0m
[32m[I 2025-09-24 09:32:53,357][0m Trial 40 finished with value: 95.78234958290662 and parameters: {'c0': 6.630472697190587, 'c1': 14.973413725839857}. Best is trial 13 with value: 14.808924269878462.[0m
[32m[I 2025-09-24 09:37:53,205][0m Trial 41 finished with value: 14.993443874320146 and parameters: {'c0': 21.68384416997703, 'c1': 16.04767435768091}. Best is trial 13 with value: 14.808924269878462.[0m
[32m[I 2025-09-24 09:42:52,152][0m Trial 42 finished with value: 16.822205698583304 and parameters: {'c0': 23.992653131920623, 'c1': 13.051698974633387}. Best is trial 13 with value: 14.808924269878462.[0m
[32m[I 2025-09-24 09:47:46,826][0m Trial 43 finished with value: 17.129433379373307 and parameters: {'c0': 19.489126403420915, 'c1': 15.859909571966385}. Best is trial 13 with value: 14.808924269878462.[0m
[32m[I 2025-09-24 09:52:37,705][0m Trial 44 finished with value: 17.82257275594764 and parameters: {'c0': 28.54748712514914, 'c1': 17.50034205476367}. Best is trial 13 with value: 14.808924269878462.[0m
[32m[I 2025-09-24 09:57:24,502][0m Trial 45 finished with value: 15.717712839318185 and parameters: {'c0': 31.38942027397967, 'c1': 14.355164262276492}. Best is trial 13 with value: 14.808924269878462.[0m
[32m[I 2025-09-24 10:02:20,653][0m Trial 46 finished with value: 15.30890984113451 and parameters: {'c0': 16.4893846762559, 'c1': 19.016910773186762}. Best is trial 13 with value: 14.808924269878462.[0m
[32m[I 2025-09-24 10:07:14,867][0m Trial 47 finished with value: 15.31071091351415 and parameters: {'c0': 25.752849767978553, 'c1': 15.965706875317382}. Best is trial 13 with value: 14.808924269878462.[0m
[32m[I 2025-09-24 10:15:54,650][0m Trial 48 finished with value: 31.82654159691134 and parameters: {'c0': 22.09002867482046, 'c1': 12.022262204494151}. Best is trial 13 with value: 14.808924269878462.[0m
[32m[I 2025-09-24 10:20:43,758][0m Trial 49 finished with value: 15.0904711713796 and parameters: {'c0': 37.778989933811395, 'c1': 10.66144284825446}. Best is trial 13 with value: 14.808924269878462.[0m
[32m[I 2025-09-24 10:27:46,979][0m Trial 50 finished with value: 67.78855259956065 and parameters: {'c0': 9.771685798418941, 'c1': 20.862686434420812}. Best is trial 13 with value: 14.808924269878462.[0m
[32m[I 2025-09-24 10:32:37,494][0m Trial 51 finished with value: 15.144347335931545 and parameters: {'c0': 22.325185367469434, 'c1': 17.182806507315117}. Best is trial 13 with value: 14.808924269878462.[0m
[32m[I 2025-09-24 10:37:29,829][0m Trial 52 finished with value: 14.959990879728645 and parameters: {'c0': 23.019208993366043, 'c1': 16.480080617302832}. Best is trial 13 with value: 14.808924269878462.[0m
[32m[I 2025-09-24 10:46:59,999][0m Trial 53 finished with value: 97.48631289829855 and parameters: {'c0': 14.60921357330041, 'c1': 13.723788167868083}. Best is trial 13 with value: 14.808924269878462.[0m
[32m[I 2025-09-24 10:51:44,794][0m Trial 54 finished with value: 19.62263172027104 and parameters: {'c0': 30.590836899901188, 'c1': 18.27905084968573}. Best is trial 13 with value: 14.808924269878462.[0m
[32m[I 2025-09-24 10:56:34,572][0m Trial 55 finished with value: 15.184648625476253 and parameters: {'c0': 24.586397629363265, 'c1': 16.258140490745266}. Best is trial 13 with value: 14.808924269878462.[0m
[32m[I 2025-09-24 11:01:32,360][0m Trial 56 finished with value: 18.422842099771106 and parameters: {'c0': 19.869786447270165, 'c1': 15.175408410821147}. Best is trial 13 with value: 14.808924269878462.[0m
[32m[I 2025-09-24 11:06:25,715][0m Trial 57 finished with value: 15.64081831969062 and parameters: {'c0': 35.86839793685838, 'c1': 12.636870008445293}. Best is trial 13 with value: 14.808924269878462.[0m
[32m[I 2025-09-24 11:17:56,302][0m Trial 58 finished with value: 129.99386938317573 and parameters: {'c0': 26.79749522504278, 'c1': 7.42638221344737}. Best is trial 13 with value: 14.808924269878462.[0m
[32m[I 2025-09-24 11:22:40,544][0m Trial 59 finished with value: 21.684723511872814 and parameters: {'c0': 33.154520719536784, 'c1': 19.09419815359674}. Best is trial 13 with value: 14.808924269878462.[0m
[32m[I 2025-09-24 11:35:07,564][0m Trial 60 finished with value: 104.71430467013153 and parameters: {'c0': 17.790556040699784, 'c1': 14.075219470611236}. Best is trial 13 with value: 14.808924269878462.[0m
[32m[I 2025-09-24 11:39:57,047][0m Trial 61 finished with value: 15.296140008351419 and parameters: {'c0': 23.59381010865211, 'c1': 16.865516885003498}. Best is trial 13 with value: 14.808924269878462.[0m
[32m[I 2025-09-24 11:44:45,835][0m Trial 62 finished with value: 15.294043836687433 and parameters: {'c0': 22.038505393244794, 'c1': 17.546969044743996}. Best is trial 13 with value: 14.808924269878462.[0m
[32m[I 2025-09-24 11:49:32,463][0m Trial 63 finished with value: 16.162724460104524 and parameters: {'c0': 30.382370718223434, 'c1': 15.287872162574107}. Best is trial 13 with value: 14.808924269878462.[0m
[32m[I 2025-09-24 11:54:20,075][0m Trial 64 finished with value: 15.434033842669868 and parameters: {'c0': 24.90363292171364, 'c1': 16.501369674984343}. Best is trial 13 with value: 14.808924269878462.[0m
[32m[I 2025-09-24 11:59:09,283][0m Trial 65 finished with value: 15.139189122948599 and parameters: {'c0': 28.178220650265175, 'c1': 14.6525465243123}. Best is trial 13 with value: 14.808924269878462.[0m
[32m[I 2025-09-24 12:03:58,803][0m Trial 66 finished with value: 17.795880933679065 and parameters: {'c0': 20.61980784401947, 'c1': 20.306500054053135}. Best is trial 13 with value: 14.808924269878462.[0m
[32m[I 2025-09-24 12:08:57,769][0m Trial 67 finished with value: 18.804015524773245 and parameters: {'c0': 15.549908144116195, 'c1': 18.138177849860597}. Best is trial 13 with value: 14.808924269878462.[0m
[32m[I 2025-09-24 12:21:06,913][0m Trial 68 finished with value: 105.12335954650678 and parameters: {'c0': 22.893562005960526, 'c1': 10.13126356102207}. Best is trial 13 with value: 14.808924269878462.[0m
[32m[I 2025-09-24 12:32:08,019][0m Trial 69 finished with value: 104.85798161981032 and parameters: {'c0': 18.748556121555936, 'c1': 13.02294520129139}. Best is trial 13 with value: 14.808924269878462.[0m
[32m[I 2025-09-24 12:36:57,979][0m Trial 70 finished with value: 15.144642806470099 and parameters: {'c0': 25.756460719262314, 'c1': 15.683533065640592}. Best is trial 13 with value: 14.808924269878462.[0m
[32m[I 2025-09-24 12:41:49,067][0m Trial 71 finished with value: 15.886079474372899 and parameters: {'c0': 39.90199959241298, 'c1': 11.69280722298895}. Best is trial 13 with value: 14.808924269878462.[0m
[32m[I 2025-09-24 12:46:37,891][0m Trial 72 finished with value: 15.497332876949457 and parameters: {'c0': 44.003372763340884, 'c1': 9.562392307491884}. Best is trial 13 with value: 14.808924269878462.[0m
[32m[I 2025-09-24 12:51:29,721][0m Trial 73 finished with value: 17.26807605504779 and parameters: {'c0': 48.88257261238555, 'c1': 11.036396707897111}. Best is trial 13 with value: 14.808924269878462.[0m
[32m[I 2025-09-24 12:56:29,164][0m Trial 74 finished with value: 17.58716780922877 and parameters: {'c0': 37.44497586114385, 'c1': 5.066968853273105}. Best is trial 13 with value: 14.808924269878462.[0m
[32m[I 2025-09-24 13:01:21,585][0m Trial 75 finished with value: 15.309236536060169 and parameters: {'c0': 31.95230408957053, 'c1': 10.018601340418561}. Best is trial 13 with value: 14.808924269878462.[0m
[32m[I 2025-09-24 13:06:07,595][0m Trial 76 finished with value: 20.25463501989555 and parameters: {'c0': 34.61726471976253, 'c1': 17.650811689981285}. Best is trial 13 with value: 14.808924269878462.[0m
[32m[I 2025-09-24 13:11:15,534][0m Trial 77 finished with value: 20.13041422869137 and parameters: {'c0': 28.95928098817084, 'c1': 8.666428774058089}. Best is trial 13 with value: 14.808924269878462.[0m
[32m[I 2025-09-24 13:16:06,965][0m Trial 78 finished with value: 15.458037357206688 and parameters: {'c0': 26.88591982925989, 'c1': 12.358044525010438}. Best is trial 13 with value: 14.808924269878462.[0m
[32m[I 2025-09-24 13:20:59,488][0m Trial 79 finished with value: 14.902498428390272 and parameters: {'c0': 20.949726148450353, 'c1': 16.990867661476496}. Best is trial 13 with value: 14.808924269878462.[0m
[32m[I 2025-09-24 13:25:55,406][0m Trial 80 finished with value: 14.911379479750195 and parameters: {'c0': 20.76293533563898, 'c1': 17.007997332730152}. Best is trial 13 with value: 14.808924269878462.[0m
[32m[I 2025-09-24 13:30:49,199][0m Trial 81 finished with value: 14.923879793030569 and parameters: {'c0': 20.77625781064668, 'c1': 16.886981994507313}. Best is trial 13 with value: 14.808924269878462.[0m
[32m[I 2025-09-24 13:35:37,058][0m Trial 82 finished with value: 15.527068793483082 and parameters: {'c0': 19.991288826978383, 'c1': 18.764336977153636}. Best is trial 13 with value: 14.808924269878462.[0m
[32m[I 2025-09-24 13:47:09,449][0m Trial 83 finished with value: 96.47793683875432 and parameters: {'c0': 13.25926534706453, 'c1': 16.371504447664016}. Best is trial 13 with value: 14.808924269878462.[0m
[32m[I 2025-09-24 13:52:03,057][0m Trial 84 finished with value: 16.097680465606395 and parameters: {'c0': 18.517669185467387, 'c1': 16.994095138541052}. Best is trial 13 with value: 14.808924269878462.[0m
[32m[I 2025-09-24 13:56:53,164][0m Trial 85 finished with value: 16.72059296509031 and parameters: {'c0': 20.70081212693616, 'c1': 19.517114005075143}. Best is trial 13 with value: 14.808924269878462.[0m
[32m[I 2025-09-24 14:01:58,368][0m Trial 86 finished with value: 20.29610068723434 and parameters: {'c0': 16.18819169528736, 'c1': 17.380983088540688}. Best is trial 13 with value: 14.808924269878462.[0m
[32m[I 2025-09-24 14:06:48,992][0m Trial 87 finished with value: 16.81511947779221 and parameters: {'c0': 23.864242635958757, 'c1': 18.32673132809137}. Best is trial 13 with value: 14.808924269878462.[0m
[32m[I 2025-09-24 14:13:01,823][0m Trial 88 finished with value: 38.297038925097716 and parameters: {'c0': 17.01362753485136, 'c1': 15.66823118293256}. Best is trial 13 with value: 14.808924269878462.[0m
[32m[I 2025-09-24 14:18:00,110][0m Trial 89 finished with value: 14.817087494089288 and parameters: {'c0': 25.28989985340541, 'c1': 14.677411050594248}. Best is trial 13 with value: 14.808924269878462.[0m
[32m[I 2025-09-24 14:22:49,114][0m Trial 90 finished with value: 14.809269983968916 and parameters: {'c0': 27.79049737675176, 'c1': 13.648600268760296}. Best is trial 13 with value: 14.808924269878462.[0m
[32m[I 2025-09-24 14:27:45,255][0m Trial 91 finished with value: 15.029942923890655 and parameters: {'c0': 25.598329925775406, 'c1': 13.68394036706419}. Best is trial 13 with value: 14.808924269878462.[0m
Terminated
