[32m[I 2025-09-23 19:46:24,189][0m A new study created in memory with name: no-name-af1e7e0a-ee47-4356-add2-946a7c59bebe[0m
[32m[I 2025-09-23 19:51:17,037][0m Trial 0 finished with value: 21.867782833976104 and parameters: {'c0': 58.47737964664268, 'c1': 13.501422875570555}. Best is trial 0 with value: 21.867782833976104.[0m
[32m[I 2025-09-23 20:03:45,232][0m Trial 1 finished with value: 97.68917573102996 and parameters: {'c0': 12.315408317086442, 'c1': 6.713782737806241}. Best is trial 0 with value: 21.867782833976104.[0m
[32m[I 2025-09-23 20:12:24,904][0m Trial 2 finished with value: 97.40068854826741 and parameters: {'c0': 28.552245861094637, 'c1': 3.3037561754057827}. Best is trial 0 with value: 21.867782833976104.[0m
[32m[I 2025-09-23 20:17:19,749][0m Trial 3 finished with value: 17.55624426170244 and parameters: {'c0': 32.92634981695673, 'c1': 7.415751224168779}. Best is trial 3 with value: 17.55624426170244.[0m
[32m[I 2025-09-23 20:22:07,152][0m Trial 4 finished with value: 18.405568255157196 and parameters: {'c0': 56.234702881060215, 'c1': 10.553975109369464}. Best is trial 3 with value: 17.55624426170244.[0m
[32m[I 2025-09-23 20:26:51,133][0m Trial 5 finished with value: 21.297930039870707 and parameters: {'c0': 58.717930126722564, 'c1': 12.931363867327153}. Best is trial 3 with value: 17.55624426170244.[0m
[32m[I 2025-09-23 20:31:41,023][0m Trial 6 finished with value: 18.423242392809094 and parameters: {'c0': 34.9406577660524, 'c1': 16.063773150041946}. Best is trial 3 with value: 17.55624426170244.[0m
[32m[I 2025-09-23 20:40:54,111][0m Trial 7 finished with value: 95.7469053295332 and parameters: {'c0': 15.33522718030971, 'c1': 12.691810909643394}. Best is trial 3 with value: 17.55624426170244.[0m
[32m[I 2025-09-23 20:45:36,373][0m Trial 8 finished with value: 19.174582064496445 and parameters: {'c0': 58.50869233258886, 'c1': 10.87668807769019}. Best is trial 3 with value: 17.55624426170244.[0m
[32m[I 2025-09-23 20:54:36,588][0m Trial 9 finished with value: 95.88142561933222 and parameters: {'c0': 27.847045551024415, 'c1': 5.021206754723859}. Best is trial 3 with value: 17.55624426170244.[0m
[32m[I 2025-09-23 20:59:23,549][0m Trial 10 finished with value: 25.764554147779446 and parameters: {'c0': 112.85902431949363, 'c1': 7.560146125076415}. Best is trial 3 with value: 17.55624426170244.[0m
[32m[I 2025-09-23 21:04:05,162][0m Trial 11 finished with value: 22.257913714149613 and parameters: {'c0': 84.25070563133916, 'c1': 8.833031517972259}. Best is trial 3 with value: 17.55624426170244.[0m
[32m[I 2025-09-23 21:08:49,773][0m Trial 12 finished with value: 23.124873544643112 and parameters: {'c0': 80.72087613934161, 'c1': 10.35567345030423}. Best is trial 3 with value: 17.55624426170244.[0m
[32m[I 2025-09-23 21:13:39,699][0m Trial 13 finished with value: 23.3620507966862 and parameters: {'c0': 43.42255395946823, 'c1': 17.93565425738157}. Best is trial 3 with value: 17.55624426170244.[0m
[32m[I 2025-09-23 21:18:31,036][0m Trial 14 finished with value: 16.933230782020676 and parameters: {'c0': 81.14220088965452, 'c1': 2.282775134923443}. Best is trial 14 with value: 16.933230782020676.[0m
[32m[I 2025-09-23 21:23:25,486][0m Trial 15 finished with value: 19.323014218898514 and parameters: {'c0': 101.87460643396997, 'c1': 1.8915436545404911}. Best is trial 14 with value: 16.933230782020676.[0m
[32m[I 2025-09-23 21:28:10,985][0m Trial 16 finished with value: 19.203013370383772 and parameters: {'c0': 85.75130448814147, 'c1': 5.0135845421161935}. Best is trial 14 with value: 16.933230782020676.[0m
[32m[I 2025-09-23 21:33:02,808][0m Trial 17 finished with value: 15.9625009064263 and parameters: {'c0': 72.2540980194608, 'c1': 1.8661890978730595}. Best is trial 17 with value: 15.9625009064263.[0m
[32m[I 2025-09-23 21:37:53,705][0m Trial 18 finished with value: 16.36107281101138 and parameters: {'c0': 74.54014792314612, 'c1': 2.589429238872588}. Best is trial 17 with value: 15.9625009064263.[0m
[32m[I 2025-09-23 21:42:48,765][0m Trial 19 finished with value: 16.460308852338674 and parameters: {'c0': 69.44070691089327, 'c1': 4.255630165045087}. Best is trial 17 with value: 15.9625009064263.[0m
[32m[I 2025-09-23 21:47:31,448][0m Trial 20 finished with value: 21.71862551312228 and parameters: {'c0': 96.13809818431167, 'c1': 6.0538019607982285}. Best is trial 17 with value: 15.9625009064263.[0m
[32m[I 2025-09-23 21:52:23,366][0m Trial 21 finished with value: 17.117977615632586 and parameters: {'c0': 76.10656267165348, 'c1': 3.924739763226027}. Best is trial 17 with value: 15.9625009064263.[0m
[32m[I 2025-09-23 21:57:15,280][0m Trial 22 finished with value: 16.327853403993682 and parameters: {'c0': 70.80570280242173, 'c1': 3.547648914531999}. Best is trial 17 with value: 15.9625009064263.[0m
[32m[I 2025-09-23 22:02:04,835][0m Trial 23 finished with value: 15.958988347731717 and parameters: {'c0': 70.30043733497871, 'c1': 2.500230206773532}. Best is trial 23 with value: 15.958988347731717.[0m
[32m[I 2025-09-23 22:06:47,012][0m Trial 24 finished with value: 18.249996444576635 and parameters: {'c0': 93.65453734708609, 'c1': 1.9065320889912076}. Best is trial 23 with value: 15.958988347731717.[0m
[32m[I 2025-09-23 22:11:39,617][0m Trial 25 finished with value: 15.701926155502557 and parameters: {'c0': 47.795364925376624, 'c1': 3.5165393663924545}. Best is trial 25 with value: 15.701926155502557.[0m
[32m[I 2025-09-23 22:16:28,765][0m Trial 26 finished with value: 15.33778186761979 and parameters: {'c0': 44.55088786864993, 'c1': 5.400323640181882}. Best is trial 26 with value: 15.33778186761979.[0m
[32m[I 2025-09-23 22:21:14,289][0m Trial 27 finished with value: 15.294017732052389 and parameters: {'c0': 52.905567195051944, 'c1': 5.415857420237036}. Best is trial 27 with value: 15.294017732052389.[0m
[32m[I 2025-09-23 22:26:02,265][0m Trial 28 finished with value: 14.943630912331304 and parameters: {'c0': 38.95021784269792, 'c1': 8.905896986526042}. Best is trial 28 with value: 14.943630912331304.[0m
[32m[I 2025-09-23 22:30:49,485][0m Trial 29 finished with value: 15.467511083616825 and parameters: {'c0': 45.44698839119171, 'c1': 8.992905677209777}. Best is trial 28 with value: 14.943630912331304.[0m
[32m[I 2025-09-23 22:35:37,662][0m Trial 30 finished with value: 16.171188944008055 and parameters: {'c0': 52.06533899562724, 'c1': 8.489734875891989}. Best is trial 28 with value: 14.943630912331304.[0m
[32m[I 2025-09-23 22:40:29,140][0m Trial 31 finished with value: 15.996240988819453 and parameters: {'c0': 40.6625529251633, 'c1': 11.628331609280012}. Best is trial 28 with value: 14.943630912331304.[0m
[32m[I 2025-09-23 22:53:26,063][0m Trial 32 finished with value: 105.54946771027488 and parameters: {'c0': 23.813903659818777, 'c1': 9.498811172839664}. Best is trial 28 with value: 14.943630912331304.[0m
[32m[I 2025-09-23 22:58:20,919][0m Trial 33 finished with value: 15.363671537131285 and parameters: {'c0': 40.276991310286775, 'c1': 6.626140618137917}. Best is trial 28 with value: 14.943630912331304.[0m
[32m[I 2025-09-23 23:03:14,366][0m Trial 34 finished with value: 16.975958712069357 and parameters: {'c0': 35.72295525789728, 'c1': 6.386909518214498}. Best is trial 28 with value: 14.943630912331304.[0m
[32m[I 2025-09-23 23:08:01,993][0m Trial 35 finished with value: 16.14714772502119 and parameters: {'c0': 62.16741315781431, 'c1': 5.534392671611572}. Best is trial 28 with value: 14.943630912331304.[0m
[32m[I 2025-09-23 23:18:07,805][0m Trial 36 finished with value: 95.19787124568373 and parameters: {'c0': 19.11816766167122, 'c1': 7.404640537202658}. Best is trial 28 with value: 14.943630912331304.[0m
[32m[I 2025-09-23 23:22:54,662][0m Trial 37 finished with value: 15.52049422538294 and parameters: {'c0': 49.498217855210136, 'c1': 7.770329911239443}. Best is trial 28 with value: 14.943630912331304.[0m
[32m[I 2025-09-23 23:27:45,419][0m Trial 38 finished with value: 15.453580034455854 and parameters: {'c0': 39.34270929304953, 'c1': 6.7479695362784575}. Best is trial 28 with value: 14.943630912331304.[0m
[32m[I 2025-09-23 23:32:35,771][0m Trial 39 finished with value: 15.250233755670152 and parameters: {'c0': 52.4295710610192, 'c1': 4.635257091970311}. Best is trial 28 with value: 14.943630912331304.[0m
[32m[I 2025-09-23 23:38:13,447][0m Trial 40 finished with value: 23.6911598010915 and parameters: {'c0': 62.52657029797082, 'c1': 14.301077025629137}. Best is trial 28 with value: 14.943630912331304.[0m
[32m[I 2025-09-23 23:43:30,176][0m Trial 41 finished with value: 15.253860175990328 and parameters: {'c0': 52.674144828584474, 'c1': 4.894198552128665}. Best is trial 28 with value: 14.943630912331304.[0m
[32m[I 2025-09-23 23:49:17,107][0m Trial 42 finished with value: 15.26743981367481 and parameters: {'c0': 53.23120108290413, 'c1': 4.733733389381177}. Best is trial 28 with value: 14.943630912331304.[0m
[32m[I 2025-09-23 23:54:57,774][0m Trial 43 finished with value: 15.332184412082698 and parameters: {'c0': 54.827165009569256, 'c1': 4.806352001831655}. Best is trial 28 with value: 14.943630912331304.[0m
[32m[I 2025-09-24 00:00:49,491][0m Trial 44 finished with value: 16.021936455763704 and parameters: {'c0': 63.9604707627071, 'c1': 4.67821271225193}. Best is trial 28 with value: 14.943630912331304.[0m
[32m[I 2025-09-24 00:14:40,767][0m Trial 45 finished with value: 94.27879580731128 and parameters: {'c0': 29.761473107040707, 'c1': 3.021799749357342}. Best is trial 28 with value: 14.943630912331304.[0m
[32m[I 2025-09-24 00:19:36,304][0m Trial 46 finished with value: 15.509574982860318 and parameters: {'c0': 55.29672255145381, 'c1': 5.728020936544418}. Best is trial 28 with value: 14.943630912331304.[0m
[32m[I 2025-09-24 00:24:31,464][0m Trial 47 finished with value: 15.287944192724286 and parameters: {'c0': 50.68044619271958, 'c1': 4.282859289724034}. Best is trial 28 with value: 14.943630912331304.[0m
[32m[I 2025-09-24 00:29:46,881][0m Trial 48 finished with value: 24.315202151151258 and parameters: {'c0': 34.2067534182934, 'c1': 4.310813175693653}. Best is trial 28 with value: 14.943630912331304.[0m
[32m[I 2025-09-24 00:34:31,645][0m Trial 49 finished with value: 22.527024571897865 and parameters: {'c0': 58.95956020908069, 'c1': 13.989150184402146}. Best is trial 28 with value: 14.943630912331304.[0m
[32m[I 2025-09-24 00:39:29,662][0m Trial 50 finished with value: 15.596287595422792 and parameters: {'c0': 50.49636835196914, 'c1': 3.086565848984296}. Best is trial 28 with value: 14.943630912331304.[0m
[32m[I 2025-09-24 00:44:22,645][0m Trial 51 finished with value: 15.70885021394627 and parameters: {'c0': 52.9174437784429, 'c1': 7.192783593895765}. Best is trial 28 with value: 14.943630912331304.[0m
[32m[I 2025-09-24 00:49:09,284][0m Trial 52 finished with value: 16.75069443732769 and parameters: {'c0': 57.615361771554696, 'c1': 7.976984198150211}. Best is trial 28 with value: 14.943630912331304.[0m
[32m[I 2025-09-24 00:53:59,969][0m Trial 53 finished with value: 15.219561468400546 and parameters: {'c0': 46.98528876758697, 'c1': 5.300246083178745}. Best is trial 28 with value: 14.943630912331304.[0m
[32m[I 2025-09-24 00:58:45,716][0m Trial 54 finished with value: 16.002324835574697 and parameters: {'c0': 65.34421771112966, 'c1': 4.203908987119274}. Best is trial 28 with value: 14.943630912331304.[0m
[32m[I 2025-09-24 01:03:39,523][0m Trial 55 finished with value: 15.121011421072248 and parameters: {'c0': 46.89492804490378, 'c1': 6.165988223977633}. Best is trial 28 with value: 14.943630912331304.[0m
[32m[I 2025-09-24 01:08:28,686][0m Trial 56 finished with value: 15.377830300094384 and parameters: {'c0': 37.984231500971106, 'c1': 11.37920808073122}. Best is trial 28 with value: 14.943630912331304.[0m
[32m[I 2025-09-24 01:13:52,047][0m Trial 57 finished with value: 26.29505759102757 and parameters: {'c0': 30.693713518922095, 'c1': 6.3285821490719245}. Best is trial 28 with value: 14.943630912331304.[0m
[32m[I 2025-09-24 01:18:39,629][0m Trial 58 finished with value: 15.145518299884227 and parameters: {'c0': 45.91439750445458, 'c1': 5.94840813784534}. Best is trial 28 with value: 14.943630912331304.[0m
[32m[I 2025-09-24 01:23:27,606][0m Trial 59 finished with value: 15.068853760627036 and parameters: {'c0': 43.98252430490057, 'c1': 6.865053834427751}. Best is trial 28 with value: 14.943630912331304.[0m
[32m[I 2025-09-24 01:35:04,564][0m Trial 60 finished with value: 97.08357457415894 and parameters: {'c0': 25.472511561056336, 'c1': 7.085595051541501}. Best is trial 28 with value: 14.943630912331304.[0m
[32m[I 2025-09-24 01:39:49,026][0m Trial 61 finished with value: 15.079348259003151 and parameters: {'c0': 43.60565255692728, 'c1': 8.120127763851308}. Best is trial 28 with value: 14.943630912331304.[0m
[32m[I 2025-09-24 01:44:41,370][0m Trial 62 finished with value: 15.143688576076775 and parameters: {'c0': 44.24141079914341, 'c1': 8.258335971795718}. Best is trial 28 with value: 14.943630912331304.[0m
[32m[I 2025-09-24 01:49:27,238][0m Trial 63 finished with value: 15.051331456844256 and parameters: {'c0': 42.66404355434293, 'c1': 8.350054290209043}. Best is trial 28 with value: 14.943630912331304.[0m
[32m[I 2025-09-24 01:54:15,101][0m Trial 64 finished with value: 15.468777426490043 and parameters: {'c0': 42.969769175419565, 'c1': 9.844371714200712}. Best is trial 28 with value: 14.943630912331304.[0m
[32m[I 2025-09-24 01:59:00,952][0m Trial 65 finished with value: 27.238122190080883 and parameters: {'c0': 119.71168082383691, 'c1': 8.034183313592154}. Best is trial 28 with value: 14.943630912331304.[0m
[32m[I 2025-09-24 02:03:58,004][0m Trial 66 finished with value: 16.117895391143854 and parameters: {'c0': 32.55239236045103, 'c1': 8.715949615839595}. Best is trial 28 with value: 14.943630912331304.[0m
[32m[I 2025-09-24 02:08:48,367][0m Trial 67 finished with value: 15.243489131115142 and parameters: {'c0': 42.750264675575686, 'c1': 9.273966759932287}. Best is trial 28 with value: 14.943630912331304.[0m
[32m[I 2025-09-24 02:13:38,653][0m Trial 68 finished with value: 15.38809417350056 and parameters: {'c0': 35.514917314597014, 'c1': 8.340216674816348}. Best is trial 28 with value: 14.943630912331304.[0m
[32m[I 2025-09-24 02:18:23,131][0m Trial 69 finished with value: 16.301521591485507 and parameters: {'c0': 46.823853255394916, 'c1': 10.24273004883863}. Best is trial 28 with value: 14.943630912331304.[0m
[32m[I 2025-09-24 02:30:03,320][0m Trial 70 finished with value: 93.98217375391478 and parameters: {'c0': 21.540452192986066, 'c1': 6.038546292976848}. Best is trial 28 with value: 14.943630912331304.[0m
[32m[I 2025-09-24 02:34:48,571][0m Trial 71 finished with value: 15.117240944555155 and parameters: {'c0': 46.453633022711735, 'c1': 6.970970599848813}. Best is trial 28 with value: 14.943630912331304.[0m
[32m[I 2025-09-24 02:39:37,917][0m Trial 72 finished with value: 15.553348219205873 and parameters: {'c0': 38.41604201790527, 'c1': 6.895524544237208}. Best is trial 28 with value: 14.943630912331304.[0m
[32m[I 2025-09-24 02:44:28,664][0m Trial 73 finished with value: 15.028081801800575 and parameters: {'c0': 43.07837374974722, 'c1': 7.640115287551196}. Best is trial 28 with value: 14.943630912331304.[0m
[32m[I 2025-09-24 02:49:21,482][0m Trial 74 finished with value: 15.0202858734741 and parameters: {'c0': 42.713318093449665, 'c1': 7.708339391784786}. Best is trial 28 with value: 14.943630912331304.[0m
[32m[I 2025-09-24 02:56:55,586][0m Trial 75 finished with value: 144.41546666345988 and parameters: {'c0': 26.92745923534476, 'c1': 7.531522293613172}. Best is trial 28 with value: 14.943630912331304.[0m
[32m[I 2025-09-24 03:01:47,013][0m Trial 76 finished with value: 15.058238449120667 and parameters: {'c0': 41.5341447105494, 'c1': 8.939900282513682}. Best is trial 28 with value: 14.943630912331304.[0m
[32m[I 2025-09-24 03:06:37,949][0m Trial 77 finished with value: 14.927917650974038 and parameters: {'c0': 37.40507824768699, 'c1': 9.21879491080692}. Best is trial 77 with value: 14.927917650974038.[0m
[32m[I 2025-09-24 03:16:14,545][0m Trial 78 finished with value: 94.70473858420056 and parameters: {'c0': 14.425327578390288, 'c1': 10.853181415079321}. Best is trial 77 with value: 14.927917650974038.[0m
[32m[I 2025-09-24 03:21:11,908][0m Trial 79 finished with value: 15.087794253172765 and parameters: {'c0': 41.27544440489911, 'c1': 9.21893484999244}. Best is trial 77 with value: 14.927917650974038.[0m
[32m[I 2025-09-24 03:26:12,544][0m Trial 80 finished with value: 14.912025923383151 and parameters: {'c0': 37.34629851900919, 'c1': 9.586422514692869}. Best is trial 80 with value: 14.912025923383151.[0m
[32m[I 2025-09-24 03:30:59,360][0m Trial 81 finished with value: 14.930135406838838 and parameters: {'c0': 37.70906391056957, 'c1': 9.780295680566704}. Best is trial 80 with value: 14.912025923383151.[0m
[32m[I 2025-09-24 03:35:45,204][0m Trial 82 finished with value: 14.916043911371345 and parameters: {'c0': 37.30609031518694, 'c1': 9.813424748182724}. Best is trial 80 with value: 14.912025923383151.[0m
[32m[I 2025-09-24 03:40:36,394][0m Trial 83 finished with value: 14.90508635687528 and parameters: {'c0': 36.961696376827014, 'c1': 9.766250957784198}. Best is trial 83 with value: 14.90508635687528.[0m
[32m[I 2025-09-24 03:45:29,587][0m Trial 84 finished with value: 15.458376313677787 and parameters: {'c0': 32.07342121143057, 'c1': 9.728510652726856}. Best is trial 83 with value: 14.90508635687528.[0m
[32m[I 2025-09-24 03:50:22,159][0m Trial 85 finished with value: 14.908779857969925 and parameters: {'c0': 36.394221436736565, 'c1': 10.280591687605625}. Best is trial 83 with value: 14.90508635687528.[0m
[32m[I 2025-09-24 03:55:10,919][0m Trial 86 finished with value: 15.718559397619346 and parameters: {'c0': 36.78504783505542, 'c1': 12.451560865746298}. Best is trial 83 with value: 14.90508635687528.[0m
[32m[I 2025-09-24 04:00:08,073][0m Trial 87 finished with value: 16.724746759386537 and parameters: {'c0': 28.76046107045037, 'c1': 10.252905639471324}. Best is trial 83 with value: 14.90508635687528.[0m
[32m[I 2025-09-24 04:04:59,730][0m Trial 88 finished with value: 14.860818373713766 and parameters: {'c0': 33.57496662938348, 'c1': 10.776432667994547}. Best is trial 88 with value: 14.860818373713766.[0m
[32m[I 2025-09-24 04:09:48,316][0m Trial 89 finished with value: 14.878438826770449 and parameters: {'c0': 33.71371822667226, 'c1': 11.401564548558774}. Best is trial 88 with value: 14.860818373713766.[0m
[32m[I 2025-09-24 04:15:16,894][0m Trial 90 finished with value: 27.335439003772056 and parameters: {'c0': 22.967412410603156, 'c1': 11.652298613566991}. Best is trial 88 with value: 14.860818373713766.[0m
[32m[I 2025-09-24 04:20:08,070][0m Trial 91 finished with value: 14.97767034015706 and parameters: {'c0': 33.28083243977528, 'c1': 12.1059668407798}. Best is trial 88 with value: 14.860818373713766.[0m
[32m[I 2025-09-24 04:25:00,519][0m Trial 92 finished with value: 14.8540104630549 and parameters: {'c0': 32.79458659822338, 'c1': 11.057144263386787}. Best is trial 92 with value: 14.8540104630549.[0m
[32m[I 2025-09-24 04:33:16,616][0m Trial 93 finished with value: 95.71415116361233 and parameters: {'c0': 20.417591476675778, 'c1': 10.656012563537498}. Best is trial 92 with value: 14.8540104630549.[0m
[32m[I 2025-09-24 04:41:27,330][0m Trial 94 finished with value: 97.29160940322735 and parameters: {'c0': 18.03847448963699, 'c1': 11.490206946989767}. Best is trial 92 with value: 14.8540104630549.[0m
[32m[I 2025-09-24 04:46:16,955][0m Trial 95 finished with value: 14.88598963311205 and parameters: {'c0': 35.568985083736095, 'c1': 10.064291708255764}. Best is trial 92 with value: 14.8540104630549.[0m
[32m[I 2025-09-24 04:51:13,412][0m Trial 96 finished with value: 16.065060084621962 and parameters: {'c0': 28.188637271045415, 'c1': 11.055786981479208}. Best is trial 92 with value: 14.8540104630549.[0m
[32m[I 2025-09-24 04:56:06,317][0m Trial 97 finished with value: 14.887611694126658 and parameters: {'c0': 35.89038555185018, 'c1': 10.041126990368733}. Best is trial 92 with value: 14.8540104630549.[0m
[32m[I 2025-09-24 05:01:22,686][0m Trial 98 finished with value: 24.06363976744949 and parameters: {'c0': 25.120780510054036, 'c1': 10.453156247266302}. Best is trial 92 with value: 14.8540104630549.[0m
[32m[I 2025-09-24 05:06:14,640][0m Trial 99 finished with value: 15.015262196922013 and parameters: {'c0': 30.69714064199212, 'c1': 11.186585064180676}. Best is trial 92 with value: 14.8540104630549.[0m
[32m[I 2025-09-24 05:06:14,644][0m A new study created in memory with name: no-name-961e3b89-b3f3-4234-9a78-32bc734a9281[0m
[32m[I 2025-09-24 05:11:05,890][0m Trial 0 finished with value: 17.69366607935164 and parameters: {'c0': 31.175832963494585, 'c1': 16.54794616547107}. Best is trial 0 with value: 17.69366607935164.[0m
[32m[I 2025-09-24 05:21:48,980][0m Trial 1 finished with value: 93.84147585618766 and parameters: {'c0': 6.565668894378408, 'c1': 8.228711620677366}. Best is trial 0 with value: 17.69366607935164.[0m
[32m[I 2025-09-24 05:33:34,581][0m Trial 2 finished with value: 94.05834369143071 and parameters: {'c0': 15.221955106006888, 'c1': 4.049230946863975}. Best is trial 0 with value: 17.69366607935164.[0m
[32m[I 2025-09-24 05:45:40,977][0m Trial 3 finished with value: 94.56853932541352 and parameters: {'c0': 17.553905256935835, 'c1': 9.089075511893801}. Best is trial 0 with value: 17.69366607935164.[0m
[32m[I 2025-09-24 05:50:37,779][0m Trial 4 finished with value: 14.842209457428131 and parameters: {'c0': 29.980202847073603, 'c1': 12.935422699600998}. Best is trial 4 with value: 14.842209457428131.[0m
