/share/home/symei/.local/lib/python3.6/site-packages/optuna/samplers/_tpe/sampler.py:284: ExperimentalWarning: ``multivariate`` option is an experimental feature. The interface can change in the future.
  ExperimentalWarning,
/share/home/symei/.local/lib/python3.6/site-packages/optuna/samplers/_tpe/sampler.py:295: ExperimentalWarning: ``group`` option is an experimental feature. The interface can change in the future.
  ExperimentalWarning,
[32m[I 2025-10-16 18:01:48,265][0m A new study created in memory with name: no-name-c36b24eb-6789-47db-858b-cb42640909c3[0m
[32m[I 2025-10-16 18:02:04,990][0m Trial 0 finished with value: 147.42213659252613 and parameters: {'c0': 42.153924558144766, 'c1': 104.01937897938072, 'c2': 5.466201832169184, 'c3': 2.049256878763158, 'c4': 38.155334605974076, 'c5': 11.847951664156982, 'c6': 0.8682638127085884, 'c7': 1.3378961532929043, 'c8': 9.77435441991313, 'c9': 2.5154137471972997, 'c10': -7.384750366719752, 'c11': 19.21177631566435, 'c12': 3.1996473241333394, 'c13': 2.0824242407033466, 'c14': 1.1867311288110616, 'c15': 22.579529841433274, 'c16': 5.611641726350889, 'c17': 2.5322763271749964, 'c18': 0.8440113033322992, 'c19': 1.604897295891392, 'c20': 1.2069675578853885, 'c21': 5.834374798873668}. Best is trial 0 with value: 147.42213659252613.[0m
[32m[I 2025-10-16 18:02:20,339][0m Trial 1 finished with value: 23.769133491005988 and parameters: {'c0': 25.678489372165526, 'c1': 95.74240101157949, 'c2': 7.186881497851289, 'c3': 1.6400963473926775, 'c4': 64.42624776231663, 'c5': 21.860984144867402, 'c6': 0.714963755893568, 'c7': 1.153290526121804, 'c8': 10.94915695208198, 'c9': 3.209795561759866, 'c10': -5.600363466316868, 'c11': 23.16771138181381, 'c12': 4.065416590416465, 'c13': 1.1408843973127811, 'c14': 1.960579728483515, 'c15': 23.06283017309124, 'c16': 3.6640172490895933, 'c17': 1.2822222757979556, 'c18': 0.9961359528038369, 'c19': 1.6590285195640173, 'c20': 1.2973596828822813, 'c21': 5.9643692613531}. Best is trial 1 with value: 23.769133491005988.[0m
[32m[I 2025-10-16 18:02:20,393][0m A new study created in memory with name: no-name-2d28d429-659b-4588-a9d1-ee15696685b5[0m
[32m[I 2025-10-16 18:02:34,406][0m Trial 0 finished with value: 86.03863103495281 and parameters: {'c0': 24.48547078821291, 'c1': 107.55327113905807, 'c2': 5.1753541958131315, 'c3': 1.458578525895365, 'c4': 51.683808685565914, 'c5': 16.871173033947212, 'c6': 0.5893698909606238, 'c7': 1.053563866552119, 'c8': 10.316290559370493, 'c9': 3.2795563152897644, 'c10': -5.853743189660348, 'c11': 25.570328914391304, 'c12': 3.392676185553989, 'c13': 1.3824211064165608, 'c14': 1.4417744028482102, 'c15': 25.264078395510616, 'c16': 3.4943677435162295, 'c17': 1.3243570777434999, 'c18': 0.7955646148434362, 'c19': 1.3785951940786592, 'c20': 1.5158202162987862, 'c21': 7.528121141316175}. Best is trial 0 with value: 86.03863103495281.[0m
[32m[I 2025-10-16 18:02:50,302][0m Trial 1 finished with value: 46.26577915334036 and parameters: {'c0': 22.99598997007211, 'c1': 106.05218273743006, 'c2': 8.70146206967276, 'c3': 2.0024632930307784, 'c4': 49.45770697505016, 'c5': 16.21897453925945, 'c6': 0.5827928448584634, 'c7': 1.3974699241875082, 'c8': 8.486824576710184, 'c9': 3.0680115691412464, 'c10': -4.164570814188554, 'c11': 23.597922536570245, 'c12': 4.502176766075465, 'c13': 1.0230380800596104, 'c14': 2.165309170886096, 'c15': 27.38385395450918, 'c16': 2.6757838580738498, 'c17': 1.461806736123176, 'c18': 1.268794354853342, 'c19': 1.889549430442424, 'c20': 1.137874433257855, 'c21': 6.93041285142453}. Best is trial 1 with value: 46.26577915334036.[0m
[32m[I 2025-10-16 18:03:06,121][0m Trial 2 finished with value: 37.44139092139098 and parameters: {'c0': 19.973859535239953, 'c1': 92.9491446399323, 'c2': 8.83105962292032, 'c3': 1.4505724047083723, 'c4': 56.77074906227345, 'c5': 17.332501639833033, 'c6': 0.5225604855254187, 'c7': 1.2687706755099126, 'c8': 9.181294811478637, 'c9': 2.788440130146763, 'c10': -5.626787298244122, 'c11': 17.37405046863349, 'c12': 4.234126749369928, 'c13': 0.9152190107807773, 'c14': 2.05861394740648, 'c15': 25.642311356627616, 'c16': 2.8482048504976536, 'c17': 1.220521057247366, 'c18': 1.1045611017204386, 'c19': 1.5793097002521865, 'c20': 0.9704463562214695, 'c21': 6.084244722302593}. Best is trial 2 with value: 37.44139092139098.[0m
[32m[I 2025-10-16 18:03:21,623][0m Trial 3 finished with value: 28.240618519853417 and parameters: {'c0': 28.033451732954152, 'c1': 96.54055724962083, 'c2': 8.975919719728015, 'c3': 1.7195797635564887, 'c4': 78.97801011411025, 'c5': 17.423642944478786, 'c6': 0.5705616769591586, 'c7': 1.351783473005633, 'c8': 10.321865402396448, 'c9': 2.608375994293893, 'c10': -4.259835592153246, 'c11': 21.19297106749048, 'c12': 4.6363275029676405, 'c13': 1.2852490956632523, 'c14': 2.3813499803937814, 'c15': 24.659810299444555, 'c16': 4.178826586012816, 'c17': 1.1737428577623108, 'c18': 0.8678150559048255, 'c19': 2.026766963672337, 'c20': 1.2451252000211421, 'c21': 7.516695002566594}. Best is trial 3 with value: 28.240618519853417.[0m
[32m[I 2025-10-16 18:03:31,286][0m Trial 4 finished with value: 10000.0 and parameters: {'c0': 28.028374345736445, 'c1': 102.26610758638776, 'c2': 5.636628890884904, 'c3': 2.0528619310464054, 'c4': 62.619447391058806, 'c5': 22.82047985339007, 'c6': 0.6781897973307396, 'c7': 0.9834799571182474, 'c8': 13.422072732931415, 'c9': 3.342211042915758, 'c10': -7.159200444679326, 'c11': 24.687283687723948, 'c12': 3.6708171429130707, 'c13': 1.1581687760398687, 'c14': 2.3842436307160977, 'c15': 21.21975352610332, 'c16': 4.502128630969068, 'c17': 1.370785391153991, 'c18': 0.7260890842198165, 'c19': 2.0579324796430205, 'c20': 1.4360269998415651, 'c21': 7.6251707933757125}. Best is trial 3 with value: 28.240618519853417.[0m
Terminated
