/share/home/symei/.local/lib/python3.6/site-packages/optuna/samplers/_tpe/sampler.py:284: ExperimentalWarning: ``multivariate`` option is an experimental feature. The interface can change in the future.
  ExperimentalWarning,
/share/home/symei/.local/lib/python3.6/site-packages/optuna/samplers/_tpe/sampler.py:295: ExperimentalWarning: ``group`` option is an experimental feature. The interface can change in the future.
  ExperimentalWarning,
[32m[I 2025-10-16 17:52:44,673][0m A new study created in memory with name: no-name-88815f2f-9048-4e14-9c24-e691ba01c2c9[0m
[32m[I 2025-10-16 17:53:03,861][0m Trial 0 finished with value: 122.38890654222283 and parameters: {'c0': 42.93085605012064, 'c1': 100.39422724615062, 'c2': 6.831971063474319, 'c3': 2.1554634388026317, 'c4': 42.8343770649784, 'c5': 13.739060875130818, 'c6': 0.9556426584238237, 'c7': 1.3886217184107537, 'c8': 10.004695053260942, 'c9': 2.496754850831083, 'c10': -7.275954283266458, 'c11': 18.629513014720292, 'c12': 3.4927159739444495, 'c13': 1.9740966972527887, 'c14': 1.445871373509218, 'c15': 21.94044619286106, 'c16': 5.714677574459074, 'c17': 2.504508202312497, 'c18': 0.950796364276916, 'c19': 1.7568494837428268, 'c20': 1.1536218784044903, 'c21': 5.484545841894722}. Best is trial 0 with value: 122.38890654222283.[0m
[32m[I 2025-10-16 17:53:13,866][0m Trial 1 finished with value: 90.71101824900417 and parameters: {'c0': 38.08087060197468, 'c1': 98.0905556444144, 'c2': 18.802600633106923, 'c3': 3.746605556387424, 'c4': 38.747237876465434, 'c5': 12.503163810823061, 'c6': 0.9327635672783485, 'c7': 2.263253897823972, 'c8': 6.675395551917676, 'c9': 2.213845672283356, 'c10': -3.6494735155118025, 'c11': 16.239494976516035, 'c12': 5.909397317504768, 'c13': 1.1681926889650014, 'c14': 3.2528784296469087, 'c15': 25.017595522503786, 'c16': 3.2288617567473232, 'c17': 2.95742587368633, 'c18': 2.2105443208304085, 'c19': 3.1411466954429197, 'c20': 0.6921706888475367, 'c21': 4.81597536626594}. Best is trial 1 with value: 90.71101824900417.[0m
[32m[I 2025-10-16 17:53:24,430][0m Trial 2 finished with value: 54.42763304521106 and parameters: {'c0': 28.24033526051895, 'c1': 77.98174877538787, 'c2': 19.242565704668724, 'c3': 2.1320414248230777, 'c4': 52.17403718250884, 'c5': 14.613265084952609, 'c6': 0.7232376467233635, 'c7': 1.9359421164215327, 'c8': 7.939206646645012, 'c9': 1.839961056421488, 'c10': -6.788703137497707, 'c11': 8.697861225424012, 'c12': 5.3255387004963515, 'c13': 0.9264121547464305, 'c14': 2.9864102097344163, 'c15': 22.489503991838518, 'c16': 3.7524572463421633, 'c17': 2.1623526148615158, 'c18': 1.773351795635401, 'c19': 2.3006330781819297, 'c20': 0.4877501375926858, 'c21': 3.8694885295993027}. Best is trial 2 with value: 54.42763304521106.[0m
[32m[I 2025-10-16 17:53:33,657][0m Trial 3 finished with value: 110.11764904916053 and parameters: {'c0': 54.483643936152674, 'c1': 83.49337302755308, 'c2': 19.734344918561003, 'c3': 2.919026029775096, 'c4': 92.94673255655404, 'c5': 14.78597519049002, 'c6': 0.8902158945333022, 'c7': 2.1470627477127877, 'c8': 10.014840266280636, 'c9': 1.599152444118362, 'c10': -3.85399727528314, 'c11': 13.325350377948972, 'c12': 6.201600484194245, 'c13': 1.7561918235771627, 'c14': 3.7924340729130313, 'c15': 21.063266927895576, 'c16': 7.7931922477978945, 'c17': 2.0082112846349385, 'c18': 1.143128624471021, 'c19': 3.5129018060342743, 'c20': 0.8231180260703846, 'c21': 5.4717650604540085}. Best is trial 2 with value: 54.42763304521106.[0m
[32m[I 2025-10-16 17:53:53,724][0m Trial 4 finished with value: 48.741326918522034 and parameters: {'c0': 54.46711115921419, 'c1': 92.28018911434462, 'c2': 8.397932373247123, 'c3': 3.8940474419874445, 'c4': 62.91229052845797, 'c5': 25.012823223103794, 'c6': 1.2646139962873273, 'c7': 1.2103822222198093, 'c8': 15.656660785185181, 'c9': 2.5805460952251025, 'c10': -10.078637832439364, 'c11': 17.559503282437515, 'c12': 4.098554379377071, 'c13': 1.471218601560671, 'c14': 3.799660880499072, 'c15': 16.06954561193665, 'c16': 8.774972309124765, 'c17': 2.657496604346994, 'c18': 0.7658509765847934, 'c19': 3.597336641463837, 'c20': 1.0561987126887544, 'c21': 5.593101358246713}. Best is trial 4 with value: 48.741326918522034.[0m
[32m[I 2025-10-16 17:54:04,023][0m Trial 5 finished with value: 67.84167192795152 and parameters: {'c0': 31.475966151760996, 'c1': 52.41618239953808, 'c2': 19.57042477075196, 'c3': 3.215247489609511, 'c4': 37.48595901707127, 'c5': 29.119972020252124, 'c6': 1.746068844163249, 'c7': 2.336961394602024, 'c8': 13.516252660648611, 'c9': 1.5004105166176038, 'c10': -9.964128257537913, 'c11': 8.271087697465024, 'c12': 2.61937485550224, 'c13': 1.0689167447633703, 'c14': 3.728615355263128, 'c15': 19.472917336412532, 'c16': 6.558930178897303, 'c17': 3.174798970729527, 'c18': 0.9267236461700974, 'c19': 1.96090176803092, 'c20': 0.9629528197916649, 'c21': 5.489529511636018}. Best is trial 4 with value: 48.741326918522034.[0m
[32m[I 2025-10-16 17:54:13,287][0m Trial 6 finished with value: 24.40714842090292 and parameters: {'c0': 49.67267456408395, 'c1': 42.668318229880136, 'c2': 17.76770521184999, 'c3': 1.9691326299576573, 'c4': 86.56904035615422, 'c5': 20.593578647685103, 'c6': 1.8987823294423931, 'c7': 2.0480849490976722, 'c8': 11.783836666383092, 'c9': 1.5296949115184082, 'c10': -9.694596479092688, 'c11': 9.766398537535398, 'c12': 2.699920463820832, 'c13': 0.8702104205353022, 'c14': 1.9895848361142885, 'c15': 22.737512340315277, 'c16': 6.601885062621232, 'c17': 1.2125370641724318, 'c18': 0.8492226071656477, 'c19': 3.692562905499872, 'c20': 0.9472913367298854, 'c21': 2.6270822921336126}. Best is trial 6 with value: 24.40714842090292.[0m
[32m[I 2025-10-16 17:54:22,930][0m Trial 7 finished with value: 163.11110285547122 and parameters: {'c0': 35.22051605885279, 'c1': 102.32764819496846, 'c2': 9.500135030833848, 'c3': 2.905066691128681, 'c4': 97.35882022831062, 'c5': 31.23916465256437, 'c6': 1.0302652953773053, 'c7': 1.632017860098832, 'c8': 12.494671983028846, 'c9': 3.1941529232268246, 'c10': -9.042445227828868, 'c11': 8.151082651234013, 'c12': 2.826203546981322, 'c13': 1.4128989115408475, 'c14': 3.033082535322533, 'c15': 20.035650062583763, 'c16': 5.092050776040483, 'c17': 3.521570972580572, 'c18': 1.6031211240133907, 'c19': 2.2149724487358693, 'c20': 0.9320791244042222, 'c21': 4.651823549526641}. Best is trial 6 with value: 24.40714842090292.[0m
[32m[I 2025-10-16 17:54:32,473][0m Trial 8 finished with value: 81.74848061884119 and parameters: {'c0': 54.73823831979395, 'c1': 62.92876059581034, 'c2': 7.736596658445904, 'c3': 2.337477925309578, 'c4': 74.82072658284113, 'c5': 16.472207011876627, 'c6': 1.7445083189754087, 'c7': 0.9303942781631598, 'c8': 8.482378012420758, 'c9': 3.135925885229015, 'c10': -8.795766263591299, 'c11': 17.9102700411286, 'c12': 5.080376076685189, 'c13': 2.0409789719741243, 'c14': 2.0926335093460615, 'c15': 10.60895646348451, 'c16': 7.694284108368458, 'c17': 3.009550317934385, 'c18': 2.0902147021736903, 'c19': 3.603715834785638, 'c20': 0.45582029962175274, 'c21': 2.743136912718679}. Best is trial 6 with value: 24.40714842090292.[0m
[32m[I 2025-10-16 17:54:43,782][0m Trial 9 finished with value: 67.06156304600678 and parameters: {'c0': 52.2825522598867, 'c1': 119.20835365039639, 'c2': 19.81059090184328, 'c3': 2.8386948160136463, 'c4': 93.7550272404289, 'c5': 26.47817950108055, 'c6': 1.2393685716562368, 'c7': 1.619242723428156, 'c8': 12.32012750597573, 'c9': 2.522546834712153, 'c10': -3.8629316392375594, 'c11': 22.29993093659646, 'c12': 4.4368462860934095, 'c13': 2.096063548962403, 'c14': 1.847698387364027, 'c15': 11.740564347806071, 'c16': 3.956452220821891, 'c17': 2.379062379763099, 'c18': 0.7743191793116072, 'c19': 3.643976925743928, 'c20': 1.177010059915566, 'c21': 1.9238024450391864}. Best is trial 6 with value: 24.40714842090292.[0m
[32m[I 2025-10-16 17:54:53,650][0m Trial 10 finished with value: 58.25148424073181 and parameters: {'c0': 31.656474938285413, 'c1': 68.45259602436063, 'c2': 8.619932563358642, 'c3': 3.5179418194035694, 'c4': 55.94656162455547, 'c5': 33.40272698967438, 'c6': 1.5067446578333645, 'c7': 2.264386197652966, 'c8': 15.00239297294647, 'c9': 3.3778047409132554, 'c10': -7.0020588680321225, 'c11': 16.446684871821045, 'c12': 6.438553512132291, 'c13': 1.1255100249218684, 'c14': 2.7148519216975133, 'c15': 20.602853436955087, 'c16': 3.211698490049647, 'c17': 2.5868135145165683, 'c18': 1.386249507177455, 'c19': 3.2901171336103845, 'c20': 0.7230353012844148, 'c21': 5.2029979541082145}. Best is trial 6 with value: 24.40714842090292.[0m
[32m[I 2025-10-16 17:55:11,238][0m Trial 11 finished with value: 10000.0 and parameters: {'c0': 50.460439024004145, 'c1': 56.27247178098858, 'c2': 17.59416585558486, 'c3': 2.9874675747819577, 'c4': 36.685183632141175, 'c5': 21.343530707096463, 'c6': 1.6418968472295348, 'c7': 2.329698123001181, 'c8': 5.582684259782336, 'c9': 3.5493320892543165, 'c10': -7.5628319616813915, 'c11': 23.165219269119238, 'c12': 5.477247853231004, 'c13': 1.9035171106772997, 'c14': 2.9463996109883697, 'c15': 21.145819867001027, 'c16': 4.894027752224279, 'c17': 2.571086396679525, 'c18': 1.8559343992909372, 'c19': 3.4183467584624454, 'c20': 1.1131242110711987, 'c21': 4.475224312196566}. Best is trial 6 with value: 24.40714842090292.[0m
Terminated
